Log file open, 11/30/16 22:06:51
LogInit:Display: Running engine for game: BuildingEscape
LogPlatformFile: Not using cached read wrapper
LogInit:Display: RandInit(1245977668) SRandInit(1245977668).
LogTaskGraph: Started task graph with 5 named threads and 8 total threads with 1 sets of task threads.
LogStats: Stats thread started at 0.102149
LogPluginManager: Loaded Plugin Paper2D, From C:/Program Files (x86)/Epic Games/4.14/Engine/Plugins/2D/Paper2D/Paper2D.uplugin
LogPluginManager: Loaded Plugin LightPropagationVolume, From C:/Program Files (x86)/Epic Games/4.14/Engine/Plugins/Blendables/LightPropagationVolume/LightPropagationVolume.uplugin
LogPluginManager: Loaded Plugin BlankPlugin, From C:/Program Files (x86)/Epic Games/4.14/Engine/Plugins/Developer/BlankPlugin/BlankPlugin.uplugin
LogPluginManager: Loaded Plugin CodeLiteSourceCodeAccess, From C:/Program Files (x86)/Epic Games/4.14/Engine/Plugins/Developer/CodeLiteSourceCodeAccess/CodeLiteSourceCodeAccess.uplugin
LogPluginManager: Loaded Plugin GitSourceControl, From C:/Program Files (x86)/Epic Games/4.14/Engine/Plugins/Developer/GitSourceControl/GitSourceControl.uplugin
LogPluginManager: Loaded Plugin KDevelopSourceCodeAccess, From C:/Program Files (x86)/Epic Games/4.14/Engine/Plugins/Developer/KDevelopSourceCodeAccess/KDevelopSourceCodeAccess.uplugin
LogPluginManager: Loaded Plugin NullSourceCodeAccess, From C:/Program Files (x86)/Epic Games/4.14/Engine/Plugins/Developer/NullSourceCodeAccess/NullSourceCodeAccess.uplugin
LogPluginManager: Loaded Plugin OneSkyLocalizationService, From C:/Program Files (x86)/Epic Games/4.14/Engine/Plugins/Developer/OneSkyLocalizationService/OneSkyLocalizationService.uplugin
LogPluginManager: Loaded Plugin PerforceSourceControl, From C:/Program Files (x86)/Epic Games/4.14/Engine/Plugins/Developer/PerforceSourceControl/PerforceSourceControl.uplugin
LogPluginManager: Loaded Plugin SubversionSourceControl, From C:/Program Files (x86)/Epic Games/4.14/Engine/Plugins/Developer/SubversionSourceControl/SubversionSourceControl.uplugin
LogPluginManager: Loaded Plugin UObjectPlugin, From C:/Program Files (x86)/Epic Games/4.14/Engine/Plugins/Developer/UObjectPlugin/UObjectPlugin.uplugin
LogPluginManager: Loaded Plugin VisualStudioSourceCodeAccess, From C:/Program Files (x86)/Epic Games/4.14/Engine/Plugins/Developer/VisualStudioSourceCodeAccess/VisualStudioSourceCodeAccess.uplugin
LogPluginManager: Loaded Plugin XCodeSourceCodeAccess, From C:/Program Files (x86)/Epic Games/4.14/Engine/Plugins/Developer/XCodeSourceCodeAccess/XCodeSourceCodeAccess.uplugin
LogPluginManager: Loaded Plugin AudioCapture, From C:/Program Files (x86)/Epic Games/4.14/Engine/Plugins/Editor/AudioCapture/AudioCapture.uplugin
LogPluginManager: Loaded Plugin EpicSurvey, From C:/Program Files (x86)/Epic Games/4.14/Engine/Plugins/Editor/EpicSurvey/EpicSurvey.uplugin
LogPluginManager: Loaded Plugin MacGraphicsSwitching, From C:/Program Files (x86)/Epic Games/4.14/Engine/Plugins/Editor/MacGraphicsSwitching/MacGraphicsSwitching.uplugin
LogPluginManager: Loaded Plugin MobileLauncherProfileWizard, From C:/Program Files (x86)/Epic Games/4.14/Engine/Plugins/Editor/MobileLauncherProfileWizard/MobileLauncherProfileWizard.uplugin
LogPluginManager: Loaded Plugin PluginBrowser, From C:/Program Files (x86)/Epic Games/4.14/Engine/Plugins/Editor/PluginBrowser/PluginBrowser.uplugin
LogPluginManager: Loaded Plugin SpeedTreeImporter, From C:/Program Files (x86)/Epic Games/4.14/Engine/Plugins/Editor/SpeedTreeImporter/SpeedTreeImporter.uplugin
LogPluginManager: Loaded Plugin SuperSearchEditor, From C:/Program Files (x86)/Epic Games/4.14/Engine/Plugins/Editor/SuperSearchEditor/SuperSearchEditor.uplugin
LogPluginManager: Loaded Plugin AlembicImporter, From C:/Program Files (x86)/Epic Games/4.14/Engine/Plugins/Experimental/AlembicImporter/AlembicImporter.uplugin
LogPluginManager: Loaded Plugin BlueprintStats, From C:/Program Files (x86)/Epic Games/4.14/Engine/Plugins/Experimental/BlueprintStats/BlueprintStats.uplugin
LogPluginManager: Loaded Plugin CharacterAI, From C:/Program Files (x86)/Epic Games/4.14/Engine/Plugins/Experimental/CharacterAI/CharacterAI.uplugin
LogPluginManager: Loaded Plugin CodeEditor, From C:/Program Files (x86)/Epic Games/4.14/Engine/Plugins/Experimental/CodeEditor/CodeEditor.uplugin
LogPluginManager: Loaded Plugin CodeView, From C:/Program Files (x86)/Epic Games/4.14/Engine/Plugins/Experimental/CodeView/CodeView.uplugin
LogPluginManager: Loaded Plugin HTML5Networking, From C:/Program Files (x86)/Epic Games/4.14/Engine/Plugins/Experimental/HTML5Networking/HTML5Networking.uplugin
LogPluginManager: Loaded Plugin OSVR, From C:/Program Files (x86)/Epic Games/4.14/Engine/Plugins/Experimental/OSVR/OSVR.uplugin
LogPluginManager: Loaded Plugin Phya, From C:/Program Files (x86)/Epic Games/4.14/Engine/Plugins/Experimental/Phya/Phya.uplugin
LogPluginManager: Loaded Plugin SignificanceManager, From C:/Program Files (x86)/Epic Games/4.14/Engine/Plugins/Experimental/SignificanceManager/SignificanceManager.uplugin
LogPluginManager: Loaded Plugin SimpleHMD, From C:/Program Files (x86)/Epic Games/4.14/Engine/Plugins/Experimental/SimpleHMD/SimpleHMD.uplugin
LogPluginManager: Loaded Plugin StereoPanorama, From C:/Program Files (x86)/Epic Games/4.14/Engine/Plugins/Experimental/StereoPanorama/StereoPanorama.uplugin
LogPluginManager: Loaded Plugin StructBox, From C:/Program Files (x86)/Epic Games/4.14/Engine/Plugins/Experimental/StructBox/StructBox.uplugin
LogPluginManager: Loaded Plugin AndroidMedia, From C:/Program Files (x86)/Epic Games/4.14/Engine/Plugins/Media/AndroidMedia/AndroidMedia.uplugin
LogPluginManager: Loaded Plugin AvfMedia, From C:/Program Files (x86)/Epic Games/4.14/Engine/Plugins/Media/AvfMedia/AvfMedia.uplugin
LogPluginManager: Loaded Plugin MediaPlayerEditor, From C:/Program Files (x86)/Epic Games/4.14/Engine/Plugins/Media/MediaPlayerEditor/MediaPlayerEditor.uplugin
LogPluginManager: Loaded Plugin WmfMedia, From C:/Program Files (x86)/Epic Games/4.14/Engine/Plugins/Media/WmfMedia/WmfMedia.uplugin
LogPluginManager: Loaded Plugin MessagingDebugger, From C:/Program Files (x86)/Epic Games/4.14/Engine/Plugins/Messaging/MessagingDebugger/MessagingDebugger.uplugin
LogPluginManager: Loaded Plugin TcpMessaging, From C:/Program Files (x86)/Epic Games/4.14/Engine/Plugins/Messaging/TcpMessaging/TcpMessaging.uplugin
LogPluginManager: Loaded Plugin UdpMessaging, From C:/Program Files (x86)/Epic Games/4.14/Engine/Plugins/Messaging/UdpMessaging/UdpMessaging.uplugin
LogPluginManager: Loaded Plugin LevelSequenceEditor, From C:/Program Files (x86)/Epic Games/4.14/Engine/Plugins/MovieScene/LevelSequenceEditor/LevelSequenceEditor.uplugin
LogPluginManager: Loaded Plugin MatineeToLevelSequence, From C:/Program Files (x86)/Epic Games/4.14/Engine/Plugins/MovieScene/MatineeToLevelSequence/MatineeToLevelSequence.uplugin
LogPluginManager: Loaded Plugin NetcodeUnitTest, From C:/Program Files (x86)/Epic Games/4.14/Engine/Plugins/NetcodeUnitTest/NetcodeUnitTest/NetcodeUnitTest.uplugin
LogPluginManager: Loaded Plugin NUTUnrealEngine4, From C:/Program Files (x86)/Epic Games/4.14/Engine/Plugins/NetcodeUnitTest/NUTUnrealEngine4/NUTUnrealEngine4.uplugin
LogPluginManager: Loaded Plugin OnlineSubsystemGameCircle, From C:/Program Files (x86)/Epic Games/4.14/Engine/Plugins/Online/Android/OnlineSubsystemGameCircle/OnlineSubsystemGameCircle.uplugin
LogPluginManager: Loaded Plugin OnlineSubsystemGooglePlay, From C:/Program Files (x86)/Epic Games/4.14/Engine/Plugins/Online/Android/OnlineSubsystemGooglePlay/OnlineSubsystemGooglePlay.uplugin
LogPluginManager: Loaded Plugin OnlineSubsystemIOS, From C:/Program Files (x86)/Epic Games/4.14/Engine/Plugins/Online/IOS/OnlineSubsystemIOS/OnlineSubsystemIOS.uplugin
LogPluginManager: Loaded Plugin OnlineFramework, From C:/Program Files (x86)/Epic Games/4.14/Engine/Plugins/Online/OnlineFramework/OnlineFramework.uplugin
LogPluginManager: Loaded Plugin OnlineSubsystem, From C:/Program Files (x86)/Epic Games/4.14/Engine/Plugins/Online/OnlineSubsystem/OnlineSubsystem.uplugin
LogPluginManager: Loaded Plugin OnlineSubsystemAmazon, From C:/Program Files (x86)/Epic Games/4.14/Engine/Plugins/Online/OnlineSubsystemAmazon/OnlineSubsystemAmazon.uplugin
LogPluginManager: Loaded Plugin OnlineSubsystemFacebook, From C:/Program Files (x86)/Epic Games/4.14/Engine/Plugins/Online/OnlineSubsystemFacebook/OnlineSubsystemFacebook.uplugin
LogPluginManager: Loaded Plugin OnlineSubsystemNull, From C:/Program Files (x86)/Epic Games/4.14/Engine/Plugins/Online/OnlineSubsystemNull/OnlineSubsystemNull.uplugin
LogPluginManager: Loaded Plugin OnlineSubsystemOculus, From C:/Program Files (x86)/Epic Games/4.14/Engine/Plugins/Online/OnlineSubsystemOculus/OnlineSubsystemOculus.uplugin
LogPluginManager: Loaded Plugin OnlineSubsystemSteam, From C:/Program Files (x86)/Epic Games/4.14/Engine/Plugins/Online/OnlineSubsystemSteam/OnlineSubsystemSteam.uplugin
LogPluginManager: Loaded Plugin OnlineSubsystemUtils, From C:/Program Files (x86)/Epic Games/4.14/Engine/Plugins/Online/OnlineSubsystemUtils/OnlineSubsystemUtils.uplugin
LogPluginManager: Loaded Plugin IOSTapJoy, From C:/Program Files (x86)/Epic Games/4.14/Engine/Plugins/Runtime/Advertising/IOSTapJoy/IOSTapJoy.uplugin
LogPluginManager: Loaded Plugin AnalyticsBlueprintLibrary, From C:/Program Files (x86)/Epic Games/4.14/Engine/Plugins/Runtime/Analytics/AnalyticsBlueprintLibrary/AnalyticsBlueprintLibrary.uplugin
LogPluginManager: Loaded Plugin AnalyticsMulticast, From C:/Program Files (x86)/Epic Games/4.14/Engine/Plugins/Runtime/Analytics/AnalyticsMulticast/AnalyticsMulticast.uplugin
LogPluginManager: Loaded Plugin Apsalar, From C:/Program Files (x86)/Epic Games/4.14/Engine/Plugins/Runtime/Analytics/Apsalar/Apsalar.uplugin
LogPluginManager: Loaded Plugin FileLogging, From C:/Program Files (x86)/Epic Games/4.14/Engine/Plugins/Runtime/Analytics/FileLogging/FileLogging.uplugin
LogPluginManager: Loaded Plugin Flurry, From C:/Program Files (x86)/Epic Games/4.14/Engine/Plugins/Runtime/Analytics/Flurry/Flurry.uplugin
LogPluginManager: Loaded Plugin AndroidDeviceProfileSelector, From C:/Program Files (x86)/Epic Games/4.14/Engine/Plugins/Runtime/AndroidDeviceProfileSelector/AndroidDeviceProfileSelector.uplugin
LogPluginManager: Loaded Plugin AndroidMoviePlayer, From C:/Program Files (x86)/Epic Games/4.14/Engine/Plugins/Runtime/AndroidMoviePlayer/AndroidMoviePlayer.uplugin
LogPluginManager: Loaded Plugin AppleMoviePlayer, From C:/Program Files (x86)/Epic Games/4.14/Engine/Plugins/Runtime/AppleMoviePlayer/AppleMoviePlayer.uplugin
LogPluginManager: Loaded Plugin ArchVisCharacter, From C:/Program Files (x86)/Epic Games/4.14/Engine/Plugins/Runtime/ArchVisCharacter/ArchVisCharacter.uplugin
LogPluginManager: Loaded Plugin CableComponent, From C:/Program Files (x86)/Epic Games/4.14/Engine/Plugins/Runtime/CableComponent/CableComponent.uplugin
LogPluginManager: Loaded Plugin CustomMeshComponent, From C:/Program Files (x86)/Epic Games/4.14/Engine/Plugins/Runtime/CustomMeshComponent/CustomMeshComponent.uplugin
LogPluginManager: Loaded Plugin ExampleDeviceProfileSelector, From C:/Program Files (x86)/Epic Games/4.14/Engine/Plugins/Runtime/ExampleDeviceProfileSelector/ExampleDeviceProfileSelector.uplugin
LogPluginManager: Loaded Plugin GearVR, From C:/Program Files (x86)/Epic Games/4.14/Engine/Plugins/Runtime/GearVR/GearVR.uplugin
LogPluginManager: Loaded Plugin GoogleVRController, From C:/Program Files (x86)/Epic Games/4.14/Engine/Plugins/Runtime/GoogleVR/GoogleVRController/GoogleVRController.uplugin
LogPluginManager: Loaded Plugin GoogleVRHMD, From C:/Program Files (x86)/Epic Games/4.14/Engine/Plugins/Runtime/GoogleVR/GoogleVRHMD/GoogleVRHMD.uplugin
LogPluginManager: Loaded Plugin IOSDeviceProfileSelector, From C:/Program Files (x86)/Epic Games/4.14/Engine/Plugins/Runtime/IOSDeviceProfileSelector/IOSDeviceProfileSelector.uplugin
LogPluginManager: Loaded Plugin LeapMotion, From C:/Program Files (x86)/Epic Games/4.14/Engine/Plugins/Runtime/LeapMotion/LeapMotion.uplugin
LogPluginManager: Loaded Plugin LinuxDeviceProfileSelector, From C:/Program Files (x86)/Epic Games/4.14/Engine/Plugins/Runtime/LinuxDeviceProfileSelector/LinuxDeviceProfileSelector.uplugin
LogPluginManager: Loaded Plugin MIDIDevice, From C:/Program Files (x86)/Epic Games/4.14/Engine/Plugins/Runtime/MIDIDevice/MIDIDevice.uplugin
LogPluginManager: Loaded Plugin MobilePatchingUtils, From C:/Program Files (x86)/Epic Games/4.14/Engine/Plugins/Runtime/MobilePatchingUtils/MobilePatchingUtils.uplugin
LogPluginManager: Loaded Plugin Ansel, From C:/Program Files (x86)/Epic Games/4.14/Engine/Plugins/Runtime/Nvidia/Ansel/Ansel.uplugin
LogPluginManager: Loaded Plugin OculusAudio, From C:/Program Files (x86)/Epic Games/4.14/Engine/Plugins/Runtime/OculusAudio/OculusAudio.uplugin
LogPluginManager: Loaded Plugin OculusInput, From C:/Program Files (x86)/Epic Games/4.14/Engine/Plugins/Runtime/OculusInput/OculusInput.uplugin
LogPluginManager: Loaded Plugin OculusLibrary, From C:/Program Files (x86)/Epic Games/4.14/Engine/Plugins/Runtime/OculusLibrary/OculusLibrary.uplugin
LogPluginManager: Loaded Plugin OculusRift, From C:/Program Files (x86)/Epic Games/4.14/Engine/Plugins/Runtime/OculusRift/OculusRift.uplugin
LogPluginManager: Loaded Plugin Oodle, From C:/Program Files (x86)/Epic Games/4.14/Engine/Plugins/Runtime/PacketHandlers/CompressionComponents/Oodle/Oodle.uplugin
LogPluginManager: Loaded Plugin ProceduralMeshComponent, From C:/Program Files (x86)/Epic Games/4.14/Engine/Plugins/Runtime/ProceduralMeshComponent/ProceduralMeshComponent.uplugin
LogPluginManager: Loaded Plugin SoundMod, From C:/Program Files (x86)/Epic Games/4.14/Engine/Plugins/Runtime/SoundMod/SoundMod.uplugin
LogPluginManager: Loaded Plugin SoundVisualizations, From C:/Program Files (x86)/Epic Games/4.14/Engine/Plugins/Runtime/SoundVisualizations/SoundVisualizations.uplugin
LogPluginManager: Loaded Plugin SteamController, From C:/Program Files (x86)/Epic Games/4.14/Engine/Plugins/Runtime/Steam/SteamController/SteamController.uplugin
LogPluginManager: Loaded Plugin SteamVR, From C:/Program Files (x86)/Epic Games/4.14/Engine/Plugins/Runtime/Steam/SteamVR/SteamVR.uplugin
LogPluginManager: Loaded Plugin WebBrowserWidget, From C:/Program Files (x86)/Epic Games/4.14/Engine/Plugins/Runtime/WebBrowserWidget/WebBrowserWidget.uplugin
LogPluginManager: Loaded Plugin WindowsDeviceProfileSelector, From C:/Program Files (x86)/Epic Games/4.14/Engine/Plugins/Runtime/WindowsDeviceProfileSelector/WindowsDeviceProfileSelector.uplugin
LogPluginManager: Loaded Plugin WindowsMoviePlayer, From C:/Program Files (x86)/Epic Games/4.14/Engine/Plugins/Runtime/WindowsMoviePlayer/WindowsMoviePlayer.uplugin
LogPluginManager: Loaded Plugin ScriptPlugin, From C:/Program Files (x86)/Epic Games/4.14/Engine/Plugins/ScriptPlugin/ScriptPlugin.uplugin
LogPluginManager: Loaded Plugin SlateRemote, From C:/Program Files (x86)/Epic Games/4.14/Engine/Plugins/Slate/SlateRemote/SlateRemote.uplugin
LogPluginManager: Loaded Plugin EditorTests, From C:/Program Files (x86)/Epic Games/4.14/Engine/Plugins/Tests/EditorTests/EditorTests.uplugin
LogPluginManager: Loaded Plugin FbxAutomationTestBuilder, From C:/Program Files (x86)/Epic Games/4.14/Engine/Plugins/Tests/FbxAutomationTestBuilder/FbxAutomationTestBuilder.uplugin
LogPluginManager: Loaded Plugin FunctionalTestingEditor, From C:/Program Files (x86)/Epic Games/4.14/Engine/Plugins/Tests/FunctionalTestingEditor/FunctionalTestingEditor.uplugin
LogPluginManager: Loaded Plugin RuntimeTests, From C:/Program Files (x86)/Epic Games/4.14/Engine/Plugins/Tests/RuntimeTests/RuntimeTests.uplugin
LogPluginManager: Loaded Plugin ScreenshotTools, From C:/Program Files (x86)/Epic Games/4.14/Engine/Plugins/Tests/ScreenshotTools/ScreenshotTools.uplugin
LogInit: Using libcurl 7.47.1
LogInit:  - built for x86_64-pc-win32
LogInit:  - supports SSL with OpenSSL/1.0.2g
LogInit:  - supports HTTP deflate (compression) using libz 1.2.8
LogInit:  - other features:
LogInit:      CURL_VERSION_SSL
LogInit:      CURL_VERSION_LIBZ
LogInit:      CURL_VERSION_IPV6
LogInit:      CURL_VERSION_ASYNCHDNS
LogInit:      CURL_VERSION_LARGEFILE
LogInit:      CURL_VERSION_IDN
LogInit:  CurlRequestOptions (configurable via config and command line):
LogInit:  - bVerifyPeer = false  - Libcurl will NOT verify peer certificate
LogInit:  - bUseHttpProxy = false  - Libcurl will NOT use HTTP proxy
LogInit:  - bDontReuseConnections = false  - Libcurl will reuse connections
LogInit:  - CertBundlePath = nullptr  - Libcurl will use whatever was configured at build time.
LogInit: Build: ++UE4+Release-4.14-CL-3195953
LogInit: Engine Version: 4.14.0-3195953+++UE4+Release-4.14
LogInit: Compatible Engine Version: 4.14.0-3195953+++UE4+Release-4.14
LogInit: Net CL: 3195953
LogDevObjectVersion: Number of dev versions registered: 13
LogDevObjectVersion:   Dev-Blueprints (B0D832E4-1F89-4F0D-ACCF-7EB736FD4AA2): 7
LogDevObjectVersion:   Dev-Build (E1C64328-A22C-4D53-A36C-8E866417BD8C): 0
LogDevObjectVersion:   Dev-Core (375EC13C-06E4-48FB-B500-84F0262A717E): 1
LogDevObjectVersion:   Dev-Editor (E4B068ED-F494-42E9-A231-DA0B2E46BB41): 8
LogDevObjectVersion:   Dev-Framework (CFFC743F-43B0-4480-9391-14DF171D2073): 17
LogDevObjectVersion:   Dev-Mobile (B02B49B5-BB20-44E9-A304-32B752E40360): 0
LogDevObjectVersion:   Dev-Networking (A4E4105C-59A1-49B5-A7C5-40C4547EDFEE): 0
LogDevObjectVersion:   Dev-Online (39C831C9-5AE6-47DC-9A44-9C173E1C8E7C): 0
LogDevObjectVersion:   Dev-Physics (78F01B33-EBEA-4F98-B9B4-84EACCB95AA2): 0
LogDevObjectVersion:   Dev-Platform (6631380F-2D4D-43E0-8009-CF276956A95A): 0
LogDevObjectVersion:   Dev-Rendering (12F88B9F-8875-4AFC-A67C-D90C383ABD29): 12
LogDevObjectVersion:   Dev-Sequencer (7B5AE74C-D270-4C10-A958-57980B212A5A): 1
LogDevObjectVersion:   Dev-VR (D7296918-1DD6-4BDD-9DE2-64A83CC13884): 0
LogInit: Compiled (64-bit): Nov 12 2016 02:14:10
LogInit: Compiled with Visual C++: 19.00.23026.00
LogInit: Build Configuration: Development
LogInit: Branch Name: ++UE4+Release-4.14
LogInit: Command line: -EpicPortal
LogInit: Base directory: C:/Program Files (x86)/Epic Games/4.14/Engine/Binaries/Win64/
LogInit: Installed Engine Build: 1
LogInit: Presizing for max 8388607 objects, including 0 objects not considered by GC, pre-allocating 0 bytes for permanent pool.
LogInit: Object subsystem initialized
[2016.11.30-21.06.52:125][  0]LogInit: Selected Device Profile: [Windows]
[2016.11.30-21.06.52:125][  0]LogInit: Applying CVar settings loaded from the selected device profile: [Windows]
[2016.11.30-21.06.52:143][  0]LogInit: Computer: DESKTOP-TCO7O6N
[2016.11.30-21.06.52:143][  0]LogInit: User: user
[2016.11.30-21.06.52:143][  0]LogInit: CPU Page size=65536, Cores=4
[2016.11.30-21.06.52:143][  0]LogInit: High frequency timer resolution =3.001592 MHz
[2016.11.30-21.06.52:144][  0]LogMemory: Memory total: Physical=8.0GB (8GB approx)
[2016.11.30-21.06.52:144][  0]LogMemory: Platform Memory Stats for Windows
[2016.11.30-21.06.52:144][  0]LogMemory: Process Physical Memory: 265.27 MB used, 265.27 MB peak
[2016.11.30-21.06.52:144][  0]LogMemory: Process Virtual Memory: 262.93 MB used, 262.93 MB peak
[2016.11.30-21.06.52:144][  0]LogMemory: Physical Memory: 5182.54 MB used,  3000.57 MB free, 8183.11 MB total
[2016.11.30-21.06.52:144][  0]LogMemory: Virtual Memory: 676.50 MB used,  3000.57 MB free, 134217728.00 MB total
[2016.11.30-21.06.52:193][  0]LogTextLocalizationManager: No specific translations for ('es-ES') exist, so ('es') translations will be used.
[2016.11.30-21.06.53:107][  0]LogD3D11RHI: D3D11 adapters:
[2016.11.30-21.06.53:829][  0]LogD3D11RHI:    0. 'NVIDIA GeForce GTX 650' (Feature Level 11_0)
[2016.11.30-21.06.53:829][  0]LogD3D11RHI:       2017/0/4091 MB DedicatedVideo/DedicatedSystem/SharedSystem, Outputs:1, VendorId:0x10de
[2016.11.30-21.06.53:832][  0]LogD3D11RHI:    1. 'Microsoft Basic Render Driver' (Feature Level 11_0)
[2016.11.30-21.06.53:832][  0]LogD3D11RHI:       0/0/4091 MB DedicatedVideo/DedicatedSystem/SharedSystem, Outputs:0, VendorId:0x1414
[2016.11.30-21.06.53:832][  0]LogD3D11RHI: Chosen D3D11 Adapter: 0
[2016.11.30-21.06.53:836][  0]LogD3D11RHI: Creating new Direct3DDevice
[2016.11.30-21.06.53:836][  0]LogD3D11RHI:     GPU DeviceId: 0xfc6 (for the marketing name, search the web for "GPU Device Id")
[2016.11.30-21.06.53:836][  0]LogWindows: EnumDisplayDevices:
[2016.11.30-21.06.53:836][  0]LogWindows:    0. 'NVIDIA GeForce GTX 650' (P:1 D:1)
[2016.11.30-21.06.53:836][  0]LogWindows:    1. 'NVIDIA GeForce GTX 650' (P:0 D:0)
[2016.11.30-21.06.53:837][  0]LogWindows:    2. 'NVIDIA GeForce GTX 650' (P:0 D:0)
[2016.11.30-21.06.53:837][  0]LogWindows: DebugString: FoundDriverCount:3 
[2016.11.30-21.06.53:837][  0]LogD3D11RHI:     Adapter Name: NVIDIA GeForce GTX 650
[2016.11.30-21.06.53:837][  0]LogD3D11RHI:   Driver Version: 375.95 (internal:21.21.13.7595, unified:375.95)
[2016.11.30-21.06.53:837][  0]LogD3D11RHI:      Driver Date: 11-16-2016
[2016.11.30-21.06.53:837][  0]LogRHI: Texture pool is 1361 MB (70% of 1945 MB)
[2016.11.30-21.06.54:531][  0]LogD3D11RHI: Async texture creation enabled
[2016.11.30-21.06.54:592][  0]LogD3D11RHI: GPU Timing Frequency: 1000.000000 (Debug: 2 2)
[2016.11.30-21.06.54:592][  0]LogShaderCompilers: Guid format shader working directory is -31 characters bigger than the processId version (../../../../../../Users/user/Documents/Unreal Projects/udemy/BuildingEscape/Intermediate/Shaders/WorkingDirectory/10600/).
[2016.11.30-21.06.54:593][  0]LogShaderCompilers: Cleaned the shader compiler working directory 'C:/Users/user/AppData/Local/Temp/UnrealShaderWorkingDir/C931DCB34A037257415312B6B5360FE9/'.
[2016.11.30-21.06.54:593][  0]LogShaderCompilers:Display: Using Local Shader Compiler.
[2016.11.30-21.06.56:372][  0]LogTemp:Display: Loaded TP AllDesktopTargetPlatform
[2016.11.30-21.06.56:501][  0]LogTemp:Display: Loaded TP MacClientTargetPlatform
[2016.11.30-21.06.56:626][  0]LogTemp:Display: Loaded TP MacNoEditorTargetPlatform
[2016.11.30-21.06.56:751][  0]LogTemp:Display: Loaded TP MacServerTargetPlatform
[2016.11.30-21.06.56:884][  0]LogTemp:Display: Loaded TP MacTargetPlatform
[2016.11.30-21.06.57:012][  0]LogTemp:Display: Loaded TP WindowsClientTargetPlatform
[2016.11.30-21.06.57:136][  0]LogTemp:Display: Loaded TP WindowsNoEditorTargetPlatform
[2016.11.30-21.06.57:279][  0]LogTemp:Display: Loaded TP WindowsServerTargetPlatform
[2016.11.30-21.06.57:428][  0]LogTemp:Display: Loaded TP WindowsTargetPlatform
[2016.11.30-21.06.57:593][  0]LogTemp:Display: Loaded TP AndroidTargetPlatform
[2016.11.30-21.06.57:723][  0]LogTemp:Display: Loaded TP Android_ASTCTargetPlatform
[2016.11.30-21.06.57:848][  0]LogTemp:Display: Loaded TP Android_ATCTargetPlatform
[2016.11.30-21.06.57:974][  0]LogTemp:Display: Loaded TP Android_DXTTargetPlatform
[2016.11.30-21.06.58:098][  0]LogTemp:Display: Loaded TP Android_ETC1TargetPlatform
[2016.11.30-21.06.58:224][  0]LogTemp:Display: Loaded TP Android_ETC2TargetPlatform
[2016.11.30-21.06.58:488][  0]LogTemp:Display: Loaded TP Android_MultiTargetPlatform
[2016.11.30-21.06.58:488][  0]LogTemp:Display: Loaded TP Android_PVRTCTargetPlatform
[2016.11.30-21.06.58:599][  0]LogTemp:Display: Loaded TP HTML5TargetPlatform
[2016.11.30-21.06.58:801][  0]LogTemp:Display: Loaded TP IOSTargetPlatform
[2016.11.30-21.06.58:877][  0]LogTemp:Display: Loaded TP TVOSTargetPlatform
[2016.11.30-21.06.59:009][  0]LogTemp:Display: Loaded TP LinuxClientTargetPlatform
[2016.11.30-21.06.59:135][  0]LogTemp:Display: Loaded TP LinuxNoEditorTargetPlatform
[2016.11.30-21.06.59:261][  0]LogTemp:Display: Loaded TP LinuxServerTargetPlatform
[2016.11.30-21.06.59:391][  0]LogTemp:Display: Loaded TP LinuxTargetPlatform
[2016.11.30-21.06.59:391][  0]LogTargetPlatformManager:Display: Building Assets For Windows
[2016.11.30-21.07.00:443][  0]LogDerivedDataCache:Display: Max Cache Size: 512 MB
[2016.11.30-21.07.00:874][  0]LogDerivedDataCache: Loaded boot cache 0.43s 50MB C:/Users/user/AppData/Local/UnrealEngine/4.14/DerivedDataCache/Boot.ddc.
[2016.11.30-21.07.00:874][  0]LogDerivedDataCache:Display: Loaded Boot cache: C:/Users/user/AppData/Local/UnrealEngine/4.14/DerivedDataCache/Boot.ddc
[2016.11.30-21.07.00:874][  0]LogDerivedDataCache: FDerivedDataBackendGraph:  Pak pak cache file ../../../../../../Users/user/Documents/Unreal Projects/udemy/BuildingEscape/DerivedDataCache/DDC.ddp not found, will not use a pak cache.
[2016.11.30-21.07.00:874][  0]LogDerivedDataCache: Unable to find inner node Pak for hierarchical cache Hierarchy.
[2016.11.30-21.07.00:874][  0]LogDerivedDataCache: FDerivedDataBackendGraph:  CompressedPak pak cache file ../../../../../../Users/user/Documents/Unreal Projects/udemy/BuildingEscape/DerivedDataCache/Compressed.ddp not found, will not use a pak cache.
[2016.11.30-21.07.00:874][  0]LogDerivedDataCache: Unable to find inner node CompressedPak for hierarchical cache Hierarchy.
[2016.11.30-21.07.00:906][  0]LogDerivedDataCache:Display: Pak cache opened for reading ../../../Engine/DerivedDataCache/Compressed.ddp.
[2016.11.30-21.07.00:918][  0]LogDerivedDataCache: Using Local data cache path C:/Users/user/AppData/Local/UnrealEngine/Common/DerivedDataCache: Writable
[2016.11.30-21.07.01:419][  0]LogInit: Selected Device Profile: [Windows]
[2016.11.30-21.07.01:423][  0]LogContentStreaming: Texture pool size is 0.00 MB
[2016.11.30-21.07.01:832][  0]LogMeshUtilities: Using QuadricMeshReduction for automatic static mesh reduction
[2016.11.30-21.07.01:954][  0]LogSimplygon: Simplygon DLL not present - disabling.
[2016.11.30-21.07.02:075][  0]LogMeshUtilities: Using SimplygonSwarm for distributed automatic mesh merging
[2016.11.30-21.07.02:075][  0]LogMeshUtilities: No automatic skeletal mesh reduction module available
[2016.11.30-21.07.02:075][  0]LogMeshUtilities: No automatic mesh merging module available
[2016.11.30-21.07.03:012][  0]LogNetVersion: GetLocalNetworkVersion: CL: 3195953, ProjectName: buildingescape, ProjectVersion: , EngineNetworkVersion: 2, GameNetworkVersion: 0, NetworkChecksum: 2542623411
[2016.11.30-21.07.03:111][  0]LogAssetRegistry: FAssetRegistry took 0.0223 seconds to start up
[2016.11.30-21.07.03:207][  0]LogPackageLocalizationCache: Processed 3 localized package path(s) for 2 prioritized culture(s) in 0.037798 seconds
[2016.11.30-21.07.03:217][  0]LogUObjectArray: 31946 objects as part of root set at end of initial load.
[2016.11.30-21.07.03:217][  0]LogUObjectAllocator: 6935848 out of 0 bytes used by permanent object pool.
[2016.11.30-21.07.03:217][  0]LogUObjectArray: CloseDisregardForGC: 0/0 objects in disregard for GC pool
[2016.11.30-21.07.03:392][  0]LogInit: WinSock: version 1.1 (2.2), MaxSocks=32767, MaxUdp=65467
[2016.11.30-21.07.05:313][  0]LogSlate: Using Freetype 2.6.0
[2016.11.30-21.07.05:314][  0]LogSlate: SlateFontCache - WITH_FREETYPE: 1, WITH_HARFBUZZ: 1
[2016.11.30-21.07.05:314][  0]LogSlate: SlateFontCache - WITH_FREETYPE: 1, WITH_HARFBUZZ: 1
[2016.11.30-21.07.07:735][  0]LogTcpMessaging: Initializing TcpMessaging bridge
[2016.11.30-21.07.07:818][  0]LogUdpMessaging: Initializing bridge on interface 0.0.0.0:0 to multicast group 230.0.0.1:6666.
[2016.11.30-21.07.08:629][  0]LogMaterial: Uniform references updated for custom material expression Custom.
[2016.11.30-21.07.09:554][  0]SourceControl: Información El control de código fuente está desactivado
[2016.11.30-21.07.09:655][  0]SourceControl: Información El control de código fuente está desactivado
[2016.11.30-21.07.09:779][  0]SourceControl: Información El control de código fuente está desactivado
[2016.11.30-21.07.09:898][  0]SourceControl: Información El control de código fuente está desactivado
[2016.11.30-21.07.13:168][  0]LogEngine: Initializing Engine...
[2016.11.30-21.07.13:168][  0]LogHMD: Failed to initialize OpenVR with code 110
[2016.11.30-21.07.13:658][  0]LogAIModule: Creating AISystem for world Untitled
[2016.11.30-21.07.13:683][  0]LogInit: XAudio2 using 'Philips 244E-4 (NVIDIA High Definition Audio)' : 2 channels at 48 kHz using 16 bits per sample (channel mask 0x3)
[2016.11.30-21.07.13:694][  0]LogInit: FAudioDevice initialized.
[2016.11.30-21.07.13:740][  0]LogDerivedDataCache: Saved boot cache 0.05s 50MB C:/Users/user/AppData/Local/UnrealEngine/4.14/DerivedDataCache/Boot.ddc.
[2016.11.30-21.07.13:760][  0]LogInit: Texture streaming: Enabled
[2016.11.30-21.07.14:240][  0]LogInit: Transaction tracking system initialized
[2016.11.30-21.07.15:142][  0]BlueprintLog: New page: Cargar el editor
[2016.11.30-21.07.17:598][  0]LocalizationService: Información Localization service is disabled
[2016.11.30-21.07.19:327][  0]LogConsoleResponse:Display: 
[2016.11.30-21.07.19:570][  0]LogCook:Display: Max memory allowance for cook 16384mb min free memory 0mb
[2016.11.30-21.07.19:570][  0]LogCook:Display: Mobile HDR setting 1
[2016.11.30-21.07.20:233][  0]LogFileCache: Scanning file cache for directory 'C:/Users/user/Documents/Unreal Projects/udemy/BuildingEscape/Content/' took 0.01s
[2016.11.30-21.07.22:051][  0]SourceControl: Información El control de código fuente está desactivado
[2016.11.30-21.07.22:100][  0]LogWindowsTextInputMethodSystem:Display: IME system now deactivated.
[2016.11.30-21.08.13:466][  0]LogWindowsTextInputMethodSystem:Display: IME system now deactivated.
[2016.11.30-21.08.13:467][  0]LogWindowsTextInputMethodSystem:Display: IME system now deactivated.
[2016.11.30-21.08.13:473][  0]Cmd: MAP LOAD FILE="../../../../../../Users/user/Documents/Unreal Projects/udemy/BuildingEscape/Content/NewMap.umap" TEMPLATE=0 SHOWPROGRESS=1 FEATURELEVEL=3
[2016.11.30-21.08.13:474][  0]LightingResults: New page: Diseñar la iluminación
[2016.11.30-21.08.13:594][  0]MapCheck: New page: Revisión del mapa
[2016.11.30-21.08.13:594][  0]LightingResults: New page: Diseñar la iluminación
[2016.11.30-21.08.14:074][  0]LogAIModule: Creating AISystem for world NewMap
[2016.11.30-21.08.14:085][  0]LogEditorServer: Finished looking for orphan Actors (0.000 secs)
[2016.11.30-21.08.14:086][  0]Cmd: MAP CHECKDEP NOCLEARLOG
[2016.11.30-21.08.14:222][  0]MapCheck: Información Map check complete: 0 Error(s), 0 Warning(s), took 136,01ms to complete.
[2016.11.30-21.08.14:222][  0]LogFileHelpers: Loading map 'NewMap' took 0.750
[2016.11.30-21.08.14:301][  0]LogStats:Warning: MetaData mismatch. Did you assign a stat to two groups? New //STATGROUP_Threads//SplashScreenThread///Thread_20a0_0///####STATCAT_Advanced#### old //STATGROUP_Threads//SplashScreenThread///Thread_2d20_0///####STATCAT_Advanced####
[2016.11.30-21.08.14:301][  0]LogCollectionManager: Loaded 0 collections in 0.002372 seconds
[2016.11.30-21.08.14:460][  0]LogFileCache: Scanning file cache for directory 'C:/Users/user/Documents/Unreal Projects/udemy/BuildingEscape/Saved/Collections/' took 0.01s
[2016.11.30-21.08.14:460][  0]LogFileCache: Scanning file cache for directory 'C:/Users/user/Documents/Unreal Projects/udemy/BuildingEscape/Content/Developers/user/Collections/' took 0.01s
[2016.11.30-21.08.14:460][  0]LogFileCache: Scanning file cache for directory 'C:/Users/user/Documents/Unreal Projects/udemy/BuildingEscape/Content/Collections/' took 0.01s
[2016.11.30-21.08.14:460][  0]LogCollectionManager: Rebuilt the GUID cache for 0 collections in 0.000002 seconds
[2016.11.30-21.08.14:474][  0]LogContentBrowser: Native class hierarchy populated in 0.0139 seconds. Added 2193 classes and 430 folders.
[2016.11.30-21.08.14:577][  0]LogStats: UGameplayTagsManager::ConstructGameplayTagTree: Construct from data asset -  0.000 s
[2016.11.30-21.08.14:577][  0]LogStats: UGameplayTagsManager::ConstructGameplayTagTree: GameplayTagTreeChangedEvent.Broadcast -  0.000 s
[2016.11.30-21.08.14:579][  0]LogContentBrowser: Native class hierarchy updated for 'GameplayTags' in 0.0024 seconds. Added 13 classes and 0 folders.
[2016.11.30-21.08.14:738][  0]LogContentBrowser: Native class hierarchy updated for 'WidgetCarousel' in 0.0024 seconds. Added 0 classes and 0 folders.
[2016.11.30-21.08.14:915][  0]LogContentBrowser: Native class hierarchy updated for 'AddContentDialog' in 0.0024 seconds. Added 0 classes and 0 folders.
[2016.11.30-21.08.15:049][  0]LogContentBrowser: Native class hierarchy updated for 'SceneOutliner' in 0.0024 seconds. Added 1 classes and 2 folders.
[2016.11.30-21.08.15:173][  0]LogCrashTracker: Crashtracker disabled due to settings.
[2016.11.30-21.08.15:179][  0]LogUObjectGlobals:Warning: Error al encontrar el objeto 'Class Ninguno.'
[2016.11.30-21.08.15:317][  0]LogContentBrowser: Native class hierarchy updated for 'HierarchicalLODOutliner' in 0.0024 seconds. Added 1 classes and 2 folders.
[2016.11.30-21.08.15:317][  0]LogLoad: (Engine Initialization) Total time: 86.05 seconds
[2016.11.30-21.08.15:317][  0]LogLoad: (Engine Initialization) Total Blueprint compile time: 0.18 seconds
[2016.11.30-21.08.15:317][  0]LogExternalProfiler: Found external profiler: VSPerf
[2016.11.30-21.08.15:317][  0]LogExternalProfiler: Using external profiler: VSPerf
[2016.11.30-21.08.15:326][  0]LogOcInput: OculusInput pre-init called
[2016.11.30-21.08.15:344][  0]LogContentStreaming: Texture pool size now 1000 MB
[2016.11.30-21.08.15:580][  0]LogRenderer: Reallocating scene render targets to support 1484x664 NumSamples 1 (Frame:2).
[2016.11.30-21.08.15:745][  1]LogAssetRegistry: Asset discovery search completed in 72.6567 seconds
[2016.11.30-21.08.15:745][  1]LogCollectionManager: Rebuilt the object cache for 0 collections in 0.000001 seconds (found 0 objects)
[2016.11.30-21.08.15:745][  1]LogCollectionManager: Fixed up redirectors for 0 collections in 0.000150 seconds (updated 0 objects)
[2016.11.30-21.08.34:369][876]LogEditorViewport: Clicking on Actor (LMB): StaticMeshActor (Wall_400x300)
[2016.11.30-21.08.36:112][956]Cmd: DELETE
[2016.11.30-21.08.36:112][956]Cmd: ACTOR DELETE
[2016.11.30-21.08.36:115][956]LogEditorActor: Deleted Actor: StaticMeshActor
[2016.11.30-21.08.36:150][956]LogEditorActor: Deleted 1 Actors (0.038 secs)
[2016.11.30-21.08.37:280][ 12]LogEditorViewport: Clicking on Actor (LMB): StaticMeshActor (Wall_Door_400x300)
[2016.11.30-21.09.10:523][734]Cmd: OBJ SAVEPACKAGE PACKAGE="/Game/NewMap" FILE="../../../../../../Users/user/Documents/Unreal Projects/udemy/BuildingEscape/Content/NewMap.umap" SILENT=true AUTOSAVING=false KEEPDIRTY=false
[2016.11.30-21.09.10:586][734]LogSavePackage: Save=32.90ms
[2016.11.30-21.09.10:587][734]LogSavePackage: Moving '../../../../../../Users/user/Documents/Unreal Projects/udemy/BuildingEscape/Saved/NewMapECB882DE4547142CC7296A856FDBF7F5.tmp' to '../../../../../../Users/user/Documents/Unreal Projects/udemy/BuildingEscape/Content/NewMap.umap'
[2016.11.30-21.09.10:591][734]LogSavePackage:Display: Finished SavePackage ../../../../../../Users/user/Documents/Unreal Projects/udemy/BuildingEscape/Content/NewMap.umap
[2016.11.30-21.09.10:650][734]Cmd: OBJ SAVEPACKAGE PACKAGE="/Game/NewMap_BuiltData" FILE="../../../../../../Users/user/Documents/Unreal Projects/udemy/BuildingEscape/Content/NewMap_BuiltData.uasset" SILENT=true
[2016.11.30-21.09.10:788][734]LogSavePackage: Save=111.30ms
[2016.11.30-21.09.10:788][734]LogSavePackage: Moving '../../../../../../Users/user/Documents/Unreal Projects/udemy/BuildingEscape/Saved/NewMap_BuiltDataF984C2304E9536E861C0B4805038661F.tmp' to '../../../../../../Users/user/Documents/Unreal Projects/udemy/BuildingEscape/Content/NewMap_BuiltData.uasset'
[2016.11.30-21.09.10:793][734]LogSavePackage:Display: Finished SavePackage ../../../../../../Users/user/Documents/Unreal Projects/udemy/BuildingEscape/Content/NewMap_BuiltData.uasset
[2016.11.30-21.09.17:389][326]LogEditorViewport: Clicking on Actor (LMB): StaticMeshActor (SM_Chair)
[2016.11.30-21.09.27:262][187]LogEditorViewport: Clicking on Actor (LMB): DirectionalLight (Light Source)
[2016.11.30-21.10.05:704][605]Cmd: OBJ SAVEPACKAGE PACKAGE="/Game/NewMap" FILE="../../../../../../Users/user/Documents/Unreal Projects/udemy/BuildingEscape/Content/NewMap.umap" SILENT=true AUTOSAVING=false KEEPDIRTY=false
[2016.11.30-21.10.05:757][605]LogSavePackage: Save=33.01ms
[2016.11.30-21.10.05:758][605]LogSavePackage: Moving '../../../../../../Users/user/Documents/Unreal Projects/udemy/BuildingEscape/Saved/NewMapCE3CC2EE485D43820DBC93A24EB1E803.tmp' to '../../../../../../Users/user/Documents/Unreal Projects/udemy/BuildingEscape/Content/NewMap.umap'
[2016.11.30-21.10.05:762][605]LogSavePackage:Display: Finished SavePackage ../../../../../../Users/user/Documents/Unreal Projects/udemy/BuildingEscape/Content/NewMap.umap
[2016.11.30-21.10.05:789][605]Cmd: OBJ SAVEPACKAGE PACKAGE="/Game/NewMap_BuiltData" FILE="../../../../../../Users/user/Documents/Unreal Projects/udemy/BuildingEscape/Content/NewMap_BuiltData.uasset" SILENT=true
[2016.11.30-21.10.05:891][605]LogSavePackage: Save=93.62ms
[2016.11.30-21.10.05:891][605]LogSavePackage: Moving '../../../../../../Users/user/Documents/Unreal Projects/udemy/BuildingEscape/Saved/NewMap_BuiltData412D25DC48578633DC8A3B8ED7CA05D7.tmp' to '../../../../../../Users/user/Documents/Unreal Projects/udemy/BuildingEscape/Content/NewMap_BuiltData.uasset'
[2016.11.30-21.10.05:893][605]LogSavePackage:Display: Finished SavePackage ../../../../../../Users/user/Documents/Unreal Projects/udemy/BuildingEscape/Content/NewMap_BuiltData.uasset
[2016.11.30-21.10.13:031][258]LogEditorViewport: Clicking on Actor (LMB): StaticMeshActor (SM_Door)
[2016.11.30-21.10.25:471][459]Recompiling BuildingEscape...
[2016.11.30-21.10.25:471][459]Launching UnrealBuildTool... [C:/Program Files (x86)/Epic Games/4.14/Engine/Binaries/DotNET/UnrealBuildTool.exe BuildingEscape -ModuleWithSuffix BuildingEscape 4056 Win64 Development -editorrecompile -canskiplink "C:/Users/user/Documents/Unreal Projects/udemy/BuildingEscape/BuildingEscape.uproject" ]
[2016.11.30-21.10.25:504][459]Warning: Starting HotReload took  0.0s.
[2016.11.30-21.10.30:467][908]CompilerResultsLog: New page: Compilación - 30/11/2016 23:10:30
[2016.11.30-21.10.30:467][908]CompilerResultsLog: Información Creating makefile for hot reloading BuildingEscape (modules to compile have changed)
[2016.11.30-21.10.30:467][908]CompilerResultsLog: Información Compiling game modules for hot reload
[2016.11.30-21.10.30:467][908]CompilerResultsLog: Información Target is up to date
[2016.11.30-21.10.30:467][908]LogMainFrame: MainFrame: Module compiling took 5.000 seconds
[2016.11.30-21.10.30:500][908]LogContentBrowser: Native class hierarchy populated in 0.0149 seconds. Added 2195 classes and 434 folders.
[2016.11.30-21.10.30:501][908]Display: HotReload took  5.0s.
[2016.11.30-21.10.31:573][ 30]MapCheck: New page: Revisión del mapa
[2016.11.30-21.10.31:581][ 30]LightingResults: New page: Diseño de la iluminación - 30/11/2016 23:10:31
[2016.11.30-21.10.31:646][ 30]LogSwarmInterface: [OpenConnection] Registering TCP channel ...
[2016.11.30-21.10.31:927][ 30]LogSwarmInterface: [OpenConnection] Connecting to agent ...
[2016.11.30-21.10.31:948][ 30]LogSwarmInterface: [TryOpenConnection] Testing the Agent
[2016.11.30-21.10.32:465][ 30]LogSwarmInterface: [TryOpenConnection] Opening Connection to Agent
[2016.11.30-21.10.32:466][ 30]LogSwarmInterface: [TryOpenConnection] Local Process ID is 10600
[2016.11.30-21.10.35:418][ 30]LogStaticLightingSystem:Warning: No importance volume found, so the scene bounding box was used.  You can optimize your scene's quality and lighting build times by adding importance volumes.
[2016.11.30-21.10.35:418][ 30]LogStaticLightingSystem: Running Lightmass w/ ImmediateImport mode ENABLED
[2016.11.30-21.10.35:418][ 30]LogStaticLightingSystem: Running Lightmass w/ ImmediateProcess mode ENABLED
[2016.11.30-21.10.35:418][ 30]LogStaticLightingSystem: Running Lightmass w/ Sorting mode ENABLED
[2016.11.30-21.10.35:418][ 30]LogStaticLightingSystem: Running Lightmass w/ Mapping paddings ENABLED
[2016.11.30-21.10.35:418][ 30]LogStaticLightingSystem: Running Lightmass w/ Mapping debug paddings DISABLED
[2016.11.30-21.10.35:608][ 30]LogEditorBuildUtils: Build time 0:04
[2016.11.30-21.10.39:428][145]Cmd: OBJ SAVEPACKAGE PACKAGE="/Game/NewMap" FILE="../../../../../../Users/user/Documents/Unreal Projects/udemy/BuildingEscape/Content/NewMap.umap" SILENT=true AUTOSAVING=false KEEPDIRTY=false
[2016.11.30-21.10.39:535][145]LogSavePackage: Save=46.99ms
[2016.11.30-21.10.39:535][145]LogSavePackage: Moving '../../../../../../Users/user/Documents/Unreal Projects/udemy/BuildingEscape/Saved/NewMap322476814D186E1BAF5D4ABDCBCB3314.tmp' to '../../../../../../Users/user/Documents/Unreal Projects/udemy/BuildingEscape/Content/NewMap.umap'
[2016.11.30-21.10.39:540][145]LogSavePackage:Display: Finished SavePackage ../../../../../../Users/user/Documents/Unreal Projects/udemy/BuildingEscape/Content/NewMap.umap
[2016.11.30-21.10.39:565][145]LogFileHelpers: Saving map 'NewMap' took 0.319
[2016.11.30-21.10.39:596][146]Job is a success!
[2016.11.30-21.10.40:153][147]LogTexture:Display: Generando texturas: HQ_Lightmap0_1 (AutoDXT)
[2016.11.30-21.10.40:153][147]LogTexture:Display: Generando texturas: HQ_Lightmap0_2 (AutoDXT)
[2016.11.30-21.10.40:153][147]LogTexture:Display: Generando texturas: LQ_Lightmap_0_1 (DXT1)
[2016.11.30-21.10.40:154][147]LogTexture:Display: Generando texturas: LQ_Lightmap_0_2 (DXT1)
[2016.11.30-21.10.40:438][147]LogTexture:Display: Generando texturas: ShadowMapTexture2D_2 (BGRA8)
[2016.11.30-21.10.40:438][147]LogTexture:Display: Generando texturas: ShadowMapTexture2D_3 (G8)
[2016.11.30-21.10.40:463][147]Lightmass on DESKTOP-TCO7O6N: 3.52 sec total, 106 ms importing, 20 ms setup, 446 ms photons, 2.91 sec processing, 0 ms extra exporting [17/17 mappings]. Threads: 20.1 sec total, 10.4 sec processing.
[2016.11.30-21.10.40:489][147]LogStaticLightingSystem: Illumination: 8.88 sec (432 ms encoding lightmaps, 277 ms encoding shadowmaps)
[2016.11.30-21.10.40:489][147]LogStaticLightingSystem: Lightmap texture memory:  2.0 MB (2.0 MB streaming, 0.0 MB non-streaming), 4 textures
[2016.11.30-21.10.40:489][147]LogStaticLightingSystem: Shadowmap texture memory: 2.7 MB (2.7 MB streaming, 0.0 MB non-streaming), 2 textures
[2016.11.30-21.10.41:423][147]DumpUnbuiltLightIteractions
[2016.11.30-21.10.41:423][147]Lights with unbuilt interactions: 0
[2016.11.30-21.10.41:423][147]
[2016.11.30-21.10.41:423][147]Primitives with unbuilt interactions: 0
[2016.11.30-21.10.41:435][148]Cmd: MAP CHECK NOTIFYRESULTS
[2016.11.30-21.10.41:435][148]MapCheck: New page: NewMap - 30/11/2016 23:10:41
[2016.11.30-21.10.41:576][148]MapCheck: Información Map check complete: 0 Error(s), 0 Warning(s), took 141,023ms to complete.
[2016.11.30-21.10.47:421][750]Cmd: OBJ SAVEPACKAGE PACKAGE="/Game/NewMap" FILE="../../../../../../Users/user/Documents/Unreal Projects/udemy/BuildingEscape/Content/NewMap.umap" SILENT=true AUTOSAVING=false KEEPDIRTY=false
[2016.11.30-21.10.47:473][750]LogSavePackage: Save=31.03ms
[2016.11.30-21.10.47:473][750]LogSavePackage: Moving '../../../../../../Users/user/Documents/Unreal Projects/udemy/BuildingEscape/Saved/NewMap1EAE26304AC6A666C39761BB383BFA06.tmp' to '../../../../../../Users/user/Documents/Unreal Projects/udemy/BuildingEscape/Content/NewMap.umap'
[2016.11.30-21.10.47:477][750]LogSavePackage:Display: Finished SavePackage ../../../../../../Users/user/Documents/Unreal Projects/udemy/BuildingEscape/Content/NewMap.umap
[2016.11.30-21.10.47:509][750]LogFileHelpers: Saving map 'NewMap' took 0.221
[2016.11.30-21.10.47:511][750]Cmd: OBJ SAVEPACKAGE PACKAGE="/Game/NewMap_BuiltData" FILE="../../../../../../Users/user/Documents/Unreal Projects/udemy/BuildingEscape/Content/NewMap_BuiltData.uasset" SILENT=true
[2016.11.30-21.10.47:610][750]LogSavePackage: Save=88.77ms
[2016.11.30-21.10.47:610][750]LogSavePackage: Moving '../../../../../../Users/user/Documents/Unreal Projects/udemy/BuildingEscape/Saved/NewMap_BuiltData705A4B8A4AA352BC3C11DDAF6E9CAB1F.tmp' to '../../../../../../Users/user/Documents/Unreal Projects/udemy/BuildingEscape/Content/NewMap_BuiltData.uasset'
[2016.11.30-21.10.47:615][750]LogSavePackage:Display: Finished SavePackage ../../../../../../Users/user/Documents/Unreal Projects/udemy/BuildingEscape/Content/NewMap_BuiltData.uasset
[2016.11.30-21.10.51:753][190]LogTemp: Repeting last play command: Selected Viewport
[2016.11.30-21.10.51:771][190]LogPlayLevel: PlayLevel: No blueprints needed recompiling
[2016.11.30-21.10.51:771][190]PIE: New page: Sesión PIE (reproducción en el editor): NewMap (30/11/2016 23:10:51)
[2016.11.30-21.10.51:771][190]LogPlayLevel: Creating play world package: /Game/UEDPIE_0_NewMap
[2016.11.30-21.10.51:776][190]LogPlayLevel: PIE: StaticDuplicateObject took: (0.004560s)
[2016.11.30-21.10.51:777][190]LogAIModule: Creating AISystem for world NewMap
[2016.11.30-21.10.51:777][190]LogPlayLevel: PIE: World Init took: (0.001179s)
[2016.11.30-21.10.51:778][190]LogPlayLevel: PIE: Created PIE world by copying editor world from /Game/NewMap.NewMap to /Game/UEDPIE_0_NewMap.NewMap (0.006366s)
[2016.11.30-21.10.51:815][190]LogInit: XAudio2 using 'Philips 244E-4 (NVIDIA High Definition Audio)' : 2 channels at 48 kHz using 16 bits per sample (channel mask 0x3)
[2016.11.30-21.10.51:822][190]LogInit: FAudioDevice initialized.
[2016.11.30-21.10.51:871][190]LogLoad: Game class is 'BuildingEscapeGameModeBase'
[2016.11.30-21.10.51:874][190]LogWorld: Bringing World /Game/UEDPIE_0_NewMap.NewMap up for play (max tick rate 0) at 2016.11.30-22.10.51
[2016.11.30-21.10.51:874][190]LogWorld: Bringing up level for play took: 0.002148
[2016.11.30-21.10.51:999][190]LogContentBrowser: Native class hierarchy updated for 'MovieSceneCapture' in 0.0025 seconds. Added 11 classes and 0 folders.
[2016.11.30-21.10.52:000][190]LogTemp:Warning: SM_Chair_2 is at X=-425.000 Y=-392.000 Z=20.000
[2016.11.30-21.10.52:001][190]PIE: Información Tiempo de inicio de la reproducción en el editor para  /Game/UEDPIE_0_NewMap 1,12
[2016.11.30-21.10.52:527][190]LogCrashTracker: 


[2016.11.30-21.10.52:528][190]LogCrashTracker: 


[2016.11.30-21.10.52:528][190]LogWindows:Error: === Critical error: ===
[2016.11.30-21.10.52:528][190]LogWindows:Error: 
[2016.11.30-21.10.52:528][190]LogWindows:Error: Fatal error!
[2016.11.30-21.10.52:528][190]LogWindows:Error: 
[2016.11.30-21.10.52:528][190]LogWindows:Error: Unhandled Exception: EXCEPTION_ACCESS_VIOLATION reading address 0x00000340
[2016.11.30-21.10.52:528][190]LogWindows:Error: 
[2016.11.30-21.10.52:528][190]LogWindows:Error: UE4Editor-Engine.dll
[2016.11.30-21.10.52:528][190]LogWindows:Error: UE4Editor-BuildingEscape-4149.dll
[2016.11.30-21.10.52:528][190]LogWindows:Error: UE4Editor-Engine.dll
[2016.11.30-21.10.52:528][190]LogWindows:Error: UE4Editor-Engine.dll
[2016.11.30-21.10.52:528][190]LogWindows:Error: UE4Editor-Engine.dll
[2016.11.30-21.10.52:528][190]LogWindows:Error: UE4Editor-Engine.dll
[2016.11.30-21.10.52:528][190]LogWindows:Error: UE4Editor-Core.dll
[2016.11.30-21.10.52:528][190]LogWindows:Error: UE4Editor-Core.dll
[2016.11.30-21.10.52:528][190]LogWindows:Error: UE4Editor-Engine.dll
[2016.11.30-21.10.52:528][190]LogWindows:Error: UE4Editor-Engine.dll
[2016.11.30-21.10.52:529][190]LogWindows:Error: UE4Editor-Engine.dll
[2016.11.30-21.10.52:529][190]LogWindows:Error: UE4Editor-Engine.dll
[2016.11.30-21.10.52:529][190]LogWindows:Error: UE4Editor-UnrealEd.dll
[2016.11.30-21.10.52:529][190]LogWindows:Error: UE4Editor-UnrealEd.dll
[2016.11.30-21.10.52:529][190]LogWindows:Error: UE4Editor.exe
[2016.11.30-21.10.52:529][190]LogWindows:Error: UE4Editor.exe
[2016.11.30-21.10.52:529][190]LogWindows:Error: UE4Editor.exe
[2016.11.30-21.10.52:529][190]LogWindows:Error: UE4Editor.exe
[2016.11.30-21.10.52:529][190]LogWindows:Error: UE4Editor.exe
[2016.11.30-21.10.52:529][190]LogWindows:Error: KERNEL32.DLL
[2016.11.30-21.10.52:529][190]LogWindows:Error: ntdll.dll
[2016.11.30-21.10.52:529][190]LogWindows:Error: ntdll.dll
[2016.11.30-21.10.52:529][190]LogWindows:Error: 
[2016.11.30-21.10.52:560][190]LogExit: Executing StaticShutdownAfterError
[2016.11.30-21.10.52:563][190]LogWindows: FPlatformMisc::RequestExit(1)
[2016.11.30-21.10.52:563][190]Log file closed, 11/30/16 22:10:52
