Log file open, 11/30/16 22:10:59
LogInit:Display: Running engine for game: BuildingEscape
LogPlatformFile: Not using cached read wrapper
LogInit:Display: RandInit(1990308383) SRandInit(1990308383).
LogTaskGraph: Started task graph with 5 named threads and 8 total threads with 1 sets of task threads.
LogStats: Stats thread started at 0.095993
LogPluginManager: Loaded Plugin Paper2D, From C:/Program Files (x86)/Epic Games/4.14/Engine/Plugins/2D/Paper2D/Paper2D.uplugin
LogPluginManager: Loaded Plugin LightPropagationVolume, From C:/Program Files (x86)/Epic Games/4.14/Engine/Plugins/Blendables/LightPropagationVolume/LightPropagationVolume.uplugin
LogPluginManager: Loaded Plugin BlankPlugin, From C:/Program Files (x86)/Epic Games/4.14/Engine/Plugins/Developer/BlankPlugin/BlankPlugin.uplugin
LogPluginManager: Loaded Plugin CodeLiteSourceCodeAccess, From C:/Program Files (x86)/Epic Games/4.14/Engine/Plugins/Developer/CodeLiteSourceCodeAccess/CodeLiteSourceCodeAccess.uplugin
LogPluginManager: Loaded Plugin GitSourceControl, From C:/Program Files (x86)/Epic Games/4.14/Engine/Plugins/Developer/GitSourceControl/GitSourceControl.uplugin
LogPluginManager: Loaded Plugin KDevelopSourceCodeAccess, From C:/Program Files (x86)/Epic Games/4.14/Engine/Plugins/Developer/KDevelopSourceCodeAccess/KDevelopSourceCodeAccess.uplugin
LogPluginManager: Loaded Plugin NullSourceCodeAccess, From C:/Program Files (x86)/Epic Games/4.14/Engine/Plugins/Developer/NullSourceCodeAccess/NullSourceCodeAccess.uplugin
LogPluginManager: Loaded Plugin OneSkyLocalizationService, From C:/Program Files (x86)/Epic Games/4.14/Engine/Plugins/Developer/OneSkyLocalizationService/OneSkyLocalizationService.uplugin
LogPluginManager: Loaded Plugin PerforceSourceControl, From C:/Program Files (x86)/Epic Games/4.14/Engine/Plugins/Developer/PerforceSourceControl/PerforceSourceControl.uplugin
LogPluginManager: Loaded Plugin SubversionSourceControl, From C:/Program Files (x86)/Epic Games/4.14/Engine/Plugins/Developer/SubversionSourceControl/SubversionSourceControl.uplugin
LogPluginManager: Loaded Plugin UObjectPlugin, From C:/Program Files (x86)/Epic Games/4.14/Engine/Plugins/Developer/UObjectPlugin/UObjectPlugin.uplugin
LogPluginManager: Loaded Plugin VisualStudioSourceCodeAccess, From C:/Program Files (x86)/Epic Games/4.14/Engine/Plugins/Developer/VisualStudioSourceCodeAccess/VisualStudioSourceCodeAccess.uplugin
LogPluginManager: Loaded Plugin XCodeSourceCodeAccess, From C:/Program Files (x86)/Epic Games/4.14/Engine/Plugins/Developer/XCodeSourceCodeAccess/XCodeSourceCodeAccess.uplugin
LogPluginManager: Loaded Plugin AudioCapture, From C:/Program Files (x86)/Epic Games/4.14/Engine/Plugins/Editor/AudioCapture/AudioCapture.uplugin
LogPluginManager: Loaded Plugin EpicSurvey, From C:/Program Files (x86)/Epic Games/4.14/Engine/Plugins/Editor/EpicSurvey/EpicSurvey.uplugin
LogPluginManager: Loaded Plugin MacGraphicsSwitching, From C:/Program Files (x86)/Epic Games/4.14/Engine/Plugins/Editor/MacGraphicsSwitching/MacGraphicsSwitching.uplugin
LogPluginManager: Loaded Plugin MobileLauncherProfileWizard, From C:/Program Files (x86)/Epic Games/4.14/Engine/Plugins/Editor/MobileLauncherProfileWizard/MobileLauncherProfileWizard.uplugin
LogPluginManager: Loaded Plugin PluginBrowser, From C:/Program Files (x86)/Epic Games/4.14/Engine/Plugins/Editor/PluginBrowser/PluginBrowser.uplugin
LogPluginManager: Loaded Plugin SpeedTreeImporter, From C:/Program Files (x86)/Epic Games/4.14/Engine/Plugins/Editor/SpeedTreeImporter/SpeedTreeImporter.uplugin
LogPluginManager: Loaded Plugin SuperSearchEditor, From C:/Program Files (x86)/Epic Games/4.14/Engine/Plugins/Editor/SuperSearchEditor/SuperSearchEditor.uplugin
LogPluginManager: Loaded Plugin AlembicImporter, From C:/Program Files (x86)/Epic Games/4.14/Engine/Plugins/Experimental/AlembicImporter/AlembicImporter.uplugin
LogPluginManager: Loaded Plugin BlueprintStats, From C:/Program Files (x86)/Epic Games/4.14/Engine/Plugins/Experimental/BlueprintStats/BlueprintStats.uplugin
LogPluginManager: Loaded Plugin CharacterAI, From C:/Program Files (x86)/Epic Games/4.14/Engine/Plugins/Experimental/CharacterAI/CharacterAI.uplugin
LogPluginManager: Loaded Plugin CodeEditor, From C:/Program Files (x86)/Epic Games/4.14/Engine/Plugins/Experimental/CodeEditor/CodeEditor.uplugin
LogPluginManager: Loaded Plugin CodeView, From C:/Program Files (x86)/Epic Games/4.14/Engine/Plugins/Experimental/CodeView/CodeView.uplugin
LogPluginManager: Loaded Plugin HTML5Networking, From C:/Program Files (x86)/Epic Games/4.14/Engine/Plugins/Experimental/HTML5Networking/HTML5Networking.uplugin
LogPluginManager: Loaded Plugin OSVR, From C:/Program Files (x86)/Epic Games/4.14/Engine/Plugins/Experimental/OSVR/OSVR.uplugin
LogPluginManager: Loaded Plugin Phya, From C:/Program Files (x86)/Epic Games/4.14/Engine/Plugins/Experimental/Phya/Phya.uplugin
LogPluginManager: Loaded Plugin SignificanceManager, From C:/Program Files (x86)/Epic Games/4.14/Engine/Plugins/Experimental/SignificanceManager/SignificanceManager.uplugin
LogPluginManager: Loaded Plugin SimpleHMD, From C:/Program Files (x86)/Epic Games/4.14/Engine/Plugins/Experimental/SimpleHMD/SimpleHMD.uplugin
LogPluginManager: Loaded Plugin StereoPanorama, From C:/Program Files (x86)/Epic Games/4.14/Engine/Plugins/Experimental/StereoPanorama/StereoPanorama.uplugin
LogPluginManager: Loaded Plugin StructBox, From C:/Program Files (x86)/Epic Games/4.14/Engine/Plugins/Experimental/StructBox/StructBox.uplugin
LogPluginManager: Loaded Plugin AndroidMedia, From C:/Program Files (x86)/Epic Games/4.14/Engine/Plugins/Media/AndroidMedia/AndroidMedia.uplugin
LogPluginManager: Loaded Plugin AvfMedia, From C:/Program Files (x86)/Epic Games/4.14/Engine/Plugins/Media/AvfMedia/AvfMedia.uplugin
LogPluginManager: Loaded Plugin MediaPlayerEditor, From C:/Program Files (x86)/Epic Games/4.14/Engine/Plugins/Media/MediaPlayerEditor/MediaPlayerEditor.uplugin
LogPluginManager: Loaded Plugin WmfMedia, From C:/Program Files (x86)/Epic Games/4.14/Engine/Plugins/Media/WmfMedia/WmfMedia.uplugin
LogPluginManager: Loaded Plugin MessagingDebugger, From C:/Program Files (x86)/Epic Games/4.14/Engine/Plugins/Messaging/MessagingDebugger/MessagingDebugger.uplugin
LogPluginManager: Loaded Plugin TcpMessaging, From C:/Program Files (x86)/Epic Games/4.14/Engine/Plugins/Messaging/TcpMessaging/TcpMessaging.uplugin
LogPluginManager: Loaded Plugin UdpMessaging, From C:/Program Files (x86)/Epic Games/4.14/Engine/Plugins/Messaging/UdpMessaging/UdpMessaging.uplugin
LogPluginManager: Loaded Plugin LevelSequenceEditor, From C:/Program Files (x86)/Epic Games/4.14/Engine/Plugins/MovieScene/LevelSequenceEditor/LevelSequenceEditor.uplugin
LogPluginManager: Loaded Plugin MatineeToLevelSequence, From C:/Program Files (x86)/Epic Games/4.14/Engine/Plugins/MovieScene/MatineeToLevelSequence/MatineeToLevelSequence.uplugin
LogPluginManager: Loaded Plugin NetcodeUnitTest, From C:/Program Files (x86)/Epic Games/4.14/Engine/Plugins/NetcodeUnitTest/NetcodeUnitTest/NetcodeUnitTest.uplugin
LogPluginManager: Loaded Plugin NUTUnrealEngine4, From C:/Program Files (x86)/Epic Games/4.14/Engine/Plugins/NetcodeUnitTest/NUTUnrealEngine4/NUTUnrealEngine4.uplugin
LogPluginManager: Loaded Plugin OnlineSubsystemGameCircle, From C:/Program Files (x86)/Epic Games/4.14/Engine/Plugins/Online/Android/OnlineSubsystemGameCircle/OnlineSubsystemGameCircle.uplugin
LogPluginManager: Loaded Plugin OnlineSubsystemGooglePlay, From C:/Program Files (x86)/Epic Games/4.14/Engine/Plugins/Online/Android/OnlineSubsystemGooglePlay/OnlineSubsystemGooglePlay.uplugin
LogPluginManager: Loaded Plugin OnlineSubsystemIOS, From C:/Program Files (x86)/Epic Games/4.14/Engine/Plugins/Online/IOS/OnlineSubsystemIOS/OnlineSubsystemIOS.uplugin
LogPluginManager: Loaded Plugin OnlineFramework, From C:/Program Files (x86)/Epic Games/4.14/Engine/Plugins/Online/OnlineFramework/OnlineFramework.uplugin
LogPluginManager: Loaded Plugin OnlineSubsystem, From C:/Program Files (x86)/Epic Games/4.14/Engine/Plugins/Online/OnlineSubsystem/OnlineSubsystem.uplugin
LogPluginManager: Loaded Plugin OnlineSubsystemAmazon, From C:/Program Files (x86)/Epic Games/4.14/Engine/Plugins/Online/OnlineSubsystemAmazon/OnlineSubsystemAmazon.uplugin
LogPluginManager: Loaded Plugin OnlineSubsystemFacebook, From C:/Program Files (x86)/Epic Games/4.14/Engine/Plugins/Online/OnlineSubsystemFacebook/OnlineSubsystemFacebook.uplugin
LogPluginManager: Loaded Plugin OnlineSubsystemNull, From C:/Program Files (x86)/Epic Games/4.14/Engine/Plugins/Online/OnlineSubsystemNull/OnlineSubsystemNull.uplugin
LogPluginManager: Loaded Plugin OnlineSubsystemOculus, From C:/Program Files (x86)/Epic Games/4.14/Engine/Plugins/Online/OnlineSubsystemOculus/OnlineSubsystemOculus.uplugin
LogPluginManager: Loaded Plugin OnlineSubsystemSteam, From C:/Program Files (x86)/Epic Games/4.14/Engine/Plugins/Online/OnlineSubsystemSteam/OnlineSubsystemSteam.uplugin
LogPluginManager: Loaded Plugin OnlineSubsystemUtils, From C:/Program Files (x86)/Epic Games/4.14/Engine/Plugins/Online/OnlineSubsystemUtils/OnlineSubsystemUtils.uplugin
LogPluginManager: Loaded Plugin IOSTapJoy, From C:/Program Files (x86)/Epic Games/4.14/Engine/Plugins/Runtime/Advertising/IOSTapJoy/IOSTapJoy.uplugin
LogPluginManager: Loaded Plugin AnalyticsBlueprintLibrary, From C:/Program Files (x86)/Epic Games/4.14/Engine/Plugins/Runtime/Analytics/AnalyticsBlueprintLibrary/AnalyticsBlueprintLibrary.uplugin
LogPluginManager: Loaded Plugin AnalyticsMulticast, From C:/Program Files (x86)/Epic Games/4.14/Engine/Plugins/Runtime/Analytics/AnalyticsMulticast/AnalyticsMulticast.uplugin
LogPluginManager: Loaded Plugin Apsalar, From C:/Program Files (x86)/Epic Games/4.14/Engine/Plugins/Runtime/Analytics/Apsalar/Apsalar.uplugin
LogPluginManager: Loaded Plugin FileLogging, From C:/Program Files (x86)/Epic Games/4.14/Engine/Plugins/Runtime/Analytics/FileLogging/FileLogging.uplugin
LogPluginManager: Loaded Plugin Flurry, From C:/Program Files (x86)/Epic Games/4.14/Engine/Plugins/Runtime/Analytics/Flurry/Flurry.uplugin
LogPluginManager: Loaded Plugin AndroidDeviceProfileSelector, From C:/Program Files (x86)/Epic Games/4.14/Engine/Plugins/Runtime/AndroidDeviceProfileSelector/AndroidDeviceProfileSelector.uplugin
LogPluginManager: Loaded Plugin AndroidMoviePlayer, From C:/Program Files (x86)/Epic Games/4.14/Engine/Plugins/Runtime/AndroidMoviePlayer/AndroidMoviePlayer.uplugin
LogPluginManager: Loaded Plugin AppleMoviePlayer, From C:/Program Files (x86)/Epic Games/4.14/Engine/Plugins/Runtime/AppleMoviePlayer/AppleMoviePlayer.uplugin
LogPluginManager: Loaded Plugin ArchVisCharacter, From C:/Program Files (x86)/Epic Games/4.14/Engine/Plugins/Runtime/ArchVisCharacter/ArchVisCharacter.uplugin
LogPluginManager: Loaded Plugin CableComponent, From C:/Program Files (x86)/Epic Games/4.14/Engine/Plugins/Runtime/CableComponent/CableComponent.uplugin
LogPluginManager: Loaded Plugin CustomMeshComponent, From C:/Program Files (x86)/Epic Games/4.14/Engine/Plugins/Runtime/CustomMeshComponent/CustomMeshComponent.uplugin
LogPluginManager: Loaded Plugin ExampleDeviceProfileSelector, From C:/Program Files (x86)/Epic Games/4.14/Engine/Plugins/Runtime/ExampleDeviceProfileSelector/ExampleDeviceProfileSelector.uplugin
LogPluginManager: Loaded Plugin GearVR, From C:/Program Files (x86)/Epic Games/4.14/Engine/Plugins/Runtime/GearVR/GearVR.uplugin
LogPluginManager: Loaded Plugin GoogleVRController, From C:/Program Files (x86)/Epic Games/4.14/Engine/Plugins/Runtime/GoogleVR/GoogleVRController/GoogleVRController.uplugin
LogPluginManager: Loaded Plugin GoogleVRHMD, From C:/Program Files (x86)/Epic Games/4.14/Engine/Plugins/Runtime/GoogleVR/GoogleVRHMD/GoogleVRHMD.uplugin
LogPluginManager: Loaded Plugin IOSDeviceProfileSelector, From C:/Program Files (x86)/Epic Games/4.14/Engine/Plugins/Runtime/IOSDeviceProfileSelector/IOSDeviceProfileSelector.uplugin
LogPluginManager: Loaded Plugin LeapMotion, From C:/Program Files (x86)/Epic Games/4.14/Engine/Plugins/Runtime/LeapMotion/LeapMotion.uplugin
LogPluginManager: Loaded Plugin LinuxDeviceProfileSelector, From C:/Program Files (x86)/Epic Games/4.14/Engine/Plugins/Runtime/LinuxDeviceProfileSelector/LinuxDeviceProfileSelector.uplugin
LogPluginManager: Loaded Plugin MIDIDevice, From C:/Program Files (x86)/Epic Games/4.14/Engine/Plugins/Runtime/MIDIDevice/MIDIDevice.uplugin
LogPluginManager: Loaded Plugin MobilePatchingUtils, From C:/Program Files (x86)/Epic Games/4.14/Engine/Plugins/Runtime/MobilePatchingUtils/MobilePatchingUtils.uplugin
LogPluginManager: Loaded Plugin Ansel, From C:/Program Files (x86)/Epic Games/4.14/Engine/Plugins/Runtime/Nvidia/Ansel/Ansel.uplugin
LogPluginManager: Loaded Plugin OculusAudio, From C:/Program Files (x86)/Epic Games/4.14/Engine/Plugins/Runtime/OculusAudio/OculusAudio.uplugin
LogPluginManager: Loaded Plugin OculusInput, From C:/Program Files (x86)/Epic Games/4.14/Engine/Plugins/Runtime/OculusInput/OculusInput.uplugin
LogPluginManager: Loaded Plugin OculusLibrary, From C:/Program Files (x86)/Epic Games/4.14/Engine/Plugins/Runtime/OculusLibrary/OculusLibrary.uplugin
LogPluginManager: Loaded Plugin OculusRift, From C:/Program Files (x86)/Epic Games/4.14/Engine/Plugins/Runtime/OculusRift/OculusRift.uplugin
LogPluginManager: Loaded Plugin Oodle, From C:/Program Files (x86)/Epic Games/4.14/Engine/Plugins/Runtime/PacketHandlers/CompressionComponents/Oodle/Oodle.uplugin
LogPluginManager: Loaded Plugin ProceduralMeshComponent, From C:/Program Files (x86)/Epic Games/4.14/Engine/Plugins/Runtime/ProceduralMeshComponent/ProceduralMeshComponent.uplugin
LogPluginManager: Loaded Plugin SoundMod, From C:/Program Files (x86)/Epic Games/4.14/Engine/Plugins/Runtime/SoundMod/SoundMod.uplugin
LogPluginManager: Loaded Plugin SoundVisualizations, From C:/Program Files (x86)/Epic Games/4.14/Engine/Plugins/Runtime/SoundVisualizations/SoundVisualizations.uplugin
LogPluginManager: Loaded Plugin SteamController, From C:/Program Files (x86)/Epic Games/4.14/Engine/Plugins/Runtime/Steam/SteamController/SteamController.uplugin
LogPluginManager: Loaded Plugin SteamVR, From C:/Program Files (x86)/Epic Games/4.14/Engine/Plugins/Runtime/Steam/SteamVR/SteamVR.uplugin
LogPluginManager: Loaded Plugin WebBrowserWidget, From C:/Program Files (x86)/Epic Games/4.14/Engine/Plugins/Runtime/WebBrowserWidget/WebBrowserWidget.uplugin
LogPluginManager: Loaded Plugin WindowsDeviceProfileSelector, From C:/Program Files (x86)/Epic Games/4.14/Engine/Plugins/Runtime/WindowsDeviceProfileSelector/WindowsDeviceProfileSelector.uplugin
LogPluginManager: Loaded Plugin WindowsMoviePlayer, From C:/Program Files (x86)/Epic Games/4.14/Engine/Plugins/Runtime/WindowsMoviePlayer/WindowsMoviePlayer.uplugin
LogPluginManager: Loaded Plugin ScriptPlugin, From C:/Program Files (x86)/Epic Games/4.14/Engine/Plugins/ScriptPlugin/ScriptPlugin.uplugin
LogPluginManager: Loaded Plugin SlateRemote, From C:/Program Files (x86)/Epic Games/4.14/Engine/Plugins/Slate/SlateRemote/SlateRemote.uplugin
LogPluginManager: Loaded Plugin EditorTests, From C:/Program Files (x86)/Epic Games/4.14/Engine/Plugins/Tests/EditorTests/EditorTests.uplugin
LogPluginManager: Loaded Plugin FbxAutomationTestBuilder, From C:/Program Files (x86)/Epic Games/4.14/Engine/Plugins/Tests/FbxAutomationTestBuilder/FbxAutomationTestBuilder.uplugin
LogPluginManager: Loaded Plugin FunctionalTestingEditor, From C:/Program Files (x86)/Epic Games/4.14/Engine/Plugins/Tests/FunctionalTestingEditor/FunctionalTestingEditor.uplugin
LogPluginManager: Loaded Plugin RuntimeTests, From C:/Program Files (x86)/Epic Games/4.14/Engine/Plugins/Tests/RuntimeTests/RuntimeTests.uplugin
LogPluginManager: Loaded Plugin ScreenshotTools, From C:/Program Files (x86)/Epic Games/4.14/Engine/Plugins/Tests/ScreenshotTools/ScreenshotTools.uplugin
LogInit: Using libcurl 7.47.1
LogInit:  - built for x86_64-pc-win32
LogInit:  - supports SSL with OpenSSL/1.0.2g
LogInit:  - supports HTTP deflate (compression) using libz 1.2.8
LogInit:  - other features:
LogInit:      CURL_VERSION_SSL
LogInit:      CURL_VERSION_LIBZ
LogInit:      CURL_VERSION_IPV6
LogInit:      CURL_VERSION_ASYNCHDNS
LogInit:      CURL_VERSION_LARGEFILE
LogInit:      CURL_VERSION_IDN
LogInit:  CurlRequestOptions (configurable via config and command line):
LogInit:  - bVerifyPeer = false  - Libcurl will NOT verify peer certificate
LogInit:  - bUseHttpProxy = false  - Libcurl will NOT use HTTP proxy
LogInit:  - bDontReuseConnections = false  - Libcurl will reuse connections
LogInit:  - CertBundlePath = nullptr  - Libcurl will use whatever was configured at build time.
LogInit: Build: ++UE4+Release-4.14-CL-3195953
LogInit: Engine Version: 4.14.0-3195953+++UE4+Release-4.14
LogInit: Compatible Engine Version: 4.14.0-3195953+++UE4+Release-4.14
LogInit: Net CL: 3195953
LogDevObjectVersion: Number of dev versions registered: 13
LogDevObjectVersion:   Dev-Blueprints (B0D832E4-1F89-4F0D-ACCF-7EB736FD4AA2): 7
LogDevObjectVersion:   Dev-Build (E1C64328-A22C-4D53-A36C-8E866417BD8C): 0
LogDevObjectVersion:   Dev-Core (375EC13C-06E4-48FB-B500-84F0262A717E): 1
LogDevObjectVersion:   Dev-Editor (E4B068ED-F494-42E9-A231-DA0B2E46BB41): 8
LogDevObjectVersion:   Dev-Framework (CFFC743F-43B0-4480-9391-14DF171D2073): 17
LogDevObjectVersion:   Dev-Mobile (B02B49B5-BB20-44E9-A304-32B752E40360): 0
LogDevObjectVersion:   Dev-Networking (A4E4105C-59A1-49B5-A7C5-40C4547EDFEE): 0
LogDevObjectVersion:   Dev-Online (39C831C9-5AE6-47DC-9A44-9C173E1C8E7C): 0
LogDevObjectVersion:   Dev-Physics (78F01B33-EBEA-4F98-B9B4-84EACCB95AA2): 0
LogDevObjectVersion:   Dev-Platform (6631380F-2D4D-43E0-8009-CF276956A95A): 0
LogDevObjectVersion:   Dev-Rendering (12F88B9F-8875-4AFC-A67C-D90C383ABD29): 12
LogDevObjectVersion:   Dev-Sequencer (7B5AE74C-D270-4C10-A958-57980B212A5A): 1
LogDevObjectVersion:   Dev-VR (D7296918-1DD6-4BDD-9DE2-64A83CC13884): 0
LogInit: Compiled (64-bit): Nov 12 2016 02:14:10
LogInit: Compiled with Visual C++: 19.00.23026.00
LogInit: Build Configuration: Development
LogInit: Branch Name: ++UE4+Release-4.14
LogInit: Command line: -EpicPortal
LogInit: Base directory: C:/Program Files (x86)/Epic Games/4.14/Engine/Binaries/Win64/
LogInit: Installed Engine Build: 1
LogInit: Presizing for max 8388607 objects, including 0 objects not considered by GC, pre-allocating 0 bytes for permanent pool.
LogInit: Object subsystem initialized
[2016.11.30-21.10.59:977][  0]LogInit: Selected Device Profile: [Windows]
[2016.11.30-21.10.59:977][  0]LogInit: Applying CVar settings loaded from the selected device profile: [Windows]
[2016.11.30-21.10.59:990][  0]LogInit: Computer: DESKTOP-TCO7O6N
[2016.11.30-21.10.59:990][  0]LogInit: User: user
[2016.11.30-21.10.59:990][  0]LogInit: CPU Page size=65536, Cores=4
[2016.11.30-21.10.59:990][  0]LogInit: High frequency timer resolution =3.001592 MHz
[2016.11.30-21.10.59:990][  0]LogMemory: Memory total: Physical=8.0GB (8GB approx)
[2016.11.30-21.10.59:990][  0]LogMemory: Platform Memory Stats for Windows
[2016.11.30-21.10.59:990][  0]LogMemory: Process Physical Memory: 264.51 MB used, 264.51 MB peak
[2016.11.30-21.10.59:990][  0]LogMemory: Process Virtual Memory: 262.78 MB used, 262.78 MB peak
[2016.11.30-21.10.59:990][  0]LogMemory: Physical Memory: 4693.66 MB used,  3489.45 MB free, 8183.11 MB total
[2016.11.30-21.10.59:990][  0]LogMemory: Virtual Memory: 676.50 MB used,  3489.45 MB free, 134217728.00 MB total
[2016.11.30-21.11.00:024][  0]LogTextLocalizationManager: No specific translations for ('es-ES') exist, so ('es') translations will be used.
[2016.11.30-21.11.00:735][  0]LogD3D11RHI: D3D11 adapters:
[2016.11.30-21.11.01:461][  0]LogD3D11RHI:    0. 'NVIDIA GeForce GTX 650' (Feature Level 11_0)
[2016.11.30-21.11.01:461][  0]LogD3D11RHI:       2017/0/4091 MB DedicatedVideo/DedicatedSystem/SharedSystem, Outputs:1, VendorId:0x10de
[2016.11.30-21.11.01:463][  0]LogD3D11RHI:    1. 'Microsoft Basic Render Driver' (Feature Level 11_0)
[2016.11.30-21.11.01:463][  0]LogD3D11RHI:       0/0/4091 MB DedicatedVideo/DedicatedSystem/SharedSystem, Outputs:0, VendorId:0x1414
[2016.11.30-21.11.01:463][  0]LogD3D11RHI: Chosen D3D11 Adapter: 0
[2016.11.30-21.11.01:467][  0]LogD3D11RHI: Creating new Direct3DDevice
[2016.11.30-21.11.01:467][  0]LogD3D11RHI:     GPU DeviceId: 0xfc6 (for the marketing name, search the web for "GPU Device Id")
[2016.11.30-21.11.01:467][  0]LogWindows: EnumDisplayDevices:
[2016.11.30-21.11.01:467][  0]LogWindows:    0. 'NVIDIA GeForce GTX 650' (P:1 D:1)
[2016.11.30-21.11.01:467][  0]LogWindows:    1. 'NVIDIA GeForce GTX 650' (P:0 D:0)
[2016.11.30-21.11.01:468][  0]LogWindows:    2. 'NVIDIA GeForce GTX 650' (P:0 D:0)
[2016.11.30-21.11.01:468][  0]LogWindows: DebugString: FoundDriverCount:3 
[2016.11.30-21.11.01:468][  0]LogD3D11RHI:     Adapter Name: NVIDIA GeForce GTX 650
[2016.11.30-21.11.01:468][  0]LogD3D11RHI:   Driver Version: 375.95 (internal:21.21.13.7595, unified:375.95)
[2016.11.30-21.11.01:468][  0]LogD3D11RHI:      Driver Date: 11-16-2016
[2016.11.30-21.11.01:468][  0]LogRHI: Texture pool is 1361 MB (70% of 1945 MB)
[2016.11.30-21.11.02:156][  0]LogD3D11RHI: Async texture creation enabled
[2016.11.30-21.11.02:204][  0]LogD3D11RHI: GPU Timing Frequency: 1000.000000 (Debug: 2 2)
[2016.11.30-21.11.02:204][  0]LogShaderCompilers: Guid format shader working directory is -30 characters bigger than the processId version (../../../../../../Users/user/Documents/Unreal Projects/udemy/BuildingEscape/Intermediate/Shaders/WorkingDirectory/5192/).
[2016.11.30-21.11.02:204][  0]LogShaderCompilers: Cleaned the shader compiler working directory 'C:/Users/user/AppData/Local/Temp/UnrealShaderWorkingDir/9CFCBCEC4401BDF9FC9FE9A335B57DBC/'.
[2016.11.30-21.11.02:204][  0]LogShaderCompilers:Display: Using Local Shader Compiler.
[2016.11.30-21.11.03:803][  0]LogTemp:Display: Loaded TP AllDesktopTargetPlatform
[2016.11.30-21.11.03:931][  0]LogTemp:Display: Loaded TP MacClientTargetPlatform
[2016.11.30-21.11.04:053][  0]LogTemp:Display: Loaded TP MacNoEditorTargetPlatform
[2016.11.30-21.11.04:179][  0]LogTemp:Display: Loaded TP MacServerTargetPlatform
[2016.11.30-21.11.04:302][  0]LogTemp:Display: Loaded TP MacTargetPlatform
[2016.11.30-21.11.04:429][  0]LogTemp:Display: Loaded TP WindowsClientTargetPlatform
[2016.11.30-21.11.04:557][  0]LogTemp:Display: Loaded TP WindowsNoEditorTargetPlatform
[2016.11.30-21.11.04:689][  0]LogTemp:Display: Loaded TP WindowsServerTargetPlatform
[2016.11.30-21.11.04:796][  0]LogTemp:Display: Loaded TP WindowsTargetPlatform
[2016.11.30-21.11.04:917][  0]LogTemp:Display: Loaded TP AndroidTargetPlatform
[2016.11.30-21.11.05:045][  0]LogTemp:Display: Loaded TP Android_ASTCTargetPlatform
[2016.11.30-21.11.05:185][  0]LogTemp:Display: Loaded TP Android_ATCTargetPlatform
[2016.11.30-21.11.05:304][  0]LogTemp:Display: Loaded TP Android_DXTTargetPlatform
[2016.11.30-21.11.05:431][  0]LogTemp:Display: Loaded TP Android_ETC1TargetPlatform
[2016.11.30-21.11.05:557][  0]LogTemp:Display: Loaded TP Android_ETC2TargetPlatform
[2016.11.30-21.11.05:806][  0]LogTemp:Display: Loaded TP Android_MultiTargetPlatform
[2016.11.30-21.11.05:806][  0]LogTemp:Display: Loaded TP Android_PVRTCTargetPlatform
[2016.11.30-21.11.05:906][  0]LogTemp:Display: Loaded TP HTML5TargetPlatform
[2016.11.30-21.11.06:099][  0]LogTemp:Display: Loaded TP IOSTargetPlatform
[2016.11.30-21.11.06:179][  0]LogTemp:Display: Loaded TP TVOSTargetPlatform
[2016.11.30-21.11.06:302][  0]LogTemp:Display: Loaded TP LinuxClientTargetPlatform
[2016.11.30-21.11.06:422][  0]LogTemp:Display: Loaded TP LinuxNoEditorTargetPlatform
[2016.11.30-21.11.06:549][  0]LogTemp:Display: Loaded TP LinuxServerTargetPlatform
[2016.11.30-21.11.06:673][  0]LogTemp:Display: Loaded TP LinuxTargetPlatform
[2016.11.30-21.11.06:673][  0]LogTargetPlatformManager:Display: Building Assets For Windows
[2016.11.30-21.11.07:667][  0]LogDerivedDataCache:Display: Max Cache Size: 512 MB
[2016.11.30-21.11.07:768][  0]LogDerivedDataCache: Loaded boot cache 0.10s 50MB C:/Users/user/AppData/Local/UnrealEngine/4.14/DerivedDataCache/Boot.ddc.
[2016.11.30-21.11.07:768][  0]LogDerivedDataCache:Display: Loaded Boot cache: C:/Users/user/AppData/Local/UnrealEngine/4.14/DerivedDataCache/Boot.ddc
[2016.11.30-21.11.07:769][  0]LogDerivedDataCache: FDerivedDataBackendGraph:  Pak pak cache file ../../../../../../Users/user/Documents/Unreal Projects/udemy/BuildingEscape/DerivedDataCache/DDC.ddp not found, will not use a pak cache.
[2016.11.30-21.11.07:769][  0]LogDerivedDataCache: Unable to find inner node Pak for hierarchical cache Hierarchy.
[2016.11.30-21.11.07:769][  0]LogDerivedDataCache: FDerivedDataBackendGraph:  CompressedPak pak cache file ../../../../../../Users/user/Documents/Unreal Projects/udemy/BuildingEscape/DerivedDataCache/Compressed.ddp not found, will not use a pak cache.
[2016.11.30-21.11.07:769][  0]LogDerivedDataCache: Unable to find inner node CompressedPak for hierarchical cache Hierarchy.
[2016.11.30-21.11.07:791][  0]LogDerivedDataCache:Display: Pak cache opened for reading ../../../Engine/DerivedDataCache/Compressed.ddp.
[2016.11.30-21.11.07:804][  0]LogDerivedDataCache: Using Local data cache path C:/Users/user/AppData/Local/UnrealEngine/Common/DerivedDataCache: Writable
[2016.11.30-21.11.08:159][  0]LogInit: Selected Device Profile: [Windows]
[2016.11.30-21.11.08:163][  0]LogContentStreaming: Texture pool size is 0.00 MB
[2016.11.30-21.11.08:600][  0]LogMeshUtilities: Using QuadricMeshReduction for automatic static mesh reduction
[2016.11.30-21.11.08:708][  0]LogSimplygon: Simplygon DLL not present - disabling.
[2016.11.30-21.11.08:828][  0]LogMeshUtilities: Using SimplygonSwarm for distributed automatic mesh merging
[2016.11.30-21.11.08:828][  0]LogMeshUtilities: No automatic skeletal mesh reduction module available
[2016.11.30-21.11.08:828][  0]LogMeshUtilities: No automatic mesh merging module available
[2016.11.30-21.11.09:706][  0]LogNetVersion: GetLocalNetworkVersion: CL: 3195953, ProjectName: buildingescape, ProjectVersion: , EngineNetworkVersion: 2, GameNetworkVersion: 0, NetworkChecksum: 2542623411
[2016.11.30-21.11.09:804][  0]LogAssetRegistry: FAssetRegistry took 0.0217 seconds to start up
[2016.11.30-21.11.09:904][  0]LogPackageLocalizationCache: Processed 3 localized package path(s) for 2 prioritized culture(s) in 0.038917 seconds
[2016.11.30-21.11.09:911][  0]LogUObjectArray: 31946 objects as part of root set at end of initial load.
[2016.11.30-21.11.09:911][  0]LogUObjectAllocator: 6935848 out of 0 bytes used by permanent object pool.
[2016.11.30-21.11.09:911][  0]LogUObjectArray: CloseDisregardForGC: 0/0 objects in disregard for GC pool
[2016.11.30-21.11.10:072][  0]LogInit: WinSock: version 1.1 (2.2), MaxSocks=32767, MaxUdp=65467
[2016.11.30-21.11.11:931][  0]LogSlate: Using Freetype 2.6.0
[2016.11.30-21.11.11:932][  0]LogSlate: SlateFontCache - WITH_FREETYPE: 1, WITH_HARFBUZZ: 1
[2016.11.30-21.11.11:932][  0]LogSlate: SlateFontCache - WITH_FREETYPE: 1, WITH_HARFBUZZ: 1
[2016.11.30-21.11.13:514][  0]LogTcpMessaging: Initializing TcpMessaging bridge
[2016.11.30-21.11.13:594][  0]LogUdpMessaging: Initializing bridge on interface 0.0.0.0:0 to multicast group 230.0.0.1:6666.
[2016.11.30-21.11.14:373][  0]LogMaterial: Uniform references updated for custom material expression Custom.
[2016.11.30-21.11.15:259][  0]SourceControl: Información El control de código fuente está desactivado
[2016.11.30-21.11.15:355][  0]SourceControl: Información El control de código fuente está desactivado
[2016.11.30-21.11.15:469][  0]SourceControl: Información El control de código fuente está desactivado
[2016.11.30-21.11.15:587][  0]SourceControl: Información El control de código fuente está desactivado
[2016.11.30-21.11.18:701][  0]LogEngine: Initializing Engine...
[2016.11.30-21.11.18:702][  0]LogHMD: Failed to initialize OpenVR with code 110
[2016.11.30-21.11.19:178][  0]LogAIModule: Creating AISystem for world Untitled
[2016.11.30-21.11.19:201][  0]LogInit: XAudio2 using 'Philips 244E-4 (NVIDIA High Definition Audio)' : 2 channels at 48 kHz using 16 bits per sample (channel mask 0x3)
[2016.11.30-21.11.19:213][  0]LogInit: FAudioDevice initialized.
[2016.11.30-21.11.19:258][  0]LogDerivedDataCache: Saved boot cache 0.05s 50MB C:/Users/user/AppData/Local/UnrealEngine/4.14/DerivedDataCache/Boot.ddc.
[2016.11.30-21.11.19:277][  0]LogInit: Texture streaming: Enabled
[2016.11.30-21.11.19:724][  0]LogInit: Transaction tracking system initialized
[2016.11.30-21.11.20:627][  0]BlueprintLog: New page: Cargar el editor
[2016.11.30-21.11.22:893][  0]LocalizationService: Información Localization service is disabled
[2016.11.30-21.11.24:564][  0]LogConsoleResponse:Display: 
[2016.11.30-21.11.24:776][  0]LogCook:Display: Max memory allowance for cook 16384mb min free memory 0mb
[2016.11.30-21.11.24:776][  0]LogCook:Display: Mobile HDR setting 1
[2016.11.30-21.11.25:556][  0]LogFileCache: Scanning file cache for directory 'C:/Users/user/Documents/Unreal Projects/udemy/BuildingEscape/Content/' took 0.01s
[2016.11.30-21.11.27:198][  0]SourceControl: Información El control de código fuente está desactivado
[2016.11.30-21.11.27:198][  0]Cmd: MAP LOAD FILE="../../../../../../Users/user/Documents/Unreal Projects/udemy/BuildingEscape/Content/NewMap.umap" TEMPLATE=0 SHOWPROGRESS=1 FEATURELEVEL=3
[2016.11.30-21.11.27:198][  0]LightingResults: New page: Diseñar la iluminación
[2016.11.30-21.11.27:306][  0]MapCheck: New page: Revisión del mapa
[2016.11.30-21.11.27:306][  0]LightingResults: New page: Diseñar la iluminación
[2016.11.30-21.11.27:722][  0]LogAIModule: Creating AISystem for world NewMap
[2016.11.30-21.11.27:730][  0]LogEditorServer: Finished looking for orphan Actors (0.000 secs)
[2016.11.30-21.11.27:731][  0]Cmd: MAP CHECKDEP NOCLEARLOG
[2016.11.30-21.11.27:855][  0]MapCheck: Información Map check complete: 0 Error(s), 0 Warning(s), took 124,104ms to complete.
[2016.11.30-21.11.27:855][  0]LogFileHelpers: Loading map 'NewMap' took 0.657
[2016.11.30-21.11.27:930][  0]LogWindowsTextInputMethodSystem:Display: IME system now deactivated.
[2016.11.30-21.11.28:019][  0]LogCollectionManager: Loaded 0 collections in 0.002316 seconds
[2016.11.30-21.11.28:171][  0]LogFileCache: Scanning file cache for directory 'C:/Users/user/Documents/Unreal Projects/udemy/BuildingEscape/Saved/Collections/' took 0.01s
[2016.11.30-21.11.28:171][  0]LogFileCache: Scanning file cache for directory 'C:/Users/user/Documents/Unreal Projects/udemy/BuildingEscape/Content/Developers/user/Collections/' took 0.01s
[2016.11.30-21.11.28:171][  0]LogFileCache: Scanning file cache for directory 'C:/Users/user/Documents/Unreal Projects/udemy/BuildingEscape/Content/Collections/' took 0.01s
[2016.11.30-21.11.28:171][  0]LogCollectionManager: Rebuilt the GUID cache for 0 collections in 0.000002 seconds
[2016.11.30-21.11.28:185][  0]LogContentBrowser: Native class hierarchy populated in 0.0137 seconds. Added 2193 classes and 430 folders.
[2016.11.30-21.11.28:301][  0]LogStats: UGameplayTagsManager::ConstructGameplayTagTree: Construct from data asset -  0.000 s
[2016.11.30-21.11.28:301][  0]LogStats: UGameplayTagsManager::ConstructGameplayTagTree: GameplayTagTreeChangedEvent.Broadcast -  0.000 s
[2016.11.30-21.11.28:303][  0]LogContentBrowser: Native class hierarchy updated for 'GameplayTags' in 0.0024 seconds. Added 13 classes and 0 folders.
[2016.11.30-21.11.28:467][  0]LogContentBrowser: Native class hierarchy updated for 'WidgetCarousel' in 0.0025 seconds. Added 0 classes and 0 folders.
[2016.11.30-21.11.28:555][  0]LogContentBrowser: Native class hierarchy updated for 'AddContentDialog' in 0.0034 seconds. Added 0 classes and 0 folders.
[2016.11.30-21.11.28:690][  0]LogContentBrowser: Native class hierarchy updated for 'SceneOutliner' in 0.0033 seconds. Added 1 classes and 2 folders.
[2016.11.30-21.11.28:849][  0]LogCrashTracker: Crashtracker disabled due to settings.
[2016.11.30-21.11.28:864][  0]LogUObjectGlobals:Warning: Error al encontrar el objeto 'Class Ninguno.'
[2016.11.30-21.11.29:001][  0]LogContentBrowser: Native class hierarchy updated for 'HierarchicalLODOutliner' in 0.0026 seconds. Added 1 classes and 2 folders.
[2016.11.30-21.11.29:001][  0]LogLoad: (Engine Initialization) Total time: 31.75 seconds
[2016.11.30-21.11.29:001][  0]LogLoad: (Engine Initialization) Total Blueprint compile time: 0.17 seconds
[2016.11.30-21.11.29:001][  0]LogExternalProfiler: Found external profiler: VSPerf
[2016.11.30-21.11.29:001][  0]LogExternalProfiler: Using external profiler: VSPerf
[2016.11.30-21.11.29:011][  0]LogOcInput: OculusInput pre-init called
[2016.11.30-21.11.29:030][  0]LogContentStreaming: Texture pool size now 1000 MB
[2016.11.30-21.11.29:292][  0]LogRenderer: Reallocating scene render targets to support 1484x664 NumSamples 1 (Frame:2).
[2016.11.30-21.11.29:452][  2]LogAssetRegistry: Asset discovery search completed in 19.6691 seconds
[2016.11.30-21.11.29:452][  2]LogCollectionManager: Rebuilt the object cache for 0 collections in 0.000001 seconds (found 0 objects)
[2016.11.30-21.11.29:452][  2]LogCollectionManager: Fixed up redirectors for 0 collections in 0.000183 seconds (updated 0 objects)
[2016.11.30-21.11.43:523][749]LogEditorViewport: Clicking on Actor (LMB): StaticMeshActor (SM_Door2)
[2016.11.30-21.11.53:845][451]LogEditorViewport: Clicking on Actor (LMB): StaticMeshActor (SM_Door)
[2016.11.30-21.12.00:360][913]Cmd: OBJ SAVEPACKAGE PACKAGE="/Game/NewMap" FILE="../../../../../../Users/user/Documents/Unreal Projects/udemy/BuildingEscape/Content/NewMap.umap" SILENT=true AUTOSAVING=false KEEPDIRTY=false
[2016.11.30-21.12.00:420][913]LogSavePackage: Save=37.66ms
[2016.11.30-21.12.00:421][913]LogSavePackage: Moving '../../../../../../Users/user/Documents/Unreal Projects/udemy/BuildingEscape/Saved/NewMapC82329F24F117694E0A25F8C87C5F048.tmp' to '../../../../../../Users/user/Documents/Unreal Projects/udemy/BuildingEscape/Content/NewMap.umap'
[2016.11.30-21.12.00:425][913]LogSavePackage:Display: Finished SavePackage ../../../../../../Users/user/Documents/Unreal Projects/udemy/BuildingEscape/Content/NewMap.umap
[2016.11.30-21.12.00:455][913]LogFileHelpers: Saving map 'NewMap' took 0.226
[2016.11.30-21.12.02:511][ 28]LogTemp: Repeting last play command: Selected Viewport
[2016.11.30-21.12.02:525][ 28]LogPlayLevel: PlayLevel: No blueprints needed recompiling
[2016.11.30-21.12.02:525][ 28]PIE: New page: Sesión PIE (reproducción en el editor): NewMap (30/11/2016 23:12:02)
[2016.11.30-21.12.02:526][ 28]LogPlayLevel: Creating play world package: /Game/UEDPIE_0_NewMap
[2016.11.30-21.12.02:530][ 28]LogPlayLevel: PIE: StaticDuplicateObject took: (0.004518s)
[2016.11.30-21.12.02:531][ 28]LogAIModule: Creating AISystem for world NewMap
[2016.11.30-21.12.02:532][ 28]LogPlayLevel: PIE: World Init took: (0.001265s)
[2016.11.30-21.12.02:532][ 28]LogPlayLevel: PIE: Created PIE world by copying editor world from /Game/NewMap.NewMap to /Game/UEDPIE_0_NewMap.NewMap (0.006380s)
[2016.11.30-21.12.02:569][ 28]LogInit: XAudio2 using 'Philips 244E-4 (NVIDIA High Definition Audio)' : 2 channels at 48 kHz using 16 bits per sample (channel mask 0x3)
[2016.11.30-21.12.02:576][ 28]LogInit: FAudioDevice initialized.
[2016.11.30-21.12.02:621][ 28]LogLoad: Game class is 'BuildingEscapeGameModeBase'
[2016.11.30-21.12.02:624][ 28]LogWorld: Bringing World /Game/UEDPIE_0_NewMap.NewMap up for play (max tick rate 0) at 2016.11.30-22.12.02
[2016.11.30-21.12.02:625][ 28]LogWorld: Bringing up level for play took: 0.002728
[2016.11.30-21.12.02:733][ 28]LogContentBrowser: Native class hierarchy updated for 'MovieSceneCapture' in 0.0024 seconds. Added 11 classes and 0 folders.
[2016.11.30-21.12.02:734][ 28]LogTemp:Warning: SM_Chair_2 is at X=-425.000 Y=-392.000 Z=20.000
[2016.11.30-21.12.02:735][ 28]PIE: Información Tiempo de inicio de la reproducción en el editor para  /Game/UEDPIE_0_NewMap -0,146
[2016.11.30-21.12.13:751][625]LogEditorViewport: Clicking on Actor (LMB): StaticMeshActor (SM_Door2)
[2016.11.30-21.12.25:317][209]LogTemp: Repeting last play command: Selected Viewport
[2016.11.30-21.12.25:332][209]LogPlayLevel: PlayLevel: No blueprints needed recompiling
[2016.11.30-21.12.25:332][209]PIE: New page: Sesión PIE (reproducción en el editor): NewMap (30/11/2016 23:12:25)
[2016.11.30-21.12.25:333][209]LogPlayLevel: Creating play world package: /Game/UEDPIE_0_NewMap
[2016.11.30-21.12.25:340][209]LogPlayLevel: PIE: StaticDuplicateObject took: (0.006640s)
[2016.11.30-21.12.25:341][209]LogAIModule: Creating AISystem for world NewMap
[2016.11.30-21.12.25:341][209]LogPlayLevel: PIE: World Init took: (0.001451s)
[2016.11.30-21.12.25:342][209]LogPlayLevel: PIE: Created PIE world by copying editor world from /Game/NewMap.NewMap to /Game/UEDPIE_0_NewMap.NewMap (0.008905s)
[2016.11.30-21.12.25:377][209]LogInit: XAudio2 using 'Philips 244E-4 (NVIDIA High Definition Audio)' : 2 channels at 48 kHz using 16 bits per sample (channel mask 0x3)
[2016.11.30-21.12.25:384][209]LogInit: FAudioDevice initialized.
[2016.11.30-21.12.25:415][209]LogLoad: Game class is 'BuildingEscapeGameModeBase'
[2016.11.30-21.12.25:418][209]LogWorld: Bringing World /Game/UEDPIE_0_NewMap.NewMap up for play (max tick rate 0) at 2016.11.30-22.12.25
[2016.11.30-21.12.25:419][209]LogWorld: Bringing up level for play took: 0.002206
[2016.11.30-21.12.25:420][209]LogTemp:Warning: SM_Chair_2 is at X=-425.000 Y=-392.000 Z=20.000
[2016.11.30-21.12.25:420][209]PIE: Información Tiempo de inicio de la reproducción en el editor para  /Game/UEDPIE_0_NewMap 0,54
[2016.11.30-21.12.25:903][209]LogCrashTracker: 


[2016.11.30-21.12.25:903][209]LogCrashTracker: 


[2016.11.30-21.12.25:903][209]LogWindows:Error: === Critical error: ===
[2016.11.30-21.12.25:903][209]LogWindows:Error: 
[2016.11.30-21.12.25:903][209]LogWindows:Error: Fatal error!
[2016.11.30-21.12.25:903][209]LogWindows:Error: 
[2016.11.30-21.12.25:903][209]LogWindows:Error: Unhandled Exception: EXCEPTION_ACCESS_VIOLATION reading address 0x00000340
[2016.11.30-21.12.25:904][209]LogWindows:Error: 
[2016.11.30-21.12.25:904][209]LogWindows:Error: UE4Editor-Engine.dll
[2016.11.30-21.12.25:904][209]LogWindows:Error: UE4Editor-BuildingEscape-4149.dll
[2016.11.30-21.12.25:904][209]LogWindows:Error: UE4Editor-Engine.dll
[2016.11.30-21.12.25:904][209]LogWindows:Error: UE4Editor-Engine.dll
[2016.11.30-21.12.25:904][209]LogWindows:Error: UE4Editor-Engine.dll
[2016.11.30-21.12.25:904][209]LogWindows:Error: UE4Editor-Engine.dll
[2016.11.30-21.12.25:904][209]LogWindows:Error: UE4Editor-Core.dll
[2016.11.30-21.12.25:904][209]LogWindows:Error: UE4Editor-Core.dll
[2016.11.30-21.12.25:904][209]LogWindows:Error: UE4Editor-Engine.dll
[2016.11.30-21.12.25:904][209]LogWindows:Error: UE4Editor-Engine.dll
[2016.11.30-21.12.25:904][209]LogWindows:Error: UE4Editor-Engine.dll
[2016.11.30-21.12.25:904][209]LogWindows:Error: UE4Editor-Engine.dll
[2016.11.30-21.12.25:904][209]LogWindows:Error: UE4Editor-UnrealEd.dll
[2016.11.30-21.12.25:904][209]LogWindows:Error: UE4Editor-UnrealEd.dll
[2016.11.30-21.12.25:904][209]LogWindows:Error: UE4Editor.exe
[2016.11.30-21.12.25:905][209]LogWindows:Error: UE4Editor.exe
[2016.11.30-21.12.25:905][209]LogWindows:Error: UE4Editor.exe
[2016.11.30-21.12.25:905][209]LogWindows:Error: UE4Editor.exe
[2016.11.30-21.12.25:905][209]LogWindows:Error: UE4Editor.exe
[2016.11.30-21.12.25:905][209]LogWindows:Error: KERNEL32.DLL
[2016.11.30-21.12.25:905][209]LogWindows:Error: ntdll.dll
[2016.11.30-21.12.25:905][209]LogWindows:Error: ntdll.dll
[2016.11.30-21.12.25:905][209]LogWindows:Error: 
[2016.11.30-21.12.25:940][209]LogExit: Executing StaticShutdownAfterError
[2016.11.30-21.12.25:944][209]LogWindows: FPlatformMisc::RequestExit(1)
[2016.11.30-21.12.25:944][209]Log file closed, 11/30/16 22:12:25
