Log file open, 11/28/16 21:13:58
LogInit:Display: Running engine for game: BuildingEscape
LogPlatformFile: Not using cached read wrapper
LogInit:Display: RandInit(1302339257) SRandInit(1302339257).
LogTaskGraph: Started task graph with 5 named threads and 8 total threads with 1 sets of task threads.
LogStats: Stats thread started at 0.097650
LogPluginManager: Loaded Plugin Paper2D, From C:/Program Files (x86)/Epic Games/4.14/Engine/Plugins/2D/Paper2D/Paper2D.uplugin
LogPluginManager: Loaded Plugin LightPropagationVolume, From C:/Program Files (x86)/Epic Games/4.14/Engine/Plugins/Blendables/LightPropagationVolume/LightPropagationVolume.uplugin
LogPluginManager: Loaded Plugin BlankPlugin, From C:/Program Files (x86)/Epic Games/4.14/Engine/Plugins/Developer/BlankPlugin/BlankPlugin.uplugin
LogPluginManager: Loaded Plugin CodeLiteSourceCodeAccess, From C:/Program Files (x86)/Epic Games/4.14/Engine/Plugins/Developer/CodeLiteSourceCodeAccess/CodeLiteSourceCodeAccess.uplugin
LogPluginManager: Loaded Plugin GitSourceControl, From C:/Program Files (x86)/Epic Games/4.14/Engine/Plugins/Developer/GitSourceControl/GitSourceControl.uplugin
LogPluginManager: Loaded Plugin KDevelopSourceCodeAccess, From C:/Program Files (x86)/Epic Games/4.14/Engine/Plugins/Developer/KDevelopSourceCodeAccess/KDevelopSourceCodeAccess.uplugin
LogPluginManager: Loaded Plugin NullSourceCodeAccess, From C:/Program Files (x86)/Epic Games/4.14/Engine/Plugins/Developer/NullSourceCodeAccess/NullSourceCodeAccess.uplugin
LogPluginManager: Loaded Plugin OneSkyLocalizationService, From C:/Program Files (x86)/Epic Games/4.14/Engine/Plugins/Developer/OneSkyLocalizationService/OneSkyLocalizationService.uplugin
LogPluginManager: Loaded Plugin PerforceSourceControl, From C:/Program Files (x86)/Epic Games/4.14/Engine/Plugins/Developer/PerforceSourceControl/PerforceSourceControl.uplugin
LogPluginManager: Loaded Plugin SubversionSourceControl, From C:/Program Files (x86)/Epic Games/4.14/Engine/Plugins/Developer/SubversionSourceControl/SubversionSourceControl.uplugin
LogPluginManager: Loaded Plugin UObjectPlugin, From C:/Program Files (x86)/Epic Games/4.14/Engine/Plugins/Developer/UObjectPlugin/UObjectPlugin.uplugin
LogPluginManager: Loaded Plugin VisualStudioSourceCodeAccess, From C:/Program Files (x86)/Epic Games/4.14/Engine/Plugins/Developer/VisualStudioSourceCodeAccess/VisualStudioSourceCodeAccess.uplugin
LogPluginManager: Loaded Plugin XCodeSourceCodeAccess, From C:/Program Files (x86)/Epic Games/4.14/Engine/Plugins/Developer/XCodeSourceCodeAccess/XCodeSourceCodeAccess.uplugin
LogPluginManager: Loaded Plugin AudioCapture, From C:/Program Files (x86)/Epic Games/4.14/Engine/Plugins/Editor/AudioCapture/AudioCapture.uplugin
LogPluginManager: Loaded Plugin EpicSurvey, From C:/Program Files (x86)/Epic Games/4.14/Engine/Plugins/Editor/EpicSurvey/EpicSurvey.uplugin
LogPluginManager: Loaded Plugin MacGraphicsSwitching, From C:/Program Files (x86)/Epic Games/4.14/Engine/Plugins/Editor/MacGraphicsSwitching/MacGraphicsSwitching.uplugin
LogPluginManager: Loaded Plugin MobileLauncherProfileWizard, From C:/Program Files (x86)/Epic Games/4.14/Engine/Plugins/Editor/MobileLauncherProfileWizard/MobileLauncherProfileWizard.uplugin
LogPluginManager: Loaded Plugin PluginBrowser, From C:/Program Files (x86)/Epic Games/4.14/Engine/Plugins/Editor/PluginBrowser/PluginBrowser.uplugin
LogPluginManager: Loaded Plugin SpeedTreeImporter, From C:/Program Files (x86)/Epic Games/4.14/Engine/Plugins/Editor/SpeedTreeImporter/SpeedTreeImporter.uplugin
LogPluginManager: Loaded Plugin SuperSearchEditor, From C:/Program Files (x86)/Epic Games/4.14/Engine/Plugins/Editor/SuperSearchEditor/SuperSearchEditor.uplugin
LogPluginManager: Loaded Plugin AlembicImporter, From C:/Program Files (x86)/Epic Games/4.14/Engine/Plugins/Experimental/AlembicImporter/AlembicImporter.uplugin
LogPluginManager: Loaded Plugin BlueprintStats, From C:/Program Files (x86)/Epic Games/4.14/Engine/Plugins/Experimental/BlueprintStats/BlueprintStats.uplugin
LogPluginManager: Loaded Plugin CharacterAI, From C:/Program Files (x86)/Epic Games/4.14/Engine/Plugins/Experimental/CharacterAI/CharacterAI.uplugin
LogPluginManager: Loaded Plugin CodeEditor, From C:/Program Files (x86)/Epic Games/4.14/Engine/Plugins/Experimental/CodeEditor/CodeEditor.uplugin
LogPluginManager: Loaded Plugin CodeView, From C:/Program Files (x86)/Epic Games/4.14/Engine/Plugins/Experimental/CodeView/CodeView.uplugin
LogPluginManager: Loaded Plugin HTML5Networking, From C:/Program Files (x86)/Epic Games/4.14/Engine/Plugins/Experimental/HTML5Networking/HTML5Networking.uplugin
LogPluginManager: Loaded Plugin OSVR, From C:/Program Files (x86)/Epic Games/4.14/Engine/Plugins/Experimental/OSVR/OSVR.uplugin
LogPluginManager: Loaded Plugin Phya, From C:/Program Files (x86)/Epic Games/4.14/Engine/Plugins/Experimental/Phya/Phya.uplugin
LogPluginManager: Loaded Plugin SignificanceManager, From C:/Program Files (x86)/Epic Games/4.14/Engine/Plugins/Experimental/SignificanceManager/SignificanceManager.uplugin
LogPluginManager: Loaded Plugin SimpleHMD, From C:/Program Files (x86)/Epic Games/4.14/Engine/Plugins/Experimental/SimpleHMD/SimpleHMD.uplugin
LogPluginManager: Loaded Plugin StereoPanorama, From C:/Program Files (x86)/Epic Games/4.14/Engine/Plugins/Experimental/StereoPanorama/StereoPanorama.uplugin
LogPluginManager: Loaded Plugin StructBox, From C:/Program Files (x86)/Epic Games/4.14/Engine/Plugins/Experimental/StructBox/StructBox.uplugin
LogPluginManager: Loaded Plugin AndroidMedia, From C:/Program Files (x86)/Epic Games/4.14/Engine/Plugins/Media/AndroidMedia/AndroidMedia.uplugin
LogPluginManager: Loaded Plugin AvfMedia, From C:/Program Files (x86)/Epic Games/4.14/Engine/Plugins/Media/AvfMedia/AvfMedia.uplugin
LogPluginManager: Loaded Plugin MediaPlayerEditor, From C:/Program Files (x86)/Epic Games/4.14/Engine/Plugins/Media/MediaPlayerEditor/MediaPlayerEditor.uplugin
LogPluginManager: Loaded Plugin WmfMedia, From C:/Program Files (x86)/Epic Games/4.14/Engine/Plugins/Media/WmfMedia/WmfMedia.uplugin
LogPluginManager: Loaded Plugin MessagingDebugger, From C:/Program Files (x86)/Epic Games/4.14/Engine/Plugins/Messaging/MessagingDebugger/MessagingDebugger.uplugin
LogPluginManager: Loaded Plugin TcpMessaging, From C:/Program Files (x86)/Epic Games/4.14/Engine/Plugins/Messaging/TcpMessaging/TcpMessaging.uplugin
LogPluginManager: Loaded Plugin UdpMessaging, From C:/Program Files (x86)/Epic Games/4.14/Engine/Plugins/Messaging/UdpMessaging/UdpMessaging.uplugin
LogPluginManager: Loaded Plugin LevelSequenceEditor, From C:/Program Files (x86)/Epic Games/4.14/Engine/Plugins/MovieScene/LevelSequenceEditor/LevelSequenceEditor.uplugin
LogPluginManager: Loaded Plugin MatineeToLevelSequence, From C:/Program Files (x86)/Epic Games/4.14/Engine/Plugins/MovieScene/MatineeToLevelSequence/MatineeToLevelSequence.uplugin
LogPluginManager: Loaded Plugin NetcodeUnitTest, From C:/Program Files (x86)/Epic Games/4.14/Engine/Plugins/NetcodeUnitTest/NetcodeUnitTest/NetcodeUnitTest.uplugin
LogPluginManager: Loaded Plugin NUTUnrealEngine4, From C:/Program Files (x86)/Epic Games/4.14/Engine/Plugins/NetcodeUnitTest/NUTUnrealEngine4/NUTUnrealEngine4.uplugin
LogPluginManager: Loaded Plugin OnlineSubsystemGameCircle, From C:/Program Files (x86)/Epic Games/4.14/Engine/Plugins/Online/Android/OnlineSubsystemGameCircle/OnlineSubsystemGameCircle.uplugin
LogPluginManager: Loaded Plugin OnlineSubsystemGooglePlay, From C:/Program Files (x86)/Epic Games/4.14/Engine/Plugins/Online/Android/OnlineSubsystemGooglePlay/OnlineSubsystemGooglePlay.uplugin
LogPluginManager: Loaded Plugin OnlineSubsystemIOS, From C:/Program Files (x86)/Epic Games/4.14/Engine/Plugins/Online/IOS/OnlineSubsystemIOS/OnlineSubsystemIOS.uplugin
LogPluginManager: Loaded Plugin OnlineFramework, From C:/Program Files (x86)/Epic Games/4.14/Engine/Plugins/Online/OnlineFramework/OnlineFramework.uplugin
LogPluginManager: Loaded Plugin OnlineSubsystem, From C:/Program Files (x86)/Epic Games/4.14/Engine/Plugins/Online/OnlineSubsystem/OnlineSubsystem.uplugin
LogPluginManager: Loaded Plugin OnlineSubsystemAmazon, From C:/Program Files (x86)/Epic Games/4.14/Engine/Plugins/Online/OnlineSubsystemAmazon/OnlineSubsystemAmazon.uplugin
LogPluginManager: Loaded Plugin OnlineSubsystemFacebook, From C:/Program Files (x86)/Epic Games/4.14/Engine/Plugins/Online/OnlineSubsystemFacebook/OnlineSubsystemFacebook.uplugin
LogPluginManager: Loaded Plugin OnlineSubsystemNull, From C:/Program Files (x86)/Epic Games/4.14/Engine/Plugins/Online/OnlineSubsystemNull/OnlineSubsystemNull.uplugin
LogPluginManager: Loaded Plugin OnlineSubsystemOculus, From C:/Program Files (x86)/Epic Games/4.14/Engine/Plugins/Online/OnlineSubsystemOculus/OnlineSubsystemOculus.uplugin
LogPluginManager: Loaded Plugin OnlineSubsystemSteam, From C:/Program Files (x86)/Epic Games/4.14/Engine/Plugins/Online/OnlineSubsystemSteam/OnlineSubsystemSteam.uplugin
LogPluginManager: Loaded Plugin OnlineSubsystemUtils, From C:/Program Files (x86)/Epic Games/4.14/Engine/Plugins/Online/OnlineSubsystemUtils/OnlineSubsystemUtils.uplugin
LogPluginManager: Loaded Plugin IOSTapJoy, From C:/Program Files (x86)/Epic Games/4.14/Engine/Plugins/Runtime/Advertising/IOSTapJoy/IOSTapJoy.uplugin
LogPluginManager: Loaded Plugin AnalyticsBlueprintLibrary, From C:/Program Files (x86)/Epic Games/4.14/Engine/Plugins/Runtime/Analytics/AnalyticsBlueprintLibrary/AnalyticsBlueprintLibrary.uplugin
LogPluginManager: Loaded Plugin AnalyticsMulticast, From C:/Program Files (x86)/Epic Games/4.14/Engine/Plugins/Runtime/Analytics/AnalyticsMulticast/AnalyticsMulticast.uplugin
LogPluginManager: Loaded Plugin Apsalar, From C:/Program Files (x86)/Epic Games/4.14/Engine/Plugins/Runtime/Analytics/Apsalar/Apsalar.uplugin
LogPluginManager: Loaded Plugin FileLogging, From C:/Program Files (x86)/Epic Games/4.14/Engine/Plugins/Runtime/Analytics/FileLogging/FileLogging.uplugin
LogPluginManager: Loaded Plugin Flurry, From C:/Program Files (x86)/Epic Games/4.14/Engine/Plugins/Runtime/Analytics/Flurry/Flurry.uplugin
LogPluginManager: Loaded Plugin AndroidDeviceProfileSelector, From C:/Program Files (x86)/Epic Games/4.14/Engine/Plugins/Runtime/AndroidDeviceProfileSelector/AndroidDeviceProfileSelector.uplugin
LogPluginManager: Loaded Plugin AndroidMoviePlayer, From C:/Program Files (x86)/Epic Games/4.14/Engine/Plugins/Runtime/AndroidMoviePlayer/AndroidMoviePlayer.uplugin
LogPluginManager: Loaded Plugin AppleMoviePlayer, From C:/Program Files (x86)/Epic Games/4.14/Engine/Plugins/Runtime/AppleMoviePlayer/AppleMoviePlayer.uplugin
LogPluginManager: Loaded Plugin ArchVisCharacter, From C:/Program Files (x86)/Epic Games/4.14/Engine/Plugins/Runtime/ArchVisCharacter/ArchVisCharacter.uplugin
LogPluginManager: Loaded Plugin CableComponent, From C:/Program Files (x86)/Epic Games/4.14/Engine/Plugins/Runtime/CableComponent/CableComponent.uplugin
LogPluginManager: Loaded Plugin CustomMeshComponent, From C:/Program Files (x86)/Epic Games/4.14/Engine/Plugins/Runtime/CustomMeshComponent/CustomMeshComponent.uplugin
LogPluginManager: Loaded Plugin ExampleDeviceProfileSelector, From C:/Program Files (x86)/Epic Games/4.14/Engine/Plugins/Runtime/ExampleDeviceProfileSelector/ExampleDeviceProfileSelector.uplugin
LogPluginManager: Loaded Plugin GearVR, From C:/Program Files (x86)/Epic Games/4.14/Engine/Plugins/Runtime/GearVR/GearVR.uplugin
LogPluginManager: Loaded Plugin GoogleVRController, From C:/Program Files (x86)/Epic Games/4.14/Engine/Plugins/Runtime/GoogleVR/GoogleVRController/GoogleVRController.uplugin
LogPluginManager: Loaded Plugin GoogleVRHMD, From C:/Program Files (x86)/Epic Games/4.14/Engine/Plugins/Runtime/GoogleVR/GoogleVRHMD/GoogleVRHMD.uplugin
LogPluginManager: Loaded Plugin IOSDeviceProfileSelector, From C:/Program Files (x86)/Epic Games/4.14/Engine/Plugins/Runtime/IOSDeviceProfileSelector/IOSDeviceProfileSelector.uplugin
LogPluginManager: Loaded Plugin LeapMotion, From C:/Program Files (x86)/Epic Games/4.14/Engine/Plugins/Runtime/LeapMotion/LeapMotion.uplugin
LogPluginManager: Loaded Plugin LinuxDeviceProfileSelector, From C:/Program Files (x86)/Epic Games/4.14/Engine/Plugins/Runtime/LinuxDeviceProfileSelector/LinuxDeviceProfileSelector.uplugin
LogPluginManager: Loaded Plugin MIDIDevice, From C:/Program Files (x86)/Epic Games/4.14/Engine/Plugins/Runtime/MIDIDevice/MIDIDevice.uplugin
LogPluginManager: Loaded Plugin MobilePatchingUtils, From C:/Program Files (x86)/Epic Games/4.14/Engine/Plugins/Runtime/MobilePatchingUtils/MobilePatchingUtils.uplugin
LogPluginManager: Loaded Plugin Ansel, From C:/Program Files (x86)/Epic Games/4.14/Engine/Plugins/Runtime/Nvidia/Ansel/Ansel.uplugin
LogPluginManager: Loaded Plugin OculusAudio, From C:/Program Files (x86)/Epic Games/4.14/Engine/Plugins/Runtime/OculusAudio/OculusAudio.uplugin
LogPluginManager: Loaded Plugin OculusInput, From C:/Program Files (x86)/Epic Games/4.14/Engine/Plugins/Runtime/OculusInput/OculusInput.uplugin
LogPluginManager: Loaded Plugin OculusLibrary, From C:/Program Files (x86)/Epic Games/4.14/Engine/Plugins/Runtime/OculusLibrary/OculusLibrary.uplugin
LogPluginManager: Loaded Plugin OculusRift, From C:/Program Files (x86)/Epic Games/4.14/Engine/Plugins/Runtime/OculusRift/OculusRift.uplugin
LogPluginManager: Loaded Plugin Oodle, From C:/Program Files (x86)/Epic Games/4.14/Engine/Plugins/Runtime/PacketHandlers/CompressionComponents/Oodle/Oodle.uplugin
LogPluginManager: Loaded Plugin ProceduralMeshComponent, From C:/Program Files (x86)/Epic Games/4.14/Engine/Plugins/Runtime/ProceduralMeshComponent/ProceduralMeshComponent.uplugin
LogPluginManager: Loaded Plugin SoundMod, From C:/Program Files (x86)/Epic Games/4.14/Engine/Plugins/Runtime/SoundMod/SoundMod.uplugin
LogPluginManager: Loaded Plugin SoundVisualizations, From C:/Program Files (x86)/Epic Games/4.14/Engine/Plugins/Runtime/SoundVisualizations/SoundVisualizations.uplugin
LogPluginManager: Loaded Plugin SteamController, From C:/Program Files (x86)/Epic Games/4.14/Engine/Plugins/Runtime/Steam/SteamController/SteamController.uplugin
LogPluginManager: Loaded Plugin SteamVR, From C:/Program Files (x86)/Epic Games/4.14/Engine/Plugins/Runtime/Steam/SteamVR/SteamVR.uplugin
LogPluginManager: Loaded Plugin WebBrowserWidget, From C:/Program Files (x86)/Epic Games/4.14/Engine/Plugins/Runtime/WebBrowserWidget/WebBrowserWidget.uplugin
LogPluginManager: Loaded Plugin WindowsDeviceProfileSelector, From C:/Program Files (x86)/Epic Games/4.14/Engine/Plugins/Runtime/WindowsDeviceProfileSelector/WindowsDeviceProfileSelector.uplugin
LogPluginManager: Loaded Plugin WindowsMoviePlayer, From C:/Program Files (x86)/Epic Games/4.14/Engine/Plugins/Runtime/WindowsMoviePlayer/WindowsMoviePlayer.uplugin
LogPluginManager: Loaded Plugin ScriptPlugin, From C:/Program Files (x86)/Epic Games/4.14/Engine/Plugins/ScriptPlugin/ScriptPlugin.uplugin
LogPluginManager: Loaded Plugin SlateRemote, From C:/Program Files (x86)/Epic Games/4.14/Engine/Plugins/Slate/SlateRemote/SlateRemote.uplugin
LogPluginManager: Loaded Plugin EditorTests, From C:/Program Files (x86)/Epic Games/4.14/Engine/Plugins/Tests/EditorTests/EditorTests.uplugin
LogPluginManager: Loaded Plugin FbxAutomationTestBuilder, From C:/Program Files (x86)/Epic Games/4.14/Engine/Plugins/Tests/FbxAutomationTestBuilder/FbxAutomationTestBuilder.uplugin
LogPluginManager: Loaded Plugin FunctionalTestingEditor, From C:/Program Files (x86)/Epic Games/4.14/Engine/Plugins/Tests/FunctionalTestingEditor/FunctionalTestingEditor.uplugin
LogPluginManager: Loaded Plugin RuntimeTests, From C:/Program Files (x86)/Epic Games/4.14/Engine/Plugins/Tests/RuntimeTests/RuntimeTests.uplugin
LogPluginManager: Loaded Plugin ScreenshotTools, From C:/Program Files (x86)/Epic Games/4.14/Engine/Plugins/Tests/ScreenshotTools/ScreenshotTools.uplugin
LogInit: Using libcurl 7.47.1
LogInit:  - built for x86_64-pc-win32
LogInit:  - supports SSL with OpenSSL/1.0.2g
LogInit:  - supports HTTP deflate (compression) using libz 1.2.8
LogInit:  - other features:
LogInit:      CURL_VERSION_SSL
LogInit:      CURL_VERSION_LIBZ
LogInit:      CURL_VERSION_IPV6
LogInit:      CURL_VERSION_ASYNCHDNS
LogInit:      CURL_VERSION_LARGEFILE
LogInit:      CURL_VERSION_IDN
LogInit:  CurlRequestOptions (configurable via config and command line):
LogInit:  - bVerifyPeer = false  - Libcurl will NOT verify peer certificate
LogInit:  - bUseHttpProxy = false  - Libcurl will NOT use HTTP proxy
LogInit:  - bDontReuseConnections = false  - Libcurl will reuse connections
LogInit:  - CertBundlePath = nullptr  - Libcurl will use whatever was configured at build time.
LogInit: Build: ++UE4+Release-4.14-CL-3195953
LogInit: Engine Version: 4.14.0-3195953+++UE4+Release-4.14
LogInit: Compatible Engine Version: 4.14.0-3195953+++UE4+Release-4.14
LogInit: Net CL: 3195953
LogDevObjectVersion: Number of dev versions registered: 13
LogDevObjectVersion:   Dev-Blueprints (B0D832E4-1F89-4F0D-ACCF-7EB736FD4AA2): 7
LogDevObjectVersion:   Dev-Build (E1C64328-A22C-4D53-A36C-8E866417BD8C): 0
LogDevObjectVersion:   Dev-Core (375EC13C-06E4-48FB-B500-84F0262A717E): 1
LogDevObjectVersion:   Dev-Editor (E4B068ED-F494-42E9-A231-DA0B2E46BB41): 8
LogDevObjectVersion:   Dev-Framework (CFFC743F-43B0-4480-9391-14DF171D2073): 17
LogDevObjectVersion:   Dev-Mobile (B02B49B5-BB20-44E9-A304-32B752E40360): 0
LogDevObjectVersion:   Dev-Networking (A4E4105C-59A1-49B5-A7C5-40C4547EDFEE): 0
LogDevObjectVersion:   Dev-Online (39C831C9-5AE6-47DC-9A44-9C173E1C8E7C): 0
LogDevObjectVersion:   Dev-Physics (78F01B33-EBEA-4F98-B9B4-84EACCB95AA2): 0
LogDevObjectVersion:   Dev-Platform (6631380F-2D4D-43E0-8009-CF276956A95A): 0
LogDevObjectVersion:   Dev-Rendering (12F88B9F-8875-4AFC-A67C-D90C383ABD29): 12
LogDevObjectVersion:   Dev-Sequencer (7B5AE74C-D270-4C10-A958-57980B212A5A): 1
LogDevObjectVersion:   Dev-VR (D7296918-1DD6-4BDD-9DE2-64A83CC13884): 0
LogInit: Compiled (64-bit): Nov 12 2016 02:14:10
LogInit: Compiled with Visual C++: 19.00.23026.00
LogInit: Build Configuration: Development
LogInit: Branch Name: ++UE4+Release-4.14
LogInit: Command line:  
LogInit: Base directory: C:/Program Files (x86)/Epic Games/4.14/Engine/Binaries/Win64/
LogInit: Installed Engine Build: 1
LogInit: Presizing for max 8388607 objects, including 0 objects not considered by GC, pre-allocating 0 bytes for permanent pool.
LogInit: Object subsystem initialized
[2016.11.28-20.13.58:867][  0]LogInit: Selected Device Profile: [Windows]
[2016.11.28-20.13.58:867][  0]LogInit: Applying CVar settings loaded from the selected device profile: [Windows]
[2016.11.28-20.13.58:880][  0]LogInit: Computer: DESKTOP-TCO7O6N
[2016.11.28-20.13.58:880][  0]LogInit: User: user
[2016.11.28-20.13.58:880][  0]LogInit: CPU Page size=65536, Cores=4
[2016.11.28-20.13.58:880][  0]LogInit: High frequency timer resolution =3.001592 MHz
[2016.11.28-20.13.58:880][  0]LogMemory: Memory total: Physical=8.0GB (8GB approx)
[2016.11.28-20.13.58:880][  0]LogMemory: Platform Memory Stats for Windows
[2016.11.28-20.13.58:880][  0]LogMemory: Process Physical Memory: 264.46 MB used, 264.46 MB peak
[2016.11.28-20.13.58:880][  0]LogMemory: Process Virtual Memory: 262.92 MB used, 262.92 MB peak
[2016.11.28-20.13.58:880][  0]LogMemory: Physical Memory: 3580.88 MB used,  4602.23 MB free, 8183.11 MB total
[2016.11.28-20.13.58:880][  0]LogMemory: Virtual Memory: 676.50 MB used,  4602.23 MB free, 134217728.00 MB total
[2016.11.28-20.13.58:932][  0]LogTextLocalizationManager: No specific translations for ('es-ES') exist, so ('es') translations will be used.
[2016.11.28-20.13.59:823][  0]LogD3D11RHI: D3D11 adapters:
[2016.11.28-20.14.00:541][  0]LogD3D11RHI:    0. 'NVIDIA GeForce GTX 650' (Feature Level 11_0)
[2016.11.28-20.14.00:541][  0]LogD3D11RHI:       2017/0/4091 MB DedicatedVideo/DedicatedSystem/SharedSystem, Outputs:1, VendorId:0x10de
[2016.11.28-20.14.00:543][  0]LogD3D11RHI:    1. 'Microsoft Basic Render Driver' (Feature Level 11_0)
[2016.11.28-20.14.00:543][  0]LogD3D11RHI:       0/0/4091 MB DedicatedVideo/DedicatedSystem/SharedSystem, Outputs:0, VendorId:0x1414
[2016.11.28-20.14.00:543][  0]LogD3D11RHI: Chosen D3D11 Adapter: 0
[2016.11.28-20.14.00:547][  0]LogD3D11RHI: Creating new Direct3DDevice
[2016.11.28-20.14.00:547][  0]LogD3D11RHI:     GPU DeviceId: 0xfc6 (for the marketing name, search the web for "GPU Device Id")
[2016.11.28-20.14.00:547][  0]LogWindows: EnumDisplayDevices:
[2016.11.28-20.14.00:548][  0]LogWindows:    0. 'NVIDIA GeForce GTX 650' (P:1 D:1)
[2016.11.28-20.14.00:548][  0]LogWindows:    1. 'NVIDIA GeForce GTX 650' (P:0 D:0)
[2016.11.28-20.14.00:548][  0]LogWindows:    2. 'NVIDIA GeForce GTX 650' (P:0 D:0)
[2016.11.28-20.14.00:548][  0]LogWindows: DebugString: FoundDriverCount:3 
[2016.11.28-20.14.00:548][  0]LogD3D11RHI:     Adapter Name: NVIDIA GeForce GTX 650
[2016.11.28-20.14.00:548][  0]LogD3D11RHI:   Driver Version: 375.95 (internal:21.21.13.7595, unified:375.95)
[2016.11.28-20.14.00:548][  0]LogD3D11RHI:      Driver Date: 11-16-2016
[2016.11.28-20.14.00:548][  0]LogRHI: Texture pool is 1361 MB (70% of 1945 MB)
[2016.11.28-20.14.01:244][  0]LogD3D11RHI: Async texture creation enabled
[2016.11.28-20.14.01:296][  0]LogD3D11RHI: GPU Timing Frequency: 1000.000000 (Debug: 2 2)
[2016.11.28-20.14.01:296][  0]LogShaderCompilers: Guid format shader working directory is -30 characters bigger than the processId version (../../../../../../Users/user/Documents/Unreal Projects/udemy/BuildingEscape/Intermediate/Shaders/WorkingDirectory/8180/).
[2016.11.28-20.14.01:296][  0]LogShaderCompilers: Cleaned the shader compiler working directory 'C:/Users/user/AppData/Local/Temp/UnrealShaderWorkingDir/20AB1D0240948BBD6B85D4A6BEA0EC6D/'.
[2016.11.28-20.14.01:296][  0]LogShaderCompilers:Display: Using Local Shader Compiler.
[2016.11.28-20.14.02:983][  0]LogTemp:Display: Loaded TP AllDesktopTargetPlatform
[2016.11.28-20.14.03:108][  0]LogTemp:Display: Loaded TP MacClientTargetPlatform
[2016.11.28-20.14.03:234][  0]LogTemp:Display: Loaded TP MacNoEditorTargetPlatform
[2016.11.28-20.14.03:360][  0]LogTemp:Display: Loaded TP MacServerTargetPlatform
[2016.11.28-20.14.03:495][  0]LogTemp:Display: Loaded TP MacTargetPlatform
[2016.11.28-20.14.03:631][  0]LogTemp:Display: Loaded TP WindowsClientTargetPlatform
[2016.11.28-20.14.03:774][  0]LogTemp:Display: Loaded TP WindowsNoEditorTargetPlatform
[2016.11.28-20.14.03:903][  0]LogTemp:Display: Loaded TP WindowsServerTargetPlatform
[2016.11.28-20.14.04:013][  0]LogTemp:Display: Loaded TP WindowsTargetPlatform
[2016.11.28-20.14.04:137][  0]LogTemp:Display: Loaded TP AndroidTargetPlatform
[2016.11.28-20.14.04:276][  0]LogTemp:Display: Loaded TP Android_ASTCTargetPlatform
[2016.11.28-20.14.04:416][  0]LogTemp:Display: Loaded TP Android_ATCTargetPlatform
[2016.11.28-20.14.04:558][  0]LogTemp:Display: Loaded TP Android_DXTTargetPlatform
[2016.11.28-20.14.04:684][  0]LogTemp:Display: Loaded TP Android_ETC1TargetPlatform
[2016.11.28-20.14.04:812][  0]LogTemp:Display: Loaded TP Android_ETC2TargetPlatform
[2016.11.28-20.14.05:070][  0]LogTemp:Display: Loaded TP Android_MultiTargetPlatform
[2016.11.28-20.14.05:070][  0]LogTemp:Display: Loaded TP Android_PVRTCTargetPlatform
[2016.11.28-20.14.05:172][  0]LogTemp:Display: Loaded TP HTML5TargetPlatform
[2016.11.28-20.14.05:368][  0]LogTemp:Display: Loaded TP IOSTargetPlatform
[2016.11.28-20.14.05:443][  0]LogTemp:Display: Loaded TP TVOSTargetPlatform
[2016.11.28-20.14.05:569][  0]LogTemp:Display: Loaded TP LinuxClientTargetPlatform
[2016.11.28-20.14.05:698][  0]LogTemp:Display: Loaded TP LinuxNoEditorTargetPlatform
[2016.11.28-20.14.05:824][  0]LogTemp:Display: Loaded TP LinuxServerTargetPlatform
[2016.11.28-20.14.05:954][  0]LogTemp:Display: Loaded TP LinuxTargetPlatform
[2016.11.28-20.14.05:954][  0]LogTargetPlatformManager:Display: Building Assets For Windows
[2016.11.28-20.14.07:012][  0]LogDerivedDataCache:Display: Max Cache Size: 512 MB
[2016.11.28-20.14.07:391][  0]LogDerivedDataCache: Loaded boot cache 0.38s 50MB C:/Users/user/AppData/Local/UnrealEngine/4.14/DerivedDataCache/Boot.ddc.
[2016.11.28-20.14.07:391][  0]LogDerivedDataCache:Display: Loaded Boot cache: C:/Users/user/AppData/Local/UnrealEngine/4.14/DerivedDataCache/Boot.ddc
[2016.11.28-20.14.07:392][  0]LogDerivedDataCache: FDerivedDataBackendGraph:  Pak pak cache file ../../../../../../Users/user/Documents/Unreal Projects/udemy/BuildingEscape/DerivedDataCache/DDC.ddp not found, will not use a pak cache.
[2016.11.28-20.14.07:392][  0]LogDerivedDataCache: Unable to find inner node Pak for hierarchical cache Hierarchy.
[2016.11.28-20.14.07:392][  0]LogDerivedDataCache: FDerivedDataBackendGraph:  CompressedPak pak cache file ../../../../../../Users/user/Documents/Unreal Projects/udemy/BuildingEscape/DerivedDataCache/Compressed.ddp not found, will not use a pak cache.
[2016.11.28-20.14.07:392][  0]LogDerivedDataCache: Unable to find inner node CompressedPak for hierarchical cache Hierarchy.
[2016.11.28-20.14.07:415][  0]LogDerivedDataCache:Display: Pak cache opened for reading ../../../Engine/DerivedDataCache/Compressed.ddp.
[2016.11.28-20.14.07:427][  0]LogDerivedDataCache: Using Local data cache path C:/Users/user/AppData/Local/UnrealEngine/Common/DerivedDataCache: Writable
[2016.11.28-20.14.07:951][  0]LogInit: Selected Device Profile: [Windows]
[2016.11.28-20.14.07:956][  0]LogContentStreaming: Texture pool size is 0.00 MB
[2016.11.28-20.14.08:377][  0]LogMeshUtilities: Using QuadricMeshReduction for automatic static mesh reduction
[2016.11.28-20.14.08:497][  0]LogSimplygon: Simplygon DLL not present - disabling.
[2016.11.28-20.14.08:615][  0]LogMeshUtilities: Using SimplygonSwarm for distributed automatic mesh merging
[2016.11.28-20.14.08:615][  0]LogMeshUtilities: No automatic skeletal mesh reduction module available
[2016.11.28-20.14.08:615][  0]LogMeshUtilities: No automatic mesh merging module available
[2016.11.28-20.14.09:607][  0]LogNetVersion: GetLocalNetworkVersion: CL: 3195953, ProjectName: buildingescape, ProjectVersion: , EngineNetworkVersion: 2, GameNetworkVersion: 0, NetworkChecksum: 2542623411
[2016.11.28-20.14.09:707][  0]LogAssetRegistry: FAssetRegistry took 0.0225 seconds to start up
[2016.11.28-20.14.09:814][  0]LogPackageLocalizationCache: Processed 3 localized package path(s) for 2 prioritized culture(s) in 0.045821 seconds
[2016.11.28-20.14.09:822][  0]LogUObjectArray: 31946 objects as part of root set at end of initial load.
[2016.11.28-20.14.09:822][  0]LogUObjectAllocator: 6935840 out of 0 bytes used by permanent object pool.
[2016.11.28-20.14.09:822][  0]LogUObjectArray: CloseDisregardForGC: 0/0 objects in disregard for GC pool
[2016.11.28-20.14.09:994][  0]LogInit: WinSock: version 1.1 (2.2), MaxSocks=32767, MaxUdp=65467
[2016.11.28-20.14.12:002][  0]LogSlate: Using Freetype 2.6.0
[2016.11.28-20.14.12:004][  0]LogSlate: SlateFontCache - WITH_FREETYPE: 1, WITH_HARFBUZZ: 1
[2016.11.28-20.14.12:004][  0]LogSlate: SlateFontCache - WITH_FREETYPE: 1, WITH_HARFBUZZ: 1
[2016.11.28-20.14.14:437][  0]LogTcpMessaging: Initializing TcpMessaging bridge
[2016.11.28-20.14.14:529][  0]LogUdpMessaging: Initializing bridge on interface 0.0.0.0:0 to multicast group 230.0.0.1:6666.
[2016.11.28-20.14.15:356][  0]LogMaterial: Uniform references updated for custom material expression Custom.
[2016.11.28-20.14.16:290][  0]SourceControl: Información El control de código fuente está desactivado
[2016.11.28-20.14.16:885][  0]SourceControl: Información El control de código fuente está desactivado
[2016.11.28-20.14.17:009][  0]SourceControl: Información El control de código fuente está desactivado
[2016.11.28-20.14.17:130][  0]SourceControl: Información El control de código fuente está desactivado
[2016.11.28-20.14.20:365][  0]LogEngine: Initializing Engine...
[2016.11.28-20.14.20:366][  0]LogHMD: Failed to initialize OpenVR with code 110
[2016.11.28-20.14.20:913][  0]LogAIModule: Creating AISystem for world Untitled
[2016.11.28-20.14.20:937][  0]LogInit: XAudio2 using 'Philips 244E-4 (NVIDIA High Definition Audio)' : 2 channels at 48 kHz using 16 bits per sample (channel mask 0x3)
[2016.11.28-20.14.20:987][  0]LogInit: FAudioDevice initialized.
[2016.11.28-20.14.21:034][  0]LogDerivedDataCache: Saved boot cache 0.05s 50MB C:/Users/user/AppData/Local/UnrealEngine/4.14/DerivedDataCache/Boot.ddc.
[2016.11.28-20.14.21:055][  0]LogInit: Texture streaming: Enabled
[2016.11.28-20.14.21:523][  0]LogInit: Transaction tracking system initialized
[2016.11.28-20.14.22:466][  0]BlueprintLog: New page: Cargar el editor
[2016.11.28-20.14.24:938][  0]LocalizationService: Información Localization service is disabled
[2016.11.28-20.14.26:693][  0]LogConsoleResponse:Display: 
[2016.11.28-20.14.26:941][  0]LogCook:Display: Max memory allowance for cook 16384mb min free memory 0mb
[2016.11.28-20.14.26:941][  0]LogCook:Display: Mobile HDR setting 1
[2016.11.28-20.14.27:521][  0]LogFileCache: Scanning file cache for directory 'C:/Users/user/Documents/Unreal Projects/udemy/BuildingEscape/Content/' took 0.02s
[2016.11.28-20.14.29:645][  0]SourceControl: Información El control de código fuente está desactivado
[2016.11.28-20.14.29:645][  0]Cmd: MAP LOAD FILE="../../../../../../Users/user/Documents/Unreal Projects/udemy/BuildingEscape/Content/NewMap.umap" TEMPLATE=0 SHOWPROGRESS=1 FEATURELEVEL=3
[2016.11.28-20.14.29:646][  0]LightingResults: New page: Diseñar la iluminación
[2016.11.28-20.14.29:751][  0]MapCheck: New page: Revisión del mapa
[2016.11.28-20.14.29:751][  0]LightingResults: New page: Diseñar la iluminación
[2016.11.28-20.14.30:180][  0]LogAIModule: Creating AISystem for world NewMap
[2016.11.28-20.14.30:204][  0]LogEditorServer: Finished looking for orphan Actors (0.000 secs)
[2016.11.28-20.14.30:205][  0]Cmd: MAP CHECKDEP NOCLEARLOG
[2016.11.28-20.14.30:342][  0]MapCheck: Información Map check complete: 0 Error(s), 0 Warning(s), took 136,823ms to complete.
[2016.11.28-20.14.30:342][  0]LogFileHelpers: Loading map 'NewMap' took 0.697
[2016.11.28-20.14.30:402][  0]LogWindowsTextInputMethodSystem:Display: IME system now deactivated.
[2016.11.28-20.14.30:471][  0]LogCollectionManager: Loaded 0 collections in 0.002417 seconds
[2016.11.28-20.14.30:617][  0]LogFileCache: Scanning file cache for directory 'C:/Users/user/Documents/Unreal Projects/udemy/BuildingEscape/Saved/Collections/' took 0.01s
[2016.11.28-20.14.30:617][  0]LogFileCache: Scanning file cache for directory 'C:/Users/user/Documents/Unreal Projects/udemy/BuildingEscape/Content/Developers/user/Collections/' took 0.01s
[2016.11.28-20.14.30:617][  0]LogFileCache: Scanning file cache for directory 'C:/Users/user/Documents/Unreal Projects/udemy/BuildingEscape/Content/Collections/' took 0.01s
[2016.11.28-20.14.30:617][  0]LogCollectionManager: Rebuilt the GUID cache for 0 collections in 0.000002 seconds
[2016.11.28-20.14.30:631][  0]LogContentBrowser: Native class hierarchy populated in 0.0141 seconds. Added 2193 classes and 430 folders.
[2016.11.28-20.14.30:737][  0]LogStats: UGameplayTagsManager::ConstructGameplayTagTree: Construct from data asset -  0.000 s
[2016.11.28-20.14.30:737][  0]LogStats: UGameplayTagsManager::ConstructGameplayTagTree: GameplayTagTreeChangedEvent.Broadcast -  0.000 s
[2016.11.28-20.14.30:740][  0]LogContentBrowser: Native class hierarchy updated for 'GameplayTags' in 0.0026 seconds. Added 13 classes and 0 folders.
[2016.11.28-20.14.30:906][  0]LogContentBrowser: Native class hierarchy updated for 'WidgetCarousel' in 0.0023 seconds. Added 0 classes and 0 folders.
[2016.11.28-20.14.31:063][  0]LogContentBrowser: Native class hierarchy updated for 'AddContentDialog' in 0.0024 seconds. Added 0 classes and 0 folders.
[2016.11.28-20.14.31:198][  0]LogContentBrowser: Native class hierarchy updated for 'SceneOutliner' in 0.0026 seconds. Added 1 classes and 2 folders.
[2016.11.28-20.14.31:319][  0]LogCrashTracker: Crashtracker disabled due to settings.
[2016.11.28-20.14.31:325][  0]LogUObjectGlobals:Warning: Error al encontrar el objeto 'Class Ninguno.'
[2016.11.28-20.14.31:457][  0]LogContentBrowser: Native class hierarchy updated for 'HierarchicalLODOutliner' in 0.0024 seconds. Added 1 classes and 2 folders.
[2016.11.28-20.14.31:458][  0]LogLoad: (Engine Initialization) Total time: 35.43 seconds
[2016.11.28-20.14.31:458][  0]LogLoad: (Engine Initialization) Total Blueprint compile time: 0.19 seconds
[2016.11.28-20.14.31:458][  0]LogExternalProfiler: Found external profiler: VSPerf
[2016.11.28-20.14.31:458][  0]LogExternalProfiler: Using external profiler: VSPerf
[2016.11.28-20.14.31:467][  0]LogOcInput: OculusInput pre-init called
[2016.11.28-20.14.31:489][  0]LogContentStreaming: Texture pool size now 1000 MB
[2016.11.28-20.14.31:755][  0]LogRenderer: Reallocating scene render targets to support 1484x664 NumSamples 1 (Frame:2).
[2016.11.28-20.14.32:074][  2]LogAssetRegistry: Asset discovery search completed in 22.3896 seconds
[2016.11.28-20.14.32:075][  2]LogCollectionManager: Rebuilt the object cache for 0 collections in 0.000004 seconds (found 0 objects)
[2016.11.28-20.14.32:075][  2]LogCollectionManager: Fixed up redirectors for 0 collections in 0.000136 seconds (updated 0 objects)
[2016.11.28-20.14.42:438][124]LogEditorActor: Deleted Actor: DirectionalLight
[2016.11.28-20.14.48:119][124]LogEditorActor: Deleted Actor: DirectionalLight
[2016.11.28-20.14.48:121][124]LogEditorActor: Deleted Actor: DirectionalLight
[2016.11.28-20.14.48:121][124]LogEditorActor: Deleted Actor: DirectionalLight
[2016.11.28-20.14.48:122][124]LogEditorActor: Deleted Actor: DirectionalLight
[2016.11.28-20.14.48:123][124]LogEditorActor: Deleted Actor: DirectionalLight
[2016.11.28-20.14.48:124][124]LogEditorActor: Deleted Actor: DirectionalLight
[2016.11.28-20.14.48:125][124]LogEditorActor: Deleted Actor: DirectionalLight
[2016.11.28-20.14.48:125][124]LogEditorActor: Deleted Actor: DirectionalLight
[2016.11.28-20.14.48:126][124]LogEditorActor: Deleted Actor: DirectionalLight
[2016.11.28-20.14.48:127][124]LogEditorActor: Deleted Actor: DirectionalLight
[2016.11.28-20.14.48:142][124]LogEditorActor: Deleted 11 Actors (7.728 secs)
[2016.11.28-20.14.54:931][305]LogEditorActor: Deleted Actor: AtmosphericFog
[2016.11.28-20.14.54:932][305]LogEditorActor: Deleted Actor: AtmosphericFog
[2016.11.28-20.14.54:932][305]LogEditorActor: Deleted Actor: AtmosphericFog
[2016.11.28-20.14.54:933][305]LogEditorActor: Deleted Actor: AtmosphericFog
[2016.11.28-20.14.54:933][305]LogEditorActor: Deleted Actor: AtmosphericFog
[2016.11.28-20.14.54:934][305]LogEditorActor: Deleted Actor: AtmosphericFog
[2016.11.28-20.14.54:935][305]LogEditorActor: Deleted Actor: AtmosphericFog
[2016.11.28-20.14.54:935][305]LogEditorActor: Deleted Actor: AtmosphericFog
[2016.11.28-20.14.54:936][305]LogEditorActor: Deleted Actor: AtmosphericFog
[2016.11.28-20.14.54:937][305]LogEditorActor: Deleted Actor: AtmosphericFog
[2016.11.28-20.14.54:938][305]LogEditorActor: Deleted Actor: AtmosphericFog
[2016.11.28-20.14.54:963][305]LogEditorActor: Deleted 11 Actors (0.032 secs)
[2016.11.28-20.14.59:035][410]LogEditorActor: Deleted Actor: StaticMeshActor
[2016.11.28-20.14.59:072][410]LogEditorActor: Deleted Actor: StaticMeshActor
[2016.11.28-20.14.59:073][410]LogEditorActor: Deleted Actor: StaticMeshActor
[2016.11.28-20.14.59:074][410]LogEditorActor: Deleted Actor: StaticMeshActor
[2016.11.28-20.14.59:074][410]LogEditorActor: Deleted Actor: StaticMeshActor
[2016.11.28-20.14.59:075][410]LogEditorActor: Deleted Actor: StaticMeshActor
[2016.11.28-20.14.59:075][410]LogEditorActor: Deleted Actor: StaticMeshActor
[2016.11.28-20.14.59:076][410]LogEditorActor: Deleted Actor: StaticMeshActor
[2016.11.28-20.14.59:076][410]LogEditorActor: Deleted Actor: StaticMeshActor
[2016.11.28-20.14.59:077][410]LogEditorActor: Deleted Actor: StaticMeshActor
[2016.11.28-20.14.59:077][410]LogEditorActor: Deleted Actor: StaticMeshActor
[2016.11.28-20.14.59:088][410]LogEditorActor: Deleted 11 Actors (0.055 secs)
[2016.11.28-20.15.05:329][607]LogEditorActor: Deleted Actor: PlayerStart
[2016.11.28-20.15.05:329][607]LogEditorActor: Deleted Actor: PlayerStart
[2016.11.28-20.15.05:330][607]LogEditorActor: Deleted Actor: PlayerStart
[2016.11.28-20.15.05:330][607]LogEditorActor: Deleted Actor: PlayerStart
[2016.11.28-20.15.05:331][607]LogEditorActor: Deleted Actor: PlayerStart
[2016.11.28-20.15.05:331][607]LogEditorActor: Deleted Actor: PlayerStart
[2016.11.28-20.15.05:332][607]LogEditorActor: Deleted Actor: PlayerStart
[2016.11.28-20.15.05:332][607]LogEditorActor: Deleted Actor: PlayerStart
[2016.11.28-20.15.05:333][607]LogEditorActor: Deleted Actor: PlayerStart
[2016.11.28-20.15.05:333][607]LogEditorActor: Deleted Actor: PlayerStart
[2016.11.28-20.15.05:334][607]LogEditorActor: Deleted Actor: PlayerStart
[2016.11.28-20.15.05:345][607]LogEditorActor: Deleted 11 Actors (0.016 secs)
[2016.11.28-20.15.10:087][757]LogEditorActor: Deleted Actor: BP_Sky_Sphere_C
[2016.11.28-20.15.10:127][757]LogEditorActor: Deleted Actor: BP_Sky_Sphere_C
[2016.11.28-20.15.10:128][757]LogEditorActor: Deleted Actor: BP_Sky_Sphere_C
[2016.11.28-20.15.10:129][757]LogEditorActor: Deleted Actor: BP_Sky_Sphere_C
[2016.11.28-20.15.10:129][757]LogEditorActor: Deleted Actor: BP_Sky_Sphere_C
[2016.11.28-20.15.10:130][757]LogEditorActor: Deleted Actor: BP_Sky_Sphere_C
[2016.11.28-20.15.10:130][757]LogEditorActor: Deleted Actor: BP_Sky_Sphere_C
[2016.11.28-20.15.10:131][757]LogEditorActor: Deleted Actor: BP_Sky_Sphere_C
[2016.11.28-20.15.10:131][757]LogEditorActor: Deleted Actor: BP_Sky_Sphere_C
[2016.11.28-20.15.10:132][757]LogEditorActor: Deleted Actor: BP_Sky_Sphere_C
[2016.11.28-20.15.10:132][757]LogEditorActor: Deleted Actor: BP_Sky_Sphere_C
[2016.11.28-20.15.10:142][757]LogEditorActor: Deleted 11 Actors (0.055 secs)
[2016.11.28-20.15.20:303][127]LogEditorActor: Deleted Actor: StaticMeshActor
[2016.11.28-20.15.20:333][127]LogEditorActor: Deleted Actor: StaticMeshActor
[2016.11.28-20.15.20:334][127]LogEditorActor: Deleted Actor: StaticMeshActor
[2016.11.28-20.15.20:335][127]LogEditorActor: Deleted Actor: StaticMeshActor
[2016.11.28-20.15.20:336][127]LogEditorActor: Deleted Actor: StaticMeshActor
[2016.11.28-20.15.20:337][127]LogEditorActor: Deleted Actor: StaticMeshActor
[2016.11.28-20.15.20:338][127]LogEditorActor: Deleted Actor: StaticMeshActor
[2016.11.28-20.15.20:338][127]LogEditorActor: Deleted Actor: StaticMeshActor
[2016.11.28-20.15.20:339][127]LogEditorActor: Deleted Actor: StaticMeshActor
[2016.11.28-20.15.20:340][127]LogEditorActor: Deleted Actor: StaticMeshActor
[2016.11.28-20.15.20:341][127]LogEditorActor: Deleted Actor: StaticMeshActor
[2016.11.28-20.15.20:359][127]LogEditorActor: Deleted 11 Actors (0.056 secs)
[2016.11.28-20.15.24:986][304]LogEditorActor: Deleted Actor: StaticMeshActor
[2016.11.28-20.15.25:014][304]LogEditorActor: Deleted Actor: StaticMeshActor
[2016.11.28-20.15.25:015][304]LogEditorActor: Deleted Actor: StaticMeshActor
[2016.11.28-20.15.25:016][304]LogEditorActor: Deleted Actor: StaticMeshActor
[2016.11.28-20.15.25:017][304]LogEditorActor: Deleted Actor: StaticMeshActor
[2016.11.28-20.15.25:018][304]LogEditorActor: Deleted Actor: StaticMeshActor
[2016.11.28-20.15.25:018][304]LogEditorActor: Deleted Actor: StaticMeshActor
[2016.11.28-20.15.25:019][304]LogEditorActor: Deleted Actor: StaticMeshActor
[2016.11.28-20.15.25:020][304]LogEditorActor: Deleted Actor: StaticMeshActor
[2016.11.28-20.15.25:021][304]LogEditorActor: Deleted Actor: StaticMeshActor
[2016.11.28-20.15.25:021][304]LogEditorActor: Deleted Actor: StaticMeshActor
[2016.11.28-20.15.25:039][304]LogEditorActor: Deleted 11 Actors (0.053 secs)
[2016.11.28-20.15.33:749][707]LogEditorActor: Deleted Actor: StaticMeshActor
[2016.11.28-20.15.33:768][707]LogEditorActor: Deleted Actor: StaticMeshActor
[2016.11.28-20.15.33:769][707]LogEditorActor: Deleted Actor: StaticMeshActor
[2016.11.28-20.15.33:769][707]LogEditorActor: Deleted Actor: StaticMeshActor
[2016.11.28-20.15.33:770][707]LogEditorActor: Deleted Actor: StaticMeshActor
[2016.11.28-20.15.33:771][707]LogEditorActor: Deleted Actor: StaticMeshActor
[2016.11.28-20.15.33:771][707]LogEditorActor: Deleted Actor: StaticMeshActor
[2016.11.28-20.15.33:772][707]LogEditorActor: Deleted Actor: StaticMeshActor
[2016.11.28-20.15.33:773][707]LogEditorActor: Deleted Actor: StaticMeshActor
[2016.11.28-20.15.33:774][707]LogEditorActor: Deleted Actor: StaticMeshActor
[2016.11.28-20.15.33:774][707]LogEditorActor: Deleted Actor: StaticMeshActor
[2016.11.28-20.15.33:792][707]LogEditorActor: Deleted 11 Actors (0.044 secs)
[2016.11.28-20.15.38:003][939]LogEditorViewport: Clicking on Actor (LMB): BP_Sky_Sphere_C (Sky Sphere)
[2016.11.28-20.15.45:951][329]Cmd: OBJ SAVEPACKAGE PACKAGE="/Game/NewMap" FILE="../../../../../../Users/user/Documents/Unreal Projects/udemy/BuildingEscape/Content/NewMap.umap" SILENT=true AUTOSAVING=false KEEPDIRTY=false
[2016.11.28-20.15.46:003][329]LogSavePackage: Save=25.23ms
[2016.11.28-20.15.46:003][329]LogSavePackage: Moving '../../../../../../Users/user/Documents/Unreal Projects/udemy/BuildingEscape/Saved/NewMap5289B8B748356D401E0A77975542293A.tmp' to '../../../../../../Users/user/Documents/Unreal Projects/udemy/BuildingEscape/Content/NewMap.umap'
[2016.11.28-20.15.46:007][329]LogSavePackage:Display: Finished SavePackage ../../../../../../Users/user/Documents/Unreal Projects/udemy/BuildingEscape/Content/NewMap.umap
[2016.11.28-20.15.46:033][329]Cmd: OBJ SAVEPACKAGE PACKAGE="/Game/NewMap_BuiltData" FILE="../../../../../../Users/user/Documents/Unreal Projects/udemy/BuildingEscape/Content/NewMap_BuiltData.uasset" SILENT=true
[2016.11.28-20.15.46:081][329]LogSavePackage: Save=38.23ms
[2016.11.28-20.15.46:081][329]LogSavePackage: Moving '../../../../../../Users/user/Documents/Unreal Projects/udemy/BuildingEscape/Saved/NewMap_BuiltData19FE6D6148C2559ABF04A682A99EC7C6.tmp' to '../../../../../../Users/user/Documents/Unreal Projects/udemy/BuildingEscape/Content/NewMap_BuiltData.uasset'
[2016.11.28-20.15.46:084][329]LogSavePackage:Display: Finished SavePackage ../../../../../../Users/user/Documents/Unreal Projects/udemy/BuildingEscape/Content/NewMap_BuiltData.uasset
[2016.11.28-20.15.54:651][763]LogTemp: Repeting last play command: Selected Viewport
[2016.11.28-20.15.54:664][763]LogPlayLevel: PlayLevel: No blueprints needed recompiling
[2016.11.28-20.15.54:664][763]PIE: New page: Sesión PIE (reproducción en el editor): NewMap (28/11/2016 22:15:54)
[2016.11.28-20.15.54:665][763]LogPlayLevel: Creating play world package: /Game/UEDPIE_0_NewMap
[2016.11.28-20.15.54:668][763]LogPlayLevel: PIE: StaticDuplicateObject took: (0.003550s)
[2016.11.28-20.15.54:670][763]LogAIModule: Creating AISystem for world NewMap
[2016.11.28-20.15.54:670][763]LogPlayLevel: PIE: World Init took: (0.001268s)
[2016.11.28-20.15.54:670][763]LogPlayLevel: PIE: Created PIE world by copying editor world from /Game/NewMap.NewMap to /Game/UEDPIE_0_NewMap.NewMap (0.005535s)
[2016.11.28-20.15.54:707][763]LogInit: XAudio2 using 'Philips 244E-4 (NVIDIA High Definition Audio)' : 2 channels at 48 kHz using 16 bits per sample (channel mask 0x3)
[2016.11.28-20.15.54:714][763]LogInit: FAudioDevice initialized.
[2016.11.28-20.15.54:758][763]LogUObjectGlobals:Warning: Error al encontrar el objeto 'Class /Script/BuildingEscape.BuildingEscapeGameMode'
[2016.11.28-20.15.54:758][763]LogLoad: Game class is 'GameModeBase'
[2016.11.28-20.15.54:760][763]LogWorld: Bringing World /Game/UEDPIE_0_NewMap.NewMap up for play (max tick rate 0) at 2016.11.28-21.15.54
[2016.11.28-20.15.54:761][763]LogWorld: Bringing up level for play took: 0.001274
[2016.11.28-20.15.54:870][763]LogContentBrowser: Native class hierarchy updated for 'MovieSceneCapture' in 0.0025 seconds. Added 11 classes and 0 folders.
[2016.11.28-20.15.54:871][763]LogTemp:Warning: SM_Chair_2 is at X=-190.000 Y=30.000 Z=20.000
[2016.11.28-20.15.54:871][763]PIE:Warning: Aviso Mobility of SM_Door_9 : StaticMeshComponent0 has to be 'Movable' if you'd like to move. 
[2016.11.28-20.15.54:872][763]PIE: Información Tiempo de inicio de la reproducción en el editor para  /Game/UEDPIE_0_NewMap -0,247
[2016.11.28-20.17.27:848][426]LogHotReload: New module detected: UE4Editor-BuildingEscape-1968.dll
[2016.11.28-20.17.29:861][471]LogHotReload: Starting Hot-Reload from IDE
[2016.11.28-20.17.30:043][471]LogContentBrowser: Native class hierarchy updated for 'BuildingEscape' in 0.0030 seconds. Added 3 classes and 2 folders.
[2016.11.28-20.17.30:048][471]Display: HotReload successful (0 functions remapped  0 scriptstructs remapped)
[2016.11.28-20.17.30:136][471]LogContentBrowser: Native class hierarchy populated in 0.0179 seconds. Added 2195 classes and 434 folders.
[2016.11.28-20.17.30:140][471]Display: HotReload took  0.3s.
[2016.11.28-20.17.44:967][316]LogTemp: Repeting last play command: Selected Viewport
[2016.11.28-20.17.44:981][316]LogPlayLevel: PlayLevel: No blueprints needed recompiling
[2016.11.28-20.17.44:981][316]PIE: New page: Sesión PIE (reproducción en el editor): NewMap (28/11/2016 22:17:44)
[2016.11.28-20.17.44:981][316]LogPlayLevel: Creating play world package: /Game/UEDPIE_0_NewMap
[2016.11.28-20.17.44:985][316]LogPlayLevel: PIE: StaticDuplicateObject took: (0.003749s)
[2016.11.28-20.17.44:987][316]LogAIModule: Creating AISystem for world NewMap
[2016.11.28-20.17.44:987][316]LogPlayLevel: PIE: World Init took: (0.001645s)
[2016.11.28-20.17.44:988][316]LogPlayLevel: PIE: Created PIE world by copying editor world from /Game/NewMap.NewMap to /Game/UEDPIE_0_NewMap.NewMap (0.006537s)
[2016.11.28-20.17.45:020][316]LogInit: XAudio2 using 'Philips 244E-4 (NVIDIA High Definition Audio)' : 2 channels at 48 kHz using 16 bits per sample (channel mask 0x3)
[2016.11.28-20.17.45:026][316]LogInit: FAudioDevice initialized.
[2016.11.28-20.17.45:056][316]LogUObjectGlobals:Warning: Error al encontrar el objeto 'Class /Script/BuildingEscape.BuildingEscapeGameMode'
[2016.11.28-20.17.45:056][316]LogLoad: Game class is 'GameModeBase'
[2016.11.28-20.17.45:058][316]LogWorld: Bringing World /Game/UEDPIE_0_NewMap.NewMap up for play (max tick rate 0) at 2016.11.28-21.17.45
[2016.11.28-20.17.45:059][316]LogWorld: Bringing up level for play took: 0.001262
[2016.11.28-20.17.45:060][316]PIE:Warning: Aviso Mobility of SM_Door_9 : StaticMeshComponent0 has to be 'Movable' if you'd like to move. 
[2016.11.28-20.17.45:060][316]LogTemp:Warning: SM_Chair_2 is at X=-190.000 Y=30.000 Z=20.000
[2016.11.28-20.17.45:061][316]PIE: Información Tiempo de inicio de la reproducción en el editor para  /Game/UEDPIE_0_NewMap -0,058
[2016.11.28-20.17.51:451][682]MapCheck: New page: Revisión del mapa
[2016.11.28-20.17.51:465][682]Cmd: MAP REBUILD ALLVISIBLE
[2016.11.28-20.17.51:466][682]LogEditorServer: Rebuildmap Clear paths rebuilt
[2016.11.28-20.17.51:627][682]LightingResults: New page: Diseño de la iluminación - 28/11/2016 22:17:51
[2016.11.28-20.17.51:693][682]LogSwarmInterface: [OpenConnection] Registering TCP channel ...
[2016.11.28-20.17.51:774][682]LogSwarmInterface: [OpenConnection] Connecting to agent ...
[2016.11.28-20.17.51:864][682]LogSwarmInterface: [TryOpenConnection] Testing the Agent
[2016.11.28-20.17.52:404][682]LogSwarmInterface: [TryOpenConnection] Opening Connection to Agent
[2016.11.28-20.17.52:404][682]LogSwarmInterface: [TryOpenConnection] Local Process ID is 8180
[2016.11.28-20.17.55:233][682]LogStaticLightingSystem:Warning: No importance volume found, so the scene bounding box was used.  You can optimize your scene's quality and lighting build times by adding importance volumes.
[2016.11.28-20.17.55:233][682]LogStaticLightingSystem: Running Lightmass w/ ImmediateImport mode ENABLED
[2016.11.28-20.17.55:233][682]LogStaticLightingSystem: Running Lightmass w/ ImmediateProcess mode ENABLED
[2016.11.28-20.17.55:233][682]LogStaticLightingSystem: Running Lightmass w/ Sorting mode ENABLED
[2016.11.28-20.17.55:233][682]LogStaticLightingSystem: Running Lightmass w/ Mapping paddings ENABLED
[2016.11.28-20.17.55:233][682]LogStaticLightingSystem: Running Lightmass w/ Mapping debug paddings DISABLED
[2016.11.28-20.17.55:425][682]Cmd: MAP CHECK DONTDISPLAYDIALOG
[2016.11.28-20.17.55:425][682]MapCheck: New page: NewMap - 28/11/2016 22:17:55
[2016.11.28-20.17.55:426][682]MapCheck:Error: Error WorldSettings_1 Los mapas necesitan rediseñar la iluminación 
[2016.11.28-20.17.55:560][682]MapCheck: Información Map check complete: 1 Error(s), 0 Warning(s), took 134,923ms to complete.
[2016.11.28-20.17.55:583][682]LogEditorBuildUtils: Build time 0:04
[2016.11.28-20.17.55:678][683]LogMaterial: Missing cached shader map for material FLightmassMaterialRenderer M_Door, compiling. 
[2016.11.28-20.17.55:688][683]LogMaterial: Missing cached shader map for material FLightmassMaterialRenderer M_Door, compiling. 
[2016.11.28-20.17.55:755][684]LogMaterial: Missing cached shader map for material FLightmassMaterialRenderer M_Glass, compiling. 
[2016.11.28-20.17.55:763][684]LogMaterial: Missing cached shader map for material FLightmassMaterialRenderer M_Glass, compiling. 
[2016.11.28-20.17.59:001][744]Job is a success!
[2016.11.28-20.17.59:269][745]LogTexture:Display: Generando texturas: HQ_Lightmap0_1 (AutoDXT)
[2016.11.28-20.17.59:269][745]LogTexture:Display: Generando texturas: LQ_Lightmap_0_1 (DXT1)
[2016.11.28-20.17.59:269][745]LogTexture:Display: Generando texturas: HQ_Lightmap0_2 (AutoDXT)
[2016.11.28-20.17.59:269][745]LogTexture:Display: Generando texturas: LQ_Lightmap_0_2 (DXT1)
[2016.11.28-20.17.59:269][745]LogTexture:Display: Generando texturas: ShadowMapTexture2D_0 (G8)
[2016.11.28-20.17.59:270][745]LogTexture:Display: Generando texturas: ShadowMapTexture2D_1 (G8)
[2016.11.28-20.17.59:296][745]Lightmass on DESKTOP-TCO7O6N: 1.33 sec total, 119 ms importing, 20 ms setup, 304 ms photons, 865 ms processing, 0 ms extra exporting [5/5 mappings]. Threads: 5.89 sec total, 1.21 sec processing.
[2016.11.28-20.17.59:320][745]LogStaticLightingSystem: Illumination: 7.65 sec (99 ms encoding lightmaps, 59 ms encoding shadowmaps)
[2016.11.28-20.17.59:321][745]LogStaticLightingSystem: Lightmap texture memory:  0.5 MB (0.5 MB streaming, 0.0 MB non-streaming), 4 textures
[2016.11.28-20.17.59:321][745]LogStaticLightingSystem: Shadowmap texture memory: 0.2 MB (0.2 MB streaming, 0.0 MB non-streaming), 2 textures
[2016.11.28-20.18.00:236][745]DumpUnbuiltLightIteractions
[2016.11.28-20.18.00:236][745]Lights with unbuilt interactions: 0
[2016.11.28-20.18.00:236][745]
[2016.11.28-20.18.00:236][745]Primitives with unbuilt interactions: 0
[2016.11.28-20.18.00:259][746]Cmd: MAP CHECK NOTIFYRESULTS
[2016.11.28-20.18.00:260][746]MapCheck: New page: NewMap - 28/11/2016 22:18:00
[2016.11.28-20.18.00:390][746]MapCheck: Información Map check complete: 0 Error(s), 0 Warning(s), took 130,671ms to complete.
[2016.11.28-20.18.05:959][125]LogTemp: Repeting last play command: Selected Viewport
[2016.11.28-20.18.05:976][125]LogPlayLevel: PlayLevel: No blueprints needed recompiling
[2016.11.28-20.18.05:977][125]PIE: New page: Sesión PIE (reproducción en el editor): NewMap (28/11/2016 22:18:05)
[2016.11.28-20.18.05:977][125]LogPlayLevel: Creating play world package: /Game/UEDPIE_0_NewMap
[2016.11.28-20.18.05:980][125]LogPlayLevel: PIE: StaticDuplicateObject took: (0.002815s)
[2016.11.28-20.18.05:981][125]LogAIModule: Creating AISystem for world NewMap
[2016.11.28-20.18.05:981][125]LogPlayLevel: PIE: World Init took: (0.001123s)
[2016.11.28-20.18.05:982][125]LogPlayLevel: PIE: Created PIE world by copying editor world from /Game/NewMap.NewMap to /Game/UEDPIE_0_NewMap.NewMap (0.004548s)
[2016.11.28-20.18.06:013][125]LogInit: XAudio2 using 'Philips 244E-4 (NVIDIA High Definition Audio)' : 2 channels at 48 kHz using 16 bits per sample (channel mask 0x3)
[2016.11.28-20.18.06:020][125]LogInit: FAudioDevice initialized.
[2016.11.28-20.18.06:056][125]LogUObjectGlobals:Warning: Error al encontrar el objeto 'Class /Script/BuildingEscape.BuildingEscapeGameMode'
[2016.11.28-20.18.06:056][125]LogLoad: Game class is 'GameModeBase'
[2016.11.28-20.18.06:058][125]LogWorld: Bringing World /Game/UEDPIE_0_NewMap.NewMap up for play (max tick rate 0) at 2016.11.28-21.18.06
[2016.11.28-20.18.06:058][125]LogWorld: Bringing up level for play took: 0.001223
[2016.11.28-20.18.06:060][125]PIE:Warning: Aviso Mobility of SM_Door_9 : StaticMeshComponent0 has to be 'Movable' if you'd like to move. 
[2016.11.28-20.18.06:060][125]LogTemp:Warning: SM_Chair_2 is at X=-190.000 Y=30.000 Z=20.000
[2016.11.28-20.18.06:060][125]PIE: Información Tiempo de inicio de la reproducción en el editor para  /Game/UEDPIE_0_NewMap 0,942
[2016.11.28-20.19.48:073][871]LogTemp: Repeting last play command: Selected Viewport
[2016.11.28-20.19.48:087][871]LogPlayLevel: PlayLevel: No blueprints needed recompiling
[2016.11.28-20.19.48:088][871]PIE: New page: Sesión PIE (reproducción en el editor): NewMap (28/11/2016 22:19:48)
[2016.11.28-20.19.48:088][871]LogPlayLevel: Creating play world package: /Game/UEDPIE_0_NewMap
[2016.11.28-20.19.48:092][871]LogPlayLevel: PIE: StaticDuplicateObject took: (0.004303s)
[2016.11.28-20.19.48:094][871]LogAIModule: Creating AISystem for world NewMap
[2016.11.28-20.19.48:095][871]LogPlayLevel: PIE: World Init took: (0.001859s)
[2016.11.28-20.19.48:095][871]LogPlayLevel: PIE: Created PIE world by copying editor world from /Game/NewMap.NewMap to /Game/UEDPIE_0_NewMap.NewMap (0.006993s)
[2016.11.28-20.19.48:132][871]LogInit: XAudio2 using 'Philips 244E-4 (NVIDIA High Definition Audio)' : 2 channels at 48 kHz using 16 bits per sample (channel mask 0x3)
[2016.11.28-20.19.48:139][871]LogInit: FAudioDevice initialized.
[2016.11.28-20.19.48:179][871]LogUObjectGlobals:Warning: Error al encontrar el objeto 'Class /Script/BuildingEscape.BuildingEscapeGameMode'
[2016.11.28-20.19.48:180][871]LogLoad: Game class is 'GameModeBase'
[2016.11.28-20.19.48:183][871]LogWorld: Bringing World /Game/UEDPIE_0_NewMap.NewMap up for play (max tick rate 0) at 2016.11.28-21.19.48
[2016.11.28-20.19.48:184][871]LogWorld: Bringing up level for play took: 0.002424
[2016.11.28-20.19.48:185][871]LogTemp:Warning: SM_Chair_2 is at X=-190.000 Y=30.000 Z=20.000
[2016.11.28-20.19.48:186][871]PIE: Información Tiempo de inicio de la reproducción en el editor para  /Game/UEDPIE_0_NewMap 1,067
[2016.11.28-20.26.02:962][210]LogSavePackage: Save=33.19ms
[2016.11.28-20.26.02:962][210]LogSavePackage: Moving '../../../../../../Users/user/Documents/Unreal Projects/udemy/BuildingEscape/Saved/NewMap_Auto13E85DCF74541323005A8FCB8D679160F.tmp' to '../../../../../../Users/user/Documents/Unreal Projects/udemy/BuildingEscape/Saved/Autosaves/Game/NewMap_Auto1.umap'
[2016.11.28-20.26.02:964][210]LogSavePackage:Display: Finished SavePackage ../../../../../../Users/user/Documents/Unreal Projects/udemy/BuildingEscape/Saved/Autosaves/Game/NewMap_Auto1.umap
[2016.11.28-20.26.02:969][210]Cmd: OBJ SAVEPACKAGE PACKAGE="/Game/NewMap_BuiltData" FILE="../../../../../../Users/user/Documents/Unreal Projects/udemy/BuildingEscape/Content/NewMap_BuiltData.uasset" SILENT=true
[2016.11.28-20.26.02:981][210]LogSavePackage: Save=5.02ms
[2016.11.28-20.26.02:981][210]LogSavePackage: Moving '../../../../../../Users/user/Documents/Unreal Projects/udemy/BuildingEscape/Saved/NewMap_BuiltData6613ACB8460A760EA91386838CF2500C.tmp' to '../../../../../../Users/user/Documents/Unreal Projects/udemy/BuildingEscape/Content/NewMap_BuiltData.uasset'
[2016.11.28-20.26.02:983][210]LogSavePackage:Display: Finished SavePackage ../../../../../../Users/user/Documents/Unreal Projects/udemy/BuildingEscape/Content/NewMap_BuiltData.uasset
[2016.11.28-20.26.02:985][210]LogFileHelpers: Editor autosave (incl. sublevels) for '/Game/NewMap' took 0.086
[2016.11.28-20.26.02:985][210]LogFileHelpers: Editor autosave (incl. sublevels) for all levels took 0.086
[2016.11.28-20.39.31:045][828]Cmd: OBJ SAVEPACKAGE PACKAGE="/Game/NewMap" FILE="../../../../../../Users/user/Documents/Unreal Projects/udemy/BuildingEscape/Content/NewMap.umap" SILENT=true AUTOSAVING=false KEEPDIRTY=false
[2016.11.28-20.39.31:090][828]LogSavePackage: Save=25.19ms
[2016.11.28-20.39.31:090][828]LogSavePackage: Moving '../../../../../../Users/user/Documents/Unreal Projects/udemy/BuildingEscape/Saved/NewMap0D2B856A4C7B7FB0A26A44996D16A62F.tmp' to '../../../../../../Users/user/Documents/Unreal Projects/udemy/BuildingEscape/Content/NewMap.umap'
[2016.11.28-20.39.31:093][828]LogSavePackage:Display: Finished SavePackage ../../../../../../Users/user/Documents/Unreal Projects/udemy/BuildingEscape/Content/NewMap.umap
[2016.11.28-20.39.31:139][828]LogFileHelpers: Saving map 'NewMap' took 0.231
[2016.11.28-20.39.31:448][829]Cmd: QUIT_EDITOR
[2016.11.28-20.39.32:017][829]LogWindowsTextInputMethodSystem:Display: IME system now deactivated.
[2016.11.28-20.39.32:055][829]LogExit: Preparing to exit.
[2016.11.28-20.39.33:104][829]LogDirectoryWatcher: A directory notification for 'C:/Users/user/Documents/Unreal Projects/udemy/BuildingEscape/Content/' was aborted.
[2016.11.28-20.39.33:189][829]LogExit: Editor shut down
[2016.11.28-20.39.33:191][829]LogExit: Transaction tracking system shut down
[2016.11.28-20.39.33:299][829]LogObj: Freed 0b from 0 cluster array pools.
[2016.11.28-20.39.33:299][829]LogExit: Object subsystem successfully closed.
[2016.11.28-20.39.33:327][829]LogD3D11RHI: Shutdown
[2016.11.28-20.39.33:327][829]LogD3D11RHI: CleanupD3DDevice
[2016.11.28-20.39.33:410][829]LogD3D11RHI: ~FD3D11DynamicRHI
[2016.11.28-20.39.33:456][829]LogHttp:Display: Http module shutting down, but needs to wait on 1 outstanding Http requests:
[2016.11.28-20.39.33:456][829]LogHttp:Display: 	verb=[POST] url=[https://datarouter.ol.epicgames.com/datarouter/api/v1/public/data?SessionID=%7B3CF6E768-471E-CC4A-E4F0-EAB40F95DCF7%7D&AppID=UEEditor.Rocket.Release&AppVersion=4.14.0-3195953%2B%2B%2BUE4%2BRelease-4.14&UserID=0eac92404feefc51d49b8f9a3c93c30a%7Ce2195799c31a4294ba0badb4acc8b132%7Cfc128a79-c7d3-47c9-a47a-322eb38aa5e6&AppEnvironment=datacollector-binary&UploadType=eteventstream] status=Processing
[2016.11.28-20.39.33:463][829]LogModuleManager: Shutting down and abandoning module HierarchicalLODUtilities (244)
[2016.11.28-20.39.33:463][829]LogModuleManager: Shutting down and abandoning module MovieSceneCapture (243)
[2016.11.28-20.39.33:463][829]LogModuleManager: Shutting down and abandoning module HierarchicalLODOutliner (242)
[2016.11.28-20.39.33:463][829]LogModuleManager: Shutting down and abandoning module CrashTracker (241)
[2016.11.28-20.39.33:463][829]LogModuleManager: Shutting down and abandoning module SceneOutliner (240)
[2016.11.28-20.39.33:463][829]LogModuleManager: Shutting down and abandoning module WidgetCarousel (239)
[2016.11.28-20.39.33:463][829]LogModuleManager: Shutting down and abandoning module AddContentDialog (238)
[2016.11.28-20.39.33:463][829]LogDirectoryWatcher: A directory notification for 'C:/Program Files (x86)/Epic Games/4.14/FeaturePacks/' was aborted.
[2016.11.28-20.39.33:468][829]LogModuleManager: Shutting down and abandoning module GameplayTags (237)
[2016.11.28-20.39.33:468][829]LogModuleManager: Shutting down and abandoning module EditorWidgets (236)
[2016.11.28-20.39.33:468][829]LogModuleManager: Shutting down and abandoning module CollectionManager (235)
[2016.11.28-20.39.33:468][829]LogDirectoryWatcher: A directory notification for 'C:/Users/user/Documents/Unreal Projects/udemy/BuildingEscape/Content/Collections/' was aborted.
[2016.11.28-20.39.33:468][829]LogDirectoryWatcher: A directory notification for 'C:/Users/user/Documents/Unreal Projects/udemy/BuildingEscape/Content/Developers/user/Collections/' was aborted.
[2016.11.28-20.39.33:468][829]LogDirectoryWatcher: A directory notification for 'C:/Users/user/Documents/Unreal Projects/udemy/BuildingEscape/Saved/Collections/' was aborted.
[2016.11.28-20.39.33:468][829]LogModuleManager: Shutting down and abandoning module StatsViewer (234)
[2016.11.28-20.39.33:468][829]LogModuleManager: Shutting down and abandoning module FoliageEdit (233)
[2016.11.28-20.39.33:468][829]LogModuleManager: Shutting down and abandoning module LandscapeEditor (232)
[2016.11.28-20.39.33:468][829]LogModuleManager: Shutting down and abandoning module SceneDepthPickerMode (231)
[2016.11.28-20.39.33:468][829]LogModuleManager: Shutting down and abandoning module ActorPickerMode (230)
[2016.11.28-20.39.33:468][829]LogModuleManager: Shutting down and abandoning module GeometryMode (229)
[2016.11.28-20.39.33:468][829]LogModuleManager: Shutting down and abandoning module TextureAlignMode (228)
[2016.11.28-20.39.33:468][829]LogModuleManager: Shutting down and abandoning module BspMode (227)
[2016.11.28-20.39.33:468][829]LogModuleManager: Shutting down and abandoning module HardwareSurvey (226)
[2016.11.28-20.39.33:468][829]LogModuleManager: Shutting down and abandoning module SequenceRecorderSections (225)
[2016.11.28-20.39.33:468][829]LogModuleManager: Shutting down and abandoning module AutomationWorker (224)
[2016.11.28-20.39.33:468][829]LogModuleManager: Shutting down and abandoning module MatineeToLevelSequence (223)
[2016.11.28-20.39.33:468][829]LogModuleManager: Shutting down and abandoning module PlacementMode (222)
[2016.11.28-20.39.33:469][829]LogModuleManager: Shutting down and abandoning module LevelSequenceEditor (221)
[2016.11.28-20.39.33:469][829]LogModuleManager: Shutting down and abandoning module WmfMediaFactory (220)
[2016.11.28-20.39.33:469][829]LogModuleManager: Shutting down and abandoning module WmfMediaEditor (219)
[2016.11.28-20.39.33:469][829]LogModuleManager: Shutting down and abandoning module AvfMediaFactory (218)
[2016.11.28-20.39.33:469][829]LogModuleManager: Shutting down and abandoning module AvfMediaEditor (217)
[2016.11.28-20.39.33:469][829]LogModuleManager: Shutting down and abandoning module Media (216)
[2016.11.28-20.39.33:469][829]LogModuleManager: Shutting down and abandoning module AndroidMediaFactory (215)
[2016.11.28-20.39.33:469][829]LogModuleManager: Shutting down and abandoning module AndroidMediaEditor (214)
[2016.11.28-20.39.33:469][829]LogModuleManager: Shutting down and abandoning module CharacterAI (213)
[2016.11.28-20.39.33:469][829]LogModuleManager: Shutting down and abandoning module SequenceRecorder (212)
[2016.11.28-20.39.33:469][829]LogModuleManager: Shutting down and abandoning module AudioCapture (211)
[2016.11.28-20.39.33:469][829]LogModuleManager: Shutting down and abandoning module SmartSnapping (210)
[2016.11.28-20.39.33:469][829]LogModuleManager: Shutting down and abandoning module SessionServices (209)
[2016.11.28-20.39.33:469][829]LogModuleManager: Shutting down and abandoning module ViewportSnapping (208)
[2016.11.28-20.39.33:469][829]LogModuleManager: Shutting down and abandoning module ViewportInteraction (207)
[2016.11.28-20.39.33:469][829]LogModuleManager: Shutting down and abandoning module LogVisualizer (206)
[2016.11.28-20.39.33:469][829]LogModuleManager: Shutting down and abandoning module GameProjectGeneration (205)
[2016.11.28-20.39.33:469][829]LogModuleManager: Shutting down and abandoning module IntroTutorials (204)
[2016.11.28-20.39.33:469][829]LogModuleManager: Shutting down and abandoning module EditorLiveStreaming (203)
[2016.11.28-20.39.33:469][829]LogModuleManager: Shutting down and abandoning module IOSPlatformEditor (202)
[2016.11.28-20.39.33:469][829]LogModuleManager: Shutting down and abandoning module HTML5PlatformEditor (201)
[2016.11.28-20.39.33:469][829]LogModuleManager: Shutting down and abandoning module AndroidDeviceDetection (200)
[2016.11.28-20.39.34:238][829]LogModuleManager: Shutting down and abandoning module AndroidPlatformEditor (199)
[2016.11.28-20.39.34:238][829]LogModuleManager: Shutting down and abandoning module IOSRuntimeSettings (198)
[2016.11.28-20.39.34:238][829]LogModuleManager: Shutting down and abandoning module AndroidRuntimeSettings (197)
[2016.11.28-20.39.34:238][829]LogModuleManager: Shutting down and abandoning module InputBindingEditor (196)
[2016.11.28-20.39.34:238][829]LogModuleManager: Shutting down and abandoning module NiagaraEditor (195)
[2016.11.28-20.39.34:238][829]LogModuleManager: Shutting down and abandoning module MergeActors (194)
[2016.11.28-20.39.34:238][829]LogModuleManager: Shutting down and abandoning module SizeMap (193)
[2016.11.28-20.39.34:238][829]LogModuleManager: Shutting down and abandoning module TreeMap (192)
[2016.11.28-20.39.34:238][829]LogModuleManager: Shutting down and abandoning module ReferenceViewer (191)
[2016.11.28-20.39.34:238][829]LogModuleManager: Shutting down and abandoning module LocalizationService (190)
[2016.11.28-20.39.34:238][829]LogModuleManager: Shutting down and abandoning module LocalizationDashboard (189)
[2016.11.28-20.39.34:239][829]LogModuleManager: Shutting down and abandoning module HardwareTargeting (188)
[2016.11.28-20.39.34:239][829]LogModuleManager: Shutting down and abandoning module DeviceProfileEditor (187)
[2016.11.28-20.39.34:239][829]LogModuleManager: Shutting down and abandoning module UndoHistory (186)
[2016.11.28-20.39.34:239][829]LogModuleManager: Shutting down and abandoning module UserFeedback (185)
[2016.11.28-20.39.34:239][829]LogModuleManager: Shutting down and abandoning module XmlParser (184)
[2016.11.28-20.39.34:239][829]LogModuleManager: Shutting down and abandoning module Blutility (183)
[2016.11.28-20.39.34:239][829]LogModuleManager: Shutting down and abandoning module ProjectTargetPlatformEditor (182)
[2016.11.28-20.39.34:239][829]LogModuleManager: Shutting down and abandoning module ProjectSettingsViewer (181)
[2016.11.28-20.39.34:239][829]LogModuleManager: Shutting down and abandoning module EditorSettingsViewer (180)
[2016.11.28-20.39.34:239][829]LogModuleManager: Shutting down and abandoning module SettingsEditor (179)
[2016.11.28-20.39.34:239][829]LogModuleManager: Shutting down and abandoning module ProjectLauncher (178)
[2016.11.28-20.39.34:239][829]LogModuleManager: Shutting down and abandoning module SessionFrontend (177)
[2016.11.28-20.39.34:239][829]LogModuleManager: Shutting down and abandoning module ProfilerClient (176)
[2016.11.28-20.39.34:239][829]LogModuleManager: Shutting down and abandoning module TargetDeviceServices (175)
[2016.11.28-20.39.34:239][829]LogModuleManager: Shutting down and abandoning module DeviceManager (174)
[2016.11.28-20.39.34:282][829]LogModuleManager: Shutting down and abandoning module AutomationController (173)
[2016.11.28-20.39.34:282][829]LogModuleManager: Shutting down and abandoning module AutomationWindow (172)
[2016.11.28-20.39.34:282][829]LogModuleManager: Shutting down and abandoning module Layers (171)
[2016.11.28-20.39.34:282][829]LogModuleManager: Shutting down and abandoning module ComponentVisualizers (170)
[2016.11.28-20.39.34:282][829]LogModuleManager: Shutting down and abandoning module DetailCustomizations (169)
[2016.11.28-20.39.34:282][829]LogModuleManager: Shutting down and abandoning module PackagesDialog (168)
[2016.11.28-20.39.34:282][829]LogModuleManager: Shutting down and abandoning module AnimGraph (167)
[2016.11.28-20.39.34:282][829]LogModuleManager: Shutting down and abandoning module Persona (166)
[2016.11.28-20.39.34:282][829]LogModuleManager: Shutting down and abandoning module Kismet (165)
[2016.11.28-20.39.34:283][829]LogModuleManager: Shutting down and abandoning module GraphEditor (164)
[2016.11.28-20.39.34:283][829]LogModuleManager: Shutting down and abandoning module ClassViewer (163)
[2016.11.28-20.39.34:283][829]LogModuleManager: Shutting down and abandoning module Toolbox (162)
[2016.11.28-20.39.34:283][829]LogModuleManager: Shutting down and abandoning module ModuleUI (161)
[2016.11.28-20.39.34:283][829]LogModuleManager: Shutting down and abandoning module MovieSceneTools (160)
[2016.11.28-20.39.34:283][829]LogModuleManager: Shutting down and abandoning module OutputLog (159)
[2016.11.28-20.39.34:283][829]LogModuleManager: Shutting down and abandoning module GammaUI (158)
[2016.11.28-20.39.34:283][829]LogModuleManager: Shutting down and abandoning module Documentation (157)
[2016.11.28-20.39.34:283][829]LogModuleManager: Shutting down and abandoning module Niagara (156)
[2016.11.28-20.39.34:283][829]LogModuleManager: Shutting down and abandoning module StreamingPauseRendering (155)
[2016.11.28-20.39.34:283][829]LogModuleManager: Shutting down and abandoning module AnalyticsET (154)
[2016.11.28-20.39.34:283][829]LogModuleManager: Shutting down and abandoning module PortalServices (153)
[2016.11.28-20.39.34:283][829]LogModuleManager: Shutting down and abandoning module PortalRpc (152)
[2016.11.28-20.39.34:283][829]LogModuleManager: Shutting down and abandoning module MessagingRpc (151)
[2016.11.28-20.39.34:283][829]LogModuleManager: Shutting down and abandoning module GameplayDebugger (150)
[2016.11.28-20.39.34:283][829]LogModuleManager: Shutting down and abandoning module AITestSuite (149)
[2016.11.28-20.39.34:283][829]LogModuleManager: Shutting down and abandoning module AIModule (148)
[2016.11.28-20.39.34:283][829]LogModuleManager: Shutting down and abandoning module ProfilerService (147)
[2016.11.28-20.39.34:360][829]LogModuleManager: Shutting down and abandoning module TaskGraph (146)
[2016.11.28-20.39.34:360][829]LogModuleManager: Shutting down and abandoning module SlateRemote (145)
[2016.11.28-20.39.34:360][829]LogModuleManager: Shutting down and abandoning module SteamVRController (144)
[2016.11.28-20.39.34:360][829]LogModuleManager: Shutting down and abandoning module SteamVR (143)
[2016.11.28-20.39.34:360][829]LogModuleManager: Shutting down and abandoning module ProceduralMeshComponentEditor (142)
[2016.11.28-20.39.34:360][829]LogModuleManager: Shutting down and abandoning module ProceduralMeshComponent (141)
[2016.11.28-20.39.34:360][829]LogModuleManager: Shutting down and abandoning module OculusLibrary (140)
[2016.11.28-20.39.34:360][829]LogModuleManager: Shutting down and abandoning module OculusInput (139)
[2016.11.28-20.39.34:360][829]LogModuleManager: Shutting down and abandoning module MobilePatchingUtils (138)
[2016.11.28-20.39.34:360][829]LogModuleManager: Shutting down and abandoning module CustomMeshComponent (137)
[2016.11.28-20.39.34:360][829]LogModuleManager: Shutting down and abandoning module CableComponent (136)
[2016.11.28-20.39.34:360][829]LogModuleManager: Shutting down and abandoning module ArchVisCharacter (135)
[2016.11.28-20.39.34:360][829]LogModuleManager: Shutting down and abandoning module MediaPlayerEditor (133)
[2016.11.28-20.39.34:360][829]LogModuleManager: Shutting down and abandoning module HTML5Networking (132)
[2016.11.28-20.39.34:360][829]LogModuleManager: Shutting down and abandoning module GeometryCacheEd (131)
[2016.11.28-20.39.34:360][829]LogModuleManager: Shutting down and abandoning module GeometryCache (130)
[2016.11.28-20.39.34:360][829]LogModuleManager: Shutting down and abandoning module AlembicLibrary (129)
[2016.11.28-20.39.34:361][829]LogModuleManager: Shutting down and abandoning module AlembicImporter (128)
[2016.11.28-20.39.34:361][829]LogModuleManager: Shutting down and abandoning module SuperSearch (127)
[2016.11.28-20.39.34:361][829]LogModuleManager: Shutting down and abandoning module SuperSearchEditor (126)
[2016.11.28-20.39.34:361][829]LogModuleManager: Shutting down and abandoning module SpeedTreeImporter (125)
[2016.11.28-20.39.34:361][829]LogModuleManager: Shutting down and abandoning module PluginBrowser (124)
[2016.11.28-20.39.34:361][829]LogModuleManager: Shutting down and abandoning module MobileLauncherProfileWizard (123)
[2016.11.28-20.39.34:361][829]LogModuleManager: Shutting down and abandoning module EpicSurvey (122)
[2016.11.28-20.39.34:361][829]LogModuleManager: Shutting down and abandoning module DesktopPlatform (121)
[2016.11.28-20.39.34:361][829]LogModuleManager: Shutting down and abandoning module VisualStudioSourceCodeAccess (120)
[2016.11.28-20.39.34:361][829]LogModuleManager: Shutting down and abandoning module UObjectPlugin (119)
[2016.11.28-20.39.34:361][829]LogModuleManager: Shutting down and abandoning module SubversionSourceControl (118)
[2016.11.28-20.39.34:361][829]LogModuleManager: Shutting down and abandoning module PerforceSourceControl (117)
[2016.11.28-20.39.34:361][829]LogModuleManager: Shutting down and abandoning module SourceControl (116)
[2016.11.28-20.39.34:361][829]LogModuleManager: Shutting down and abandoning module GitSourceControl (115)
[2016.11.28-20.39.34:361][829]LogModuleManager: Shutting down and abandoning module LightPropagationVolumeEditor (114)
[2016.11.28-20.39.34:361][829]LogModuleManager: Shutting down and abandoning module PaperTiledImporter (113)
[2016.11.28-20.39.34:361][829]LogModuleManager: Shutting down and abandoning module PaperSpriteSheetImporter (112)
[2016.11.28-20.39.34:361][829]LogModuleManager: Shutting down and abandoning module MeshPaint (111)
[2016.11.28-20.39.34:361][829]LogModuleManager: Shutting down and abandoning module PixelInspectorModule (110)
[2016.11.28-20.39.34:361][829]LogModuleManager: Shutting down and abandoning module HotReload (109)
[2016.11.28-20.39.34:361][829]LogDirectoryWatcher: A directory notification for 'C:/Users/user/Documents/Unreal Projects/udemy/BuildingEscape/Binaries/Win64' was aborted.
[2016.11.28-20.39.34:361][829]LogModuleManager: Shutting down and abandoning module MainFrame (108)
[2016.11.28-20.39.34:362][829]LogModuleManager: Shutting down and abandoning module LevelEditor (107)
[2016.11.28-20.39.34:363][829]LogModuleManager: Shutting down and abandoning module ContentBrowser (106)
[2016.11.28-20.39.34:364][829]LogModuleManager: Shutting down and abandoning module Paper2DEditor (105)
[2016.11.28-20.39.34:364][829]LogModuleManager: Shutting down and abandoning module BuildingEscape (104)
[2016.11.28-20.39.34:364][829]LogModuleManager: Shutting down and abandoning module UdpMessaging (103)
[2016.11.28-20.39.34:465][829]LogModuleManager: Shutting down and abandoning module TcpMessaging (102)
[2016.11.28-20.39.34:566][829]LogModuleManager: Shutting down and abandoning module LightPropagationVolumeRuntime (101)
[2016.11.28-20.39.34:566][829]LogModuleManager: Shutting down and abandoning module Paper2D (100)
[2016.11.28-20.39.34:566][829]LogModuleManager: Shutting down and abandoning module WindowsMoviePlayer (99)
[2016.11.28-20.39.34:566][829]LogModuleManager: Shutting down and abandoning module WmfMedia (98)
[2016.11.28-20.39.34:566][829]LogModuleManager: Shutting down and abandoning module MediaAssets (97)
[2016.11.28-20.39.34:566][829]LogModuleManager: Shutting down and abandoning module GameLiveStreaming (96)
[2016.11.28-20.39.34:566][829]LogModuleManager: Shutting down and abandoning module GameplayTagsEditor (95)
[2016.11.28-20.39.34:566][829]LogModuleManager: Shutting down and abandoning module VREditor (94)
[2016.11.28-20.39.34:566][829]LogModuleManager: Shutting down and abandoning module GameplayTasksEditor (93)
[2016.11.28-20.39.34:566][829]LogModuleManager: Shutting down and abandoning module BehaviorTreeEditor (92)
[2016.11.28-20.39.34:566][829]LogModuleManager: Shutting down and abandoning module FunctionalTesting (91)
[2016.11.28-20.39.34:566][829]LogModuleManager: Shutting down and abandoning module CollisionAnalyzer (90)
[2016.11.28-20.39.34:566][829]LogModuleManager: Shutting down and abandoning module Sequencer (89)
[2016.11.28-20.39.34:566][829]LogModuleManager: Shutting down and abandoning module WorkspaceMenuStructure (88)
[2016.11.28-20.39.34:566][829]LogModuleManager: Shutting down and abandoning module MessageLog (87)
[2016.11.28-20.39.34:566][829]LogModuleManager: Shutting down and abandoning module AssetTools (86)
[2016.11.28-20.39.34:566][829]LogModuleManager: Shutting down and abandoning module UMGEditor (85)
[2016.11.28-20.39.34:566][829]LogModuleManager: Shutting down and abandoning module UMG (84)
[2016.11.28-20.39.34:566][829]LogModuleManager: Shutting down and abandoning module SlateReflector (83)
[2016.11.28-20.39.34:566][829]LogModuleManager: Shutting down and abandoning module Slate (82)
[2016.11.28-20.39.34:566][829]LogModuleManager: Shutting down and abandoning module EditorStyle (81)
[2016.11.28-20.39.34:571][829]LogModuleManager: Shutting down and abandoning module SourceCodeAccess (80)
[2016.11.28-20.39.34:571][829]LogModuleManager: Shutting down and abandoning module HeadMountedDisplay (79)
[2016.11.28-20.39.34:571][829]LogModuleManager: Shutting down and abandoning module XAudio2 (78)
[2016.11.28-20.39.34:571][829]LogModuleManager: Shutting down and abandoning module Networking (76)
[2016.11.28-20.39.34:571][829]LogModuleManager: Shutting down and abandoning module Core (75)
[2016.11.28-20.39.34:571][829]LogModuleManager: Shutting down and abandoning module DirectoryWatcher (74)
[2016.11.28-20.39.34:571][829]LogDirectoryWatcher: A directory notification for '../../../Engine/Content/' was aborted.
[2016.11.28-20.39.34:572][829]LogDirectoryWatcher: A directory notification for '../../../../../../Users/user/Documents/Unreal Projects/udemy/BuildingEscape/Content/' was aborted.
[2016.11.28-20.39.34:572][829]LogDirectoryWatcher: A directory notification for '../../../Engine/Plugins/2D/Paper2D/Content/' was aborted.
[2016.11.28-20.39.34:577][829]LogModuleManager: Shutting down and abandoning module AssetRegistry (73)
[2016.11.28-20.39.34:733][829]LogModuleManager: Shutting down and abandoning module KismetCompiler (72)
[2016.11.28-20.39.34:733][829]LogModuleManager: Shutting down and abandoning module PhysXFormats (71)
[2016.11.28-20.39.34:733][829]LogModuleManager: Shutting down and abandoning module SimplygonSwarm (70)
[2016.11.28-20.39.34:733][829]LogModuleManager: Shutting down and abandoning module SimplygonMeshReduction (69)
[2016.11.28-20.39.34:733][829]LogModuleManager: Shutting down and abandoning module QuadricMeshReduction (68)
[2016.11.28-20.39.34:733][829]LogModuleManager: Shutting down and abandoning module PropertyEditor (67)
[2016.11.28-20.39.34:733][829]LogModuleManager: Shutting down and abandoning module MeshUtilities (66)
[2016.11.28-20.39.34:733][829]LogModuleManager: Shutting down and abandoning module DerivedDataCache (65)
[2016.11.28-20.39.34:828][829]LogDerivedDataCache: Shutdown
[2016.11.28-20.39.34:828][829]LogModuleManager: Shutting down and abandoning module VulkanShaderFormat (64)
[2016.11.28-20.39.34:828][829]LogModuleManager: Shutting down and abandoning module ShaderFormatOpenGL (63)
[2016.11.28-20.39.34:828][829]LogModuleManager: Shutting down and abandoning module ShaderFormatD3D (62)
[2016.11.28-20.39.34:828][829]LogModuleManager: Shutting down and abandoning module MetalShaderFormat (61)
[2016.11.28-20.39.34:828][829]LogModuleManager: Shutting down and abandoning module TextureFormatUncompressed (60)
[2016.11.28-20.39.34:828][829]LogModuleManager: Shutting down and abandoning module TextureFormatPVR (59)
[2016.11.28-20.39.34:828][829]LogModuleManager: Shutting down and abandoning module TextureFormatDXT (58)
[2016.11.28-20.39.34:828][829]LogModuleManager: Shutting down and abandoning module TextureFormatIntelISPCTexComp (57)
[2016.11.28-20.39.34:830][829]LogModuleManager: Shutting down and abandoning module ImageWrapper (56)
[2016.11.28-20.39.34:830][829]LogModuleManager: Shutting down and abandoning module TextureFormatASTC (55)
[2016.11.28-20.39.34:830][829]LogModuleManager: Shutting down and abandoning module TextureFormatAndroid (54)
[2016.11.28-20.39.34:830][829]LogModuleManager: Shutting down and abandoning module AudioFormatOpus (53)
[2016.11.28-20.39.34:830][829]LogModuleManager: Shutting down and abandoning module AudioFormatOgg (52)
[2016.11.28-20.39.34:830][829]LogModuleManager: Shutting down and abandoning module AudioFormatADPCM (51)
[2016.11.28-20.39.34:831][829]LogModuleManager: Shutting down and abandoning module LinuxTargetPlatform (50)
[2016.11.28-20.39.34:831][829]LogModuleManager: Shutting down and abandoning module LinuxServerTargetPlatform (49)
[2016.11.28-20.39.34:831][829]LogModuleManager: Shutting down and abandoning module LinuxNoEditorTargetPlatform (48)
[2016.11.28-20.39.34:831][829]LogModuleManager: Shutting down and abandoning module LinuxClientTargetPlatform (47)
[2016.11.28-20.39.34:831][829]LogModuleManager: Shutting down and abandoning module TVOSTargetPlatform (46)
[2016.11.28-20.39.34:831][829]LogModuleManager: Shutting down and abandoning module Messaging (45)
[2016.11.28-20.39.34:831][829]LogModuleManager: Shutting down and abandoning module IOSTargetPlatform (44)
[2016.11.28-20.39.34:831][829]LogModuleManager: Shutting down and abandoning module HTML5TargetPlatform (43)
[2016.11.28-20.39.34:831][829]LogModuleManager: Shutting down and abandoning module Android_PVRTCTargetPlatform (42)
[2016.11.28-20.39.34:831][829]LogModuleManager: Shutting down and abandoning module Android_MultiTargetPlatform (41)
[2016.11.28-20.39.34:831][829]LogModuleManager: Shutting down and abandoning module Android_ETC2TargetPlatform (40)
[2016.11.28-20.39.34:831][829]LogModuleManager: Shutting down and abandoning module Android_ETC1TargetPlatform (39)
[2016.11.28-20.39.34:831][829]LogModuleManager: Shutting down and abandoning module Android_DXTTargetPlatform (38)
[2016.11.28-20.39.34:831][829]LogModuleManager: Shutting down and abandoning module Android_ATCTargetPlatform (37)
[2016.11.28-20.39.34:831][829]LogModuleManager: Shutting down and abandoning module Android_ASTCTargetPlatform (36)
[2016.11.28-20.39.34:831][829]LogModuleManager: Shutting down and abandoning module AndroidTargetPlatform (35)
[2016.11.28-20.39.34:831][829]LogModuleManager: Shutting down and abandoning module WindowsTargetPlatform (34)
[2016.11.28-20.39.34:831][829]LogModuleManager: Shutting down and abandoning module WindowsServerTargetPlatform (33)
[2016.11.28-20.39.34:831][829]LogModuleManager: Shutting down and abandoning module WindowsNoEditorTargetPlatform (32)
[2016.11.28-20.39.34:831][829]LogModuleManager: Shutting down and abandoning module WindowsClientTargetPlatform (31)
[2016.11.28-20.39.34:832][829]LogModuleManager: Shutting down and abandoning module MacTargetPlatform (30)
[2016.11.28-20.39.34:832][829]LogModuleManager: Shutting down and abandoning module MacServerTargetPlatform (29)
[2016.11.28-20.39.34:832][829]LogModuleManager: Shutting down and abandoning module MacNoEditorTargetPlatform (28)
[2016.11.28-20.39.34:832][829]LogModuleManager: Shutting down and abandoning module MacClientTargetPlatform (27)
[2016.11.28-20.39.34:832][829]LogModuleManager: Shutting down and abandoning module AllDesktopTargetPlatform (26)
[2016.11.28-20.39.34:832][829]LogModuleManager: Shutting down and abandoning module TargetPlatform (25)
[2016.11.28-20.39.34:832][829]LogModuleManager: Shutting down and abandoning module InputCore (24)
[2016.11.28-20.39.34:832][829]LogModuleManager: Shutting down and abandoning module Settings (23)
[2016.11.28-20.39.34:832][829]LogModuleManager: Shutting down and abandoning module OculusRift (22)
[2016.11.28-20.39.34:832][829]LogModuleManager: Shutting down and abandoning module ExampleDeviceProfileSelector (21)
[2016.11.28-20.39.34:832][829]LogModuleManager: Shutting down and abandoning module OnlineBlueprintSupport (20)
[2016.11.28-20.39.34:832][829]LogModuleManager: Shutting down and abandoning module OnlineSubsystem (18)
[2016.11.28-20.39.34:832][829]LogOnline:Display: Unloading online subsystem: NULL
[2016.11.28-20.39.34:833][829]LogModuleManager: Shutting down and abandoning module SSL (17)
[2016.11.28-20.39.34:835][829]LogModuleManager: Shutting down and abandoning module HTTP (16)
[2016.11.28-20.39.34:835][829]LogModuleManager: Shutting down and abandoning module XMPP (15)
[2016.11.28-20.39.34:836][829]LogModuleManager: Shutting down and abandoning module TextureCompressor (14)
[2016.11.28-20.39.34:836][829]LogModuleManager: Shutting down and abandoning module ShaderCore (13)
[2016.11.28-20.39.34:836][829]LogModuleManager: Shutting down and abandoning module Landscape (12)
[2016.11.28-20.39.34:836][829]LogModuleManager: Shutting down and abandoning module SlateRHIRenderer (11)
[2016.11.28-20.39.34:839][829]LogModuleManager: Shutting down and abandoning module OpenGLDrv (10)
[2016.11.28-20.39.34:839][829]LogModuleManager: Shutting down and abandoning module D3D11RHI (9)
[2016.11.28-20.39.34:839][829]LogModuleManager: Shutting down and abandoning module AnimGraphRuntime (8)
[2016.11.28-20.39.34:840][829]LogModuleManager: Shutting down and abandoning module Renderer (7)
[2016.11.28-20.39.34:840][829]LogModuleManager: Shutting down and abandoning module Engine (6)
[2016.11.28-20.39.34:840][829]LogModuleManager: Shutting down and abandoning module CoreUObject (5)
[2016.11.28-20.39.34:840][829]LogModuleManager: Shutting down and abandoning module NetworkFile (4)
[2016.11.28-20.39.34:840][829]LogModuleManager: Shutting down and abandoning module StreamingFile (3)
[2016.11.28-20.39.34:840][829]LogModuleManager: Shutting down and abandoning module SandboxFile (2)
[2016.11.28-20.39.34:840][829]LogModuleManager: Shutting down and abandoning module PakFile (1)
[2016.11.28-20.39.34:843][829]LogExit: Exiting.
[2016.11.28-20.39.34:871][829]Log file closed, 11/28/16 21:39:34
