Log file open, 11/23/16 20:48:55
LogInit:Display: Running engine for game: BuildingEscape
LogPlatformFile: Not using cached read wrapper
LogInit:Display: RandInit(1442722949) SRandInit(1442722949).
LogTaskGraph: Started task graph with 5 named threads and 8 total threads with 1 sets of task threads.
LogStats: Stats thread started at 0.129432
LogPluginManager: Loaded Plugin Paper2D, From C:/Program Files (x86)/Epic Games/4.14/Engine/Plugins/2D/Paper2D/Paper2D.uplugin
LogPluginManager: Loaded Plugin LightPropagationVolume, From C:/Program Files (x86)/Epic Games/4.14/Engine/Plugins/Blendables/LightPropagationVolume/LightPropagationVolume.uplugin
LogPluginManager: Loaded Plugin BlankPlugin, From C:/Program Files (x86)/Epic Games/4.14/Engine/Plugins/Developer/BlankPlugin/BlankPlugin.uplugin
LogPluginManager: Loaded Plugin CodeLiteSourceCodeAccess, From C:/Program Files (x86)/Epic Games/4.14/Engine/Plugins/Developer/CodeLiteSourceCodeAccess/CodeLiteSourceCodeAccess.uplugin
LogPluginManager: Loaded Plugin GitSourceControl, From C:/Program Files (x86)/Epic Games/4.14/Engine/Plugins/Developer/GitSourceControl/GitSourceControl.uplugin
LogPluginManager: Loaded Plugin KDevelopSourceCodeAccess, From C:/Program Files (x86)/Epic Games/4.14/Engine/Plugins/Developer/KDevelopSourceCodeAccess/KDevelopSourceCodeAccess.uplugin
LogPluginManager: Loaded Plugin NullSourceCodeAccess, From C:/Program Files (x86)/Epic Games/4.14/Engine/Plugins/Developer/NullSourceCodeAccess/NullSourceCodeAccess.uplugin
LogPluginManager: Loaded Plugin OneSkyLocalizationService, From C:/Program Files (x86)/Epic Games/4.14/Engine/Plugins/Developer/OneSkyLocalizationService/OneSkyLocalizationService.uplugin
LogPluginManager: Loaded Plugin PerforceSourceControl, From C:/Program Files (x86)/Epic Games/4.14/Engine/Plugins/Developer/PerforceSourceControl/PerforceSourceControl.uplugin
LogPluginManager: Loaded Plugin SubversionSourceControl, From C:/Program Files (x86)/Epic Games/4.14/Engine/Plugins/Developer/SubversionSourceControl/SubversionSourceControl.uplugin
LogPluginManager: Loaded Plugin UObjectPlugin, From C:/Program Files (x86)/Epic Games/4.14/Engine/Plugins/Developer/UObjectPlugin/UObjectPlugin.uplugin
LogPluginManager: Loaded Plugin VisualStudioSourceCodeAccess, From C:/Program Files (x86)/Epic Games/4.14/Engine/Plugins/Developer/VisualStudioSourceCodeAccess/VisualStudioSourceCodeAccess.uplugin
LogPluginManager: Loaded Plugin XCodeSourceCodeAccess, From C:/Program Files (x86)/Epic Games/4.14/Engine/Plugins/Developer/XCodeSourceCodeAccess/XCodeSourceCodeAccess.uplugin
LogPluginManager: Loaded Plugin AudioCapture, From C:/Program Files (x86)/Epic Games/4.14/Engine/Plugins/Editor/AudioCapture/AudioCapture.uplugin
LogPluginManager: Loaded Plugin EpicSurvey, From C:/Program Files (x86)/Epic Games/4.14/Engine/Plugins/Editor/EpicSurvey/EpicSurvey.uplugin
LogPluginManager: Loaded Plugin MacGraphicsSwitching, From C:/Program Files (x86)/Epic Games/4.14/Engine/Plugins/Editor/MacGraphicsSwitching/MacGraphicsSwitching.uplugin
LogPluginManager: Loaded Plugin MobileLauncherProfileWizard, From C:/Program Files (x86)/Epic Games/4.14/Engine/Plugins/Editor/MobileLauncherProfileWizard/MobileLauncherProfileWizard.uplugin
LogPluginManager: Loaded Plugin PluginBrowser, From C:/Program Files (x86)/Epic Games/4.14/Engine/Plugins/Editor/PluginBrowser/PluginBrowser.uplugin
LogPluginManager: Loaded Plugin SpeedTreeImporter, From C:/Program Files (x86)/Epic Games/4.14/Engine/Plugins/Editor/SpeedTreeImporter/SpeedTreeImporter.uplugin
LogPluginManager: Loaded Plugin SuperSearchEditor, From C:/Program Files (x86)/Epic Games/4.14/Engine/Plugins/Editor/SuperSearchEditor/SuperSearchEditor.uplugin
LogPluginManager: Loaded Plugin AlembicImporter, From C:/Program Files (x86)/Epic Games/4.14/Engine/Plugins/Experimental/AlembicImporter/AlembicImporter.uplugin
LogPluginManager: Loaded Plugin BlueprintStats, From C:/Program Files (x86)/Epic Games/4.14/Engine/Plugins/Experimental/BlueprintStats/BlueprintStats.uplugin
LogPluginManager: Loaded Plugin CharacterAI, From C:/Program Files (x86)/Epic Games/4.14/Engine/Plugins/Experimental/CharacterAI/CharacterAI.uplugin
LogPluginManager: Loaded Plugin CodeEditor, From C:/Program Files (x86)/Epic Games/4.14/Engine/Plugins/Experimental/CodeEditor/CodeEditor.uplugin
LogPluginManager: Loaded Plugin CodeView, From C:/Program Files (x86)/Epic Games/4.14/Engine/Plugins/Experimental/CodeView/CodeView.uplugin
LogPluginManager: Loaded Plugin HTML5Networking, From C:/Program Files (x86)/Epic Games/4.14/Engine/Plugins/Experimental/HTML5Networking/HTML5Networking.uplugin
LogPluginManager: Loaded Plugin OSVR, From C:/Program Files (x86)/Epic Games/4.14/Engine/Plugins/Experimental/OSVR/OSVR.uplugin
LogPluginManager: Loaded Plugin Phya, From C:/Program Files (x86)/Epic Games/4.14/Engine/Plugins/Experimental/Phya/Phya.uplugin
LogPluginManager: Loaded Plugin SignificanceManager, From C:/Program Files (x86)/Epic Games/4.14/Engine/Plugins/Experimental/SignificanceManager/SignificanceManager.uplugin
LogPluginManager: Loaded Plugin SimpleHMD, From C:/Program Files (x86)/Epic Games/4.14/Engine/Plugins/Experimental/SimpleHMD/SimpleHMD.uplugin
LogPluginManager: Loaded Plugin StereoPanorama, From C:/Program Files (x86)/Epic Games/4.14/Engine/Plugins/Experimental/StereoPanorama/StereoPanorama.uplugin
LogPluginManager: Loaded Plugin StructBox, From C:/Program Files (x86)/Epic Games/4.14/Engine/Plugins/Experimental/StructBox/StructBox.uplugin
LogPluginManager: Loaded Plugin AndroidMedia, From C:/Program Files (x86)/Epic Games/4.14/Engine/Plugins/Media/AndroidMedia/AndroidMedia.uplugin
LogPluginManager: Loaded Plugin AvfMedia, From C:/Program Files (x86)/Epic Games/4.14/Engine/Plugins/Media/AvfMedia/AvfMedia.uplugin
LogPluginManager: Loaded Plugin MediaPlayerEditor, From C:/Program Files (x86)/Epic Games/4.14/Engine/Plugins/Media/MediaPlayerEditor/MediaPlayerEditor.uplugin
LogPluginManager: Loaded Plugin WmfMedia, From C:/Program Files (x86)/Epic Games/4.14/Engine/Plugins/Media/WmfMedia/WmfMedia.uplugin
LogPluginManager: Loaded Plugin MessagingDebugger, From C:/Program Files (x86)/Epic Games/4.14/Engine/Plugins/Messaging/MessagingDebugger/MessagingDebugger.uplugin
LogPluginManager: Loaded Plugin TcpMessaging, From C:/Program Files (x86)/Epic Games/4.14/Engine/Plugins/Messaging/TcpMessaging/TcpMessaging.uplugin
LogPluginManager: Loaded Plugin UdpMessaging, From C:/Program Files (x86)/Epic Games/4.14/Engine/Plugins/Messaging/UdpMessaging/UdpMessaging.uplugin
LogPluginManager: Loaded Plugin LevelSequenceEditor, From C:/Program Files (x86)/Epic Games/4.14/Engine/Plugins/MovieScene/LevelSequenceEditor/LevelSequenceEditor.uplugin
LogPluginManager: Loaded Plugin MatineeToLevelSequence, From C:/Program Files (x86)/Epic Games/4.14/Engine/Plugins/MovieScene/MatineeToLevelSequence/MatineeToLevelSequence.uplugin
LogPluginManager: Loaded Plugin NetcodeUnitTest, From C:/Program Files (x86)/Epic Games/4.14/Engine/Plugins/NetcodeUnitTest/NetcodeUnitTest/NetcodeUnitTest.uplugin
LogPluginManager: Loaded Plugin NUTUnrealEngine4, From C:/Program Files (x86)/Epic Games/4.14/Engine/Plugins/NetcodeUnitTest/NUTUnrealEngine4/NUTUnrealEngine4.uplugin
LogPluginManager: Loaded Plugin OnlineSubsystemGameCircle, From C:/Program Files (x86)/Epic Games/4.14/Engine/Plugins/Online/Android/OnlineSubsystemGameCircle/OnlineSubsystemGameCircle.uplugin
LogPluginManager: Loaded Plugin OnlineSubsystemGooglePlay, From C:/Program Files (x86)/Epic Games/4.14/Engine/Plugins/Online/Android/OnlineSubsystemGooglePlay/OnlineSubsystemGooglePlay.uplugin
LogPluginManager: Loaded Plugin OnlineSubsystemIOS, From C:/Program Files (x86)/Epic Games/4.14/Engine/Plugins/Online/IOS/OnlineSubsystemIOS/OnlineSubsystemIOS.uplugin
LogPluginManager: Loaded Plugin OnlineFramework, From C:/Program Files (x86)/Epic Games/4.14/Engine/Plugins/Online/OnlineFramework/OnlineFramework.uplugin
LogPluginManager: Loaded Plugin OnlineSubsystem, From C:/Program Files (x86)/Epic Games/4.14/Engine/Plugins/Online/OnlineSubsystem/OnlineSubsystem.uplugin
LogPluginManager: Loaded Plugin OnlineSubsystemAmazon, From C:/Program Files (x86)/Epic Games/4.14/Engine/Plugins/Online/OnlineSubsystemAmazon/OnlineSubsystemAmazon.uplugin
LogPluginManager: Loaded Plugin OnlineSubsystemFacebook, From C:/Program Files (x86)/Epic Games/4.14/Engine/Plugins/Online/OnlineSubsystemFacebook/OnlineSubsystemFacebook.uplugin
LogPluginManager: Loaded Plugin OnlineSubsystemNull, From C:/Program Files (x86)/Epic Games/4.14/Engine/Plugins/Online/OnlineSubsystemNull/OnlineSubsystemNull.uplugin
LogPluginManager: Loaded Plugin OnlineSubsystemOculus, From C:/Program Files (x86)/Epic Games/4.14/Engine/Plugins/Online/OnlineSubsystemOculus/OnlineSubsystemOculus.uplugin
LogPluginManager: Loaded Plugin OnlineSubsystemSteam, From C:/Program Files (x86)/Epic Games/4.14/Engine/Plugins/Online/OnlineSubsystemSteam/OnlineSubsystemSteam.uplugin
LogPluginManager: Loaded Plugin OnlineSubsystemUtils, From C:/Program Files (x86)/Epic Games/4.14/Engine/Plugins/Online/OnlineSubsystemUtils/OnlineSubsystemUtils.uplugin
LogPluginManager: Loaded Plugin IOSTapJoy, From C:/Program Files (x86)/Epic Games/4.14/Engine/Plugins/Runtime/Advertising/IOSTapJoy/IOSTapJoy.uplugin
LogPluginManager: Loaded Plugin AnalyticsBlueprintLibrary, From C:/Program Files (x86)/Epic Games/4.14/Engine/Plugins/Runtime/Analytics/AnalyticsBlueprintLibrary/AnalyticsBlueprintLibrary.uplugin
LogPluginManager: Loaded Plugin AnalyticsMulticast, From C:/Program Files (x86)/Epic Games/4.14/Engine/Plugins/Runtime/Analytics/AnalyticsMulticast/AnalyticsMulticast.uplugin
LogPluginManager: Loaded Plugin Apsalar, From C:/Program Files (x86)/Epic Games/4.14/Engine/Plugins/Runtime/Analytics/Apsalar/Apsalar.uplugin
LogPluginManager: Loaded Plugin FileLogging, From C:/Program Files (x86)/Epic Games/4.14/Engine/Plugins/Runtime/Analytics/FileLogging/FileLogging.uplugin
LogPluginManager: Loaded Plugin Flurry, From C:/Program Files (x86)/Epic Games/4.14/Engine/Plugins/Runtime/Analytics/Flurry/Flurry.uplugin
LogPluginManager: Loaded Plugin AndroidDeviceProfileSelector, From C:/Program Files (x86)/Epic Games/4.14/Engine/Plugins/Runtime/AndroidDeviceProfileSelector/AndroidDeviceProfileSelector.uplugin
LogPluginManager: Loaded Plugin AndroidMoviePlayer, From C:/Program Files (x86)/Epic Games/4.14/Engine/Plugins/Runtime/AndroidMoviePlayer/AndroidMoviePlayer.uplugin
LogPluginManager: Loaded Plugin AppleMoviePlayer, From C:/Program Files (x86)/Epic Games/4.14/Engine/Plugins/Runtime/AppleMoviePlayer/AppleMoviePlayer.uplugin
LogPluginManager: Loaded Plugin ArchVisCharacter, From C:/Program Files (x86)/Epic Games/4.14/Engine/Plugins/Runtime/ArchVisCharacter/ArchVisCharacter.uplugin
LogPluginManager: Loaded Plugin CableComponent, From C:/Program Files (x86)/Epic Games/4.14/Engine/Plugins/Runtime/CableComponent/CableComponent.uplugin
LogPluginManager: Loaded Plugin CustomMeshComponent, From C:/Program Files (x86)/Epic Games/4.14/Engine/Plugins/Runtime/CustomMeshComponent/CustomMeshComponent.uplugin
LogPluginManager: Loaded Plugin ExampleDeviceProfileSelector, From C:/Program Files (x86)/Epic Games/4.14/Engine/Plugins/Runtime/ExampleDeviceProfileSelector/ExampleDeviceProfileSelector.uplugin
LogPluginManager: Loaded Plugin GearVR, From C:/Program Files (x86)/Epic Games/4.14/Engine/Plugins/Runtime/GearVR/GearVR.uplugin
LogPluginManager: Loaded Plugin GoogleVRController, From C:/Program Files (x86)/Epic Games/4.14/Engine/Plugins/Runtime/GoogleVR/GoogleVRController/GoogleVRController.uplugin
LogPluginManager: Loaded Plugin GoogleVRHMD, From C:/Program Files (x86)/Epic Games/4.14/Engine/Plugins/Runtime/GoogleVR/GoogleVRHMD/GoogleVRHMD.uplugin
LogPluginManager: Loaded Plugin IOSDeviceProfileSelector, From C:/Program Files (x86)/Epic Games/4.14/Engine/Plugins/Runtime/IOSDeviceProfileSelector/IOSDeviceProfileSelector.uplugin
LogPluginManager: Loaded Plugin LeapMotion, From C:/Program Files (x86)/Epic Games/4.14/Engine/Plugins/Runtime/LeapMotion/LeapMotion.uplugin
LogPluginManager: Loaded Plugin LinuxDeviceProfileSelector, From C:/Program Files (x86)/Epic Games/4.14/Engine/Plugins/Runtime/LinuxDeviceProfileSelector/LinuxDeviceProfileSelector.uplugin
LogPluginManager: Loaded Plugin MIDIDevice, From C:/Program Files (x86)/Epic Games/4.14/Engine/Plugins/Runtime/MIDIDevice/MIDIDevice.uplugin
LogPluginManager: Loaded Plugin MobilePatchingUtils, From C:/Program Files (x86)/Epic Games/4.14/Engine/Plugins/Runtime/MobilePatchingUtils/MobilePatchingUtils.uplugin
LogPluginManager: Loaded Plugin Ansel, From C:/Program Files (x86)/Epic Games/4.14/Engine/Plugins/Runtime/Nvidia/Ansel/Ansel.uplugin
LogPluginManager: Loaded Plugin OculusAudio, From C:/Program Files (x86)/Epic Games/4.14/Engine/Plugins/Runtime/OculusAudio/OculusAudio.uplugin
LogPluginManager: Loaded Plugin OculusInput, From C:/Program Files (x86)/Epic Games/4.14/Engine/Plugins/Runtime/OculusInput/OculusInput.uplugin
LogPluginManager: Loaded Plugin OculusLibrary, From C:/Program Files (x86)/Epic Games/4.14/Engine/Plugins/Runtime/OculusLibrary/OculusLibrary.uplugin
LogPluginManager: Loaded Plugin OculusRift, From C:/Program Files (x86)/Epic Games/4.14/Engine/Plugins/Runtime/OculusRift/OculusRift.uplugin
LogPluginManager: Loaded Plugin Oodle, From C:/Program Files (x86)/Epic Games/4.14/Engine/Plugins/Runtime/PacketHandlers/CompressionComponents/Oodle/Oodle.uplugin
LogPluginManager: Loaded Plugin ProceduralMeshComponent, From C:/Program Files (x86)/Epic Games/4.14/Engine/Plugins/Runtime/ProceduralMeshComponent/ProceduralMeshComponent.uplugin
LogPluginManager: Loaded Plugin SoundMod, From C:/Program Files (x86)/Epic Games/4.14/Engine/Plugins/Runtime/SoundMod/SoundMod.uplugin
LogPluginManager: Loaded Plugin SoundVisualizations, From C:/Program Files (x86)/Epic Games/4.14/Engine/Plugins/Runtime/SoundVisualizations/SoundVisualizations.uplugin
LogPluginManager: Loaded Plugin SteamController, From C:/Program Files (x86)/Epic Games/4.14/Engine/Plugins/Runtime/Steam/SteamController/SteamController.uplugin
LogPluginManager: Loaded Plugin SteamVR, From C:/Program Files (x86)/Epic Games/4.14/Engine/Plugins/Runtime/Steam/SteamVR/SteamVR.uplugin
LogPluginManager: Loaded Plugin WebBrowserWidget, From C:/Program Files (x86)/Epic Games/4.14/Engine/Plugins/Runtime/WebBrowserWidget/WebBrowserWidget.uplugin
LogPluginManager: Loaded Plugin WindowsDeviceProfileSelector, From C:/Program Files (x86)/Epic Games/4.14/Engine/Plugins/Runtime/WindowsDeviceProfileSelector/WindowsDeviceProfileSelector.uplugin
LogPluginManager: Loaded Plugin WindowsMoviePlayer, From C:/Program Files (x86)/Epic Games/4.14/Engine/Plugins/Runtime/WindowsMoviePlayer/WindowsMoviePlayer.uplugin
LogPluginManager: Loaded Plugin ScriptPlugin, From C:/Program Files (x86)/Epic Games/4.14/Engine/Plugins/ScriptPlugin/ScriptPlugin.uplugin
LogPluginManager: Loaded Plugin SlateRemote, From C:/Program Files (x86)/Epic Games/4.14/Engine/Plugins/Slate/SlateRemote/SlateRemote.uplugin
LogPluginManager: Loaded Plugin EditorTests, From C:/Program Files (x86)/Epic Games/4.14/Engine/Plugins/Tests/EditorTests/EditorTests.uplugin
LogPluginManager: Loaded Plugin FbxAutomationTestBuilder, From C:/Program Files (x86)/Epic Games/4.14/Engine/Plugins/Tests/FbxAutomationTestBuilder/FbxAutomationTestBuilder.uplugin
LogPluginManager: Loaded Plugin FunctionalTestingEditor, From C:/Program Files (x86)/Epic Games/4.14/Engine/Plugins/Tests/FunctionalTestingEditor/FunctionalTestingEditor.uplugin
LogPluginManager: Loaded Plugin RuntimeTests, From C:/Program Files (x86)/Epic Games/4.14/Engine/Plugins/Tests/RuntimeTests/RuntimeTests.uplugin
LogPluginManager: Loaded Plugin ScreenshotTools, From C:/Program Files (x86)/Epic Games/4.14/Engine/Plugins/Tests/ScreenshotTools/ScreenshotTools.uplugin
LogInit: Using libcurl 7.47.1
LogInit:  - built for x86_64-pc-win32
LogInit:  - supports SSL with OpenSSL/1.0.2g
LogInit:  - supports HTTP deflate (compression) using libz 1.2.8
LogInit:  - other features:
LogInit:      CURL_VERSION_SSL
LogInit:      CURL_VERSION_LIBZ
LogInit:      CURL_VERSION_IPV6
LogInit:      CURL_VERSION_ASYNCHDNS
LogInit:      CURL_VERSION_LARGEFILE
LogInit:      CURL_VERSION_IDN
LogInit:  CurlRequestOptions (configurable via config and command line):
LogInit:  - bVerifyPeer = false  - Libcurl will NOT verify peer certificate
LogInit:  - bUseHttpProxy = false  - Libcurl will NOT use HTTP proxy
LogInit:  - bDontReuseConnections = false  - Libcurl will reuse connections
LogInit:  - CertBundlePath = nullptr  - Libcurl will use whatever was configured at build time.
LogInit: Build: ++UE4+Release-4.14-CL-3195953
LogInit: Engine Version: 4.14.0-3195953+++UE4+Release-4.14
LogInit: Compatible Engine Version: 4.14.0-3195953+++UE4+Release-4.14
LogInit: Net CL: 3195953
LogDevObjectVersion: Number of dev versions registered: 13
LogDevObjectVersion:   Dev-Blueprints (B0D832E4-1F89-4F0D-ACCF-7EB736FD4AA2): 7
LogDevObjectVersion:   Dev-Build (E1C64328-A22C-4D53-A36C-8E866417BD8C): 0
LogDevObjectVersion:   Dev-Core (375EC13C-06E4-48FB-B500-84F0262A717E): 1
LogDevObjectVersion:   Dev-Editor (E4B068ED-F494-42E9-A231-DA0B2E46BB41): 8
LogDevObjectVersion:   Dev-Framework (CFFC743F-43B0-4480-9391-14DF171D2073): 17
LogDevObjectVersion:   Dev-Mobile (B02B49B5-BB20-44E9-A304-32B752E40360): 0
LogDevObjectVersion:   Dev-Networking (A4E4105C-59A1-49B5-A7C5-40C4547EDFEE): 0
LogDevObjectVersion:   Dev-Online (39C831C9-5AE6-47DC-9A44-9C173E1C8E7C): 0
LogDevObjectVersion:   Dev-Physics (78F01B33-EBEA-4F98-B9B4-84EACCB95AA2): 0
LogDevObjectVersion:   Dev-Platform (6631380F-2D4D-43E0-8009-CF276956A95A): 0
LogDevObjectVersion:   Dev-Rendering (12F88B9F-8875-4AFC-A67C-D90C383ABD29): 12
LogDevObjectVersion:   Dev-Sequencer (7B5AE74C-D270-4C10-A958-57980B212A5A): 1
LogDevObjectVersion:   Dev-VR (D7296918-1DD6-4BDD-9DE2-64A83CC13884): 0
LogInit: Compiled (64-bit): Nov 12 2016 02:14:10
LogInit: Compiled with Visual C++: 19.00.23026.00
LogInit: Build Configuration: Development
LogInit: Branch Name: ++UE4+Release-4.14
LogInit: Command line:  
LogInit: Base directory: C:/Program Files (x86)/Epic Games/4.14/Engine/Binaries/Win64/
LogInit: Installed Engine Build: 1
LogInit: Presizing for max 8388607 objects, including 0 objects not considered by GC, pre-allocating 0 bytes for permanent pool.
LogInit: Object subsystem initialized
[2016.11.23-19.48.56:706][  0]LogInit: Selected Device Profile: [Windows]
[2016.11.23-19.48.56:706][  0]LogInit: Applying CVar settings loaded from the selected device profile: [Windows]
[2016.11.23-19.48.56:721][  0]LogInit: Computer: DESKTOP-TCO7O6N
[2016.11.23-19.48.56:721][  0]LogInit: User: user
[2016.11.23-19.48.56:721][  0]LogInit: CPU Page size=65536, Cores=4
[2016.11.23-19.48.56:721][  0]LogInit: High frequency timer resolution =3.001592 MHz
[2016.11.23-19.48.56:721][  0]LogMemory: Memory total: Physical=8.0GB (8GB approx)
[2016.11.23-19.48.56:721][  0]LogMemory: Platform Memory Stats for Windows
[2016.11.23-19.48.56:721][  0]LogMemory: Process Physical Memory: 265.23 MB used, 265.23 MB peak
[2016.11.23-19.48.56:721][  0]LogMemory: Process Virtual Memory: 262.73 MB used, 262.73 MB peak
[2016.11.23-19.48.56:721][  0]LogMemory: Physical Memory: 3342.11 MB used,  4841.00 MB free, 8183.11 MB total
[2016.11.23-19.48.56:721][  0]LogMemory: Virtual Memory: 676.50 MB used,  4841.00 MB free, 134217728.00 MB total
[2016.11.23-19.48.57:064][  0]LogTextLocalizationManager: No specific translations for ('es-ES') exist, so ('es') translations will be used.
[2016.11.23-19.48.58:019][  0]LogD3D11RHI: D3D11 adapters:
[2016.11.23-19.48.58:738][  0]LogD3D11RHI:    0. 'NVIDIA GeForce GTX 650' (Feature Level 11_0)
[2016.11.23-19.48.58:738][  0]LogD3D11RHI:       2017/0/4091 MB DedicatedVideo/DedicatedSystem/SharedSystem, Outputs:1, VendorId:0x10de
[2016.11.23-19.48.58:740][  0]LogD3D11RHI:    1. 'Microsoft Basic Render Driver' (Feature Level 11_0)
[2016.11.23-19.48.58:740][  0]LogD3D11RHI:       0/0/4091 MB DedicatedVideo/DedicatedSystem/SharedSystem, Outputs:0, VendorId:0x1414
[2016.11.23-19.48.58:740][  0]LogD3D11RHI: Chosen D3D11 Adapter: 0
[2016.11.23-19.48.58:743][  0]LogD3D11RHI: Creating new Direct3DDevice
[2016.11.23-19.48.58:744][  0]LogD3D11RHI:     GPU DeviceId: 0xfc6 (for the marketing name, search the web for "GPU Device Id")
[2016.11.23-19.48.58:744][  0]LogWindows: EnumDisplayDevices:
[2016.11.23-19.48.58:744][  0]LogWindows:    0. 'NVIDIA GeForce GTX 650' (P:1 D:1)
[2016.11.23-19.48.58:744][  0]LogWindows:    1. 'NVIDIA GeForce GTX 650' (P:0 D:0)
[2016.11.23-19.48.58:744][  0]LogWindows:    2. 'NVIDIA GeForce GTX 650' (P:0 D:0)
[2016.11.23-19.48.58:744][  0]LogWindows: DebugString: FoundDriverCount:3 
[2016.11.23-19.48.58:744][  0]LogD3D11RHI:     Adapter Name: NVIDIA GeForce GTX 650
[2016.11.23-19.48.58:745][  0]LogD3D11RHI:   Driver Version: 375.95 (internal:21.21.13.7595, unified:375.95)
[2016.11.23-19.48.58:745][  0]LogD3D11RHI:      Driver Date: 11-16-2016
[2016.11.23-19.48.58:745][  0]LogRHI: Texture pool is 1361 MB (70% of 1945 MB)
[2016.11.23-19.48.59:398][  0]LogD3D11RHI: Async texture creation enabled
[2016.11.23-19.48.59:453][  0]LogD3D11RHI: GPU Timing Frequency: 1000.000000 (Debug: 2 1)
[2016.11.23-19.48.59:454][  0]LogShaderCompilers: Guid format shader working directory is -30 characters bigger than the processId version (../../../../../../Users/user/Documents/Unreal Projects/udemy/BuildingEscape/Intermediate/Shaders/WorkingDirectory/9452/).
[2016.11.23-19.48.59:455][  0]LogShaderCompilers: Cleaned the shader compiler working directory 'C:/Users/user/AppData/Local/Temp/UnrealShaderWorkingDir/9258C90B476D35313E83C680D63A3433/'.
[2016.11.23-19.48.59:455][  0]LogShaderCompilers:Display: Using Local Shader Compiler.
[2016.11.23-19.49.02:028][  0]LogTemp:Display: Loaded TP AllDesktopTargetPlatform
[2016.11.23-19.49.02:190][  0]LogTemp:Display: Loaded TP MacClientTargetPlatform
[2016.11.23-19.49.02:374][  0]LogTemp:Display: Loaded TP MacNoEditorTargetPlatform
[2016.11.23-19.49.02:524][  0]LogTemp:Display: Loaded TP MacServerTargetPlatform
[2016.11.23-19.49.02:677][  0]LogTemp:Display: Loaded TP MacTargetPlatform
[2016.11.23-19.49.02:811][  0]LogTemp:Display: Loaded TP WindowsClientTargetPlatform
[2016.11.23-19.49.03:025][  0]LogTemp:Display: Loaded TP WindowsNoEditorTargetPlatform
[2016.11.23-19.49.03:245][  0]LogTemp:Display: Loaded TP WindowsServerTargetPlatform
[2016.11.23-19.49.03:377][  0]LogTemp:Display: Loaded TP WindowsTargetPlatform
[2016.11.23-19.49.03:524][  0]LogTemp:Display: Loaded TP AndroidTargetPlatform
[2016.11.23-19.49.03:685][  0]LogTemp:Display: Loaded TP Android_ASTCTargetPlatform
[2016.11.23-19.49.03:843][  0]LogTemp:Display: Loaded TP Android_ATCTargetPlatform
[2016.11.23-19.49.04:000][  0]LogTemp:Display: Loaded TP Android_DXTTargetPlatform
[2016.11.23-19.49.04:227][  0]LogTemp:Display: Loaded TP Android_ETC1TargetPlatform
[2016.11.23-19.49.04:372][  0]LogTemp:Display: Loaded TP Android_ETC2TargetPlatform
[2016.11.23-19.49.04:729][  0]LogTemp:Display: Loaded TP Android_MultiTargetPlatform
[2016.11.23-19.49.04:729][  0]LogTemp:Display: Loaded TP Android_PVRTCTargetPlatform
[2016.11.23-19.49.04:842][  0]LogTemp:Display: Loaded TP HTML5TargetPlatform
[2016.11.23-19.49.05:160][  0]LogTemp:Display: Loaded TP IOSTargetPlatform
[2016.11.23-19.49.05:252][  0]LogTemp:Display: Loaded TP TVOSTargetPlatform
[2016.11.23-19.49.05:421][  0]LogTemp:Display: Loaded TP LinuxClientTargetPlatform
[2016.11.23-19.49.05:568][  0]LogTemp:Display: Loaded TP LinuxNoEditorTargetPlatform
[2016.11.23-19.49.05:741][  0]LogTemp:Display: Loaded TP LinuxServerTargetPlatform
[2016.11.23-19.49.05:907][  0]LogTemp:Display: Loaded TP LinuxTargetPlatform
[2016.11.23-19.49.05:907][  0]LogTargetPlatformManager:Display: Building Assets For Windows
[2016.11.23-19.49.07:489][  0]LogDerivedDataCache:Display: Max Cache Size: 512 MB
[2016.11.23-19.49.07:904][  0]LogDerivedDataCache: Loaded boot cache 0.41s 50MB C:/Users/user/AppData/Local/UnrealEngine/4.14/DerivedDataCache/Boot.ddc.
[2016.11.23-19.49.07:905][  0]LogDerivedDataCache:Display: Loaded Boot cache: C:/Users/user/AppData/Local/UnrealEngine/4.14/DerivedDataCache/Boot.ddc
[2016.11.23-19.49.07:905][  0]LogDerivedDataCache: FDerivedDataBackendGraph:  Pak pak cache file ../../../../../../Users/user/Documents/Unreal Projects/udemy/BuildingEscape/DerivedDataCache/DDC.ddp not found, will not use a pak cache.
[2016.11.23-19.49.07:905][  0]LogDerivedDataCache: Unable to find inner node Pak for hierarchical cache Hierarchy.
[2016.11.23-19.49.07:905][  0]LogDerivedDataCache: FDerivedDataBackendGraph:  CompressedPak pak cache file ../../../../../../Users/user/Documents/Unreal Projects/udemy/BuildingEscape/DerivedDataCache/Compressed.ddp not found, will not use a pak cache.
[2016.11.23-19.49.07:905][  0]LogDerivedDataCache: Unable to find inner node CompressedPak for hierarchical cache Hierarchy.
[2016.11.23-19.49.07:950][  0]LogDerivedDataCache:Display: Pak cache opened for reading ../../../Engine/DerivedDataCache/Compressed.ddp.
[2016.11.23-19.49.07:963][  0]LogDerivedDataCache: Using Local data cache path C:/Users/user/AppData/Local/UnrealEngine/Common/DerivedDataCache: Writable
[2016.11.23-19.49.08:702][  0]LogInit: Selected Device Profile: [Windows]
[2016.11.23-19.49.08:706][  0]LogContentStreaming: Texture pool size is 0.00 MB
[2016.11.23-19.49.09:308][  0]LogMeshUtilities: Using QuadricMeshReduction for automatic static mesh reduction
[2016.11.23-19.49.09:493][  0]LogSimplygon: Simplygon DLL not present - disabling.
[2016.11.23-19.49.09:660][  0]LogMeshUtilities: Using SimplygonSwarm for distributed automatic mesh merging
[2016.11.23-19.49.09:660][  0]LogMeshUtilities: No automatic skeletal mesh reduction module available
[2016.11.23-19.49.09:660][  0]LogMeshUtilities: No automatic mesh merging module available
[2016.11.23-19.49.10:739][  0]LogNetVersion: GetLocalNetworkVersion: CL: 3195953, ProjectName: buildingescape, ProjectVersion: , EngineNetworkVersion: 2, GameNetworkVersion: 0, NetworkChecksum: 2542623411
[2016.11.23-19.49.10:856][  0]LogAssetRegistry: FAssetRegistry took 0.0218 seconds to start up
[2016.11.23-19.49.10:966][  0]LogPackageLocalizationCache: Processed 3 localized package path(s) for 2 prioritized culture(s) in 0.037008 seconds
[2016.11.23-19.49.10:973][  0]LogUObjectArray: 31946 objects as part of root set at end of initial load.
[2016.11.23-19.49.10:973][  0]LogUObjectAllocator: 6935840 out of 0 bytes used by permanent object pool.
[2016.11.23-19.49.10:973][  0]LogUObjectArray: CloseDisregardForGC: 0/0 objects in disregard for GC pool
[2016.11.23-19.49.11:143][  0]LogInit: WinSock: version 1.1 (2.2), MaxSocks=32767, MaxUdp=65467
[2016.11.23-19.49.13:594][  0]LogSlate: Using Freetype 2.6.0
[2016.11.23-19.49.13:598][  0]LogSlate: SlateFontCache - WITH_FREETYPE: 1, WITH_HARFBUZZ: 1
[2016.11.23-19.49.13:598][  0]LogSlate: SlateFontCache - WITH_FREETYPE: 1, WITH_HARFBUZZ: 1
[2016.11.23-19.49.16:317][  0]LogTcpMessaging: Initializing TcpMessaging bridge
[2016.11.23-19.49.16:421][  0]LogUdpMessaging: Initializing bridge on interface 0.0.0.0:0 to multicast group 230.0.0.1:6666.
[2016.11.23-19.49.17:594][  0]LogMaterial: Uniform references updated for custom material expression Custom.
[2016.11.23-19.49.18:803][  0]SourceControl: Información El control de código fuente está desactivado
[2016.11.23-19.49.19:286][  0]SourceControl: Información El control de código fuente está desactivado
[2016.11.23-19.49.19:490][  0]SourceControl: Información El control de código fuente está desactivado
[2016.11.23-19.49.19:633][  0]SourceControl: Información El control de código fuente está desactivado
[2016.11.23-19.49.24:149][  0]LogEngine: Initializing Engine...
[2016.11.23-19.49.24:150][  0]LogHMD: Failed to initialize OpenVR with code 110
[2016.11.23-19.49.24:715][  0]LogAIModule: Creating AISystem for world Untitled
[2016.11.23-19.49.24:748][  0]LogInit: XAudio2 using 'Philips 244E-4 (NVIDIA High Definition Audio)' : 2 channels at 48 kHz using 16 bits per sample (channel mask 0x3)
[2016.11.23-19.49.24:780][  0]LogInit: FAudioDevice initialized.
[2016.11.23-19.49.24:827][  0]LogDerivedDataCache: Saved boot cache 0.05s 50MB C:/Users/user/AppData/Local/UnrealEngine/4.14/DerivedDataCache/Boot.ddc.
[2016.11.23-19.49.24:846][  0]LogInit: Texture streaming: Enabled
[2016.11.23-19.49.25:534][  0]LogInit: Transaction tracking system initialized
[2016.11.23-19.49.26:714][  0]BlueprintLog: New page: Cargar el editor
[2016.11.23-19.49.30:273][  0]LocalizationService: Información Localization service is disabled
[2016.11.23-19.49.32:492][  0]LogConsoleResponse:Display: 
[2016.11.23-19.49.32:762][  0]LogCook:Display: Max memory allowance for cook 16384mb min free memory 0mb
[2016.11.23-19.49.32:763][  0]LogCook:Display: Mobile HDR setting 1
[2016.11.23-19.49.33:457][  0]LogFileCache: Scanning file cache for directory 'C:/Users/user/Documents/Unreal Projects/udemy/BuildingEscape/Content/' took 0.02s
[2016.11.23-19.49.35:597][  0]SourceControl: Información El control de código fuente está desactivado
[2016.11.23-19.49.35:597][  0]Cmd: MAP LOAD FILE="../../../../../../Users/user/Documents/Unreal Projects/udemy/BuildingEscape/Content/NewMap.umap" TEMPLATE=0 SHOWPROGRESS=1 FEATURELEVEL=3
[2016.11.23-19.49.35:599][  0]LightingResults: New page: Diseñar la iluminación
[2016.11.23-19.49.35:718][  0]MapCheck: New page: Revisión del mapa
[2016.11.23-19.49.35:718][  0]LightingResults: New page: Diseñar la iluminación
[2016.11.23-19.49.36:130][  0]LogAIModule: Creating AISystem for world NewMap
[2016.11.23-19.49.36:143][  0]LogEditorServer: Finished looking for orphan Actors (0.000 secs)
[2016.11.23-19.49.36:145][  0]Cmd: MAP CHECKDEP NOCLEARLOG
[2016.11.23-19.49.36:272][  0]MapCheck: Información Map check complete: 0 Error(s), 0 Warning(s), took 126,733ms to complete.
[2016.11.23-19.49.36:272][  0]LogFileHelpers: Loading map 'NewMap' took 0.675
[2016.11.23-19.49.36:331][  0]LogWindowsTextInputMethodSystem:Display: IME system now deactivated.
[2016.11.23-19.49.36:424][  0]LogCollectionManager: Loaded 0 collections in 0.002490 seconds
[2016.11.23-19.49.36:567][  0]LogFileCache: Scanning file cache for directory 'C:/Users/user/Documents/Unreal Projects/udemy/BuildingEscape/Saved/Collections/' took 0.01s
[2016.11.23-19.49.36:567][  0]LogFileCache: Scanning file cache for directory 'C:/Users/user/Documents/Unreal Projects/udemy/BuildingEscape/Content/Developers/user/Collections/' took 0.01s
[2016.11.23-19.49.36:567][  0]LogFileCache: Scanning file cache for directory 'C:/Users/user/Documents/Unreal Projects/udemy/BuildingEscape/Content/Collections/' took 0.01s
[2016.11.23-19.49.36:567][  0]LogCollectionManager: Rebuilt the GUID cache for 0 collections in 0.000005 seconds
[2016.11.23-19.49.36:581][  0]LogContentBrowser: Native class hierarchy populated in 0.0140 seconds. Added 2191 classes and 430 folders.
[2016.11.23-19.49.36:686][  0]LogStats: UGameplayTagsManager::ConstructGameplayTagTree: Construct from data asset -  0.000 s
[2016.11.23-19.49.36:686][  0]LogStats: UGameplayTagsManager::ConstructGameplayTagTree: GameplayTagTreeChangedEvent.Broadcast -  0.000 s
[2016.11.23-19.49.36:688][  0]LogContentBrowser: Native class hierarchy updated for 'GameplayTags' in 0.0024 seconds. Added 13 classes and 0 folders.
[2016.11.23-19.49.36:859][  0]LogContentBrowser: Native class hierarchy updated for 'WidgetCarousel' in 0.0023 seconds. Added 0 classes and 0 folders.
[2016.11.23-19.49.37:010][  0]LogContentBrowser: Native class hierarchy updated for 'AddContentDialog' in 0.0024 seconds. Added 0 classes and 0 folders.
[2016.11.23-19.49.37:210][  0]LogContentBrowser: Native class hierarchy updated for 'SceneOutliner' in 0.0025 seconds. Added 1 classes and 2 folders.
[2016.11.23-19.49.37:300][  0]LogCrashTracker: Crashtracker disabled due to settings.
[2016.11.23-19.49.37:307][  0]LogUObjectGlobals:Warning: Error al encontrar el objeto 'Class Ninguno.'
[2016.11.23-19.49.37:487][  0]LogContentBrowser: Native class hierarchy updated for 'HierarchicalLODOutliner' in 0.0025 seconds. Added 1 classes and 2 folders.
[2016.11.23-19.49.37:487][  0]LogLoad: (Engine Initialization) Total time: 44.08 seconds
[2016.11.23-19.49.37:487][  0]LogLoad: (Engine Initialization) Total Blueprint compile time: 0.17 seconds
[2016.11.23-19.49.37:487][  0]LogExternalProfiler: Found external profiler: VSPerf
[2016.11.23-19.49.37:487][  0]LogExternalProfiler: Using external profiler: VSPerf
[2016.11.23-19.49.37:497][  0]LogOcInput: OculusInput pre-init called
[2016.11.23-19.49.37:521][  0]LogContentStreaming: Texture pool size now 1000 MB
[2016.11.23-19.49.37:715][  0]LogRenderer: Reallocating scene render targets to support 668x460 NumSamples 1 (Frame:2).
[2016.11.23-19.49.38:067][  2]LogAssetRegistry: Asset discovery search completed in 27.2329 seconds
[2016.11.23-19.49.38:067][  2]LogCollectionManager: Rebuilt the object cache for 0 collections in 0.000001 seconds (found 0 objects)
[2016.11.23-19.49.38:067][  2]LogCollectionManager: Fixed up redirectors for 0 collections in 0.000028 seconds (updated 0 objects)
[2016.11.23-20.19.26:741][936]LogRenderer: Reallocating scene render targets to support 796x548 NumSamples 1 (Frame:130363).
[2016.11.23-20.19.26:795][937]LogRenderer: Reallocating scene render targets to support 1144x788 NumSamples 1 (Frame:130365).
[2016.11.23-20.19.26:874][938]LogRenderer: Reallocating scene render targets to support 1340x924 NumSamples 1 (Frame:130368).
[2016.11.23-20.46.01:163][822]LogEditorViewport: Clicking on Actor (LMB): StaticMeshActor (SM_Chair)
[2016.11.23-20.46.31:528][626]LogRenderer: Reallocating scene render targets to support 1484x924 NumSamples 1 (Frame:182445).
[2016.11.23-21.03.27:050][560]Running C:/Program Files (x86)/Epic Games/4.14/Engine/Binaries/DotNET/UnrealBuildTool.exe  -projectfiles -project="C:/Users/user/Documents/Unreal Projects/udemy/BuildingEscape/BuildingEscape.uproject" -game -rocket -progress
[2016.11.23-21.03.27:834][560]Discovering modules, targets and source code for project...
[2016.11.23-21.03.35:106][560]LogVSAccessor:Warning: Couldn't access Visual Studio
[2016.11.23-21.03.35:114][560]Recompiling BuildingEscape...
[2016.11.23-21.03.35:115][560]Launching UnrealBuildTool... [C:/Program Files (x86)/Epic Games/4.14/Engine/Binaries/DotNET/UnrealBuildTool.exe BuildingEscape -ModuleWithSuffix BuildingEscape 9603 Win64 Development -editorrecompile -canskiplink "C:/Users/user/Documents/Unreal Projects/udemy/BuildingEscape/BuildingEscape.uproject" ]
[2016.11.23-21.03.55:910][560]CompilerResultsLog: New page: Compilación - 23/11/2016 23:03:55
[2016.11.23-21.03.55:910][560]CompilerResultsLog: Información Performing full C++ include scan (hot reloading a new target)
[2016.11.23-21.03.55:910][560]CompilerResultsLog: Información Creating makefile for hot reloading BuildingEscape (no existing makefile)
[2016.11.23-21.03.55:910][560]CompilerResultsLog: Información Compiling game modules for hot reload
[2016.11.23-21.03.55:910][560]CompilerResultsLog: Información Parsing headers for BuildingEscapeEditor
[2016.11.23-21.03.55:910][560]CompilerResultsLog: Información   Running UnrealHeaderTool "C:\Users\user\Documents\Unreal Projects\udemy\BuildingEscape\BuildingEscape.uproject" "C:\Users\user\Documents\Unreal Projects\udemy\BuildingEscape\Intermediate\Build\Win64\BuildingEscapeEditor\Development\BuildingEscapeEditor.uhtmanifest" -LogCmds="loginit warning, logexit warning, logdatabase error" -Unattended -WarningsAsErrors -installed
[2016.11.23-21.03.55:910][560]CompilerResultsLog: Información Reflection code generated for BuildingEscapeEditor in 5,4155068 seconds
[2016.11.23-21.03.55:910][560]CompilerResultsLog: Información Performing 3 actions (4 in parallel)
[2016.11.23-21.03.55:910][560]CompilerResultsLog: Información BuildingEscape.generated.cpp
[2016.11.23-21.03.55:911][560]CompilerResultsLog: Información PositionReport.cpp
[2016.11.23-21.03.55:911][560]CompilerResultsLog: Información [3/3] Link UE4Editor-BuildingEscape-9603.dll
[2016.11.23-21.03.55:911][560]CompilerResultsLog: Información    Creating library C:\Users\user\Documents\Unreal Projects\udemy\BuildingEscape\Intermediate\Build\Win64\UE4Editor\Development\UE4Editor-BuildingEscape-9603.lib and object C:\Users\user\Documents\Unreal Projects\udemy\BuildingEscape\Intermediate\Build\Win64\UE4Editor\Development\UE4Editor-BuildingEscape-9603.exp
[2016.11.23-21.03.55:911][560]CompilerResultsLog: Información Total build time: 20,59 seconds
[2016.11.23-21.03.55:911][560]LogMainFrame: MainFrame: Module compiling took 20.805 seconds
[2016.11.23-21.03.56:116][560]LogClass: Could not find existing class PositionReport in package /Script/BuildingEscape for HotReload, assuming new class
[2016.11.23-21.03.56:121][560]LogContentBrowser: Native class hierarchy updated for 'BuildingEscape' in 0.0025 seconds. Added 2 classes and 2 folders.
[2016.11.23-21.03.56:128][560]Display: HotReload successful (0 functions remapped  0 scriptstructs remapped)
[2016.11.23-21.03.56:231][560]LogContentBrowser: Native class hierarchy populated in 0.0189 seconds. Added 2194 classes and 434 folders.
[2016.11.23-21.03.56:231][560]Display: HotReload took 21.1s.
[2016.11.23-21.03.56:233][560]Warning: HotReload operation took 21.1s.
[2016.11.23-21.03.56:342][560]LogHotReload: New module detected: UE4Editor-BuildingEscape-9603.dll
[2016.11.23-21.03.56:388][561]LogHotReload: Starting Hot-Reload from IDE
[2016.11.23-21.03.56:582][561]LogContentBrowser: Native class hierarchy updated for 'BuildingEscape' in 0.0024 seconds. Added 2 classes and 2 folders.
[2016.11.23-21.03.56:586][561]Display: HotReload successful (0 functions remapped  0 scriptstructs remapped)
[2016.11.23-21.03.56:603][561]LogContentBrowser: Native class hierarchy populated in 0.0150 seconds. Added 2194 classes and 434 folders.
[2016.11.23-21.03.56:607][561]Display: HotReload took  0.2s.
[2016.11.23-21.04.00:113][569]LogVSAccessor:Warning: Visual Studio is open but could not be queried - it may be blocked by a modal operation
[2016.11.23-21.04.00:134][570]LogVSAccessor:Warning: Visual Studio is open but could not be queried - it may be blocked by a modal operation
[2016.11.23-21.04.03:386][571]LogVSAccessor:Warning: Couldn't goto line number '0' in 'C:/Users/user/Documents/Unreal Projects/udemy/BuildingEscape/Source/BuildingEscape/PositionReport.h'
[2016.11.23-21.04.04:720][571]LogVSAccessor:Warning: Couldn't goto line number '0' in 'C:/Users/user/Documents/Unreal Projects/udemy/BuildingEscape/Source/BuildingEscape/PositionReport.cpp'
[2016.11.23-21.04.10:617][589]LogSavePackage: Save=63.23ms
[2016.11.23-21.04.10:617][589]LogSavePackage: Moving '../../../../../../Users/user/Documents/Unreal Projects/udemy/BuildingEscape/Saved/NewMap_Auto1904DF3754CAD33BADBC0219B9BCE09A4.tmp' to '../../../../../../Users/user/Documents/Unreal Projects/udemy/BuildingEscape/Saved/Autosaves/Game/NewMap_Auto1.umap'
[2016.11.23-21.04.10:621][589]LogSavePackage:Display: Finished SavePackage ../../../../../../Users/user/Documents/Unreal Projects/udemy/BuildingEscape/Saved/Autosaves/Game/NewMap_Auto1.umap
[2016.11.23-21.04.10:634][589]LogFileHelpers: Editor autosave (incl. sublevels) for '/Game/NewMap' took 0.119
[2016.11.23-21.04.10:634][589]LogFileHelpers: Editor autosave (incl. sublevels) for all levels took 0.119
[2016.11.23-21.55.12:146][554]Cmd: SELECT NONE
[2016.11.23-21.55.14:013][777]Cmd: SELECT NONE
