Log file open, 11/29/16 21:00:29
LogInit:Display: Running engine for game: BuildingEscape
LogPlatformFile: Not using cached read wrapper
LogInit:Display: RandInit(527787307) SRandInit(527787307).
LogTaskGraph: Started task graph with 5 named threads and 8 total threads with 1 sets of task threads.
LogStats: Stats thread started at 0.095120
LogPluginManager: Loaded Plugin Paper2D, From C:/Program Files (x86)/Epic Games/4.14/Engine/Plugins/2D/Paper2D/Paper2D.uplugin
LogPluginManager: Loaded Plugin LightPropagationVolume, From C:/Program Files (x86)/Epic Games/4.14/Engine/Plugins/Blendables/LightPropagationVolume/LightPropagationVolume.uplugin
LogPluginManager: Loaded Plugin BlankPlugin, From C:/Program Files (x86)/Epic Games/4.14/Engine/Plugins/Developer/BlankPlugin/BlankPlugin.uplugin
LogPluginManager: Loaded Plugin CodeLiteSourceCodeAccess, From C:/Program Files (x86)/Epic Games/4.14/Engine/Plugins/Developer/CodeLiteSourceCodeAccess/CodeLiteSourceCodeAccess.uplugin
LogPluginManager: Loaded Plugin GitSourceControl, From C:/Program Files (x86)/Epic Games/4.14/Engine/Plugins/Developer/GitSourceControl/GitSourceControl.uplugin
LogPluginManager: Loaded Plugin KDevelopSourceCodeAccess, From C:/Program Files (x86)/Epic Games/4.14/Engine/Plugins/Developer/KDevelopSourceCodeAccess/KDevelopSourceCodeAccess.uplugin
LogPluginManager: Loaded Plugin NullSourceCodeAccess, From C:/Program Files (x86)/Epic Games/4.14/Engine/Plugins/Developer/NullSourceCodeAccess/NullSourceCodeAccess.uplugin
LogPluginManager: Loaded Plugin OneSkyLocalizationService, From C:/Program Files (x86)/Epic Games/4.14/Engine/Plugins/Developer/OneSkyLocalizationService/OneSkyLocalizationService.uplugin
LogPluginManager: Loaded Plugin PerforceSourceControl, From C:/Program Files (x86)/Epic Games/4.14/Engine/Plugins/Developer/PerforceSourceControl/PerforceSourceControl.uplugin
LogPluginManager: Loaded Plugin SubversionSourceControl, From C:/Program Files (x86)/Epic Games/4.14/Engine/Plugins/Developer/SubversionSourceControl/SubversionSourceControl.uplugin
LogPluginManager: Loaded Plugin UObjectPlugin, From C:/Program Files (x86)/Epic Games/4.14/Engine/Plugins/Developer/UObjectPlugin/UObjectPlugin.uplugin
LogPluginManager: Loaded Plugin VisualStudioSourceCodeAccess, From C:/Program Files (x86)/Epic Games/4.14/Engine/Plugins/Developer/VisualStudioSourceCodeAccess/VisualStudioSourceCodeAccess.uplugin
LogPluginManager: Loaded Plugin XCodeSourceCodeAccess, From C:/Program Files (x86)/Epic Games/4.14/Engine/Plugins/Developer/XCodeSourceCodeAccess/XCodeSourceCodeAccess.uplugin
LogPluginManager: Loaded Plugin AudioCapture, From C:/Program Files (x86)/Epic Games/4.14/Engine/Plugins/Editor/AudioCapture/AudioCapture.uplugin
LogPluginManager: Loaded Plugin EpicSurvey, From C:/Program Files (x86)/Epic Games/4.14/Engine/Plugins/Editor/EpicSurvey/EpicSurvey.uplugin
LogPluginManager: Loaded Plugin MacGraphicsSwitching, From C:/Program Files (x86)/Epic Games/4.14/Engine/Plugins/Editor/MacGraphicsSwitching/MacGraphicsSwitching.uplugin
LogPluginManager: Loaded Plugin MobileLauncherProfileWizard, From C:/Program Files (x86)/Epic Games/4.14/Engine/Plugins/Editor/MobileLauncherProfileWizard/MobileLauncherProfileWizard.uplugin
LogPluginManager: Loaded Plugin PluginBrowser, From C:/Program Files (x86)/Epic Games/4.14/Engine/Plugins/Editor/PluginBrowser/PluginBrowser.uplugin
LogPluginManager: Loaded Plugin SpeedTreeImporter, From C:/Program Files (x86)/Epic Games/4.14/Engine/Plugins/Editor/SpeedTreeImporter/SpeedTreeImporter.uplugin
LogPluginManager: Loaded Plugin SuperSearchEditor, From C:/Program Files (x86)/Epic Games/4.14/Engine/Plugins/Editor/SuperSearchEditor/SuperSearchEditor.uplugin
LogPluginManager: Loaded Plugin AlembicImporter, From C:/Program Files (x86)/Epic Games/4.14/Engine/Plugins/Experimental/AlembicImporter/AlembicImporter.uplugin
LogPluginManager: Loaded Plugin BlueprintStats, From C:/Program Files (x86)/Epic Games/4.14/Engine/Plugins/Experimental/BlueprintStats/BlueprintStats.uplugin
LogPluginManager: Loaded Plugin CharacterAI, From C:/Program Files (x86)/Epic Games/4.14/Engine/Plugins/Experimental/CharacterAI/CharacterAI.uplugin
LogPluginManager: Loaded Plugin CodeEditor, From C:/Program Files (x86)/Epic Games/4.14/Engine/Plugins/Experimental/CodeEditor/CodeEditor.uplugin
LogPluginManager: Loaded Plugin CodeView, From C:/Program Files (x86)/Epic Games/4.14/Engine/Plugins/Experimental/CodeView/CodeView.uplugin
LogPluginManager: Loaded Plugin HTML5Networking, From C:/Program Files (x86)/Epic Games/4.14/Engine/Plugins/Experimental/HTML5Networking/HTML5Networking.uplugin
LogPluginManager: Loaded Plugin OSVR, From C:/Program Files (x86)/Epic Games/4.14/Engine/Plugins/Experimental/OSVR/OSVR.uplugin
LogPluginManager: Loaded Plugin Phya, From C:/Program Files (x86)/Epic Games/4.14/Engine/Plugins/Experimental/Phya/Phya.uplugin
LogPluginManager: Loaded Plugin SignificanceManager, From C:/Program Files (x86)/Epic Games/4.14/Engine/Plugins/Experimental/SignificanceManager/SignificanceManager.uplugin
LogPluginManager: Loaded Plugin SimpleHMD, From C:/Program Files (x86)/Epic Games/4.14/Engine/Plugins/Experimental/SimpleHMD/SimpleHMD.uplugin
LogPluginManager: Loaded Plugin StereoPanorama, From C:/Program Files (x86)/Epic Games/4.14/Engine/Plugins/Experimental/StereoPanorama/StereoPanorama.uplugin
LogPluginManager: Loaded Plugin StructBox, From C:/Program Files (x86)/Epic Games/4.14/Engine/Plugins/Experimental/StructBox/StructBox.uplugin
LogPluginManager: Loaded Plugin AndroidMedia, From C:/Program Files (x86)/Epic Games/4.14/Engine/Plugins/Media/AndroidMedia/AndroidMedia.uplugin
LogPluginManager: Loaded Plugin AvfMedia, From C:/Program Files (x86)/Epic Games/4.14/Engine/Plugins/Media/AvfMedia/AvfMedia.uplugin
LogPluginManager: Loaded Plugin MediaPlayerEditor, From C:/Program Files (x86)/Epic Games/4.14/Engine/Plugins/Media/MediaPlayerEditor/MediaPlayerEditor.uplugin
LogPluginManager: Loaded Plugin WmfMedia, From C:/Program Files (x86)/Epic Games/4.14/Engine/Plugins/Media/WmfMedia/WmfMedia.uplugin
LogPluginManager: Loaded Plugin MessagingDebugger, From C:/Program Files (x86)/Epic Games/4.14/Engine/Plugins/Messaging/MessagingDebugger/MessagingDebugger.uplugin
LogPluginManager: Loaded Plugin TcpMessaging, From C:/Program Files (x86)/Epic Games/4.14/Engine/Plugins/Messaging/TcpMessaging/TcpMessaging.uplugin
LogPluginManager: Loaded Plugin UdpMessaging, From C:/Program Files (x86)/Epic Games/4.14/Engine/Plugins/Messaging/UdpMessaging/UdpMessaging.uplugin
LogPluginManager: Loaded Plugin LevelSequenceEditor, From C:/Program Files (x86)/Epic Games/4.14/Engine/Plugins/MovieScene/LevelSequenceEditor/LevelSequenceEditor.uplugin
LogPluginManager: Loaded Plugin MatineeToLevelSequence, From C:/Program Files (x86)/Epic Games/4.14/Engine/Plugins/MovieScene/MatineeToLevelSequence/MatineeToLevelSequence.uplugin
LogPluginManager: Loaded Plugin NetcodeUnitTest, From C:/Program Files (x86)/Epic Games/4.14/Engine/Plugins/NetcodeUnitTest/NetcodeUnitTest/NetcodeUnitTest.uplugin
LogPluginManager: Loaded Plugin NUTUnrealEngine4, From C:/Program Files (x86)/Epic Games/4.14/Engine/Plugins/NetcodeUnitTest/NUTUnrealEngine4/NUTUnrealEngine4.uplugin
LogPluginManager: Loaded Plugin OnlineSubsystemGameCircle, From C:/Program Files (x86)/Epic Games/4.14/Engine/Plugins/Online/Android/OnlineSubsystemGameCircle/OnlineSubsystemGameCircle.uplugin
LogPluginManager: Loaded Plugin OnlineSubsystemGooglePlay, From C:/Program Files (x86)/Epic Games/4.14/Engine/Plugins/Online/Android/OnlineSubsystemGooglePlay/OnlineSubsystemGooglePlay.uplugin
LogPluginManager: Loaded Plugin OnlineSubsystemIOS, From C:/Program Files (x86)/Epic Games/4.14/Engine/Plugins/Online/IOS/OnlineSubsystemIOS/OnlineSubsystemIOS.uplugin
LogPluginManager: Loaded Plugin OnlineFramework, From C:/Program Files (x86)/Epic Games/4.14/Engine/Plugins/Online/OnlineFramework/OnlineFramework.uplugin
LogPluginManager: Loaded Plugin OnlineSubsystem, From C:/Program Files (x86)/Epic Games/4.14/Engine/Plugins/Online/OnlineSubsystem/OnlineSubsystem.uplugin
LogPluginManager: Loaded Plugin OnlineSubsystemAmazon, From C:/Program Files (x86)/Epic Games/4.14/Engine/Plugins/Online/OnlineSubsystemAmazon/OnlineSubsystemAmazon.uplugin
LogPluginManager: Loaded Plugin OnlineSubsystemFacebook, From C:/Program Files (x86)/Epic Games/4.14/Engine/Plugins/Online/OnlineSubsystemFacebook/OnlineSubsystemFacebook.uplugin
LogPluginManager: Loaded Plugin OnlineSubsystemNull, From C:/Program Files (x86)/Epic Games/4.14/Engine/Plugins/Online/OnlineSubsystemNull/OnlineSubsystemNull.uplugin
LogPluginManager: Loaded Plugin OnlineSubsystemOculus, From C:/Program Files (x86)/Epic Games/4.14/Engine/Plugins/Online/OnlineSubsystemOculus/OnlineSubsystemOculus.uplugin
LogPluginManager: Loaded Plugin OnlineSubsystemSteam, From C:/Program Files (x86)/Epic Games/4.14/Engine/Plugins/Online/OnlineSubsystemSteam/OnlineSubsystemSteam.uplugin
LogPluginManager: Loaded Plugin OnlineSubsystemUtils, From C:/Program Files (x86)/Epic Games/4.14/Engine/Plugins/Online/OnlineSubsystemUtils/OnlineSubsystemUtils.uplugin
LogPluginManager: Loaded Plugin IOSTapJoy, From C:/Program Files (x86)/Epic Games/4.14/Engine/Plugins/Runtime/Advertising/IOSTapJoy/IOSTapJoy.uplugin
LogPluginManager: Loaded Plugin AnalyticsBlueprintLibrary, From C:/Program Files (x86)/Epic Games/4.14/Engine/Plugins/Runtime/Analytics/AnalyticsBlueprintLibrary/AnalyticsBlueprintLibrary.uplugin
LogPluginManager: Loaded Plugin AnalyticsMulticast, From C:/Program Files (x86)/Epic Games/4.14/Engine/Plugins/Runtime/Analytics/AnalyticsMulticast/AnalyticsMulticast.uplugin
LogPluginManager: Loaded Plugin Apsalar, From C:/Program Files (x86)/Epic Games/4.14/Engine/Plugins/Runtime/Analytics/Apsalar/Apsalar.uplugin
LogPluginManager: Loaded Plugin FileLogging, From C:/Program Files (x86)/Epic Games/4.14/Engine/Plugins/Runtime/Analytics/FileLogging/FileLogging.uplugin
LogPluginManager: Loaded Plugin Flurry, From C:/Program Files (x86)/Epic Games/4.14/Engine/Plugins/Runtime/Analytics/Flurry/Flurry.uplugin
LogPluginManager: Loaded Plugin AndroidDeviceProfileSelector, From C:/Program Files (x86)/Epic Games/4.14/Engine/Plugins/Runtime/AndroidDeviceProfileSelector/AndroidDeviceProfileSelector.uplugin
LogPluginManager: Loaded Plugin AndroidMoviePlayer, From C:/Program Files (x86)/Epic Games/4.14/Engine/Plugins/Runtime/AndroidMoviePlayer/AndroidMoviePlayer.uplugin
LogPluginManager: Loaded Plugin AppleMoviePlayer, From C:/Program Files (x86)/Epic Games/4.14/Engine/Plugins/Runtime/AppleMoviePlayer/AppleMoviePlayer.uplugin
LogPluginManager: Loaded Plugin ArchVisCharacter, From C:/Program Files (x86)/Epic Games/4.14/Engine/Plugins/Runtime/ArchVisCharacter/ArchVisCharacter.uplugin
LogPluginManager: Loaded Plugin CableComponent, From C:/Program Files (x86)/Epic Games/4.14/Engine/Plugins/Runtime/CableComponent/CableComponent.uplugin
LogPluginManager: Loaded Plugin CustomMeshComponent, From C:/Program Files (x86)/Epic Games/4.14/Engine/Plugins/Runtime/CustomMeshComponent/CustomMeshComponent.uplugin
LogPluginManager: Loaded Plugin ExampleDeviceProfileSelector, From C:/Program Files (x86)/Epic Games/4.14/Engine/Plugins/Runtime/ExampleDeviceProfileSelector/ExampleDeviceProfileSelector.uplugin
LogPluginManager: Loaded Plugin GearVR, From C:/Program Files (x86)/Epic Games/4.14/Engine/Plugins/Runtime/GearVR/GearVR.uplugin
LogPluginManager: Loaded Plugin GoogleVRController, From C:/Program Files (x86)/Epic Games/4.14/Engine/Plugins/Runtime/GoogleVR/GoogleVRController/GoogleVRController.uplugin
LogPluginManager: Loaded Plugin GoogleVRHMD, From C:/Program Files (x86)/Epic Games/4.14/Engine/Plugins/Runtime/GoogleVR/GoogleVRHMD/GoogleVRHMD.uplugin
LogPluginManager: Loaded Plugin IOSDeviceProfileSelector, From C:/Program Files (x86)/Epic Games/4.14/Engine/Plugins/Runtime/IOSDeviceProfileSelector/IOSDeviceProfileSelector.uplugin
LogPluginManager: Loaded Plugin LeapMotion, From C:/Program Files (x86)/Epic Games/4.14/Engine/Plugins/Runtime/LeapMotion/LeapMotion.uplugin
LogPluginManager: Loaded Plugin LinuxDeviceProfileSelector, From C:/Program Files (x86)/Epic Games/4.14/Engine/Plugins/Runtime/LinuxDeviceProfileSelector/LinuxDeviceProfileSelector.uplugin
LogPluginManager: Loaded Plugin MIDIDevice, From C:/Program Files (x86)/Epic Games/4.14/Engine/Plugins/Runtime/MIDIDevice/MIDIDevice.uplugin
LogPluginManager: Loaded Plugin MobilePatchingUtils, From C:/Program Files (x86)/Epic Games/4.14/Engine/Plugins/Runtime/MobilePatchingUtils/MobilePatchingUtils.uplugin
LogPluginManager: Loaded Plugin Ansel, From C:/Program Files (x86)/Epic Games/4.14/Engine/Plugins/Runtime/Nvidia/Ansel/Ansel.uplugin
LogPluginManager: Loaded Plugin OculusAudio, From C:/Program Files (x86)/Epic Games/4.14/Engine/Plugins/Runtime/OculusAudio/OculusAudio.uplugin
LogPluginManager: Loaded Plugin OculusInput, From C:/Program Files (x86)/Epic Games/4.14/Engine/Plugins/Runtime/OculusInput/OculusInput.uplugin
LogPluginManager: Loaded Plugin OculusLibrary, From C:/Program Files (x86)/Epic Games/4.14/Engine/Plugins/Runtime/OculusLibrary/OculusLibrary.uplugin
LogPluginManager: Loaded Plugin OculusRift, From C:/Program Files (x86)/Epic Games/4.14/Engine/Plugins/Runtime/OculusRift/OculusRift.uplugin
LogPluginManager: Loaded Plugin Oodle, From C:/Program Files (x86)/Epic Games/4.14/Engine/Plugins/Runtime/PacketHandlers/CompressionComponents/Oodle/Oodle.uplugin
LogPluginManager: Loaded Plugin ProceduralMeshComponent, From C:/Program Files (x86)/Epic Games/4.14/Engine/Plugins/Runtime/ProceduralMeshComponent/ProceduralMeshComponent.uplugin
LogPluginManager: Loaded Plugin SoundMod, From C:/Program Files (x86)/Epic Games/4.14/Engine/Plugins/Runtime/SoundMod/SoundMod.uplugin
LogPluginManager: Loaded Plugin SoundVisualizations, From C:/Program Files (x86)/Epic Games/4.14/Engine/Plugins/Runtime/SoundVisualizations/SoundVisualizations.uplugin
LogPluginManager: Loaded Plugin SteamController, From C:/Program Files (x86)/Epic Games/4.14/Engine/Plugins/Runtime/Steam/SteamController/SteamController.uplugin
LogPluginManager: Loaded Plugin SteamVR, From C:/Program Files (x86)/Epic Games/4.14/Engine/Plugins/Runtime/Steam/SteamVR/SteamVR.uplugin
LogPluginManager: Loaded Plugin WebBrowserWidget, From C:/Program Files (x86)/Epic Games/4.14/Engine/Plugins/Runtime/WebBrowserWidget/WebBrowserWidget.uplugin
LogPluginManager: Loaded Plugin WindowsDeviceProfileSelector, From C:/Program Files (x86)/Epic Games/4.14/Engine/Plugins/Runtime/WindowsDeviceProfileSelector/WindowsDeviceProfileSelector.uplugin
LogPluginManager: Loaded Plugin WindowsMoviePlayer, From C:/Program Files (x86)/Epic Games/4.14/Engine/Plugins/Runtime/WindowsMoviePlayer/WindowsMoviePlayer.uplugin
LogPluginManager: Loaded Plugin ScriptPlugin, From C:/Program Files (x86)/Epic Games/4.14/Engine/Plugins/ScriptPlugin/ScriptPlugin.uplugin
LogPluginManager: Loaded Plugin SlateRemote, From C:/Program Files (x86)/Epic Games/4.14/Engine/Plugins/Slate/SlateRemote/SlateRemote.uplugin
LogPluginManager: Loaded Plugin EditorTests, From C:/Program Files (x86)/Epic Games/4.14/Engine/Plugins/Tests/EditorTests/EditorTests.uplugin
LogPluginManager: Loaded Plugin FbxAutomationTestBuilder, From C:/Program Files (x86)/Epic Games/4.14/Engine/Plugins/Tests/FbxAutomationTestBuilder/FbxAutomationTestBuilder.uplugin
LogPluginManager: Loaded Plugin FunctionalTestingEditor, From C:/Program Files (x86)/Epic Games/4.14/Engine/Plugins/Tests/FunctionalTestingEditor/FunctionalTestingEditor.uplugin
LogPluginManager: Loaded Plugin RuntimeTests, From C:/Program Files (x86)/Epic Games/4.14/Engine/Plugins/Tests/RuntimeTests/RuntimeTests.uplugin
LogPluginManager: Loaded Plugin ScreenshotTools, From C:/Program Files (x86)/Epic Games/4.14/Engine/Plugins/Tests/ScreenshotTools/ScreenshotTools.uplugin
LogInit: Using libcurl 7.47.1
LogInit:  - built for x86_64-pc-win32
LogInit:  - supports SSL with OpenSSL/1.0.2g
LogInit:  - supports HTTP deflate (compression) using libz 1.2.8
LogInit:  - other features:
LogInit:      CURL_VERSION_SSL
LogInit:      CURL_VERSION_LIBZ
LogInit:      CURL_VERSION_IPV6
LogInit:      CURL_VERSION_ASYNCHDNS
LogInit:      CURL_VERSION_LARGEFILE
LogInit:      CURL_VERSION_IDN
LogInit:  CurlRequestOptions (configurable via config and command line):
LogInit:  - bVerifyPeer = false  - Libcurl will NOT verify peer certificate
LogInit:  - bUseHttpProxy = false  - Libcurl will NOT use HTTP proxy
LogInit:  - bDontReuseConnections = false  - Libcurl will reuse connections
LogInit:  - CertBundlePath = nullptr  - Libcurl will use whatever was configured at build time.
LogInit: Build: ++UE4+Release-4.14-CL-3195953
LogInit: Engine Version: 4.14.0-3195953+++UE4+Release-4.14
LogInit: Compatible Engine Version: 4.14.0-3195953+++UE4+Release-4.14
LogInit: Net CL: 3195953
LogDevObjectVersion: Number of dev versions registered: 13
LogDevObjectVersion:   Dev-Blueprints (B0D832E4-1F89-4F0D-ACCF-7EB736FD4AA2): 7
LogDevObjectVersion:   Dev-Build (E1C64328-A22C-4D53-A36C-8E866417BD8C): 0
LogDevObjectVersion:   Dev-Core (375EC13C-06E4-48FB-B500-84F0262A717E): 1
LogDevObjectVersion:   Dev-Editor (E4B068ED-F494-42E9-A231-DA0B2E46BB41): 8
LogDevObjectVersion:   Dev-Framework (CFFC743F-43B0-4480-9391-14DF171D2073): 17
LogDevObjectVersion:   Dev-Mobile (B02B49B5-BB20-44E9-A304-32B752E40360): 0
LogDevObjectVersion:   Dev-Networking (A4E4105C-59A1-49B5-A7C5-40C4547EDFEE): 0
LogDevObjectVersion:   Dev-Online (39C831C9-5AE6-47DC-9A44-9C173E1C8E7C): 0
LogDevObjectVersion:   Dev-Physics (78F01B33-EBEA-4F98-B9B4-84EACCB95AA2): 0
LogDevObjectVersion:   Dev-Platform (6631380F-2D4D-43E0-8009-CF276956A95A): 0
LogDevObjectVersion:   Dev-Rendering (12F88B9F-8875-4AFC-A67C-D90C383ABD29): 12
LogDevObjectVersion:   Dev-Sequencer (7B5AE74C-D270-4C10-A958-57980B212A5A): 1
LogDevObjectVersion:   Dev-VR (D7296918-1DD6-4BDD-9DE2-64A83CC13884): 0
LogInit: Compiled (64-bit): Nov 12 2016 02:14:10
LogInit: Compiled with Visual C++: 19.00.23026.00
LogInit: Build Configuration: Development
LogInit: Branch Name: ++UE4+Release-4.14
LogInit: Command line:  
LogInit: Base directory: C:/Program Files (x86)/Epic Games/4.14/Engine/Binaries/Win64/
LogInit: Installed Engine Build: 1
LogInit: Presizing for max 8388607 objects, including 0 objects not considered by GC, pre-allocating 0 bytes for permanent pool.
LogInit: Object subsystem initialized
[2016.11.29-20.00.30:358][  0]LogInit: Selected Device Profile: [Windows]
[2016.11.29-20.00.30:358][  0]LogInit: Applying CVar settings loaded from the selected device profile: [Windows]
[2016.11.29-20.00.30:370][  0]LogInit: Computer: DESKTOP-TCO7O6N
[2016.11.29-20.00.30:370][  0]LogInit: User: user
[2016.11.29-20.00.30:370][  0]LogInit: CPU Page size=65536, Cores=4
[2016.11.29-20.00.30:370][  0]LogInit: High frequency timer resolution =3.001592 MHz
[2016.11.29-20.00.30:370][  0]LogMemory: Memory total: Physical=8.0GB (8GB approx)
[2016.11.29-20.00.30:370][  0]LogMemory: Platform Memory Stats for Windows
[2016.11.29-20.00.30:370][  0]LogMemory: Process Physical Memory: 264.46 MB used, 264.46 MB peak
[2016.11.29-20.00.30:370][  0]LogMemory: Process Virtual Memory: 262.81 MB used, 262.81 MB peak
[2016.11.29-20.00.30:370][  0]LogMemory: Physical Memory: 3730.09 MB used,  4453.02 MB free, 8183.11 MB total
[2016.11.29-20.00.30:370][  0]LogMemory: Virtual Memory: 676.50 MB used,  4453.02 MB free, 134217728.00 MB total
[2016.11.29-20.00.30:406][  0]LogTextLocalizationManager: No specific translations for ('es-ES') exist, so ('es') translations will be used.
[2016.11.29-20.00.31:132][  0]LogD3D11RHI: D3D11 adapters:
[2016.11.29-20.00.31:815][  0]LogD3D11RHI:    0. 'NVIDIA GeForce GTX 650' (Feature Level 11_0)
[2016.11.29-20.00.31:815][  0]LogD3D11RHI:       2017/0/4091 MB DedicatedVideo/DedicatedSystem/SharedSystem, Outputs:1, VendorId:0x10de
[2016.11.29-20.00.31:817][  0]LogD3D11RHI:    1. 'Microsoft Basic Render Driver' (Feature Level 11_0)
[2016.11.29-20.00.31:817][  0]LogD3D11RHI:       0/0/4091 MB DedicatedVideo/DedicatedSystem/SharedSystem, Outputs:0, VendorId:0x1414
[2016.11.29-20.00.31:817][  0]LogD3D11RHI: Chosen D3D11 Adapter: 0
[2016.11.29-20.00.31:820][  0]LogD3D11RHI: Creating new Direct3DDevice
[2016.11.29-20.00.31:820][  0]LogD3D11RHI:     GPU DeviceId: 0xfc6 (for the marketing name, search the web for "GPU Device Id")
[2016.11.29-20.00.31:820][  0]LogWindows: EnumDisplayDevices:
[2016.11.29-20.00.31:820][  0]LogWindows:    0. 'NVIDIA GeForce GTX 650' (P:1 D:1)
[2016.11.29-20.00.31:821][  0]LogWindows:    1. 'NVIDIA GeForce GTX 650' (P:0 D:0)
[2016.11.29-20.00.31:821][  0]LogWindows:    2. 'NVIDIA GeForce GTX 650' (P:0 D:0)
[2016.11.29-20.00.31:821][  0]LogWindows: DebugString: FoundDriverCount:3 
[2016.11.29-20.00.31:821][  0]LogD3D11RHI:     Adapter Name: NVIDIA GeForce GTX 650
[2016.11.29-20.00.31:821][  0]LogD3D11RHI:   Driver Version: 375.95 (internal:21.21.13.7595, unified:375.95)
[2016.11.29-20.00.31:821][  0]LogD3D11RHI:      Driver Date: 11-16-2016
[2016.11.29-20.00.31:821][  0]LogRHI: Texture pool is 1361 MB (70% of 1945 MB)
[2016.11.29-20.00.32:478][  0]LogD3D11RHI: Async texture creation enabled
[2016.11.29-20.00.32:525][  0]LogD3D11RHI: GPU Timing Frequency: 1000.000000 (Debug: 2 2)
[2016.11.29-20.00.32:525][  0]LogShaderCompilers: Guid format shader working directory is -30 characters bigger than the processId version (../../../../../../Users/user/Documents/Unreal Projects/udemy/BuildingEscape/Intermediate/Shaders/WorkingDirectory/5552/).
[2016.11.29-20.00.32:525][  0]LogShaderCompilers: Cleaned the shader compiler working directory 'C:/Users/user/AppData/Local/Temp/UnrealShaderWorkingDir/B61066254ABD48B3280BECA41812BCC9/'.
[2016.11.29-20.00.32:525][  0]LogShaderCompilers:Display: Using Local Shader Compiler.
[2016.11.29-20.00.34:368][  0]LogTemp:Display: Loaded TP AllDesktopTargetPlatform
[2016.11.29-20.00.34:503][  0]LogTemp:Display: Loaded TP MacClientTargetPlatform
[2016.11.29-20.00.34:624][  0]LogTemp:Display: Loaded TP MacNoEditorTargetPlatform
[2016.11.29-20.00.34:748][  0]LogTemp:Display: Loaded TP MacServerTargetPlatform
[2016.11.29-20.00.34:870][  0]LogTemp:Display: Loaded TP MacTargetPlatform
[2016.11.29-20.00.34:992][  0]LogTemp:Display: Loaded TP WindowsClientTargetPlatform
[2016.11.29-20.00.35:113][  0]LogTemp:Display: Loaded TP WindowsNoEditorTargetPlatform
[2016.11.29-20.00.35:235][  0]LogTemp:Display: Loaded TP WindowsServerTargetPlatform
[2016.11.29-20.00.35:353][  0]LogTemp:Display: Loaded TP WindowsTargetPlatform
[2016.11.29-20.00.35:475][  0]LogTemp:Display: Loaded TP AndroidTargetPlatform
[2016.11.29-20.00.35:595][  0]LogTemp:Display: Loaded TP Android_ASTCTargetPlatform
[2016.11.29-20.00.35:714][  0]LogTemp:Display: Loaded TP Android_ATCTargetPlatform
[2016.11.29-20.00.35:856][  0]LogTemp:Display: Loaded TP Android_DXTTargetPlatform
[2016.11.29-20.00.35:999][  0]LogTemp:Display: Loaded TP Android_ETC1TargetPlatform
[2016.11.29-20.00.36:133][  0]LogTemp:Display: Loaded TP Android_ETC2TargetPlatform
[2016.11.29-20.00.36:372][  0]LogTemp:Display: Loaded TP Android_MultiTargetPlatform
[2016.11.29-20.00.36:372][  0]LogTemp:Display: Loaded TP Android_PVRTCTargetPlatform
[2016.11.29-20.00.36:469][  0]LogTemp:Display: Loaded TP HTML5TargetPlatform
[2016.11.29-20.00.36:671][  0]LogTemp:Display: Loaded TP IOSTargetPlatform
[2016.11.29-20.00.36:763][  0]LogTemp:Display: Loaded TP TVOSTargetPlatform
[2016.11.29-20.00.36:895][  0]LogTemp:Display: Loaded TP LinuxClientTargetPlatform
[2016.11.29-20.00.37:021][  0]LogTemp:Display: Loaded TP LinuxNoEditorTargetPlatform
[2016.11.29-20.00.37:163][  0]LogTemp:Display: Loaded TP LinuxServerTargetPlatform
[2016.11.29-20.00.37:283][  0]LogTemp:Display: Loaded TP LinuxTargetPlatform
[2016.11.29-20.00.37:283][  0]LogTargetPlatformManager:Display: Building Assets For Windows
[2016.11.29-20.00.38:294][  0]LogDerivedDataCache:Display: Max Cache Size: 512 MB
[2016.11.29-20.00.38:394][  0]LogDerivedDataCache: Loaded boot cache 0.10s 50MB C:/Users/user/AppData/Local/UnrealEngine/4.14/DerivedDataCache/Boot.ddc.
[2016.11.29-20.00.38:394][  0]LogDerivedDataCache:Display: Loaded Boot cache: C:/Users/user/AppData/Local/UnrealEngine/4.14/DerivedDataCache/Boot.ddc
[2016.11.29-20.00.38:394][  0]LogDerivedDataCache: FDerivedDataBackendGraph:  Pak pak cache file ../../../../../../Users/user/Documents/Unreal Projects/udemy/BuildingEscape/DerivedDataCache/DDC.ddp not found, will not use a pak cache.
[2016.11.29-20.00.38:394][  0]LogDerivedDataCache: Unable to find inner node Pak for hierarchical cache Hierarchy.
[2016.11.29-20.00.38:394][  0]LogDerivedDataCache: FDerivedDataBackendGraph:  CompressedPak pak cache file ../../../../../../Users/user/Documents/Unreal Projects/udemy/BuildingEscape/DerivedDataCache/Compressed.ddp not found, will not use a pak cache.
[2016.11.29-20.00.38:394][  0]LogDerivedDataCache: Unable to find inner node CompressedPak for hierarchical cache Hierarchy.
[2016.11.29-20.00.38:416][  0]LogDerivedDataCache:Display: Pak cache opened for reading ../../../Engine/DerivedDataCache/Compressed.ddp.
[2016.11.29-20.00.38:429][  0]LogDerivedDataCache: Using Local data cache path C:/Users/user/AppData/Local/UnrealEngine/Common/DerivedDataCache: Writable
[2016.11.29-20.00.38:755][  0]LogInit: Selected Device Profile: [Windows]
[2016.11.29-20.00.38:759][  0]LogContentStreaming: Texture pool size is 0.00 MB
[2016.11.29-20.00.39:163][  0]LogMeshUtilities: Using QuadricMeshReduction for automatic static mesh reduction
[2016.11.29-20.00.39:273][  0]LogSimplygon: Simplygon DLL not present - disabling.
[2016.11.29-20.00.39:385][  0]LogMeshUtilities: Using SimplygonSwarm for distributed automatic mesh merging
[2016.11.29-20.00.39:385][  0]LogMeshUtilities: No automatic skeletal mesh reduction module available
[2016.11.29-20.00.39:386][  0]LogMeshUtilities: No automatic mesh merging module available
[2016.11.29-20.00.40:240][  0]LogNetVersion: GetLocalNetworkVersion: CL: 3195953, ProjectName: buildingescape, ProjectVersion: , EngineNetworkVersion: 2, GameNetworkVersion: 0, NetworkChecksum: 2542623411
[2016.11.29-20.00.40:333][  0]LogAssetRegistry: FAssetRegistry took 0.0216 seconds to start up
[2016.11.29-20.00.40:423][  0]LogPackageLocalizationCache: Processed 3 localized package path(s) for 2 prioritized culture(s) in 0.036665 seconds
[2016.11.29-20.00.40:430][  0]LogUObjectArray: 31946 objects as part of root set at end of initial load.
[2016.11.29-20.00.40:430][  0]LogUObjectAllocator: 6935840 out of 0 bytes used by permanent object pool.
[2016.11.29-20.00.40:430][  0]LogUObjectArray: CloseDisregardForGC: 0/0 objects in disregard for GC pool
[2016.11.29-20.00.40:587][  0]LogInit: WinSock: version 1.1 (2.2), MaxSocks=32767, MaxUdp=65467
[2016.11.29-20.00.42:368][  0]LogSlate: Using Freetype 2.6.0
[2016.11.29-20.00.42:370][  0]LogSlate: SlateFontCache - WITH_FREETYPE: 1, WITH_HARFBUZZ: 1
[2016.11.29-20.00.42:370][  0]LogSlate: SlateFontCache - WITH_FREETYPE: 1, WITH_HARFBUZZ: 1
[2016.11.29-20.00.44:028][  0]LogTcpMessaging: Initializing TcpMessaging bridge
[2016.11.29-20.00.44:110][  0]LogUdpMessaging: Initializing bridge on interface 0.0.0.0:0 to multicast group 230.0.0.1:6666.
[2016.11.29-20.00.45:034][  0]LogMaterial: Uniform references updated for custom material expression Custom.
[2016.11.29-20.00.46:061][  0]SourceControl: Información El control de código fuente está desactivado
[2016.11.29-20.00.46:631][  0]SourceControl: Información El control de código fuente está desactivado
[2016.11.29-20.00.46:754][  0]SourceControl: Información El control de código fuente está desactivado
[2016.11.29-20.00.46:892][  0]SourceControl: Información El control de código fuente está desactivado
[2016.11.29-20.00.50:602][  0]LogEngine: Initializing Engine...
[2016.11.29-20.00.50:602][  0]LogHMD: Failed to initialize OpenVR with code 110
[2016.11.29-20.00.51:091][  0]LogAIModule: Creating AISystem for world Untitled
[2016.11.29-20.00.51:114][  0]LogInit: XAudio2 using 'Philips 244E-4 (NVIDIA High Definition Audio)' : 2 channels at 48 kHz using 16 bits per sample (channel mask 0x3)
[2016.11.29-20.00.51:160][  0]LogInit: FAudioDevice initialized.
[2016.11.29-20.00.51:202][  0]LogDerivedDataCache: Saved boot cache 0.04s 50MB C:/Users/user/AppData/Local/UnrealEngine/4.14/DerivedDataCache/Boot.ddc.
[2016.11.29-20.00.51:220][  0]LogInit: Texture streaming: Enabled
[2016.11.29-20.00.51:672][  0]LogInit: Transaction tracking system initialized
[2016.11.29-20.00.52:522][  0]BlueprintLog: New page: Cargar el editor
[2016.11.29-20.00.54:734][  0]LocalizationService: Información Localization service is disabled
[2016.11.29-20.00.56:352][  0]LogConsoleResponse:Display: 
[2016.11.29-20.00.56:558][  0]LogCook:Display: Max memory allowance for cook 16384mb min free memory 0mb
[2016.11.29-20.00.56:558][  0]LogCook:Display: Mobile HDR setting 1
[2016.11.29-20.00.57:180][  0]LogFileCache: Scanning file cache for directory 'C:/Users/user/Documents/Unreal Projects/udemy/BuildingEscape/Content/' took 0.01s
[2016.11.29-20.00.58:875][  0]SourceControl: Información El control de código fuente está desactivado
[2016.11.29-20.00.58:875][  0]Cmd: MAP LOAD FILE="../../../../../../Users/user/Documents/Unreal Projects/udemy/BuildingEscape/Content/NewMap.umap" TEMPLATE=0 SHOWPROGRESS=1 FEATURELEVEL=3
[2016.11.29-20.00.58:876][  0]LightingResults: New page: Diseñar la iluminación
[2016.11.29-20.00.59:009][  0]MapCheck: New page: Revisión del mapa
[2016.11.29-20.00.59:009][  0]LightingResults: New page: Diseñar la iluminación
[2016.11.29-20.00.59:391][  0]LogAIModule: Creating AISystem for world NewMap
[2016.11.29-20.00.59:399][  0]LogEditorServer: Finished looking for orphan Actors (0.000 secs)
[2016.11.29-20.00.59:400][  0]Cmd: MAP CHECKDEP NOCLEARLOG
[2016.11.29-20.00.59:524][  0]MapCheck: Información Map check complete: 0 Error(s), 0 Warning(s), took 124,362ms to complete.
[2016.11.29-20.00.59:524][  0]LogFileHelpers: Loading map 'NewMap' took 0.649
[2016.11.29-20.00.59:582][  0]LogWindowsTextInputMethodSystem:Display: IME system now deactivated.
[2016.11.29-20.00.59:656][  0]LogCollectionManager: Loaded 0 collections in 0.002481 seconds
[2016.11.29-20.00.59:808][  0]LogFileCache: Scanning file cache for directory 'C:/Users/user/Documents/Unreal Projects/udemy/BuildingEscape/Saved/Collections/' took 0.01s
[2016.11.29-20.00.59:808][  0]LogFileCache: Scanning file cache for directory 'C:/Users/user/Documents/Unreal Projects/udemy/BuildingEscape/Content/Developers/user/Collections/' took 0.01s
[2016.11.29-20.00.59:808][  0]LogFileCache: Scanning file cache for directory 'C:/Users/user/Documents/Unreal Projects/udemy/BuildingEscape/Content/Collections/' took 0.01s
[2016.11.29-20.00.59:808][  0]LogCollectionManager: Rebuilt the GUID cache for 0 collections in 0.000002 seconds
[2016.11.29-20.00.59:822][  0]LogContentBrowser: Native class hierarchy populated in 0.0137 seconds. Added 2193 classes and 430 folders.
[2016.11.29-20.00.59:923][  0]LogStats: UGameplayTagsManager::ConstructGameplayTagTree: Construct from data asset -  0.000 s
[2016.11.29-20.00.59:924][  0]LogStats: UGameplayTagsManager::ConstructGameplayTagTree: GameplayTagTreeChangedEvent.Broadcast -  0.000 s
[2016.11.29-20.00.59:926][  0]LogContentBrowser: Native class hierarchy updated for 'GameplayTags' in 0.0024 seconds. Added 13 classes and 0 folders.
[2016.11.29-20.01.00:082][  0]LogContentBrowser: Native class hierarchy updated for 'WidgetCarousel' in 0.0023 seconds. Added 0 classes and 0 folders.
[2016.11.29-20.01.00:167][  0]LogContentBrowser: Native class hierarchy updated for 'AddContentDialog' in 0.0024 seconds. Added 0 classes and 0 folders.
[2016.11.29-20.01.00:292][  0]LogContentBrowser: Native class hierarchy updated for 'SceneOutliner' in 0.0024 seconds. Added 1 classes and 2 folders.
[2016.11.29-20.01.00:406][  0]LogCrashTracker: Crashtracker disabled due to settings.
[2016.11.29-20.01.00:412][  0]LogUObjectGlobals:Warning: Error al encontrar el objeto 'Class Ninguno.'
[2016.11.29-20.01.00:540][  0]LogContentBrowser: Native class hierarchy updated for 'HierarchicalLODOutliner' in 0.0024 seconds. Added 1 classes and 2 folders.
[2016.11.29-20.01.00:540][  0]LogLoad: (Engine Initialization) Total time: 32.80 seconds
[2016.11.29-20.01.00:540][  0]LogLoad: (Engine Initialization) Total Blueprint compile time: 0.17 seconds
[2016.11.29-20.01.00:540][  0]LogExternalProfiler: Found external profiler: VSPerf
[2016.11.29-20.01.00:540][  0]LogExternalProfiler: Using external profiler: VSPerf
[2016.11.29-20.01.00:549][  0]LogOcInput: OculusInput pre-init called
[2016.11.29-20.01.00:572][  0]LogContentStreaming: Texture pool size now 1000 MB
[2016.11.29-20.01.00:782][  0]LogRenderer: Reallocating scene render targets to support 740x328 NumSamples 1 (Frame:2).
[2016.11.29-20.01.01:048][  1]LogAssetRegistry: Asset discovery search completed in 20.7368 seconds
[2016.11.29-20.01.01:048][  1]LogCollectionManager: Rebuilt the object cache for 0 collections in 0.000002 seconds (found 0 objects)
[2016.11.29-20.01.01:049][  1]LogCollectionManager: Fixed up redirectors for 0 collections in 0.000138 seconds (updated 0 objects)
[2016.11.29-20.02.18:356][873]LogRenderer: Reallocating scene render targets to support 888x396 NumSamples 1 (Frame:6866).
[2016.11.29-20.02.18:405][874]LogRenderer: Reallocating scene render targets to support 1252x560 NumSamples 1 (Frame:6868).
[2016.11.29-20.02.18:499][875]LogRenderer: Reallocating scene render targets to support 1484x664 NumSamples 1 (Frame:6871).
[2016.11.29-20.04.04:934][936]LogTexture:Display: Generando texturas: T_Perlin_Noise_M (AutoDXT)
[2016.11.29-20.04.08:000][936]LogTexture:Display: Generando texturas: T_Wood_Floor_Walnut_D (AutoDXT)
[2016.11.29-20.04.11:197][936]LogTexture:Display: Generando texturas: T_Wood_Floor_Walnut_N (BC5)
[2016.11.29-20.04.11:988][936]LogTexture:Display: Generando texturas: T_Wood_Floor_Walnut_M (AutoDXT)
[2016.11.29-20.04.27:258][534]MapCheck: New page: Revisión del mapa
[2016.11.29-20.04.27:275][534]LightingResults: New page: Diseño de la iluminación - 29/11/2016 22:04:27
[2016.11.29-20.04.27:335][534]LogSwarmInterface: [OpenConnection] Registering TCP channel ...
[2016.11.29-20.04.27:669][534]LogSwarmInterface: [OpenConnection] Connecting to agent ...
[2016.11.29-20.04.27:694][534]LogSwarmInterface: [TryOpenConnection] Testing the Agent
[2016.11.29-20.04.28:222][534]LogSwarmInterface: [TryOpenConnection] Opening Connection to Agent
[2016.11.29-20.04.28:222][534]LogSwarmInterface: [TryOpenConnection] Local Process ID is 5552
[2016.11.29-20.04.31:186][534]LogStaticLightingSystem:Warning: No importance volume found, so the scene bounding box was used.  You can optimize your scene's quality and lighting build times by adding importance volumes.
[2016.11.29-20.04.31:186][534]LogStaticLightingSystem: Running Lightmass w/ ImmediateImport mode ENABLED
[2016.11.29-20.04.31:186][534]LogStaticLightingSystem: Running Lightmass w/ ImmediateProcess mode ENABLED
[2016.11.29-20.04.31:186][534]LogStaticLightingSystem: Running Lightmass w/ Sorting mode ENABLED
[2016.11.29-20.04.31:186][534]LogStaticLightingSystem: Running Lightmass w/ Mapping paddings ENABLED
[2016.11.29-20.04.31:187][534]LogStaticLightingSystem: Running Lightmass w/ Mapping debug paddings DISABLED
[2016.11.29-20.04.31:371][534]LogEditorBuildUtils: Build time 0:04
[2016.11.29-20.04.31:380][534]LogMaterial: Missing cached shader map for material FLightmassMaterialRenderer M_Wood_Floor_Walnut_Polished, compiling. 
[2016.11.29-20.04.31:398][534]LogMaterial: Missing cached shader map for material FLightmassMaterialRenderer M_Wood_Floor_Walnut_Polished, compiling. 
[2016.11.29-20.04.35:408][629]Job is a success!
[2016.11.29-20.04.35:910][630]LogTexture:Display: Generando texturas: HQ_Lightmap1_1 (AutoDXT)
[2016.11.29-20.04.35:911][630]LogTexture:Display: Generando texturas: HQ_Lightmap1_2 (AutoDXT)
[2016.11.29-20.04.35:911][630]LogTexture:Display: Generando texturas: LQ_Lightmap_1_1 (DXT1)
[2016.11.29-20.04.35:911][630]LogTexture:Display: Generando texturas: LQ_Lightmap_1_2 (DXT1)
[2016.11.29-20.04.36:181][630]LogTexture:Display: Generando texturas: ShadowMapTexture2D_0 (BGRA8)
[2016.11.29-20.04.36:181][630]LogTexture:Display: Generando texturas: ShadowMapTexture2D_1 (G8)
[2016.11.29-20.04.36:212][630]Lightmass on DESKTOP-TCO7O6N: 2.58 sec total, 83 ms importing, 17 ms setup, 392 ms photons, 2.07 sec processing, 0 ms extra exporting [16/16 mappings]. Threads: 14.3 sec total, 5.18 sec processing.
[2016.11.29-20.04.36:230][630]LogStaticLightingSystem: Illumination: 8.90 sec (361 ms encoding lightmaps, 263 ms encoding shadowmaps)
[2016.11.29-20.04.36:230][630]LogStaticLightingSystem: Lightmap texture memory:  2.0 MB (2.0 MB streaming, 0.0 MB non-streaming), 4 textures
[2016.11.29-20.04.36:230][630]LogStaticLightingSystem: Shadowmap texture memory: 2.7 MB (2.7 MB streaming, 0.0 MB non-streaming), 2 textures
[2016.11.29-20.04.37:189][630]DumpUnbuiltLightIteractions
[2016.11.29-20.04.37:189][630]Lights with unbuilt interactions: 0
[2016.11.29-20.04.37:189][630]
[2016.11.29-20.04.37:189][630]Primitives with unbuilt interactions: 0
[2016.11.29-20.04.37:198][631]Cmd: MAP CHECK NOTIFYRESULTS
[2016.11.29-20.04.37:199][631]MapCheck: New page: NewMap - 29/11/2016 22:04:37
[2016.11.29-20.04.37:350][631]MapCheck: Información Map check complete: 0 Error(s), 0 Warning(s), took 151,309ms to complete.
[2016.11.29-20.05.23:193][892]Cmd: STAT FPS
[2016.11.29-20.06.22:931][293]LogEditorViewport: Clicking on Actor (LMB): StaticMeshActor (Floor)
[2016.11.29-20.11.03:092][580]LogSavePackage: Save=37.89ms
[2016.11.29-20.11.03:092][580]LogSavePackage: Moving '../../../../../../Users/user/Documents/Unreal Projects/udemy/BuildingEscape/Saved/NewMap_Auto17EB33367410E1C61977257B34E5D0059.tmp' to '../../../../../../Users/user/Documents/Unreal Projects/udemy/BuildingEscape/Saved/Autosaves/Game/NewMap_Auto1.umap'
[2016.11.29-20.11.03:094][580]LogSavePackage:Display: Finished SavePackage ../../../../../../Users/user/Documents/Unreal Projects/udemy/BuildingEscape/Saved/Autosaves/Game/NewMap_Auto1.umap
[2016.11.29-20.11.03:099][580]Cmd: OBJ SAVEPACKAGE PACKAGE="/Game/NewMap_BuiltData" FILE="../../../../../../Users/user/Documents/Unreal Projects/udemy/BuildingEscape/Content/NewMap_BuiltData.uasset" SILENT=true
[2016.11.29-20.11.03:136][580]LogSavePackage: Save=16.33ms
[2016.11.29-20.11.03:137][580]LogSavePackage: Moving '../../../../../../Users/user/Documents/Unreal Projects/udemy/BuildingEscape/Saved/NewMap_BuiltData954EC63946DF616C6EEFFFBE712A1BA9.tmp' to '../../../../../../Users/user/Documents/Unreal Projects/udemy/BuildingEscape/Content/NewMap_BuiltData.uasset'
[2016.11.29-20.11.03:140][580]LogSavePackage:Display: Finished SavePackage ../../../../../../Users/user/Documents/Unreal Projects/udemy/BuildingEscape/Content/NewMap_BuiltData.uasset
[2016.11.29-20.11.03:142][580]LogFileHelpers: Editor autosave (incl. sublevels) for '/Game/NewMap' took 0.120
[2016.11.29-20.11.03:142][580]LogFileHelpers: Editor autosave (incl. sublevels) for all levels took 0.120
[2016.11.29-20.12.41:576][931]LogTexture:Display: Generando texturas: T_Brick_Clay_New_M (AutoDXT)
[2016.11.29-20.12.45:052][931]LogTexture:Display: Generando texturas: T_Brick_Clay_New_N (BC5)
[2016.11.29-20.12.45:973][931]LogTexture:Display: Generando texturas: T_Brick_Clay_New_D (AutoDXT)
[2016.11.29-20.13.01:809][446]LogTexture:Display: Generando texturas: T_Brick_Clay_Old_N (BC5)
[2016.11.29-20.13.02:718][446]LogTexture:Display: Generando texturas: T_Brick_Clay_Old_D (AutoDXT)
[2016.11.29-20.13.13:613][770]LogTexture:Display: Generando texturas: T_Brick_Cut_Stone_D (AutoDXT)
[2016.11.29-20.13.16:895][770]LogTexture:Display: Generando texturas: T_Brick_Cut_Stone_N (BC5)
[2016.11.29-20.13.29:257][706]LogTexture:Display: Generando texturas: T_Tech_Hex_Tile_N (BC5)
[2016.11.29-20.13.29:424][706]LogTexture:Display: Generando texturas: T_Tech_Hex_Tile_M (AutoDXT)
[2016.11.29-20.13.33:203][873]LogTexture:Display: Generando texturas: T_Tech_Panel_N (BC5)
[2016.11.29-20.13.33:859][873]LogTexture:Display: Generando texturas: T_Tech_Panel_M (AutoDXT)
[2016.11.29-20.13.35:110][873]LogTexture:Display: Generando texturas: T_Metal_Steel_D (AutoDXT)
[2016.11.29-20.13.38:366][915]LogTexture:Display: Generando texturas: T_Water_N (BC5)
[2016.11.29-20.13.43:402][ 85]LogTexture:Display: Generando texturas: T_Water_M (AutoDXT)
[2016.11.29-20.13.58:808][915]LogTexture:Display: Generando texturas: T_Brick_Clay_Beveled_D (AutoDXT)
[2016.11.29-20.14.02:032][915]LogTexture:Display: Generando texturas: T_Brick_Clay_Beveled_N (BC5)
[2016.11.29-20.14.02:873][915]LogTexture:Display: Generando texturas: T_Brick_Clay_Beveled_M (AutoDXT)
[2016.11.29-20.14.56:943][661]LogEditorViewport: Clicking on Actor (LMB): StaticMeshActor (SM_Chair)
[2016.11.29-20.15.25:007][638]LogMaterial: Missing cached shader map for material M_Chair, compiling. 
[2016.11.29-20.15.25:161][638]LogMaterial: Missing cached shader map for material M_Chair, compiling. 
[2016.11.29-20.15.25:177][638]LogMaterial: 0.00 seconds spent updating 1 materials, 1 interfaces, 0 instances, 0 with static permutations.
[2016.11.29-20.15.25:205][638]LogMaterial: Missing cached shader map for material FMatExpressionPreview MaterialExpressionTextureSample_3, compiling. 
[2016.11.29-20.15.25:211][638]LogMaterial: Missing cached shader map for material FMatExpressionPreview MaterialExpressionTextureSample_2, compiling. 
[2016.11.29-20.15.25:218][638]LogMaterial: Missing cached shader map for material FMatExpressionPreview MaterialExpressionVectorParameter_4, compiling. 
[2016.11.29-20.15.25:225][638]LogMaterial: Missing cached shader map for material FMatExpressionPreview MaterialExpressionVectorParameter_2, compiling. 
[2016.11.29-20.15.25:232][638]LogMaterial: Missing cached shader map for material FMatExpressionPreview MaterialExpressionVectorParameter_3, compiling. 
[2016.11.29-20.15.27:296][683]MaterialEditorStats: Información Base pass shader with static lighting: 76 instructions
[2016.11.29-20.15.27:297][683]MaterialEditorStats: Información Base pass shader with only dynamic lighting: 48 instructions
[2016.11.29-20.15.27:297][683]MaterialEditorStats: Información Vertex shader: 31 instructions
[2016.11.29-20.15.27:297][683]MaterialEditorStats: Información Texture samplers: 4/16
[2016.11.29-20.16.36:443][337]LogMaterial: Missing cached shader map for material M_Chair, compiling. 
[2016.11.29-20.16.36:458][337]LogMaterial: 0.00 seconds spent updating 1 materials, 1 interfaces, 0 instances, 0 with static permutations.
[2016.11.29-20.16.36:486][337]LogMaterial: Missing cached shader map for material FMatExpressionPreview MaterialExpressionVectorParameter_4, compiling. 
[2016.11.29-20.16.38:470][390]MaterialEditorStats: Información Base pass shader with static lighting: 76 instructions
[2016.11.29-20.16.38:470][390]MaterialEditorStats: Información Base pass shader with only dynamic lighting: 48 instructions
[2016.11.29-20.16.38:470][390]MaterialEditorStats: Información Vertex shader: 31 instructions
[2016.11.29-20.16.38:471][390]MaterialEditorStats: Información Texture samplers: 4/16
[2016.11.29-20.21.03:504][746]LogSavePackage: Save=31.68ms
[2016.11.29-20.21.03:504][746]LogSavePackage: Moving '../../../../../../Users/user/Documents/Unreal Projects/udemy/BuildingEscape/Saved/NewMap_Auto2B423F4B847C641223A1DE6B6CD250A28.tmp' to '../../../../../../Users/user/Documents/Unreal Projects/udemy/BuildingEscape/Saved/Autosaves/Game/NewMap_Auto2.umap'
[2016.11.29-20.21.03:506][746]LogSavePackage:Display: Finished SavePackage ../../../../../../Users/user/Documents/Unreal Projects/udemy/BuildingEscape/Saved/Autosaves/Game/NewMap_Auto2.umap
[2016.11.29-20.21.03:508][746]LogFileHelpers: Editor autosave (incl. sublevels) for '/Game/NewMap' took 0.060
[2016.11.29-20.21.03:508][746]LogFileHelpers: Editor autosave (incl. sublevels) for all levels took 0.060
[2016.11.29-20.45.42:760][765]LogHttp:Warning: 000001B5490F7700: request failed, libcurl error: 7 (Couldn't connect to server)
[2016.11.29-20.45.42:761][765]LogHttp:Warning: 000001B5490F7700: libcurl info message cache 0 (Connection 18 seems to be dead!)
[2016.11.29-20.45.42:761][765]LogHttp:Warning: 000001B5490F7700: libcurl info message cache 1 (Closing connection 18)
[2016.11.29-20.45.42:761][765]LogHttp:Warning: 000001B5490F7700: libcurl info message cache 2 (TLSv1.2 (OUT), TLS alert, Client hello (1):)
[2016.11.29-20.45.42:761][765]LogHttp:Warning: 000001B5490F7700: libcurl info message cache 3 (  Trying 54.173.79.154...)
[2016.11.29-20.45.42:762][765]LogHttp:Warning: 000001B5490F7700: libcurl info message cache 4 (connect to 54.173.79.154 port 443 failed: Timed out)
[2016.11.29-20.45.42:762][765]LogHttp:Warning: 000001B5490F7700: libcurl info message cache 5 (  Trying 52.5.234.188...)
[2016.11.29-20.45.42:762][765]LogHttp:Warning: 000001B5490F7700: libcurl info message cache 6 (connect to 52.5.234.188 port 443 failed: Timed out)
[2016.11.29-20.45.42:762][765]LogHttp:Warning: 000001B5490F7700: libcurl info message cache 7 (Failed to connect to datarouter.ol.epicgames.com port 443: Timed out)
[2016.11.29-20.45.42:763][765]LogHttp:Warning: 000001B5490F7700: libcurl info message cache 8 (Closing connection 19)
[2016.11.29-20.50.28:602][ 88]LogMaterial: Missing cached shader map for material M_Chair, compiling. 
[2016.11.29-20.50.28:632][ 88]LogMaterial: 0.00 seconds spent updating 1 materials, 1 interfaces, 0 instances, 0 with static permutations.
[2016.11.29-20.50.28:666][ 88]LogMaterial: Missing cached shader map for material M_Chair, compiling. 
[2016.11.29-20.50.28:721][ 88]LogMaterial: Missing cached shader map for material M_Chair, compiling. 
[2016.11.29-20.50.28:760][ 88]LogMaterial: 0.00 seconds spent updating 1 materials, 1 interfaces, 0 instances, 0 with static permutations.
[2016.11.29-20.50.38:038][505]LogFileHelpers: Editor autosave (incl. sublevels) for '/Game/NewMap' took 0.015
[2016.11.29-20.50.38:041][505]OBJ SavePackage: Generating thumbnails for [1] asset(s) in package [/Game/StarterContent/Props/Materials/M_Chair] ([1] browsable assets)...
[2016.11.29-20.50.38:067][505]OBJ SavePackage:     Rendered thumbnail for [Material /Game/StarterContent/Props/Materials/M_Chair.M_Chair]
[2016.11.29-20.50.38:067][505]OBJ SavePackage: Finished generating thumbnails for package [/Game/StarterContent/Props/Materials/M_Chair]
[2016.11.29-20.50.38:094][505]LogSavePackage: Save=18.88ms
[2016.11.29-20.50.38:094][505]LogSavePackage: Moving '../../../../../../Users/user/Documents/Unreal Projects/udemy/BuildingEscape/Saved/M_Chair_Auto30926B38E4F71B6AE10E82BBFC324C95B.tmp' to '../../../../../../Users/user/Documents/Unreal Projects/udemy/BuildingEscape/Saved/Autosaves/Game/StarterContent/Props/Materials/M_Chair_Auto3.uasset'
[2016.11.29-20.50.38:096][505]LogSavePackage:Display: Finished SavePackage ../../../../../../Users/user/Documents/Unreal Projects/udemy/BuildingEscape/Saved/Autosaves/Game/StarterContent/Props/Materials/M_Chair_Auto3.uasset
[2016.11.29-20.50.38:097][505]LogFileHelpers: Auto-saving content packages took 0.058
[2016.11.29-20.51.16:881][498]MapCheck: New page: Revisión del mapa
[2016.11.29-20.51.16:889][498]LightingResults: New page: Diseño de la iluminación - 29/11/2016 22:51:16
[2016.11.29-20.51.16:902][498]LogSwarmInterface: [OpenConnection] Registering TCP channel ...
[2016.11.29-20.51.16:908][498]LogSwarmInterface: [OpenConnection] Connecting to agent ...
[2016.11.29-20.51.16:909][498]LogSwarmInterface: [TryOpenConnection] Testing the Agent
[2016.11.29-20.51.16:910][498]LogSwarmInterface: [TryOpenConnection] Opening Connection to Agent
[2016.11.29-20.51.16:910][498]LogSwarmInterface: [TryOpenConnection] Local Process ID is 5552
[2016.11.29-20.51.21:434][498]LogStaticLightingSystem:Warning: No importance volume found, so the scene bounding box was used.  You can optimize your scene's quality and lighting build times by adding importance volumes.
[2016.11.29-20.51.21:434][498]LogStaticLightingSystem: Running Lightmass w/ ImmediateImport mode ENABLED
[2016.11.29-20.51.21:434][498]LogStaticLightingSystem: Running Lightmass w/ ImmediateProcess mode ENABLED
[2016.11.29-20.51.21:435][498]LogStaticLightingSystem: Running Lightmass w/ Sorting mode ENABLED
[2016.11.29-20.51.21:435][498]LogStaticLightingSystem: Running Lightmass w/ Mapping paddings ENABLED
[2016.11.29-20.51.21:435][498]LogStaticLightingSystem: Running Lightmass w/ Mapping debug paddings DISABLED
[2016.11.29-20.51.21:616][498]LogEditorBuildUtils: Build time 0:04
[2016.11.29-20.51.21:625][498]LogMaterial: Missing cached shader map for material FLightmassMaterialRenderer M_Chair, compiling. 
[2016.11.29-20.51.21:639][498]LogMaterial: Missing cached shader map for material FLightmassMaterialRenderer M_Chair, compiling. 
[2016.11.29-20.51.21:667][499]LogMaterial: Missing cached shader map for material FLightmassMaterialRenderer M_Brick_Clay_Beveled, compiling. 
[2016.11.29-20.51.21:676][499]LogMaterial: Missing cached shader map for material FLightmassMaterialRenderer M_Brick_Clay_Beveled, compiling. 
[2016.11.29-20.51.23:982][540]LogTemp: Repeting last play command: Selected Viewport
[2016.11.29-20.51.23:997][540]LogPlayLevel: PlayLevel: No blueprints needed recompiling
[2016.11.29-20.51.23:998][540]PIE: New page: Sesión PIE (reproducción en el editor): NewMap (29/11/2016 22:51:23)
[2016.11.29-20.51.23:998][540]LogPlayLevel: Creating play world package: /Game/UEDPIE_0_NewMap
[2016.11.29-20.51.24:004][540]LogPlayLevel: PIE: StaticDuplicateObject took: (0.005284s)
[2016.11.29-20.51.24:005][540]LogAIModule: Creating AISystem for world NewMap
[2016.11.29-20.51.24:006][540]LogPlayLevel: PIE: World Init took: (0.001647s)
[2016.11.29-20.51.24:006][540]LogPlayLevel: PIE: Created PIE world by copying editor world from /Game/NewMap.NewMap to /Game/UEDPIE_0_NewMap.NewMap (0.007737s)
[2016.11.29-20.51.24:051][540]LogInit: XAudio2 using 'Philips 244E-4 (NVIDIA High Definition Audio)' : 2 channels at 48 kHz using 16 bits per sample (channel mask 0x3)
[2016.11.29-20.51.24:060][540]LogInit: FAudioDevice initialized.
[2016.11.29-20.51.24:114][540]LogUObjectGlobals:Warning: Error al encontrar el objeto 'Class /Script/BuildingEscape.BuildingEscapeGameMode'
[2016.11.29-20.51.24:114][540]LogLoad: Game class is 'GameModeBase'
[2016.11.29-20.51.24:117][540]LogWorld: Bringing World /Game/UEDPIE_0_NewMap.NewMap up for play (max tick rate 0) at 2016.11.29-21.51.24
[2016.11.29-20.51.24:118][540]LogWorld: Bringing up level for play took: 0.002183
[2016.11.29-20.51.24:253][540]LogContentBrowser: Native class hierarchy updated for 'MovieSceneCapture' in 0.0072 seconds. Added 11 classes and 0 folders.
[2016.11.29-20.51.24:257][540]LogTemp:Warning: SM_Chair_2 is at X=-190.000 Y=30.000 Z=20.000
[2016.11.29-20.51.24:259][540]PIE: Información Tiempo de inicio de la reproducción en el editor para  /Game/UEDPIE_0_NewMap 1,162
[2016.11.29-20.51.25:531][604]Job is a success!
[2016.11.29-20.52.26:415][652]LogMaterial: Missing cached shader map for material PreviewMaterial_0, compiling. 
[2016.11.29-20.52.26:524][652]LogMaterial: Missing cached shader map for material PreviewMaterial_0, compiling. 
[2016.11.29-20.52.26:539][652]LogMaterial: 0.00 seconds spent updating 1 materials, 1 interfaces, 0 instances, 0 with static permutations.
[2016.11.29-20.52.26:566][652]LogMaterial: Missing cached shader map for material FMatExpressionPreview MaterialExpressionTextureSample_3, compiling. 
[2016.11.29-20.52.26:572][652]LogMaterial: Missing cached shader map for material FMatExpressionPreview MaterialExpressionTextureSample_2, compiling. 
[2016.11.29-20.52.26:580][652]LogMaterial: Missing cached shader map for material FMatExpressionPreview MaterialExpressionVectorParameter_4, compiling. 
[2016.11.29-20.52.26:586][652]LogMaterial: Missing cached shader map for material FMatExpressionPreview MaterialExpressionVectorParameter_2, compiling. 
[2016.11.29-20.52.26:594][652]LogMaterial: Missing cached shader map for material FMatExpressionPreview MaterialExpressionVectorParameter_3, compiling. 
[2016.11.29-20.52.28:673][709]MaterialEditorStats: Información Base pass shader with static lighting: 76 instructions
[2016.11.29-20.52.28:673][709]MaterialEditorStats: Información Base pass shader with only dynamic lighting: 48 instructions
[2016.11.29-20.52.28:673][709]MaterialEditorStats: Información Vertex shader: 31 instructions
[2016.11.29-20.52.28:674][709]MaterialEditorStats: Información Texture samplers: 4/16
[2016.11.29-20.56.39:759][859]Cmd: OBJ SAVEPACKAGE PACKAGE="/Game/NewMap" FILE="../../../../../../Users/user/Documents/Unreal Projects/udemy/BuildingEscape/Content/NewMap.umap" SILENT=true AUTOSAVING=false KEEPDIRTY=false
[2016.11.29-20.56.39:813][859]LogSavePackage: Save=31.89ms
[2016.11.29-20.56.39:813][859]LogSavePackage: Moving '../../../../../../Users/user/Documents/Unreal Projects/udemy/BuildingEscape/Saved/NewMap7B951FC4412E0AB1CA93559F810AED93.tmp' to '../../../../../../Users/user/Documents/Unreal Projects/udemy/BuildingEscape/Content/NewMap.umap'
[2016.11.29-20.56.39:817][859]LogSavePackage:Display: Finished SavePackage ../../../../../../Users/user/Documents/Unreal Projects/udemy/BuildingEscape/Content/NewMap.umap
[2016.11.29-20.56.39:840][859]LogFileHelpers: Saving map 'NewMap' took 0.246
[2016.11.29-20.56.39:862][859]LogSavePackage: Save=6.33ms
[2016.11.29-20.56.39:863][859]LogSavePackage: Moving '../../../../../../Users/user/Documents/Unreal Projects/udemy/BuildingEscape/Saved/M_Chair0BE5EEFB485DCE4EA7D86AA2C93A16B3.tmp' to '../../../../../../Users/user/Documents/Unreal Projects/udemy/BuildingEscape/Content/StarterContent/Props/Materials/M_Chair.uasset'
[2016.11.29-20.56.39:866][859]LogSavePackage:Display: Finished SavePackage ../../../../../../Users/user/Documents/Unreal Projects/udemy/BuildingEscape/Content/StarterContent/Props/Materials/M_Chair.uasset
[2016.11.29-20.56.54:649][565]LogTexture:Display: Generando texturas: HQ_Lightmap0_1 (AutoDXT)
[2016.11.29-20.56.54:650][565]LogTexture:Display: Generando texturas: HQ_Lightmap0_2 (AutoDXT)
[2016.11.29-20.56.54:650][565]LogTexture:Display: Generando texturas: LQ_Lightmap_0_1 (DXT1)
[2016.11.29-20.56.54:650][565]LogTexture:Display: Generando texturas: LQ_Lightmap_0_2 (DXT1)
[2016.11.29-20.56.54:917][565]LogTexture:Display: Generando texturas: ShadowMapTexture2D_2 (BGRA8)
[2016.11.29-20.56.54:917][565]LogTexture:Display: Generando texturas: ShadowMapTexture2D_3 (G8)
[2016.11.29-20.56.54:938][565]Lightmass on DESKTOP-TCO7O6N: 5:31 min total, 95 ms importing, 17 ms setup, 391 ms photons, 5:30 min processing, 0 ms extra exporting [16/16 mappings]. Threads: 38:34 min total, 5.36 sec processing.
[2016.11.29-20.56.54:960][565]LogStaticLightingSystem: Illumination: 9.40 sec (359 ms encoding lightmaps, 267 ms encoding shadowmaps)
[2016.11.29-20.56.54:960][565]LogStaticLightingSystem: Lightmap texture memory:  2.0 MB (2.0 MB streaming, 0.0 MB non-streaming), 4 textures
[2016.11.29-20.56.54:960][565]LogStaticLightingSystem: Shadowmap texture memory: 2.7 MB (2.7 MB streaming, 0.0 MB non-streaming), 2 textures
[2016.11.29-20.56.55:529][565]DumpUnbuiltLightIteractions
[2016.11.29-20.56.55:529][565]Lights with unbuilt interactions: 0
[2016.11.29-20.56.55:529][565]
[2016.11.29-20.56.55:529][565]Primitives with unbuilt interactions: 0
[2016.11.29-20.56.55:538][566]Cmd: MAP CHECK NOTIFYRESULTS
[2016.11.29-20.56.55:539][566]MapCheck: New page: NewMap - 29/11/2016 22:56:55
[2016.11.29-20.56.55:703][566]MapCheck: Información Map check complete: 0 Error(s), 0 Warning(s), took 164,835ms to complete.
[2016.11.29-20.57.02:008][883]Cmd: OBJ SAVEPACKAGE PACKAGE="/Game/NewMap_BuiltData" FILE="../../../../../../Users/user/Documents/Unreal Projects/udemy/BuildingEscape/Content/NewMap_BuiltData.uasset" SILENT=true
[2016.11.29-20.57.02:113][883]LogSavePackage: Save=82.23ms
[2016.11.29-20.57.02:113][883]LogSavePackage: Moving '../../../../../../Users/user/Documents/Unreal Projects/udemy/BuildingEscape/Saved/NewMap_BuiltData94CC55944FF7FB0C1E64F7B0AA37880E.tmp' to '../../../../../../Users/user/Documents/Unreal Projects/udemy/BuildingEscape/Content/NewMap_BuiltData.uasset'
[2016.11.29-20.57.02:119][883]LogSavePackage:Display: Finished SavePackage ../../../../../../Users/user/Documents/Unreal Projects/udemy/BuildingEscape/Content/NewMap_BuiltData.uasset
[2016.11.29-20.57.03:611][954]LogWindowsTextInputMethodSystem:Display: IME system now deactivated.
[2016.11.29-20.57.03:909][955]Cmd: QUIT_EDITOR
[2016.11.29-20.57.04:446][955]LogExit: Preparing to exit.
[2016.11.29-20.57.05:189][955]LogDirectoryWatcher: A directory notification for 'C:/Users/user/Documents/Unreal Projects/udemy/BuildingEscape/Content/' was aborted.
[2016.11.29-20.57.05:279][955]LogExit: Editor shut down
[2016.11.29-20.57.05:281][955]LogExit: Transaction tracking system shut down
[2016.11.29-20.57.05:539][955]LogObj: Freed 0b from 0 cluster array pools.
[2016.11.29-20.57.05:540][955]LogExit: Object subsystem successfully closed.
[2016.11.29-20.57.05:584][955]LogD3D11RHI: Shutdown
[2016.11.29-20.57.05:584][955]LogD3D11RHI: CleanupD3DDevice
[2016.11.29-20.57.05:702][955]LogD3D11RHI: ~FD3D11DynamicRHI
[2016.11.29-20.57.05:741][955]LogHttp:Display: Http module shutting down, but needs to wait on 1 outstanding Http requests:
[2016.11.29-20.57.05:741][955]LogHttp:Display: 	verb=[POST] url=[https://datarouter.ol.epicgames.com/datarouter/api/v1/public/data?SessionID=%7B5BB5090F-419A-2145-D19A-2786D42B8B57%7D&AppID=UEEditor.Rocket.Release&AppVersion=4.14.0-3195953%2B%2B%2BUE4%2BRelease-4.14&UserID=0eac92404feefc51d49b8f9a3c93c30a%7Ce2195799c31a4294ba0badb4acc8b132%7Cfc128a79-c7d3-47c9-a47a-322eb38aa5e6&AppEnvironment=datacollector-binary&UploadType=eteventstream] status=Processing
[2016.11.29-20.57.05:761][955]LogModuleManager: Shutting down and abandoning module MovieSceneCapture (244)
[2016.11.29-20.57.05:761][955]LogModuleManager: Shutting down and abandoning module MaterialEditor (243)
[2016.11.29-20.57.05:761][955]LogModuleManager: Shutting down and abandoning module HierarchicalLODOutliner (242)
[2016.11.29-20.57.05:761][955]LogModuleManager: Shutting down and abandoning module CrashTracker (241)
[2016.11.29-20.57.05:761][955]LogModuleManager: Shutting down and abandoning module SceneOutliner (240)
[2016.11.29-20.57.05:761][955]LogModuleManager: Shutting down and abandoning module WidgetCarousel (239)
[2016.11.29-20.57.05:761][955]LogModuleManager: Shutting down and abandoning module AddContentDialog (238)
[2016.11.29-20.57.05:761][955]LogDirectoryWatcher: A directory notification for 'C:/Program Files (x86)/Epic Games/4.14/FeaturePacks/' was aborted.
[2016.11.29-20.57.05:768][955]LogModuleManager: Shutting down and abandoning module GameplayTags (237)
[2016.11.29-20.57.05:768][955]LogModuleManager: Shutting down and abandoning module EditorWidgets (236)
[2016.11.29-20.57.05:768][955]LogModuleManager: Shutting down and abandoning module CollectionManager (235)
[2016.11.29-20.57.05:768][955]LogDirectoryWatcher: A directory notification for 'C:/Users/user/Documents/Unreal Projects/udemy/BuildingEscape/Content/Collections/' was aborted.
[2016.11.29-20.57.05:768][955]LogDirectoryWatcher: A directory notification for 'C:/Users/user/Documents/Unreal Projects/udemy/BuildingEscape/Content/Developers/user/Collections/' was aborted.
[2016.11.29-20.57.05:768][955]LogDirectoryWatcher: A directory notification for 'C:/Users/user/Documents/Unreal Projects/udemy/BuildingEscape/Saved/Collections/' was aborted.
[2016.11.29-20.57.05:769][955]LogModuleManager: Shutting down and abandoning module StatsViewer (234)
[2016.11.29-20.57.05:769][955]LogModuleManager: Shutting down and abandoning module FoliageEdit (233)
[2016.11.29-20.57.05:769][955]LogModuleManager: Shutting down and abandoning module LandscapeEditor (232)
[2016.11.29-20.57.05:769][955]LogModuleManager: Shutting down and abandoning module SceneDepthPickerMode (231)
[2016.11.29-20.57.05:769][955]LogModuleManager: Shutting down and abandoning module ActorPickerMode (230)
[2016.11.29-20.57.05:769][955]LogModuleManager: Shutting down and abandoning module GeometryMode (229)
[2016.11.29-20.57.05:769][955]LogModuleManager: Shutting down and abandoning module TextureAlignMode (228)
[2016.11.29-20.57.05:769][955]LogModuleManager: Shutting down and abandoning module BspMode (227)
[2016.11.29-20.57.05:769][955]LogModuleManager: Shutting down and abandoning module HardwareSurvey (226)
[2016.11.29-20.57.05:769][955]LogModuleManager: Shutting down and abandoning module SequenceRecorderSections (225)
[2016.11.29-20.57.05:769][955]LogModuleManager: Shutting down and abandoning module AutomationWorker (224)
[2016.11.29-20.57.05:769][955]LogModuleManager: Shutting down and abandoning module MatineeToLevelSequence (223)
[2016.11.29-20.57.05:769][955]LogModuleManager: Shutting down and abandoning module PlacementMode (222)
[2016.11.29-20.57.05:769][955]LogModuleManager: Shutting down and abandoning module LevelSequenceEditor (221)
[2016.11.29-20.57.05:769][955]LogModuleManager: Shutting down and abandoning module WmfMediaFactory (220)
[2016.11.29-20.57.05:769][955]LogModuleManager: Shutting down and abandoning module WmfMediaEditor (219)
[2016.11.29-20.57.05:769][955]LogModuleManager: Shutting down and abandoning module AvfMediaFactory (218)
[2016.11.29-20.57.05:769][955]LogModuleManager: Shutting down and abandoning module AvfMediaEditor (217)
[2016.11.29-20.57.05:769][955]LogModuleManager: Shutting down and abandoning module Media (216)
[2016.11.29-20.57.05:769][955]LogModuleManager: Shutting down and abandoning module AndroidMediaFactory (215)
[2016.11.29-20.57.05:769][955]LogModuleManager: Shutting down and abandoning module AndroidMediaEditor (214)
[2016.11.29-20.57.05:769][955]LogModuleManager: Shutting down and abandoning module CharacterAI (213)
[2016.11.29-20.57.05:769][955]LogModuleManager: Shutting down and abandoning module SequenceRecorder (212)
[2016.11.29-20.57.05:769][955]LogModuleManager: Shutting down and abandoning module AudioCapture (211)
[2016.11.29-20.57.05:769][955]LogModuleManager: Shutting down and abandoning module SmartSnapping (210)
[2016.11.29-20.57.05:769][955]LogModuleManager: Shutting down and abandoning module SessionServices (209)
[2016.11.29-20.57.05:769][955]LogModuleManager: Shutting down and abandoning module ViewportSnapping (208)
[2016.11.29-20.57.05:769][955]LogModuleManager: Shutting down and abandoning module ViewportInteraction (207)
[2016.11.29-20.57.05:769][955]LogModuleManager: Shutting down and abandoning module LogVisualizer (206)
[2016.11.29-20.57.05:769][955]LogModuleManager: Shutting down and abandoning module GameProjectGeneration (205)
[2016.11.29-20.57.05:769][955]LogModuleManager: Shutting down and abandoning module IntroTutorials (204)
[2016.11.29-20.57.05:770][955]LogModuleManager: Shutting down and abandoning module EditorLiveStreaming (203)
[2016.11.29-20.57.05:770][955]LogModuleManager: Shutting down and abandoning module IOSPlatformEditor (202)
[2016.11.29-20.57.05:770][955]LogModuleManager: Shutting down and abandoning module HTML5PlatformEditor (201)
[2016.11.29-20.57.05:770][955]LogModuleManager: Shutting down and abandoning module AndroidDeviceDetection (200)
[2016.11.29-20.57.06:451][955]LogModuleManager: Shutting down and abandoning module AndroidPlatformEditor (199)
[2016.11.29-20.57.06:451][955]LogModuleManager: Shutting down and abandoning module IOSRuntimeSettings (198)
[2016.11.29-20.57.06:451][955]LogModuleManager: Shutting down and abandoning module AndroidRuntimeSettings (197)
[2016.11.29-20.57.06:451][955]LogModuleManager: Shutting down and abandoning module InputBindingEditor (196)
[2016.11.29-20.57.06:451][955]LogModuleManager: Shutting down and abandoning module NiagaraEditor (195)
[2016.11.29-20.57.06:451][955]LogModuleManager: Shutting down and abandoning module MergeActors (194)
[2016.11.29-20.57.06:451][955]LogModuleManager: Shutting down and abandoning module SizeMap (193)
[2016.11.29-20.57.06:451][955]LogModuleManager: Shutting down and abandoning module TreeMap (192)
[2016.11.29-20.57.06:451][955]LogModuleManager: Shutting down and abandoning module ReferenceViewer (191)
[2016.11.29-20.57.06:451][955]LogModuleManager: Shutting down and abandoning module LocalizationService (190)
[2016.11.29-20.57.06:451][955]LogModuleManager: Shutting down and abandoning module LocalizationDashboard (189)
[2016.11.29-20.57.06:452][955]LogModuleManager: Shutting down and abandoning module HardwareTargeting (188)
[2016.11.29-20.57.06:452][955]LogModuleManager: Shutting down and abandoning module DeviceProfileEditor (187)
[2016.11.29-20.57.06:452][955]LogModuleManager: Shutting down and abandoning module UndoHistory (186)
[2016.11.29-20.57.06:452][955]LogModuleManager: Shutting down and abandoning module UserFeedback (185)
[2016.11.29-20.57.06:452][955]LogModuleManager: Shutting down and abandoning module XmlParser (184)
[2016.11.29-20.57.06:452][955]LogModuleManager: Shutting down and abandoning module Blutility (183)
[2016.11.29-20.57.06:452][955]LogModuleManager: Shutting down and abandoning module ProjectTargetPlatformEditor (182)
[2016.11.29-20.57.06:452][955]LogModuleManager: Shutting down and abandoning module ProjectSettingsViewer (181)
[2016.11.29-20.57.06:452][955]LogModuleManager: Shutting down and abandoning module EditorSettingsViewer (180)
[2016.11.29-20.57.06:452][955]LogModuleManager: Shutting down and abandoning module SettingsEditor (179)
[2016.11.29-20.57.06:452][955]LogModuleManager: Shutting down and abandoning module ProjectLauncher (178)
[2016.11.29-20.57.06:452][955]LogModuleManager: Shutting down and abandoning module SessionFrontend (177)
[2016.11.29-20.57.06:452][955]LogModuleManager: Shutting down and abandoning module ProfilerClient (176)
[2016.11.29-20.57.06:452][955]LogModuleManager: Shutting down and abandoning module TargetDeviceServices (175)
[2016.11.29-20.57.06:452][955]LogModuleManager: Shutting down and abandoning module DeviceManager (174)
[2016.11.29-20.57.06:497][955]LogModuleManager: Shutting down and abandoning module AutomationController (173)
[2016.11.29-20.57.06:497][955]LogModuleManager: Shutting down and abandoning module AutomationWindow (172)
[2016.11.29-20.57.06:497][955]LogModuleManager: Shutting down and abandoning module Layers (171)
[2016.11.29-20.57.06:497][955]LogModuleManager: Shutting down and abandoning module ComponentVisualizers (170)
[2016.11.29-20.57.06:497][955]LogModuleManager: Shutting down and abandoning module DetailCustomizations (169)
[2016.11.29-20.57.06:497][955]LogModuleManager: Shutting down and abandoning module PackagesDialog (168)
[2016.11.29-20.57.06:497][955]LogModuleManager: Shutting down and abandoning module AnimGraph (167)
[2016.11.29-20.57.06:497][955]LogModuleManager: Shutting down and abandoning module Persona (166)
[2016.11.29-20.57.06:497][955]LogModuleManager: Shutting down and abandoning module Kismet (165)
[2016.11.29-20.57.06:497][955]LogModuleManager: Shutting down and abandoning module GraphEditor (164)
[2016.11.29-20.57.06:498][955]LogModuleManager: Shutting down and abandoning module ClassViewer (163)
[2016.11.29-20.57.06:498][955]LogModuleManager: Shutting down and abandoning module Toolbox (162)
[2016.11.29-20.57.06:498][955]LogModuleManager: Shutting down and abandoning module ModuleUI (161)
[2016.11.29-20.57.06:498][955]LogModuleManager: Shutting down and abandoning module MovieSceneTools (160)
[2016.11.29-20.57.06:498][955]LogModuleManager: Shutting down and abandoning module OutputLog (159)
[2016.11.29-20.57.06:498][955]LogModuleManager: Shutting down and abandoning module GammaUI (158)
[2016.11.29-20.57.06:498][955]LogModuleManager: Shutting down and abandoning module Documentation (157)
[2016.11.29-20.57.06:498][955]LogModuleManager: Shutting down and abandoning module Niagara (156)
[2016.11.29-20.57.06:498][955]LogModuleManager: Shutting down and abandoning module StreamingPauseRendering (155)
[2016.11.29-20.57.06:498][955]LogModuleManager: Shutting down and abandoning module AnalyticsET (154)
[2016.11.29-20.57.06:498][955]LogModuleManager: Shutting down and abandoning module PortalServices (153)
[2016.11.29-20.57.06:498][955]LogModuleManager: Shutting down and abandoning module PortalRpc (152)
[2016.11.29-20.57.06:498][955]LogModuleManager: Shutting down and abandoning module MessagingRpc (151)
[2016.11.29-20.57.06:498][955]LogModuleManager: Shutting down and abandoning module GameplayDebugger (150)
[2016.11.29-20.57.06:498][955]LogModuleManager: Shutting down and abandoning module AITestSuite (149)
[2016.11.29-20.57.06:498][955]LogModuleManager: Shutting down and abandoning module AIModule (148)
[2016.11.29-20.57.06:498][955]LogModuleManager: Shutting down and abandoning module ProfilerService (147)
[2016.11.29-20.57.06:502][955]LogModuleManager: Shutting down and abandoning module TaskGraph (146)
[2016.11.29-20.57.06:502][955]LogModuleManager: Shutting down and abandoning module SlateRemote (145)
[2016.11.29-20.57.06:502][955]LogModuleManager: Shutting down and abandoning module SteamVRController (144)
[2016.11.29-20.57.06:502][955]LogModuleManager: Shutting down and abandoning module SteamVR (143)
[2016.11.29-20.57.06:502][955]LogModuleManager: Shutting down and abandoning module ProceduralMeshComponentEditor (142)
[2016.11.29-20.57.06:502][955]LogModuleManager: Shutting down and abandoning module ProceduralMeshComponent (141)
[2016.11.29-20.57.06:503][955]LogModuleManager: Shutting down and abandoning module OculusLibrary (140)
[2016.11.29-20.57.06:503][955]LogModuleManager: Shutting down and abandoning module OculusInput (139)
[2016.11.29-20.57.06:503][955]LogModuleManager: Shutting down and abandoning module MobilePatchingUtils (138)
[2016.11.29-20.57.06:503][955]LogModuleManager: Shutting down and abandoning module CustomMeshComponent (137)
[2016.11.29-20.57.06:503][955]LogModuleManager: Shutting down and abandoning module CableComponent (136)
[2016.11.29-20.57.06:503][955]LogModuleManager: Shutting down and abandoning module ArchVisCharacter (135)
[2016.11.29-20.57.06:503][955]LogModuleManager: Shutting down and abandoning module MediaPlayerEditor (133)
[2016.11.29-20.57.06:503][955]LogModuleManager: Shutting down and abandoning module HTML5Networking (132)
[2016.11.29-20.57.06:503][955]LogModuleManager: Shutting down and abandoning module GeometryCacheEd (131)
[2016.11.29-20.57.06:503][955]LogModuleManager: Shutting down and abandoning module GeometryCache (130)
[2016.11.29-20.57.06:503][955]LogModuleManager: Shutting down and abandoning module AlembicLibrary (129)
[2016.11.29-20.57.06:503][955]LogModuleManager: Shutting down and abandoning module AlembicImporter (128)
[2016.11.29-20.57.06:503][955]LogModuleManager: Shutting down and abandoning module SuperSearch (127)
[2016.11.29-20.57.06:503][955]LogModuleManager: Shutting down and abandoning module SuperSearchEditor (126)
[2016.11.29-20.57.06:503][955]LogModuleManager: Shutting down and abandoning module SpeedTreeImporter (125)
[2016.11.29-20.57.06:503][955]LogModuleManager: Shutting down and abandoning module PluginBrowser (124)
[2016.11.29-20.57.06:503][955]LogModuleManager: Shutting down and abandoning module MobileLauncherProfileWizard (123)
[2016.11.29-20.57.06:503][955]LogModuleManager: Shutting down and abandoning module EpicSurvey (122)
[2016.11.29-20.57.06:503][955]LogModuleManager: Shutting down and abandoning module DesktopPlatform (121)
[2016.11.29-20.57.06:503][955]LogModuleManager: Shutting down and abandoning module VisualStudioSourceCodeAccess (120)
[2016.11.29-20.57.06:503][955]LogModuleManager: Shutting down and abandoning module UObjectPlugin (119)
[2016.11.29-20.57.06:503][955]LogModuleManager: Shutting down and abandoning module SubversionSourceControl (118)
[2016.11.29-20.57.06:503][955]LogModuleManager: Shutting down and abandoning module PerforceSourceControl (117)
[2016.11.29-20.57.06:503][955]LogModuleManager: Shutting down and abandoning module SourceControl (116)
[2016.11.29-20.57.06:503][955]LogModuleManager: Shutting down and abandoning module GitSourceControl (115)
[2016.11.29-20.57.06:503][955]LogModuleManager: Shutting down and abandoning module LightPropagationVolumeEditor (114)
[2016.11.29-20.57.06:503][955]LogModuleManager: Shutting down and abandoning module PaperTiledImporter (113)
[2016.11.29-20.57.06:503][955]LogModuleManager: Shutting down and abandoning module PaperSpriteSheetImporter (112)
[2016.11.29-20.57.06:503][955]LogModuleManager: Shutting down and abandoning module MeshPaint (111)
[2016.11.29-20.57.06:503][955]LogModuleManager: Shutting down and abandoning module PixelInspectorModule (110)
[2016.11.29-20.57.06:503][955]LogModuleManager: Shutting down and abandoning module HotReload (109)
[2016.11.29-20.57.06:503][955]LogDirectoryWatcher: A directory notification for 'C:/Users/user/Documents/Unreal Projects/udemy/BuildingEscape/Binaries/Win64' was aborted.
[2016.11.29-20.57.06:504][955]LogModuleManager: Shutting down and abandoning module MainFrame (108)
[2016.11.29-20.57.06:504][955]LogModuleManager: Shutting down and abandoning module LevelEditor (107)
[2016.11.29-20.57.06:506][955]LogModuleManager: Shutting down and abandoning module ContentBrowser (106)
[2016.11.29-20.57.06:508][955]LogModuleManager: Shutting down and abandoning module Paper2DEditor (105)
[2016.11.29-20.57.06:508][955]LogModuleManager: Shutting down and abandoning module BuildingEscape (104)
[2016.11.29-20.57.06:508][955]LogModuleManager: Shutting down and abandoning module UdpMessaging (103)
[2016.11.29-20.57.06:609][955]LogModuleManager: Shutting down and abandoning module TcpMessaging (102)
[2016.11.29-20.57.06:710][955]LogModuleManager: Shutting down and abandoning module LightPropagationVolumeRuntime (101)
[2016.11.29-20.57.06:710][955]LogModuleManager: Shutting down and abandoning module Paper2D (100)
[2016.11.29-20.57.06:710][955]LogModuleManager: Shutting down and abandoning module WindowsMoviePlayer (99)
[2016.11.29-20.57.06:710][955]LogModuleManager: Shutting down and abandoning module WmfMedia (98)
[2016.11.29-20.57.06:710][955]LogModuleManager: Shutting down and abandoning module MediaAssets (97)
[2016.11.29-20.57.06:710][955]LogModuleManager: Shutting down and abandoning module GameLiveStreaming (96)
[2016.11.29-20.57.06:710][955]LogModuleManager: Shutting down and abandoning module GameplayTagsEditor (95)
[2016.11.29-20.57.06:710][955]LogModuleManager: Shutting down and abandoning module VREditor (94)
[2016.11.29-20.57.06:710][955]LogModuleManager: Shutting down and abandoning module GameplayTasksEditor (93)
[2016.11.29-20.57.06:710][955]LogModuleManager: Shutting down and abandoning module BehaviorTreeEditor (92)
[2016.11.29-20.57.06:710][955]LogModuleManager: Shutting down and abandoning module FunctionalTesting (91)
[2016.11.29-20.57.06:710][955]LogModuleManager: Shutting down and abandoning module CollisionAnalyzer (90)
[2016.11.29-20.57.06:710][955]LogModuleManager: Shutting down and abandoning module Sequencer (89)
[2016.11.29-20.57.06:711][955]LogModuleManager: Shutting down and abandoning module WorkspaceMenuStructure (88)
[2016.11.29-20.57.06:711][955]LogModuleManager: Shutting down and abandoning module MessageLog (87)
[2016.11.29-20.57.06:711][955]LogModuleManager: Shutting down and abandoning module AssetTools (86)
[2016.11.29-20.57.06:711][955]LogModuleManager: Shutting down and abandoning module UMGEditor (85)
[2016.11.29-20.57.06:711][955]LogModuleManager: Shutting down and abandoning module UMG (84)
[2016.11.29-20.57.06:711][955]LogModuleManager: Shutting down and abandoning module SlateReflector (83)
[2016.11.29-20.57.06:711][955]LogModuleManager: Shutting down and abandoning module Slate (82)
[2016.11.29-20.57.06:711][955]LogModuleManager: Shutting down and abandoning module EditorStyle (81)
[2016.11.29-20.57.06:720][955]LogModuleManager: Shutting down and abandoning module SourceCodeAccess (80)
[2016.11.29-20.57.06:720][955]LogModuleManager: Shutting down and abandoning module HeadMountedDisplay (79)
[2016.11.29-20.57.06:720][955]LogModuleManager: Shutting down and abandoning module XAudio2 (78)
[2016.11.29-20.57.06:720][955]LogModuleManager: Shutting down and abandoning module Networking (76)
[2016.11.29-20.57.06:720][955]LogModuleManager: Shutting down and abandoning module Core (75)
[2016.11.29-20.57.06:720][955]LogModuleManager: Shutting down and abandoning module DirectoryWatcher (74)
[2016.11.29-20.57.06:720][955]LogDirectoryWatcher: A directory notification for '../../../Engine/Content/' was aborted.
[2016.11.29-20.57.06:721][955]LogDirectoryWatcher: A directory notification for '../../../../../../Users/user/Documents/Unreal Projects/udemy/BuildingEscape/Content/' was aborted.
[2016.11.29-20.57.06:722][955]LogDirectoryWatcher: A directory notification for '../../../Engine/Plugins/2D/Paper2D/Content/' was aborted.
[2016.11.29-20.57.06:731][955]LogModuleManager: Shutting down and abandoning module AssetRegistry (73)
[2016.11.29-20.57.06:859][955]LogModuleManager: Shutting down and abandoning module KismetCompiler (72)
[2016.11.29-20.57.06:859][955]LogModuleManager: Shutting down and abandoning module PhysXFormats (71)
[2016.11.29-20.57.06:859][955]LogModuleManager: Shutting down and abandoning module SimplygonSwarm (70)
[2016.11.29-20.57.06:860][955]LogModuleManager: Shutting down and abandoning module SimplygonMeshReduction (69)
[2016.11.29-20.57.06:860][955]LogModuleManager: Shutting down and abandoning module QuadricMeshReduction (68)
[2016.11.29-20.57.06:860][955]LogModuleManager: Shutting down and abandoning module PropertyEditor (67)
[2016.11.29-20.57.06:860][955]LogModuleManager: Shutting down and abandoning module MeshUtilities (66)
[2016.11.29-20.57.06:860][955]LogModuleManager: Shutting down and abandoning module DerivedDataCache (65)
[2016.11.29-20.57.06:924][955]LogDerivedDataCache: Shutdown
[2016.11.29-20.57.06:924][955]LogModuleManager: Shutting down and abandoning module VulkanShaderFormat (64)
[2016.11.29-20.57.06:924][955]LogModuleManager: Shutting down and abandoning module ShaderFormatOpenGL (63)
[2016.11.29-20.57.06:924][955]LogModuleManager: Shutting down and abandoning module ShaderFormatD3D (62)
[2016.11.29-20.57.06:924][955]LogModuleManager: Shutting down and abandoning module MetalShaderFormat (61)
[2016.11.29-20.57.06:924][955]LogModuleManager: Shutting down and abandoning module TextureFormatUncompressed (60)
[2016.11.29-20.57.06:924][955]LogModuleManager: Shutting down and abandoning module TextureFormatPVR (59)
[2016.11.29-20.57.06:924][955]LogModuleManager: Shutting down and abandoning module TextureFormatDXT (58)
[2016.11.29-20.57.06:924][955]LogModuleManager: Shutting down and abandoning module TextureFormatIntelISPCTexComp (57)
[2016.11.29-20.57.06:925][955]LogModuleManager: Shutting down and abandoning module ImageWrapper (56)
[2016.11.29-20.57.06:925][955]LogModuleManager: Shutting down and abandoning module TextureFormatASTC (55)
[2016.11.29-20.57.06:925][955]LogModuleManager: Shutting down and abandoning module TextureFormatAndroid (54)
[2016.11.29-20.57.06:925][955]LogModuleManager: Shutting down and abandoning module AudioFormatOpus (53)
[2016.11.29-20.57.06:925][955]LogModuleManager: Shutting down and abandoning module AudioFormatOgg (52)
[2016.11.29-20.57.06:925][955]LogModuleManager: Shutting down and abandoning module AudioFormatADPCM (51)
[2016.11.29-20.57.06:925][955]LogModuleManager: Shutting down and abandoning module LinuxTargetPlatform (50)
[2016.11.29-20.57.06:925][955]LogModuleManager: Shutting down and abandoning module LinuxServerTargetPlatform (49)
[2016.11.29-20.57.06:925][955]LogModuleManager: Shutting down and abandoning module LinuxNoEditorTargetPlatform (48)
[2016.11.29-20.57.06:925][955]LogModuleManager: Shutting down and abandoning module LinuxClientTargetPlatform (47)
[2016.11.29-20.57.06:925][955]LogModuleManager: Shutting down and abandoning module TVOSTargetPlatform (46)
[2016.11.29-20.57.06:925][955]LogModuleManager: Shutting down and abandoning module Messaging (45)
[2016.11.29-20.57.06:925][955]LogModuleManager: Shutting down and abandoning module IOSTargetPlatform (44)
[2016.11.29-20.57.06:925][955]LogModuleManager: Shutting down and abandoning module HTML5TargetPlatform (43)
[2016.11.29-20.57.06:925][955]LogModuleManager: Shutting down and abandoning module Android_PVRTCTargetPlatform (42)
[2016.11.29-20.57.06:925][955]LogModuleManager: Shutting down and abandoning module Android_MultiTargetPlatform (41)
[2016.11.29-20.57.06:925][955]LogModuleManager: Shutting down and abandoning module Android_ETC2TargetPlatform (40)
[2016.11.29-20.57.06:925][955]LogModuleManager: Shutting down and abandoning module Android_ETC1TargetPlatform (39)
[2016.11.29-20.57.06:925][955]LogModuleManager: Shutting down and abandoning module Android_DXTTargetPlatform (38)
[2016.11.29-20.57.06:925][955]LogModuleManager: Shutting down and abandoning module Android_ATCTargetPlatform (37)
[2016.11.29-20.57.06:925][955]LogModuleManager: Shutting down and abandoning module Android_ASTCTargetPlatform (36)
[2016.11.29-20.57.06:925][955]LogModuleManager: Shutting down and abandoning module AndroidTargetPlatform (35)
[2016.11.29-20.57.06:925][955]LogModuleManager: Shutting down and abandoning module WindowsTargetPlatform (34)
[2016.11.29-20.57.06:925][955]LogModuleManager: Shutting down and abandoning module WindowsServerTargetPlatform (33)
[2016.11.29-20.57.06:925][955]LogModuleManager: Shutting down and abandoning module WindowsNoEditorTargetPlatform (32)
[2016.11.29-20.57.06:925][955]LogModuleManager: Shutting down and abandoning module WindowsClientTargetPlatform (31)
[2016.11.29-20.57.06:925][955]LogModuleManager: Shutting down and abandoning module MacTargetPlatform (30)
[2016.11.29-20.57.06:925][955]LogModuleManager: Shutting down and abandoning module MacServerTargetPlatform (29)
[2016.11.29-20.57.06:925][955]LogModuleManager: Shutting down and abandoning module MacNoEditorTargetPlatform (28)
[2016.11.29-20.57.06:925][955]LogModuleManager: Shutting down and abandoning module MacClientTargetPlatform (27)
[2016.11.29-20.57.06:925][955]LogModuleManager: Shutting down and abandoning module AllDesktopTargetPlatform (26)
[2016.11.29-20.57.06:925][955]LogModuleManager: Shutting down and abandoning module TargetPlatform (25)
[2016.11.29-20.57.06:926][955]LogModuleManager: Shutting down and abandoning module InputCore (24)
[2016.11.29-20.57.06:926][955]LogModuleManager: Shutting down and abandoning module Settings (23)
[2016.11.29-20.57.06:926][955]LogModuleManager: Shutting down and abandoning module OculusRift (22)
[2016.11.29-20.57.06:926][955]LogModuleManager: Shutting down and abandoning module ExampleDeviceProfileSelector (21)
[2016.11.29-20.57.06:926][955]LogModuleManager: Shutting down and abandoning module OnlineBlueprintSupport (20)
[2016.11.29-20.57.06:926][955]LogModuleManager: Shutting down and abandoning module OnlineSubsystem (18)
[2016.11.29-20.57.06:926][955]LogOnline:Display: Unloading online subsystem: NULL
[2016.11.29-20.57.06:926][955]LogModuleManager: Shutting down and abandoning module SSL (17)
[2016.11.29-20.57.06:928][955]LogModuleManager: Shutting down and abandoning module HTTP (16)
[2016.11.29-20.57.06:928][955]LogModuleManager: Shutting down and abandoning module XMPP (15)
[2016.11.29-20.57.06:928][955]LogModuleManager: Shutting down and abandoning module TextureCompressor (14)
[2016.11.29-20.57.06:928][955]LogModuleManager: Shutting down and abandoning module ShaderCore (13)
[2016.11.29-20.57.06:928][955]LogModuleManager: Shutting down and abandoning module Landscape (12)
[2016.11.29-20.57.06:928][955]LogModuleManager: Shutting down and abandoning module SlateRHIRenderer (11)
[2016.11.29-20.57.06:935][955]LogModuleManager: Shutting down and abandoning module OpenGLDrv (10)
[2016.11.29-20.57.06:935][955]LogModuleManager: Shutting down and abandoning module D3D11RHI (9)
[2016.11.29-20.57.06:935][955]LogModuleManager: Shutting down and abandoning module AnimGraphRuntime (8)
[2016.11.29-20.57.06:935][955]LogModuleManager: Shutting down and abandoning module Renderer (7)
[2016.11.29-20.57.06:935][955]LogModuleManager: Shutting down and abandoning module Engine (6)
[2016.11.29-20.57.06:935][955]LogModuleManager: Shutting down and abandoning module CoreUObject (5)
[2016.11.29-20.57.06:935][955]LogModuleManager: Shutting down and abandoning module NetworkFile (4)
[2016.11.29-20.57.06:935][955]LogModuleManager: Shutting down and abandoning module StreamingFile (3)
[2016.11.29-20.57.06:935][955]LogModuleManager: Shutting down and abandoning module SandboxFile (2)
[2016.11.29-20.57.06:935][955]LogModuleManager: Shutting down and abandoning module PakFile (1)
[2016.11.29-20.57.06:937][955]LogExit: Exiting.
[2016.11.29-20.57.06:956][955]Log file closed, 11/29/16 21:57:06
