Log file open, 11/27/16 20:06:17
LogInit:Display: Running engine for game: BuildingEscape
LogPlatformFile: Not using cached read wrapper
LogInit:Display: RandInit(346101298) SRandInit(346101298).
LogTaskGraph: Started task graph with 5 named threads and 8 total threads with 1 sets of task threads.
LogStats: Stats thread started at 0.127396
LogPluginManager: Loaded Plugin Paper2D, From C:/Program Files (x86)/Epic Games/4.14/Engine/Plugins/2D/Paper2D/Paper2D.uplugin
LogPluginManager: Loaded Plugin LightPropagationVolume, From C:/Program Files (x86)/Epic Games/4.14/Engine/Plugins/Blendables/LightPropagationVolume/LightPropagationVolume.uplugin
LogPluginManager: Loaded Plugin BlankPlugin, From C:/Program Files (x86)/Epic Games/4.14/Engine/Plugins/Developer/BlankPlugin/BlankPlugin.uplugin
LogPluginManager: Loaded Plugin CodeLiteSourceCodeAccess, From C:/Program Files (x86)/Epic Games/4.14/Engine/Plugins/Developer/CodeLiteSourceCodeAccess/CodeLiteSourceCodeAccess.uplugin
LogPluginManager: Loaded Plugin GitSourceControl, From C:/Program Files (x86)/Epic Games/4.14/Engine/Plugins/Developer/GitSourceControl/GitSourceControl.uplugin
LogPluginManager: Loaded Plugin KDevelopSourceCodeAccess, From C:/Program Files (x86)/Epic Games/4.14/Engine/Plugins/Developer/KDevelopSourceCodeAccess/KDevelopSourceCodeAccess.uplugin
LogPluginManager: Loaded Plugin NullSourceCodeAccess, From C:/Program Files (x86)/Epic Games/4.14/Engine/Plugins/Developer/NullSourceCodeAccess/NullSourceCodeAccess.uplugin
LogPluginManager: Loaded Plugin OneSkyLocalizationService, From C:/Program Files (x86)/Epic Games/4.14/Engine/Plugins/Developer/OneSkyLocalizationService/OneSkyLocalizationService.uplugin
LogPluginManager: Loaded Plugin PerforceSourceControl, From C:/Program Files (x86)/Epic Games/4.14/Engine/Plugins/Developer/PerforceSourceControl/PerforceSourceControl.uplugin
LogPluginManager: Loaded Plugin SubversionSourceControl, From C:/Program Files (x86)/Epic Games/4.14/Engine/Plugins/Developer/SubversionSourceControl/SubversionSourceControl.uplugin
LogPluginManager: Loaded Plugin UObjectPlugin, From C:/Program Files (x86)/Epic Games/4.14/Engine/Plugins/Developer/UObjectPlugin/UObjectPlugin.uplugin
LogPluginManager: Loaded Plugin VisualStudioSourceCodeAccess, From C:/Program Files (x86)/Epic Games/4.14/Engine/Plugins/Developer/VisualStudioSourceCodeAccess/VisualStudioSourceCodeAccess.uplugin
LogPluginManager: Loaded Plugin XCodeSourceCodeAccess, From C:/Program Files (x86)/Epic Games/4.14/Engine/Plugins/Developer/XCodeSourceCodeAccess/XCodeSourceCodeAccess.uplugin
LogPluginManager: Loaded Plugin AudioCapture, From C:/Program Files (x86)/Epic Games/4.14/Engine/Plugins/Editor/AudioCapture/AudioCapture.uplugin
LogPluginManager: Loaded Plugin EpicSurvey, From C:/Program Files (x86)/Epic Games/4.14/Engine/Plugins/Editor/EpicSurvey/EpicSurvey.uplugin
LogPluginManager: Loaded Plugin MacGraphicsSwitching, From C:/Program Files (x86)/Epic Games/4.14/Engine/Plugins/Editor/MacGraphicsSwitching/MacGraphicsSwitching.uplugin
LogPluginManager: Loaded Plugin MobileLauncherProfileWizard, From C:/Program Files (x86)/Epic Games/4.14/Engine/Plugins/Editor/MobileLauncherProfileWizard/MobileLauncherProfileWizard.uplugin
LogPluginManager: Loaded Plugin PluginBrowser, From C:/Program Files (x86)/Epic Games/4.14/Engine/Plugins/Editor/PluginBrowser/PluginBrowser.uplugin
LogPluginManager: Loaded Plugin SpeedTreeImporter, From C:/Program Files (x86)/Epic Games/4.14/Engine/Plugins/Editor/SpeedTreeImporter/SpeedTreeImporter.uplugin
LogPluginManager: Loaded Plugin SuperSearchEditor, From C:/Program Files (x86)/Epic Games/4.14/Engine/Plugins/Editor/SuperSearchEditor/SuperSearchEditor.uplugin
LogPluginManager: Loaded Plugin AlembicImporter, From C:/Program Files (x86)/Epic Games/4.14/Engine/Plugins/Experimental/AlembicImporter/AlembicImporter.uplugin
LogPluginManager: Loaded Plugin BlueprintStats, From C:/Program Files (x86)/Epic Games/4.14/Engine/Plugins/Experimental/BlueprintStats/BlueprintStats.uplugin
LogPluginManager: Loaded Plugin CharacterAI, From C:/Program Files (x86)/Epic Games/4.14/Engine/Plugins/Experimental/CharacterAI/CharacterAI.uplugin
LogPluginManager: Loaded Plugin CodeEditor, From C:/Program Files (x86)/Epic Games/4.14/Engine/Plugins/Experimental/CodeEditor/CodeEditor.uplugin
LogPluginManager: Loaded Plugin CodeView, From C:/Program Files (x86)/Epic Games/4.14/Engine/Plugins/Experimental/CodeView/CodeView.uplugin
LogPluginManager: Loaded Plugin HTML5Networking, From C:/Program Files (x86)/Epic Games/4.14/Engine/Plugins/Experimental/HTML5Networking/HTML5Networking.uplugin
LogPluginManager: Loaded Plugin OSVR, From C:/Program Files (x86)/Epic Games/4.14/Engine/Plugins/Experimental/OSVR/OSVR.uplugin
LogPluginManager: Loaded Plugin Phya, From C:/Program Files (x86)/Epic Games/4.14/Engine/Plugins/Experimental/Phya/Phya.uplugin
LogPluginManager: Loaded Plugin SignificanceManager, From C:/Program Files (x86)/Epic Games/4.14/Engine/Plugins/Experimental/SignificanceManager/SignificanceManager.uplugin
LogPluginManager: Loaded Plugin SimpleHMD, From C:/Program Files (x86)/Epic Games/4.14/Engine/Plugins/Experimental/SimpleHMD/SimpleHMD.uplugin
LogPluginManager: Loaded Plugin StereoPanorama, From C:/Program Files (x86)/Epic Games/4.14/Engine/Plugins/Experimental/StereoPanorama/StereoPanorama.uplugin
LogPluginManager: Loaded Plugin StructBox, From C:/Program Files (x86)/Epic Games/4.14/Engine/Plugins/Experimental/StructBox/StructBox.uplugin
LogPluginManager: Loaded Plugin AndroidMedia, From C:/Program Files (x86)/Epic Games/4.14/Engine/Plugins/Media/AndroidMedia/AndroidMedia.uplugin
LogPluginManager: Loaded Plugin AvfMedia, From C:/Program Files (x86)/Epic Games/4.14/Engine/Plugins/Media/AvfMedia/AvfMedia.uplugin
LogPluginManager: Loaded Plugin MediaPlayerEditor, From C:/Program Files (x86)/Epic Games/4.14/Engine/Plugins/Media/MediaPlayerEditor/MediaPlayerEditor.uplugin
LogPluginManager: Loaded Plugin WmfMedia, From C:/Program Files (x86)/Epic Games/4.14/Engine/Plugins/Media/WmfMedia/WmfMedia.uplugin
LogPluginManager: Loaded Plugin MessagingDebugger, From C:/Program Files (x86)/Epic Games/4.14/Engine/Plugins/Messaging/MessagingDebugger/MessagingDebugger.uplugin
LogPluginManager: Loaded Plugin TcpMessaging, From C:/Program Files (x86)/Epic Games/4.14/Engine/Plugins/Messaging/TcpMessaging/TcpMessaging.uplugin
LogPluginManager: Loaded Plugin UdpMessaging, From C:/Program Files (x86)/Epic Games/4.14/Engine/Plugins/Messaging/UdpMessaging/UdpMessaging.uplugin
LogPluginManager: Loaded Plugin LevelSequenceEditor, From C:/Program Files (x86)/Epic Games/4.14/Engine/Plugins/MovieScene/LevelSequenceEditor/LevelSequenceEditor.uplugin
LogPluginManager: Loaded Plugin MatineeToLevelSequence, From C:/Program Files (x86)/Epic Games/4.14/Engine/Plugins/MovieScene/MatineeToLevelSequence/MatineeToLevelSequence.uplugin
LogPluginManager: Loaded Plugin NetcodeUnitTest, From C:/Program Files (x86)/Epic Games/4.14/Engine/Plugins/NetcodeUnitTest/NetcodeUnitTest/NetcodeUnitTest.uplugin
LogPluginManager: Loaded Plugin NUTUnrealEngine4, From C:/Program Files (x86)/Epic Games/4.14/Engine/Plugins/NetcodeUnitTest/NUTUnrealEngine4/NUTUnrealEngine4.uplugin
LogPluginManager: Loaded Plugin OnlineSubsystemGameCircle, From C:/Program Files (x86)/Epic Games/4.14/Engine/Plugins/Online/Android/OnlineSubsystemGameCircle/OnlineSubsystemGameCircle.uplugin
LogPluginManager: Loaded Plugin OnlineSubsystemGooglePlay, From C:/Program Files (x86)/Epic Games/4.14/Engine/Plugins/Online/Android/OnlineSubsystemGooglePlay/OnlineSubsystemGooglePlay.uplugin
LogPluginManager: Loaded Plugin OnlineSubsystemIOS, From C:/Program Files (x86)/Epic Games/4.14/Engine/Plugins/Online/IOS/OnlineSubsystemIOS/OnlineSubsystemIOS.uplugin
LogPluginManager: Loaded Plugin OnlineFramework, From C:/Program Files (x86)/Epic Games/4.14/Engine/Plugins/Online/OnlineFramework/OnlineFramework.uplugin
LogPluginManager: Loaded Plugin OnlineSubsystem, From C:/Program Files (x86)/Epic Games/4.14/Engine/Plugins/Online/OnlineSubsystem/OnlineSubsystem.uplugin
LogPluginManager: Loaded Plugin OnlineSubsystemAmazon, From C:/Program Files (x86)/Epic Games/4.14/Engine/Plugins/Online/OnlineSubsystemAmazon/OnlineSubsystemAmazon.uplugin
LogPluginManager: Loaded Plugin OnlineSubsystemFacebook, From C:/Program Files (x86)/Epic Games/4.14/Engine/Plugins/Online/OnlineSubsystemFacebook/OnlineSubsystemFacebook.uplugin
LogPluginManager: Loaded Plugin OnlineSubsystemNull, From C:/Program Files (x86)/Epic Games/4.14/Engine/Plugins/Online/OnlineSubsystemNull/OnlineSubsystemNull.uplugin
LogPluginManager: Loaded Plugin OnlineSubsystemOculus, From C:/Program Files (x86)/Epic Games/4.14/Engine/Plugins/Online/OnlineSubsystemOculus/OnlineSubsystemOculus.uplugin
LogPluginManager: Loaded Plugin OnlineSubsystemSteam, From C:/Program Files (x86)/Epic Games/4.14/Engine/Plugins/Online/OnlineSubsystemSteam/OnlineSubsystemSteam.uplugin
LogPluginManager: Loaded Plugin OnlineSubsystemUtils, From C:/Program Files (x86)/Epic Games/4.14/Engine/Plugins/Online/OnlineSubsystemUtils/OnlineSubsystemUtils.uplugin
LogPluginManager: Loaded Plugin IOSTapJoy, From C:/Program Files (x86)/Epic Games/4.14/Engine/Plugins/Runtime/Advertising/IOSTapJoy/IOSTapJoy.uplugin
LogPluginManager: Loaded Plugin AnalyticsBlueprintLibrary, From C:/Program Files (x86)/Epic Games/4.14/Engine/Plugins/Runtime/Analytics/AnalyticsBlueprintLibrary/AnalyticsBlueprintLibrary.uplugin
LogPluginManager: Loaded Plugin AnalyticsMulticast, From C:/Program Files (x86)/Epic Games/4.14/Engine/Plugins/Runtime/Analytics/AnalyticsMulticast/AnalyticsMulticast.uplugin
LogPluginManager: Loaded Plugin Apsalar, From C:/Program Files (x86)/Epic Games/4.14/Engine/Plugins/Runtime/Analytics/Apsalar/Apsalar.uplugin
LogPluginManager: Loaded Plugin FileLogging, From C:/Program Files (x86)/Epic Games/4.14/Engine/Plugins/Runtime/Analytics/FileLogging/FileLogging.uplugin
LogPluginManager: Loaded Plugin Flurry, From C:/Program Files (x86)/Epic Games/4.14/Engine/Plugins/Runtime/Analytics/Flurry/Flurry.uplugin
LogPluginManager: Loaded Plugin AndroidDeviceProfileSelector, From C:/Program Files (x86)/Epic Games/4.14/Engine/Plugins/Runtime/AndroidDeviceProfileSelector/AndroidDeviceProfileSelector.uplugin
LogPluginManager: Loaded Plugin AndroidMoviePlayer, From C:/Program Files (x86)/Epic Games/4.14/Engine/Plugins/Runtime/AndroidMoviePlayer/AndroidMoviePlayer.uplugin
LogPluginManager: Loaded Plugin AppleMoviePlayer, From C:/Program Files (x86)/Epic Games/4.14/Engine/Plugins/Runtime/AppleMoviePlayer/AppleMoviePlayer.uplugin
LogPluginManager: Loaded Plugin ArchVisCharacter, From C:/Program Files (x86)/Epic Games/4.14/Engine/Plugins/Runtime/ArchVisCharacter/ArchVisCharacter.uplugin
LogPluginManager: Loaded Plugin CableComponent, From C:/Program Files (x86)/Epic Games/4.14/Engine/Plugins/Runtime/CableComponent/CableComponent.uplugin
LogPluginManager: Loaded Plugin CustomMeshComponent, From C:/Program Files (x86)/Epic Games/4.14/Engine/Plugins/Runtime/CustomMeshComponent/CustomMeshComponent.uplugin
LogPluginManager: Loaded Plugin ExampleDeviceProfileSelector, From C:/Program Files (x86)/Epic Games/4.14/Engine/Plugins/Runtime/ExampleDeviceProfileSelector/ExampleDeviceProfileSelector.uplugin
LogPluginManager: Loaded Plugin GearVR, From C:/Program Files (x86)/Epic Games/4.14/Engine/Plugins/Runtime/GearVR/GearVR.uplugin
LogPluginManager: Loaded Plugin GoogleVRController, From C:/Program Files (x86)/Epic Games/4.14/Engine/Plugins/Runtime/GoogleVR/GoogleVRController/GoogleVRController.uplugin
LogPluginManager: Loaded Plugin GoogleVRHMD, From C:/Program Files (x86)/Epic Games/4.14/Engine/Plugins/Runtime/GoogleVR/GoogleVRHMD/GoogleVRHMD.uplugin
LogPluginManager: Loaded Plugin IOSDeviceProfileSelector, From C:/Program Files (x86)/Epic Games/4.14/Engine/Plugins/Runtime/IOSDeviceProfileSelector/IOSDeviceProfileSelector.uplugin
LogPluginManager: Loaded Plugin LeapMotion, From C:/Program Files (x86)/Epic Games/4.14/Engine/Plugins/Runtime/LeapMotion/LeapMotion.uplugin
LogPluginManager: Loaded Plugin LinuxDeviceProfileSelector, From C:/Program Files (x86)/Epic Games/4.14/Engine/Plugins/Runtime/LinuxDeviceProfileSelector/LinuxDeviceProfileSelector.uplugin
LogPluginManager: Loaded Plugin MIDIDevice, From C:/Program Files (x86)/Epic Games/4.14/Engine/Plugins/Runtime/MIDIDevice/MIDIDevice.uplugin
LogPluginManager: Loaded Plugin MobilePatchingUtils, From C:/Program Files (x86)/Epic Games/4.14/Engine/Plugins/Runtime/MobilePatchingUtils/MobilePatchingUtils.uplugin
LogPluginManager: Loaded Plugin Ansel, From C:/Program Files (x86)/Epic Games/4.14/Engine/Plugins/Runtime/Nvidia/Ansel/Ansel.uplugin
LogPluginManager: Loaded Plugin OculusAudio, From C:/Program Files (x86)/Epic Games/4.14/Engine/Plugins/Runtime/OculusAudio/OculusAudio.uplugin
LogPluginManager: Loaded Plugin OculusInput, From C:/Program Files (x86)/Epic Games/4.14/Engine/Plugins/Runtime/OculusInput/OculusInput.uplugin
LogPluginManager: Loaded Plugin OculusLibrary, From C:/Program Files (x86)/Epic Games/4.14/Engine/Plugins/Runtime/OculusLibrary/OculusLibrary.uplugin
LogPluginManager: Loaded Plugin OculusRift, From C:/Program Files (x86)/Epic Games/4.14/Engine/Plugins/Runtime/OculusRift/OculusRift.uplugin
LogPluginManager: Loaded Plugin Oodle, From C:/Program Files (x86)/Epic Games/4.14/Engine/Plugins/Runtime/PacketHandlers/CompressionComponents/Oodle/Oodle.uplugin
LogPluginManager: Loaded Plugin ProceduralMeshComponent, From C:/Program Files (x86)/Epic Games/4.14/Engine/Plugins/Runtime/ProceduralMeshComponent/ProceduralMeshComponent.uplugin
LogPluginManager: Loaded Plugin SoundMod, From C:/Program Files (x86)/Epic Games/4.14/Engine/Plugins/Runtime/SoundMod/SoundMod.uplugin
LogPluginManager: Loaded Plugin SoundVisualizations, From C:/Program Files (x86)/Epic Games/4.14/Engine/Plugins/Runtime/SoundVisualizations/SoundVisualizations.uplugin
LogPluginManager: Loaded Plugin SteamController, From C:/Program Files (x86)/Epic Games/4.14/Engine/Plugins/Runtime/Steam/SteamController/SteamController.uplugin
LogPluginManager: Loaded Plugin SteamVR, From C:/Program Files (x86)/Epic Games/4.14/Engine/Plugins/Runtime/Steam/SteamVR/SteamVR.uplugin
LogPluginManager: Loaded Plugin WebBrowserWidget, From C:/Program Files (x86)/Epic Games/4.14/Engine/Plugins/Runtime/WebBrowserWidget/WebBrowserWidget.uplugin
LogPluginManager: Loaded Plugin WindowsDeviceProfileSelector, From C:/Program Files (x86)/Epic Games/4.14/Engine/Plugins/Runtime/WindowsDeviceProfileSelector/WindowsDeviceProfileSelector.uplugin
LogPluginManager: Loaded Plugin WindowsMoviePlayer, From C:/Program Files (x86)/Epic Games/4.14/Engine/Plugins/Runtime/WindowsMoviePlayer/WindowsMoviePlayer.uplugin
LogPluginManager: Loaded Plugin ScriptPlugin, From C:/Program Files (x86)/Epic Games/4.14/Engine/Plugins/ScriptPlugin/ScriptPlugin.uplugin
LogPluginManager: Loaded Plugin SlateRemote, From C:/Program Files (x86)/Epic Games/4.14/Engine/Plugins/Slate/SlateRemote/SlateRemote.uplugin
LogPluginManager: Loaded Plugin EditorTests, From C:/Program Files (x86)/Epic Games/4.14/Engine/Plugins/Tests/EditorTests/EditorTests.uplugin
LogPluginManager: Loaded Plugin FbxAutomationTestBuilder, From C:/Program Files (x86)/Epic Games/4.14/Engine/Plugins/Tests/FbxAutomationTestBuilder/FbxAutomationTestBuilder.uplugin
LogPluginManager: Loaded Plugin FunctionalTestingEditor, From C:/Program Files (x86)/Epic Games/4.14/Engine/Plugins/Tests/FunctionalTestingEditor/FunctionalTestingEditor.uplugin
LogPluginManager: Loaded Plugin RuntimeTests, From C:/Program Files (x86)/Epic Games/4.14/Engine/Plugins/Tests/RuntimeTests/RuntimeTests.uplugin
LogPluginManager: Loaded Plugin ScreenshotTools, From C:/Program Files (x86)/Epic Games/4.14/Engine/Plugins/Tests/ScreenshotTools/ScreenshotTools.uplugin
LogInit: Using libcurl 7.47.1
LogInit:  - built for x86_64-pc-win32
LogInit:  - supports SSL with OpenSSL/1.0.2g
LogInit:  - supports HTTP deflate (compression) using libz 1.2.8
LogInit:  - other features:
LogInit:      CURL_VERSION_SSL
LogInit:      CURL_VERSION_LIBZ
LogInit:      CURL_VERSION_IPV6
LogInit:      CURL_VERSION_ASYNCHDNS
LogInit:      CURL_VERSION_LARGEFILE
LogInit:      CURL_VERSION_IDN
LogInit:  CurlRequestOptions (configurable via config and command line):
LogInit:  - bVerifyPeer = false  - Libcurl will NOT verify peer certificate
LogInit:  - bUseHttpProxy = false  - Libcurl will NOT use HTTP proxy
LogInit:  - bDontReuseConnections = false  - Libcurl will reuse connections
LogInit:  - CertBundlePath = nullptr  - Libcurl will use whatever was configured at build time.
LogInit: Build: ++UE4+Release-4.14-CL-3195953
LogInit: Engine Version: 4.14.0-3195953+++UE4+Release-4.14
LogInit: Compatible Engine Version: 4.14.0-3195953+++UE4+Release-4.14
LogInit: Net CL: 3195953
LogDevObjectVersion: Number of dev versions registered: 13
LogDevObjectVersion:   Dev-Blueprints (B0D832E4-1F89-4F0D-ACCF-7EB736FD4AA2): 7
LogDevObjectVersion:   Dev-Build (E1C64328-A22C-4D53-A36C-8E866417BD8C): 0
LogDevObjectVersion:   Dev-Core (375EC13C-06E4-48FB-B500-84F0262A717E): 1
LogDevObjectVersion:   Dev-Editor (E4B068ED-F494-42E9-A231-DA0B2E46BB41): 8
LogDevObjectVersion:   Dev-Framework (CFFC743F-43B0-4480-9391-14DF171D2073): 17
LogDevObjectVersion:   Dev-Mobile (B02B49B5-BB20-44E9-A304-32B752E40360): 0
LogDevObjectVersion:   Dev-Networking (A4E4105C-59A1-49B5-A7C5-40C4547EDFEE): 0
LogDevObjectVersion:   Dev-Online (39C831C9-5AE6-47DC-9A44-9C173E1C8E7C): 0
LogDevObjectVersion:   Dev-Physics (78F01B33-EBEA-4F98-B9B4-84EACCB95AA2): 0
LogDevObjectVersion:   Dev-Platform (6631380F-2D4D-43E0-8009-CF276956A95A): 0
LogDevObjectVersion:   Dev-Rendering (12F88B9F-8875-4AFC-A67C-D90C383ABD29): 12
LogDevObjectVersion:   Dev-Sequencer (7B5AE74C-D270-4C10-A958-57980B212A5A): 1
LogDevObjectVersion:   Dev-VR (D7296918-1DD6-4BDD-9DE2-64A83CC13884): 0
LogInit: Compiled (64-bit): Nov 12 2016 02:14:10
LogInit: Compiled with Visual C++: 19.00.23026.00
LogInit: Build Configuration: Development
LogInit: Branch Name: ++UE4+Release-4.14
LogInit: Command line:  
LogInit: Base directory: C:/Program Files (x86)/Epic Games/4.14/Engine/Binaries/Win64/
LogInit: Installed Engine Build: 1
LogInit: Presizing for max 8388607 objects, including 0 objects not considered by GC, pre-allocating 0 bytes for permanent pool.
LogInit: Object subsystem initialized
[2016.11.27-19.06.18:018][  0]LogInit: Selected Device Profile: [Windows]
[2016.11.27-19.06.18:018][  0]LogInit: Applying CVar settings loaded from the selected device profile: [Windows]
[2016.11.27-19.06.18:033][  0]LogInit: Computer: DESKTOP-TCO7O6N
[2016.11.27-19.06.18:033][  0]LogInit: User: user
[2016.11.27-19.06.18:033][  0]LogInit: CPU Page size=65536, Cores=4
[2016.11.27-19.06.18:033][  0]LogInit: High frequency timer resolution =3.001592 MHz
[2016.11.27-19.06.18:033][  0]LogMemory: Memory total: Physical=8.0GB (8GB approx)
[2016.11.27-19.06.18:033][  0]LogMemory: Platform Memory Stats for Windows
[2016.11.27-19.06.18:033][  0]LogMemory: Process Physical Memory: 264.45 MB used, 264.45 MB peak
[2016.11.27-19.06.18:033][  0]LogMemory: Process Virtual Memory: 262.89 MB used, 262.89 MB peak
[2016.11.27-19.06.18:033][  0]LogMemory: Physical Memory: 3322.31 MB used,  4860.80 MB free, 8183.11 MB total
[2016.11.27-19.06.18:033][  0]LogMemory: Virtual Memory: 676.50 MB used,  4860.80 MB free, 134217728.00 MB total
[2016.11.27-19.06.18:372][  0]LogTextLocalizationManager: No specific translations for ('es-ES') exist, so ('es') translations will be used.
[2016.11.27-19.06.19:366][  0]LogD3D11RHI: D3D11 adapters:
[2016.11.27-19.06.20:073][  0]LogD3D11RHI:    0. 'NVIDIA GeForce GTX 650' (Feature Level 11_0)
[2016.11.27-19.06.20:073][  0]LogD3D11RHI:       2017/0/4091 MB DedicatedVideo/DedicatedSystem/SharedSystem, Outputs:1, VendorId:0x10de
[2016.11.27-19.06.20:075][  0]LogD3D11RHI:    1. 'Microsoft Basic Render Driver' (Feature Level 11_0)
[2016.11.27-19.06.20:075][  0]LogD3D11RHI:       0/0/4091 MB DedicatedVideo/DedicatedSystem/SharedSystem, Outputs:0, VendorId:0x1414
[2016.11.27-19.06.20:075][  0]LogD3D11RHI: Chosen D3D11 Adapter: 0
[2016.11.27-19.06.20:079][  0]LogD3D11RHI: Creating new Direct3DDevice
[2016.11.27-19.06.20:079][  0]LogD3D11RHI:     GPU DeviceId: 0xfc6 (for the marketing name, search the web for "GPU Device Id")
[2016.11.27-19.06.20:079][  0]LogWindows: EnumDisplayDevices:
[2016.11.27-19.06.20:079][  0]LogWindows:    0. 'NVIDIA GeForce GTX 650' (P:1 D:1)
[2016.11.27-19.06.20:080][  0]LogWindows:    1. 'NVIDIA GeForce GTX 650' (P:0 D:0)
[2016.11.27-19.06.20:080][  0]LogWindows:    2. 'NVIDIA GeForce GTX 650' (P:0 D:0)
[2016.11.27-19.06.20:080][  0]LogWindows: DebugString: FoundDriverCount:3 
[2016.11.27-19.06.20:080][  0]LogD3D11RHI:     Adapter Name: NVIDIA GeForce GTX 650
[2016.11.27-19.06.20:080][  0]LogD3D11RHI:   Driver Version: 375.95 (internal:21.21.13.7595, unified:375.95)
[2016.11.27-19.06.20:080][  0]LogD3D11RHI:      Driver Date: 11-16-2016
[2016.11.27-19.06.20:080][  0]LogRHI: Texture pool is 1361 MB (70% of 1945 MB)
[2016.11.27-19.06.20:801][  0]LogD3D11RHI: Async texture creation enabled
[2016.11.27-19.06.20:871][  0]LogD3D11RHI: GPU Timing Frequency: 1000.000000 (Debug: 2 2)
[2016.11.27-19.06.20:871][  0]LogShaderCompilers: Guid format shader working directory is -30 characters bigger than the processId version (../../../../../../Users/user/Documents/Unreal Projects/udemy/BuildingEscape/Intermediate/Shaders/WorkingDirectory/6888/).
[2016.11.27-19.06.20:872][  0]LogShaderCompilers: Cleaned the shader compiler working directory 'C:/Users/user/AppData/Local/Temp/UnrealShaderWorkingDir/83BED1674AFD294CCC68D5AF16088847/'.
[2016.11.27-19.06.20:872][  0]LogShaderCompilers:Display: Using Local Shader Compiler.
[2016.11.27-19.06.23:526][  0]LogTemp:Display: Loaded TP AllDesktopTargetPlatform
[2016.11.27-19.06.23:687][  0]LogTemp:Display: Loaded TP MacClientTargetPlatform
[2016.11.27-19.06.23:866][  0]LogTemp:Display: Loaded TP MacNoEditorTargetPlatform
[2016.11.27-19.06.24:028][  0]LogTemp:Display: Loaded TP MacServerTargetPlatform
[2016.11.27-19.06.24:163][  0]LogTemp:Display: Loaded TP MacTargetPlatform
[2016.11.27-19.06.24:296][  0]LogTemp:Display: Loaded TP WindowsClientTargetPlatform
[2016.11.27-19.06.24:464][  0]LogTemp:Display: Loaded TP WindowsNoEditorTargetPlatform
[2016.11.27-19.06.24:610][  0]LogTemp:Display: Loaded TP WindowsServerTargetPlatform
[2016.11.27-19.06.24:801][  0]LogTemp:Display: Loaded TP WindowsTargetPlatform
[2016.11.27-19.06.24:986][  0]LogTemp:Display: Loaded TP AndroidTargetPlatform
[2016.11.27-19.06.25:176][  0]LogTemp:Display: Loaded TP Android_ASTCTargetPlatform
[2016.11.27-19.06.25:382][  0]LogTemp:Display: Loaded TP Android_ATCTargetPlatform
[2016.11.27-19.06.25:515][  0]LogTemp:Display: Loaded TP Android_DXTTargetPlatform
[2016.11.27-19.06.25:649][  0]LogTemp:Display: Loaded TP Android_ETC1TargetPlatform
[2016.11.27-19.06.25:786][  0]LogTemp:Display: Loaded TP Android_ETC2TargetPlatform
[2016.11.27-19.06.26:067][  0]LogTemp:Display: Loaded TP Android_MultiTargetPlatform
[2016.11.27-19.06.26:067][  0]LogTemp:Display: Loaded TP Android_PVRTCTargetPlatform
[2016.11.27-19.06.26:205][  0]LogTemp:Display: Loaded TP HTML5TargetPlatform
[2016.11.27-19.06.26:460][  0]LogTemp:Display: Loaded TP IOSTargetPlatform
[2016.11.27-19.06.26:616][  0]LogTemp:Display: Loaded TP TVOSTargetPlatform
[2016.11.27-19.06.26:774][  0]LogTemp:Display: Loaded TP LinuxClientTargetPlatform
[2016.11.27-19.06.26:937][  0]LogTemp:Display: Loaded TP LinuxNoEditorTargetPlatform
[2016.11.27-19.06.27:110][  0]LogTemp:Display: Loaded TP LinuxServerTargetPlatform
[2016.11.27-19.06.27:257][  0]LogTemp:Display: Loaded TP LinuxTargetPlatform
[2016.11.27-19.06.27:257][  0]LogTargetPlatformManager:Display: Building Assets For Windows
[2016.11.27-19.06.28:944][  0]LogDerivedDataCache:Display: Max Cache Size: 512 MB
[2016.11.27-19.06.29:375][  0]LogDerivedDataCache: Loaded boot cache 0.43s 50MB C:/Users/user/AppData/Local/UnrealEngine/4.14/DerivedDataCache/Boot.ddc.
[2016.11.27-19.06.29:375][  0]LogDerivedDataCache:Display: Loaded Boot cache: C:/Users/user/AppData/Local/UnrealEngine/4.14/DerivedDataCache/Boot.ddc
[2016.11.27-19.06.29:375][  0]LogDerivedDataCache: FDerivedDataBackendGraph:  Pak pak cache file ../../../../../../Users/user/Documents/Unreal Projects/udemy/BuildingEscape/DerivedDataCache/DDC.ddp not found, will not use a pak cache.
[2016.11.27-19.06.29:375][  0]LogDerivedDataCache: Unable to find inner node Pak for hierarchical cache Hierarchy.
[2016.11.27-19.06.29:376][  0]LogDerivedDataCache: FDerivedDataBackendGraph:  CompressedPak pak cache file ../../../../../../Users/user/Documents/Unreal Projects/udemy/BuildingEscape/DerivedDataCache/Compressed.ddp not found, will not use a pak cache.
[2016.11.27-19.06.29:376][  0]LogDerivedDataCache: Unable to find inner node CompressedPak for hierarchical cache Hierarchy.
[2016.11.27-19.06.29:404][  0]LogDerivedDataCache:Display: Pak cache opened for reading ../../../Engine/DerivedDataCache/Compressed.ddp.
[2016.11.27-19.06.29:417][  0]LogDerivedDataCache: Using Local data cache path C:/Users/user/AppData/Local/UnrealEngine/Common/DerivedDataCache: Writable
[2016.11.27-19.06.30:056][  0]LogInit: Selected Device Profile: [Windows]
[2016.11.27-19.06.30:067][  0]LogContentStreaming: Texture pool size is 0.00 MB
[2016.11.27-19.06.30:625][  0]LogMeshUtilities: Using QuadricMeshReduction for automatic static mesh reduction
[2016.11.27-19.06.30:786][  0]LogSimplygon: Simplygon DLL not present - disabling.
[2016.11.27-19.06.30:949][  0]LogMeshUtilities: Using SimplygonSwarm for distributed automatic mesh merging
[2016.11.27-19.06.30:949][  0]LogMeshUtilities: No automatic skeletal mesh reduction module available
[2016.11.27-19.06.30:949][  0]LogMeshUtilities: No automatic mesh merging module available
[2016.11.27-19.06.32:133][  0]LogNetVersion: GetLocalNetworkVersion: CL: 3195953, ProjectName: buildingescape, ProjectVersion: , EngineNetworkVersion: 2, GameNetworkVersion: 0, NetworkChecksum: 2542623411
[2016.11.27-19.06.32:249][  0]LogAssetRegistry: FAssetRegistry took 0.0219 seconds to start up
[2016.11.27-19.06.32:343][  0]LogPackageLocalizationCache: Processed 3 localized package path(s) for 2 prioritized culture(s) in 0.036187 seconds
[2016.11.27-19.06.32:350][  0]LogUObjectArray: 31946 objects as part of root set at end of initial load.
[2016.11.27-19.06.32:350][  0]LogUObjectAllocator: 6935840 out of 0 bytes used by permanent object pool.
[2016.11.27-19.06.32:350][  0]LogUObjectArray: CloseDisregardForGC: 0/0 objects in disregard for GC pool
[2016.11.27-19.06.32:527][  0]LogInit: WinSock: version 1.1 (2.2), MaxSocks=32767, MaxUdp=65467
[2016.11.27-19.06.35:065][  0]LogSlate: Using Freetype 2.6.0
[2016.11.27-19.06.35:067][  0]LogSlate: SlateFontCache - WITH_FREETYPE: 1, WITH_HARFBUZZ: 1
[2016.11.27-19.06.35:067][  0]LogSlate: SlateFontCache - WITH_FREETYPE: 1, WITH_HARFBUZZ: 1
[2016.11.27-19.06.37:669][  0]LogTcpMessaging: Initializing TcpMessaging bridge
[2016.11.27-19.06.37:780][  0]LogUdpMessaging: Initializing bridge on interface 0.0.0.0:0 to multicast group 230.0.0.1:6666.
[2016.11.27-19.06.38:996][  0]LogMaterial: Uniform references updated for custom material expression Custom.
[2016.11.27-19.06.40:109][  0]SourceControl: Información El control de código fuente está desactivado
[2016.11.27-19.06.40:723][  0]SourceControl: Información El control de código fuente está desactivado
[2016.11.27-19.06.40:897][  0]SourceControl: Información El control de código fuente está desactivado
[2016.11.27-19.06.41:038][  0]SourceControl: Información El control de código fuente está desactivado
[2016.11.27-19.06.45:522][  0]LogEngine: Initializing Engine...
[2016.11.27-19.06.45:523][  0]LogHMD: Failed to initialize OpenVR with code 110
[2016.11.27-19.06.46:118][  0]LogAIModule: Creating AISystem for world Untitled
[2016.11.27-19.06.46:165][  0]LogInit: XAudio2 using 'Philips 244E-4 (NVIDIA High Definition Audio)' : 2 channels at 48 kHz using 16 bits per sample (channel mask 0x3)
[2016.11.27-19.06.46:250][  0]LogInit: FAudioDevice initialized.
[2016.11.27-19.06.46:300][  0]LogDerivedDataCache: Saved boot cache 0.05s 50MB C:/Users/user/AppData/Local/UnrealEngine/4.14/DerivedDataCache/Boot.ddc.
[2016.11.27-19.06.46:322][  0]LogInit: Texture streaming: Enabled
[2016.11.27-19.06.47:004][  0]LogInit: Transaction tracking system initialized
[2016.11.27-19.06.48:225][  0]BlueprintLog: New page: Cargar el editor
[2016.11.27-19.06.51:532][  0]LocalizationService: Información Localization service is disabled
[2016.11.27-19.06.53:792][  0]LogConsoleResponse:Display: 
[2016.11.27-19.06.54:068][  0]LogCook:Display: Max memory allowance for cook 16384mb min free memory 0mb
[2016.11.27-19.06.54:068][  0]LogCook:Display: Mobile HDR setting 1
[2016.11.27-19.06.54:788][  0]LogFileCache: Scanning file cache for directory 'C:/Users/user/Documents/Unreal Projects/udemy/BuildingEscape/Content/' took 0.02s
[2016.11.27-19.06.57:050][  0]SourceControl: Información El control de código fuente está desactivado
[2016.11.27-19.06.57:050][  0]Cmd: MAP LOAD FILE="../../../../../../Users/user/Documents/Unreal Projects/udemy/BuildingEscape/Content/NewMap.umap" TEMPLATE=0 SHOWPROGRESS=1 FEATURELEVEL=3
[2016.11.27-19.06.57:053][  0]LightingResults: New page: Diseñar la iluminación
[2016.11.27-19.06.57:183][  0]MapCheck: New page: Revisión del mapa
[2016.11.27-19.06.57:183][  0]LightingResults: New page: Diseñar la iluminación
[2016.11.27-19.06.57:711][  0]LogAIModule: Creating AISystem for world NewMap
[2016.11.27-19.06.57:728][  0]LogEditorServer: Finished looking for orphan Actors (0.000 secs)
[2016.11.27-19.06.57:729][  0]Cmd: MAP CHECKDEP NOCLEARLOG
[2016.11.27-19.06.57:871][  0]MapCheck: Información Map check complete: 0 Error(s), 0 Warning(s), took 141,678ms to complete.
[2016.11.27-19.06.57:871][  0]LogFileHelpers: Loading map 'NewMap' took 0.821
[2016.11.27-19.06.57:936][  0]LogWindowsTextInputMethodSystem:Display: IME system now deactivated.
[2016.11.27-19.06.58:036][  0]LogCollectionManager: Loaded 0 collections in 0.002527 seconds
[2016.11.27-19.06.58:216][  0]LogFileCache: Scanning file cache for directory 'C:/Users/user/Documents/Unreal Projects/udemy/BuildingEscape/Saved/Collections/' took 0.01s
[2016.11.27-19.06.58:216][  0]LogFileCache: Scanning file cache for directory 'C:/Users/user/Documents/Unreal Projects/udemy/BuildingEscape/Content/Developers/user/Collections/' took 0.01s
[2016.11.27-19.06.58:216][  0]LogFileCache: Scanning file cache for directory 'C:/Users/user/Documents/Unreal Projects/udemy/BuildingEscape/Content/Collections/' took 0.01s
[2016.11.27-19.06.58:216][  0]LogCollectionManager: Rebuilt the GUID cache for 0 collections in 0.000006 seconds
[2016.11.27-19.06.58:230][  0]LogContentBrowser: Native class hierarchy populated in 0.0141 seconds. Added 2192 classes and 430 folders.
[2016.11.27-19.06.58:353][  0]LogStats: UGameplayTagsManager::ConstructGameplayTagTree: Construct from data asset -  0.000 s
[2016.11.27-19.06.58:353][  0]LogStats: UGameplayTagsManager::ConstructGameplayTagTree: GameplayTagTreeChangedEvent.Broadcast -  0.000 s
[2016.11.27-19.06.58:356][  0]LogContentBrowser: Native class hierarchy updated for 'GameplayTags' in 0.0024 seconds. Added 13 classes and 0 folders.
[2016.11.27-19.06.58:538][  0]LogContentBrowser: Native class hierarchy updated for 'WidgetCarousel' in 0.0023 seconds. Added 0 classes and 0 folders.
[2016.11.27-19.06.58:701][  0]LogContentBrowser: Native class hierarchy updated for 'AddContentDialog' in 0.0042 seconds. Added 0 classes and 0 folders.
[2016.11.27-19.06.58:877][  0]LogContentBrowser: Native class hierarchy updated for 'SceneOutliner' in 0.0024 seconds. Added 1 classes and 2 folders.
[2016.11.27-19.06.59:004][  0]LogCrashTracker: Crashtracker disabled due to settings.
[2016.11.27-19.06.59:013][  0]LogUObjectGlobals:Warning: Error al encontrar el objeto 'Class Ninguno.'
[2016.11.27-19.06.59:208][  0]LogContentBrowser: Native class hierarchy updated for 'HierarchicalLODOutliner' in 0.0024 seconds. Added 1 classes and 2 folders.
[2016.11.27-19.06.59:208][  0]LogLoad: (Engine Initialization) Total time: 44.49 seconds
[2016.11.27-19.06.59:208][  0]LogLoad: (Engine Initialization) Total Blueprint compile time: 0.22 seconds
[2016.11.27-19.06.59:208][  0]LogExternalProfiler: Found external profiler: VSPerf
[2016.11.27-19.06.59:208][  0]LogExternalProfiler: Using external profiler: VSPerf
[2016.11.27-19.06.59:218][  0]LogOcInput: OculusInput pre-init called
[2016.11.27-19.06.59:242][  0]LogContentStreaming: Texture pool size now 1000 MB
[2016.11.27-19.06.59:444][  0]LogRenderer: Reallocating scene render targets to support 740x328 NumSamples 1 (Frame:2).
[2016.11.27-19.06.59:736][  2]LogAssetRegistry: Asset discovery search completed in 27.5089 seconds
[2016.11.27-19.06.59:736][  2]LogCollectionManager: Rebuilt the object cache for 0 collections in 0.000001 seconds (found 0 objects)
[2016.11.27-19.06.59:736][  2]LogCollectionManager: Fixed up redirectors for 0 collections in 0.000128 seconds (updated 0 objects)
[2016.11.27-19.10.24:718][693]LogVSAccessor:Warning: Visual Studio is open but could not be queried - it may be blocked by a modal operation
[2016.11.27-19.30.31:607][ 65]LogEditorViewport: Clicking on Actor (LMB): PlayerStart (Player Start)
[2016.11.27-19.30.34:457][308]LogRenderer: Reallocating scene render targets to support 952x424 NumSamples 1 (Frame:5153).
[2016.11.27-19.30.34:515][309]LogRenderer: Reallocating scene render targets to support 1368x612 NumSamples 1 (Frame:5155).
[2016.11.27-19.30.34:605][310]LogRenderer: Reallocating scene render targets to support 1484x664 NumSamples 1 (Frame:5158).
[2016.11.27-19.31.48:548][350]LogNavigationPoint: PostEditMove Clear paths rebuilt
[2016.11.27-19.32.22:812][152]LogNavigationPoint: PostEditMove Clear paths rebuilt
[2016.11.27-19.32.24:969][244]LogSavePackage: Save=77.27ms
[2016.11.27-19.32.24:969][244]LogSavePackage: Moving '../../../../../../Users/user/Documents/Unreal Projects/udemy/BuildingEscape/Saved/NewMap_Auto174C78D424E570DDEA9D80D86DCCD50A5.tmp' to '../../../../../../Users/user/Documents/Unreal Projects/udemy/BuildingEscape/Saved/Autosaves/Game/NewMap_Auto1.umap'
[2016.11.27-19.32.24:974][244]LogSavePackage:Display: Finished SavePackage ../../../../../../Users/user/Documents/Unreal Projects/udemy/BuildingEscape/Saved/Autosaves/Game/NewMap_Auto1.umap
[2016.11.27-19.32.24:985][244]LogFileHelpers: Editor autosave (incl. sublevels) for '/Game/NewMap' took 0.248
[2016.11.27-19.32.24:986][244]LogFileHelpers: Editor autosave (incl. sublevels) for all levels took 0.248
[2016.11.27-19.32.31:101][567]LogNavigationPoint: PostEditMove Clear paths rebuilt
[2016.11.27-19.32.34:642][759]LogTemp: Repeting last play command: Selected Viewport
[2016.11.27-19.32.34:661][759]LogPlayLevel: PlayLevel: No blueprints needed recompiling
[2016.11.27-19.32.34:671][759]PIE: New page: Sesión PIE (reproducción en el editor): NewMap (27/11/2016 21:32:34)
[2016.11.27-19.32.34:673][759]LogPlayLevel: Creating play world package: /Game/UEDPIE_0_NewMap
[2016.11.27-19.32.34:695][759]LogPlayLevel: PIE: StaticDuplicateObject took: (0.020942s)
[2016.11.27-19.32.34:722][759]LogAIModule: Creating AISystem for world NewMap
[2016.11.27-19.32.34:732][759]LogPlayLevel: PIE: World Init took: (0.036901s)
[2016.11.27-19.32.34:733][759]LogPlayLevel: PIE: Created PIE world by copying editor world from /Game/NewMap.NewMap to /Game/UEDPIE_0_NewMap.NewMap (0.059745s)
[2016.11.27-19.32.34:776][759]LogInit: XAudio2 using 'Philips 244E-4 (NVIDIA High Definition Audio)' : 2 channels at 48 kHz using 16 bits per sample (channel mask 0x3)
[2016.11.27-19.32.34:786][759]LogInit: FAudioDevice initialized.
[2016.11.27-19.32.34:861][759]LogUObjectGlobals:Warning: Error al encontrar el objeto 'Class /Script/BuildingEscape.BuildingEscapeGameMode'
[2016.11.27-19.32.34:862][759]LogLoad: Game class is 'GameModeBase'
[2016.11.27-19.32.34:886][759]LogWorld: Bringing World /Game/UEDPIE_0_NewMap.NewMap up for play (max tick rate 0) at 2016.11.27-20.32.34
[2016.11.27-19.32.34:889][759]LogWorld: Bringing up level for play took: 0.008370
[2016.11.27-19.32.35:164][759]LogContentBrowser: Native class hierarchy updated for 'MovieSceneCapture' in 0.0163 seconds. Added 11 classes and 0 folders.
[2016.11.27-19.32.35:174][759]LogTemp:Warning: Position Report Reporting for duty!
[2016.11.27-19.32.35:174][759]LogTemp:Warning: Position Report Reporting for duty!
[2016.11.27-19.32.35:180][759]PIE: Información Tiempo de inicio de la reproducción en el editor para  /Game/UEDPIE_0_NewMap 0,288
[2016.11.27-19.42.28:612][329]LogSavePackage: Save=39.18ms
[2016.11.27-19.42.28:612][329]LogSavePackage: Moving '../../../../../../Users/user/Documents/Unreal Projects/udemy/BuildingEscape/Saved/NewMap_Auto2D3F5F85E4C1E969A75A70BB9CA377F87.tmp' to '../../../../../../Users/user/Documents/Unreal Projects/udemy/BuildingEscape/Saved/Autosaves/Game/NewMap_Auto2.umap'
[2016.11.27-19.42.28:614][329]LogSavePackage:Display: Finished SavePackage ../../../../../../Users/user/Documents/Unreal Projects/udemy/BuildingEscape/Saved/Autosaves/Game/NewMap_Auto2.umap
[2016.11.27-19.42.28:617][329]LogFileHelpers: Editor autosave (incl. sublevels) for '/Game/NewMap' took 0.075
[2016.11.27-19.42.28:617][329]LogFileHelpers: Editor autosave (incl. sublevels) for all levels took 0.075
[2016.11.27-20.00.26:204][701]LogTemp: Repeting last play command: Selected Viewport
[2016.11.27-20.00.26:239][701]LogPlayLevel: PlayLevel: No blueprints needed recompiling
[2016.11.27-20.00.26:240][701]PIE: New page: Sesión PIE (reproducción en el editor): NewMap (27/11/2016 22:00:26)
[2016.11.27-20.00.26:240][701]LogPlayLevel: Creating play world package: /Game/UEDPIE_0_NewMap
[2016.11.27-20.00.26:250][701]LogPlayLevel: PIE: StaticDuplicateObject took: (0.010212s)
[2016.11.27-20.00.26:254][701]LogAIModule: Creating AISystem for world NewMap
[2016.11.27-20.00.26:256][701]LogPlayLevel: PIE: World Init took: (0.004661s)
[2016.11.27-20.00.26:256][701]LogPlayLevel: PIE: Created PIE world by copying editor world from /Game/NewMap.NewMap to /Game/UEDPIE_0_NewMap.NewMap (0.016303s)
[2016.11.27-20.00.26:313][701]LogInit: XAudio2 using 'Philips 244E-4 (NVIDIA High Definition Audio)' : 2 channels at 48 kHz using 16 bits per sample (channel mask 0x3)
[2016.11.27-20.00.26:329][701]LogInit: FAudioDevice initialized.
[2016.11.27-20.00.26:383][701]LogUObjectGlobals:Warning: Error al encontrar el objeto 'Class /Script/BuildingEscape.BuildingEscapeGameMode'
[2016.11.27-20.00.26:383][701]LogLoad: Game class is 'GameModeBase'
[2016.11.27-20.00.26:388][701]LogWorld: Bringing World /Game/UEDPIE_0_NewMap.NewMap up for play (max tick rate 0) at 2016.11.27-21.00.26
[2016.11.27-20.00.26:389][701]LogWorld: Bringing up level for play took: 0.004399
[2016.11.27-20.00.26:396][701]LogTemp:Warning: Position Report Reporting for duty!
[2016.11.27-20.00.26:397][701]LogTemp:Warning: Position Report Reporting for duty!
[2016.11.27-20.00.26:399][701]PIE: Información Tiempo de inicio de la reproducción en el editor para  /Game/UEDPIE_0_NewMap -0,493
[2016.11.27-20.00.40:915][462]Recompiling BuildingEscape...
[2016.11.27-20.00.40:917][462]Launching UnrealBuildTool... [C:/Program Files (x86)/Epic Games/4.14/Engine/Binaries/DotNET/UnrealBuildTool.exe BuildingEscape -ModuleWithSuffix BuildingEscape 1832 Win64 Development -editorrecompile -canskiplink "C:/Users/user/Documents/Unreal Projects/udemy/BuildingEscape/BuildingEscape.uproject" ]
[2016.11.27-20.00.40:959][462]Warning: Starting HotReload took  0.1s.
[2016.11.27-20.00.57:460][231]CompilerResultsLog: New page: Compilación - 27/11/2016 22:00:57
[2016.11.27-20.00.57:462][231]CompilerResultsLog: Información Creating makefile for hot reloading BuildingEscape (modules to compile have changed)
[2016.11.27-20.00.57:463][231]CompilerResultsLog: Información Compiling game modules for hot reload
[2016.11.27-20.00.57:463][231]CompilerResultsLog: Información Parsing headers for BuildingEscapeEditor
[2016.11.27-20.00.57:463][231]CompilerResultsLog: Información   Running UnrealHeaderTool "C:\Users\user\Documents\Unreal Projects\udemy\BuildingEscape\BuildingEscape.uproject" "C:\Users\user\Documents\Unreal Projects\udemy\BuildingEscape\Intermediate\Build\Win64\BuildingEscapeEditor\Development\BuildingEscapeEditor.uhtmanifest" -LogCmds="loginit warning, logexit warning, logdatabase error" -Unattended -WarningsAsErrors -installed
[2016.11.27-20.00.57:464][231]CompilerResultsLog: Información Reflection code generated for BuildingEscapeEditor in 6,0881295 seconds
[2016.11.27-20.00.57:464][231]CompilerResultsLog: Información Performing 2 actions (4 in parallel)
[2016.11.27-20.00.57:465][231]CompilerResultsLog: Información PositionReport.cpp
[2016.11.27-20.00.57:465][231]CompilerResultsLog: Información [2/2] Link UE4Editor-BuildingEscape-1832.dll
[2016.11.27-20.00.57:465][231]CompilerResultsLog: Información    Creating library C:\Users\user\Documents\Unreal Projects\udemy\BuildingEscape\Intermediate\Build\Win64\UE4Editor\Development\UE4Editor-BuildingEscape-1832.lib and object C:\Users\user\Documents\Unreal Projects\udemy\BuildingEscape\Intermediate\Build\Win64\UE4Editor\Development\UE4Editor-BuildingEscape-1832.exp
[2016.11.27-20.00.57:466][231]CompilerResultsLog: Información Total build time: 16,30 seconds
[2016.11.27-20.00.57:466][231]LogMainFrame: MainFrame: Module compiling took 16.555 seconds
[2016.11.27-20.00.57:649][231]LogContentBrowser: Native class hierarchy updated for 'BuildingEscape' in 0.0028 seconds. Added 2 classes and 2 folders.
[2016.11.27-20.00.57:655][231]Display: HotReload successful (0 functions remapped  0 scriptstructs remapped)
[2016.11.27-20.00.57:854][231]LogContentBrowser: Native class hierarchy populated in 0.0256 seconds. Added 2194 classes and 434 folders.
[2016.11.27-20.00.57:859][231]Display: HotReload took 17.0s.
[2016.11.27-20.00.59:360][307]LogTemp: Repeting last play command: Selected Viewport
[2016.11.27-20.00.59:377][307]LogPlayLevel: PlayLevel: No blueprints needed recompiling
[2016.11.27-20.00.59:377][307]PIE: New page: Sesión PIE (reproducción en el editor): NewMap (27/11/2016 22:00:59)
[2016.11.27-20.00.59:378][307]LogPlayLevel: Creating play world package: /Game/UEDPIE_0_NewMap
[2016.11.27-20.00.59:383][307]LogPlayLevel: PIE: StaticDuplicateObject took: (0.004815s)
[2016.11.27-20.00.59:388][307]LogAIModule: Creating AISystem for world NewMap
[2016.11.27-20.00.59:389][307]LogPlayLevel: PIE: World Init took: (0.005644s)
[2016.11.27-20.00.59:389][307]LogPlayLevel: PIE: Created PIE world by copying editor world from /Game/NewMap.NewMap to /Game/UEDPIE_0_NewMap.NewMap (0.011572s)
[2016.11.27-20.00.59:429][307]LogInit: XAudio2 using 'Philips 244E-4 (NVIDIA High Definition Audio)' : 2 channels at 48 kHz using 16 bits per sample (channel mask 0x3)
[2016.11.27-20.00.59:436][307]LogInit: FAudioDevice initialized.
[2016.11.27-20.00.59:480][307]LogUObjectGlobals:Warning: Error al encontrar el objeto 'Class /Script/BuildingEscape.BuildingEscapeGameMode'
[2016.11.27-20.00.59:480][307]LogLoad: Game class is 'GameModeBase'
[2016.11.27-20.00.59:483][307]LogWorld: Bringing World /Game/UEDPIE_0_NewMap.NewMap up for play (max tick rate 0) at 2016.11.27-21.00.59
[2016.11.27-20.00.59:484][307]LogWorld: Bringing up level for play took: 0.001874
[2016.11.27-20.00.59:486][307]LogTemp:Warning: Position Report for SM_Chair_2
[2016.11.27-20.00.59:486][307]LogTemp:Warning: Position Report for SM_Rock_5
[2016.11.27-20.00.59:487][307]PIE: Información Tiempo de inicio de la reproducción en el editor para  /Game/UEDPIE_0_NewMap 0,595
[2016.11.27-20.32.25:352][278]Recompiling BuildingEscape...
[2016.11.27-20.32.25:353][278]Launching UnrealBuildTool... [C:/Program Files (x86)/Epic Games/4.14/Engine/Binaries/DotNET/UnrealBuildTool.exe BuildingEscape -ModuleWithSuffix BuildingEscape 5090 Win64 Development -editorrecompile -canskiplink "C:/Users/user/Documents/Unreal Projects/udemy/BuildingEscape/BuildingEscape.uproject" ]
[2016.11.27-20.32.25:671][278]Warning: Starting HotReload took  0.3s.
[2016.11.27-20.32.31:627][560]CompilerResultsLog: New page: Compilación - 27/11/2016 22:32:31
[2016.11.27-20.32.31:628][560]CompilerResultsLog: Información Compiling game modules for hot reload
[2016.11.27-20.32.31:628][560]CompilerResultsLog: Información Performing 2 actions (4 in parallel)
[2016.11.27-20.32.31:629][560]CompilerResultsLog: Información PositionReport.cpp
[2016.11.27-20.32.31:629][560]CompilerResultsLog: Información [2/2] Link UE4Editor-BuildingEscape-5090.dll
[2016.11.27-20.32.31:629][560]CompilerResultsLog: Información    Creating library C:\Users\user\Documents\Unreal Projects\udemy\BuildingEscape\Intermediate\Build\Win64\UE4Editor\Development\UE4Editor-BuildingEscape-5090.lib and object C:\Users\user\Documents\Unreal Projects\udemy\BuildingEscape\Intermediate\Build\Win64\UE4Editor\Development\UE4Editor-BuildingEscape-5090.exp
[2016.11.27-20.32.31:629][560]CompilerResultsLog: Información Total build time: 5,67 seconds
[2016.11.27-20.32.31:629][560]LogMainFrame: MainFrame: Module compiling took 6.286 seconds
[2016.11.27-20.32.31:811][560]LogContentBrowser: Native class hierarchy updated for 'BuildingEscape' in 0.0038 seconds. Added 2 classes and 2 folders.
[2016.11.27-20.32.31:817][560]Display: HotReload successful (0 functions remapped  0 scriptstructs remapped)
[2016.11.27-20.32.31:900][560]LogContentBrowser: Native class hierarchy populated in 0.0264 seconds. Added 2194 classes and 434 folders.
[2016.11.27-20.32.31:900][560]Display: HotReload took  6.6s.
[2016.11.27-20.32.36:526][784]LogTemp: Repeting last play command: Selected Viewport
[2016.11.27-20.32.36:552][784]LogPlayLevel: PlayLevel: No blueprints needed recompiling
[2016.11.27-20.32.36:552][784]PIE: New page: Sesión PIE (reproducción en el editor): NewMap (27/11/2016 22:32:36)
[2016.11.27-20.32.36:553][784]LogPlayLevel: Creating play world package: /Game/UEDPIE_0_NewMap
[2016.11.27-20.32.36:563][784]LogPlayLevel: PIE: StaticDuplicateObject took: (0.009742s)
[2016.11.27-20.32.36:567][784]LogAIModule: Creating AISystem for world NewMap
[2016.11.27-20.32.36:568][784]LogPlayLevel: PIE: World Init took: (0.004370s)
[2016.11.27-20.32.36:568][784]LogPlayLevel: PIE: Created PIE world by copying editor world from /Game/NewMap.NewMap to /Game/UEDPIE_0_NewMap.NewMap (0.015214s)
[2016.11.27-20.32.36:608][784]LogInit: XAudio2 using 'Philips 244E-4 (NVIDIA High Definition Audio)' : 2 channels at 48 kHz using 16 bits per sample (channel mask 0x3)
[2016.11.27-20.32.36:618][784]LogInit: FAudioDevice initialized.
[2016.11.27-20.32.36:657][784]LogUObjectGlobals:Warning: Error al encontrar el objeto 'Class /Script/BuildingEscape.BuildingEscapeGameMode'
[2016.11.27-20.32.36:657][784]LogLoad: Game class is 'GameModeBase'
[2016.11.27-20.32.36:660][784]LogWorld: Bringing World /Game/UEDPIE_0_NewMap.NewMap up for play (max tick rate 0) at 2016.11.27-21.32.36
[2016.11.27-20.32.36:660][784]LogWorld: Bringing up level for play took: 0.001934
[2016.11.27-20.32.36:663][784]LogTemp:Warning: SM_Chair_2 is at X= X=0.000 Y=0.000 Z=0.000, Y = X=0.000 Y=-60433298996526420328448.000 Z=0.000, Z = X=0.001 Y=0.000 Z=0.003
[2016.11.27-20.32.36:664][784]LogTemp:Warning: SM_Rock_5 is at X= X=0.000 Y=0.000 Z=0.000, Y = X=0.000 Y=-60433298996526420328448.000 Z=0.000, Z = X=0.001 Y=0.000 Z=0.003
[2016.11.27-20.32.36:664][784]PIE: Información Tiempo de inicio de la reproducción en el editor para  /Game/UEDPIE_0_NewMap -0,227
[2016.11.27-20.40.46:301][274]Recompiling BuildingEscape...
[2016.11.27-20.40.46:301][274]Launching UnrealBuildTool... [C:/Program Files (x86)/Epic Games/4.14/Engine/Binaries/DotNET/UnrealBuildTool.exe BuildingEscape -ModuleWithSuffix BuildingEscape 1099 Win64 Development -editorrecompile -canskiplink "C:/Users/user/Documents/Unreal Projects/udemy/BuildingEscape/BuildingEscape.uproject" ]
[2016.11.27-20.40.46:336][274]Warning: Starting HotReload took  0.0s.
[2016.11.27-20.40.51:676][527]CompilerResultsLog: New page: Compilación - 27/11/2016 22:40:51
[2016.11.27-20.40.51:677][527]CompilerResultsLog: Información Compiling game modules for hot reload
[2016.11.27-20.40.51:677][527]CompilerResultsLog: Información Performing 2 actions (4 in parallel)
[2016.11.27-20.40.51:677][527]CompilerResultsLog: Información PositionReport.cpp
[2016.11.27-20.40.51:677][527]CompilerResultsLog: Información [2/2] Link UE4Editor-BuildingEscape-1099.dll
[2016.11.27-20.40.51:677][527]CompilerResultsLog: Información    Creating library C:\Users\user\Documents\Unreal Projects\udemy\BuildingEscape\Intermediate\Build\Win64\UE4Editor\Development\UE4Editor-BuildingEscape-1099.lib and object C:\Users\user\Documents\Unreal Projects\udemy\BuildingEscape\Intermediate\Build\Win64\UE4Editor\Development\UE4Editor-BuildingEscape-1099.exp
[2016.11.27-20.40.51:678][527]CompilerResultsLog: Información Total build time: 5,15 seconds
[2016.11.27-20.40.51:678][527]LogMainFrame: MainFrame: Module compiling took 5.382 seconds
[2016.11.27-20.40.51:843][527]LogContentBrowser: Native class hierarchy updated for 'BuildingEscape' in 0.0026 seconds. Added 2 classes and 2 folders.
[2016.11.27-20.40.51:845][527]Display: HotReload successful (0 functions remapped  0 scriptstructs remapped)
[2016.11.27-20.40.51:895][527]LogContentBrowser: Native class hierarchy populated in 0.0174 seconds. Added 2194 classes and 434 folders.
[2016.11.27-20.40.51:896][527]Display: HotReload took  5.6s.
[2016.11.27-20.40.54:089][635]LogTemp: Repeting last play command: Selected Viewport
[2016.11.27-20.40.54:109][635]LogPlayLevel: PlayLevel: No blueprints needed recompiling
[2016.11.27-20.40.54:109][635]PIE: New page: Sesión PIE (reproducción en el editor): NewMap (27/11/2016 22:40:54)
[2016.11.27-20.40.54:110][635]LogPlayLevel: Creating play world package: /Game/UEDPIE_0_NewMap
[2016.11.27-20.40.54:118][635]LogPlayLevel: PIE: StaticDuplicateObject took: (0.007685s)
[2016.11.27-20.40.54:120][635]LogAIModule: Creating AISystem for world NewMap
[2016.11.27-20.40.54:121][635]LogPlayLevel: PIE: World Init took: (0.002656s)
[2016.11.27-20.40.54:122][635]LogPlayLevel: PIE: Created PIE world by copying editor world from /Game/NewMap.NewMap to /Game/UEDPIE_0_NewMap.NewMap (0.012142s)
[2016.11.27-20.40.54:166][635]LogInit: XAudio2 using 'Philips 244E-4 (NVIDIA High Definition Audio)' : 2 channels at 48 kHz using 16 bits per sample (channel mask 0x3)
[2016.11.27-20.40.54:175][635]LogInit: FAudioDevice initialized.
[2016.11.27-20.40.54:221][635]LogUObjectGlobals:Warning: Error al encontrar el objeto 'Class /Script/BuildingEscape.BuildingEscapeGameMode'
[2016.11.27-20.40.54:222][635]LogLoad: Game class is 'GameModeBase'
[2016.11.27-20.40.54:225][635]LogWorld: Bringing World /Game/UEDPIE_0_NewMap.NewMap up for play (max tick rate 0) at 2016.11.27-21.40.54
[2016.11.27-20.40.54:225][635]LogWorld: Bringing up level for play took: 0.001932
[2016.11.27-20.40.54:227][635]LogTemp:Warning: SM_Chair_2 is at X=-190.000 Y=30.000 Z=20.000
[2016.11.27-20.40.54:227][635]LogTemp:Warning: SM_Rock_5 is at X=-380.000 Y=310.000 Z=20.000
[2016.11.27-20.40.54:227][635]PIE: Información Tiempo de inicio de la reproducción en el editor para  /Game/UEDPIE_0_NewMap -0,664
[2016.11.27-20.41.03:840][125]LogEditorViewport: Clicking on Actor (LMB): StaticMeshActor (SM_Rock)
[2016.11.27-20.43.27:760][736]Cmd: OBJ SAVEPACKAGE PACKAGE="/Game/NewMap" FILE="../../../../../../Users/user/Documents/Unreal Projects/udemy/BuildingEscape/Content/NewMap.umap" SILENT=true AUTOSAVING=false KEEPDIRTY=false
